Buildfile: /home/selckin/lucene-solr/build.xml

test:

jflex-uptodate-check:

jflex-notice:

javacc-uptodate-check:

javacc-notice:

init:

clover.setup:

clover.info:
     [echo] 
     [echo]       Clover not found. Code coverage reports disabled.
     [echo]   	

clover:

common.compile-core:

compile-core:

compile-test-framework:

compile-test:
    [javac] Compiling 1 source file to /home/selckin/lucene-solr/lucene/build/classes/test

junit-mkdir:

junit-sequential:

junit-parallel:
    [junit] Testsuite: org.apache.lucene.analysis.TestNumericTokenStream
    [junit] Tests run: 4, Failures: 0, Errors: 0, Time elapsed: 0.368 sec
    [junit] 
    [junit] Testsuite: org.apache.lucene.analysis.tokenattributes.TestSimpleAttributeImpl
    [junit] Tests run: 1, Failures: 0, Errors: 0, Time elapsed: 0.304 sec
    [junit] 
    [junit] Testsuite: org.apache.lucene.TestAssertions
    [junit] Tests run: 2, Failures: 0, Errors: 0, Time elapsed: 0.448 sec
    [junit] 
    [junit] Testsuite: org.apache.lucene.TestDemo
    [junit] Tests run: 1, Failures: 0, Errors: 0, Time elapsed: 1.383 sec
    [junit] 
    [junit] Testsuite: org.apache.lucene.TestSearch
    [junit] Tests run: 1, Failures: 0, Errors: 0, Time elapsed: 1.709 sec
    [junit] 
    [junit] Testsuite: org.apache.lucene.TestMergeSchedulerExternal
    [junit] Tests run: 1, Failures: 0, Errors: 0, Time elapsed: 2.051 sec
    [junit] 
    [junit] Testsuite: org.apache.lucene.analysis.TestCachingTokenFilter
    [junit] Tests run: 1, Failures: 0, Errors: 0, Time elapsed: 1.507 sec
    [junit] 
    [junit] Testsuite: org.apache.lucene.analysis.TestCharTokenizers
    [junit] Tests run: 4, Failures: 0, Errors: 0, Time elapsed: 0.161 sec
    [junit] 
    [junit] Testsuite: org.apache.lucene.document.TestDocument
    [junit] Tests run: 7, Failures: 0, Errors: 0, Time elapsed: 0.278 sec
    [junit] 
    [junit] Testsuite: org.apache.lucene.TestSearchForDuplicates
    [junit] Tests run: 1, Failures: 0, Errors: 0, Time elapsed: 2.424 sec
    [junit] 
    [junit] Testsuite: org.apache.lucene.document.TestBinaryDocument
    [junit] Tests run: 2, Failures: 0, Errors: 0, Time elapsed: 0.101 sec
    [junit] 
    [junit] Testsuite: org.apache.lucene.analysis.TestToken
    [junit] Tests run: 10, Failures: 0, Errors: 0, Time elapsed: 2.6 sec
    [junit] 
    [junit] Testsuite: org.apache.lucene.TestExternalCodecs
    [junit] Tests run: 1, Failures: 0, Errors: 0, Time elapsed: 1.05 sec
    [junit] 
    [junit] ------------- Standard Error -----------------
    [junit] WARNING: test class left thread running: Thread[LuceneTestCase-1-thread-3,5,main]
    [junit] PLEASE CLOSE YOUR INDEXSEARCHERS IN YOUR TEST!!!!
    [junit] RESOURCE LEAK: test class left 1 thread(s) running
    [junit] ------------- ---------------- ---------------
    [junit] Testsuite: org.apache.lucene.document.TestDateTools
    [junit] Tests run: 5, Failures: 0, Errors: 0, Time elapsed: 0.06 sec
    [junit] 
    [junit] Testsuite: org.apache.lucene.analysis.TestMockAnalyzer
    [junit] Tests run: 6, Failures: 0, Errors: 0, Time elapsed: 0.08 sec
    [junit] 
    [junit] Testsuite: org.apache.lucene.index.Test2BTerms
    [junit] Tests run: 0, Failures: 0, Errors: 0, Time elapsed: 0.016 sec
    [junit] 
    [junit] ------------- Standard Error -----------------
    [junit] NOTE: Ignoring test method 'test2BTerms': Takes ~4 hours to run on a fast machine!!  And requires that you don't use PreFlex codec.
    [junit] ------------- ---------------- ---------------
    [junit] Testsuite: org.apache.lucene.analysis.tokenattributes.TestCharTermAttributeImpl
    [junit] Tests run: 12, Failures: 0, Errors: 0, Time elapsed: 1.183 sec
    [junit] 
    [junit] Testsuite: org.apache.lucene.index.TestCodecs
    [junit] Tests run: 3, Failures: 0, Errors: 0, Time elapsed: 0.685 sec
    [junit] 
    [junit] ------------- Standard Error -----------------
    [junit] WARNING: test class left thread running: Thread[LuceneTestCase-1-thread-3,5,main]
    [junit] PLEASE CLOSE YOUR INDEXSEARCHERS IN YOUR TEST!!!!
    [junit] RESOURCE LEAK: test class left 1 thread(s) running
    [junit] ------------- ---------------- ---------------
    [junit] Testsuite: org.apache.lucene.index.TestFieldInfos
    [junit] Tests run: 2, Failures: 0, Errors: 0, Time elapsed: 0.058 sec
    [junit] 
    [junit] Testsuite: org.apache.lucene.index.TestCheckIndex
    [junit] Tests run: 2, Failures: 0, Errors: 0, Time elapsed: 0.269 sec
    [junit] 
    [junit] Testsuite: org.apache.lucene.index.TestByteSlices
    [junit] Tests run: 1, Failures: 0, Errors: 0, Time elapsed: 3 sec
    [junit] 
    [junit] Testsuite: org.apache.lucene.index.TestCompoundFile
    [junit] Tests run: 10, Failures: 0, Errors: 0, Time elapsed: 2.008 sec
    [junit] 
    [junit] Testsuite: org.apache.lucene.index.TestAtomicUpdate
    [junit] Tests run: 1, Failures: 0, Errors: 0, Time elapsed: 2.541 sec
    [junit] 
    [junit] Testsuite: org.apache.lucene.index.TestConsistentFieldNumbers
    [junit] Tests run: 4, Failures: 0, Errors: 0, Time elapsed: 5.904 sec
    [junit] 
    [junit] Testsuite: org.apache.lucene.index.TestDirectoryReader
    [junit] Tests run: 3, Failures: 0, Errors: 0, Time elapsed: 4.383 sec
    [junit] 
    [junit] Testsuite: org.apache.lucene.index.TestConcurrentMergeScheduler
    [junit] Tests run: 4, Failures: 0, Errors: 0, Time elapsed: 6.568 sec
    [junit] 
    [junit] Testsuite: org.apache.lucene.index.TestFlex
    [junit] Tests run: 2, Failures: 0, Errors: 0, Time elapsed: 0.48 sec
    [junit] 
    [junit] Testsuite: org.apache.lucene.index.TestDoc
    [junit] Tests run: 1, Failures: 0, Errors: 0, Time elapsed: 0.352 sec
    [junit] 
    [junit] Testsuite: org.apache.lucene.index.TestIndexCommit
    [junit] Tests run: 1, Failures: 0, Errors: 0, Time elapsed: 0.033 sec
    [junit] 
    [junit] Testsuite: org.apache.lucene.index.TestIndexWriterLockRelease
    [junit] Tests run: 1, Failures: 0, Errors: 0, Time elapsed: 0.031 sec
    [junit] 
    [junit] Testsuite: org.apache.lucene.index.TestPositionBasedTermVectorMapper
    [junit] Tests run: 1, Failures: 0, Errors: 0, Time elapsed: 0.019 sec
    [junit] 
    [junit] Testsuite: org.apache.lucene.index.TestRollback
    [junit] Tests run: 1, Failures: 0, Errors: 0, Time elapsed: 0.064 sec
    [junit] 
    [junit] Testsuite: org.apache.lucene.index.TestStressIndexing2
    [junit] Tests run: 3, Failures: 0, Errors: 0, Time elapsed: 1.145 sec
    [junit] 
    [junit] Testsuite: org.apache.lucene.index.TestBackwardsCompatibility
    [junit] Tests run: 10, Failures: 0, Errors: 0, Time elapsed: 9.055 sec
    [junit] 
    [junit] Testsuite: org.apache.lucene.index.TestTerm
    [junit] Tests run: 1, Failures: 0, Errors: 0, Time elapsed: 0.015 sec
    [junit] 
    [junit] Testsuite: org.apache.lucene.index.TestTransactions
    [junit] Tests run: 1, Failures: 0, Errors: 0, Time elapsed: 0.724 sec
    [junit] 
    [junit] Testsuite: org.apache.lucene.index.codecs.intblock.TestIntBlockCodec
    [junit] Tests run: 2, Failures: 0, Errors: 0, Time elapsed: 0.261 sec
    [junit] 
    [junit] Testsuite: org.apache.lucene.queryParser.TestMultiAnalyzer
    [junit] Tests run: 3, Failures: 0, Errors: 0, Time elapsed: 0.139 sec
    [junit] 
    [junit] Testsuite: org.apache.lucene.index.TestDocsAndPositions
    [junit] Tests run: 4, Failures: 0, Errors: 0, Time elapsed: 8.742 sec
    [junit] 
    [junit] Testsuite: org.apache.lucene.index.TestDocumentsWriterDeleteQueue
    [junit] Tests run: 4, Failures: 0, Errors: 0, Time elapsed: 0.474 sec
    [junit] 
    [junit] Testsuite: org.apache.lucene.index.TestFieldsReader
    [junit] Tests run: 8, Failures: 0, Errors: 0, Time elapsed: 14.017 sec
    [junit] 
    [junit] Testsuite: org.apache.lucene.index.TestIndexFileDeleter
    [junit] Tests run: 1, Failures: 0, Errors: 0, Time elapsed: 0.23 sec
    [junit] 
    [junit] Testsuite: org.apache.lucene.index.TestCrash
    [junit] Tests run: 7, Failures: 0, Errors: 0, Time elapsed: 5.805 sec
    [junit] 
    [junit] Testsuite: org.apache.lucene.index.TestDocTermOrds
    [junit] Tests run: 3, Failures: 0, Errors: 0, Time elapsed: 5.796 sec
    [junit] 
    [junit] Testsuite: org.apache.lucene.index.TestIndexInput
    [junit] Tests run: 2, Failures: 0, Errors: 0, Time elapsed: 0.034 sec
    [junit] 
    [junit] Testsuite: org.apache.lucene.index.TestAddIndexes
    [junit] Tests run: 18, Failures: 0, Errors: 0, Time elapsed: 17.407 sec
    [junit] 
    [junit] Testsuite: org.apache.lucene.index.TestFilterIndexReader
    [junit] Tests run: 1, Failures: 0, Errors: 0, Time elapsed: 0.031 sec
    [junit] 
    [junit] Testsuite: org.apache.lucene.index.TestDeletionPolicy
    [junit] Tests run: 7, Failures: 0, Errors: 0, Time elapsed: 5.568 sec
    [junit] 
    [junit] Testsuite: org.apache.lucene.index.TestDocumentWriter
    [junit] Tests run: 7, Failures: 0, Errors: 0, Time elapsed: 0.659 sec
    [junit] 
    [junit] Testsuite: org.apache.lucene.index.TestFlushByRamOrCountsPolicy
    [junit] Tests run: 5, Failures: 0, Errors: 0, Time elapsed: 18.67 sec
    [junit] 
    [junit] Testsuite: org.apache.lucene.index.TestIndexReaderCloneNorms
    [junit] Tests run: 3, Failures: 0, Errors: 0, Time elapsed: 1.42 sec
    [junit] 
    [junit] Testsuite: org.apache.lucene.index.TestGlobalFieldNumbers
    [junit] Tests run: 8, Failures: 0, Errors: 0, Time elapsed: 12.099 sec
    [junit] 
    [junit] Testsuite: org.apache.lucene.index.TestIndexWriterConfig
    [junit] Tests run: 6, Failures: 0, Errors: 0, Time elapsed: 0.063 sec
    [junit] 
    [junit] Testsuite: org.apache.lucene.search.TestBooleanMinShouldMatch
    [junit] Tests run: 15, Failures: 0, Errors: 0, Time elapsed: 15.141 sec
    [junit] 
    [junit] Testsuite: org.apache.lucene.search.TestBooleanQuery
    [junit] Tests run: 4, Failures: 0, Errors: 0, Time elapsed: 0.12 sec
    [junit] 
    [junit] Testsuite: org.apache.lucene.index.TestLongPostings
    [junit] Tests run: 1, Failures: 0, Errors: 0, Time elapsed: 6.759 sec
    [junit] 
    [junit] Testsuite: org.apache.lucene.index.TestPayloads
    [junit] Tests run: 5, Failures: 0, Errors: 0, Time elapsed: 0.273 sec
    [junit] 
    [junit] Testsuite: org.apache.lucene.search.TestCustomSearcherSort
    [junit] Tests run: 2, Failures: 0, Errors: 0, Time elapsed: 1.911 sec
    [junit] 
    [junit] Testsuite: org.apache.lucene.index.TestIndexWriterOnDiskFull
    [junit] Tests run: 4, Failures: 0, Errors: 0, Time elapsed: 14.022 sec
    [junit] 
    [junit] Testsuite: org.apache.lucene.search.TestDisjunctionMaxQuery
    [junit] Tests run: 10, Failures: 0, Errors: 0, Time elapsed: 1.531 sec
    [junit] 
    [junit] Testsuite: org.apache.lucene.index.TestMultiFields
    [junit] Tests run: 2, Failures: 0, Errors: 0, Time elapsed: 0.295 sec
    [junit] 
    [junit] Testsuite: org.apache.lucene.index.TestSizeBoundedOptimize
    [junit] Tests run: 11, Failures: 0, Errors: 0, Time elapsed: 0.25 sec
    [junit] 
    [junit] Testsuite: org.apache.lucene.index.TestIndexReaderReopen
    [junit] Tests run: 17, Failures: 0, Errors: 0, Time elapsed: 10.599 sec
    [junit] 
    [junit] Testsuite: org.apache.lucene.index.TestIndexWriterMergePolicy
    [junit] Tests run: 6, Failures: 0, Errors: 0, Time elapsed: 6.85 sec
    [junit] 
    [junit] Testsuite: org.apache.lucene.index.TestSnapshotDeletionPolicy
    [junit] Tests run: 8, Failures: 0, Errors: 0, Time elapsed: 1.397 sec
    [junit] 
    [junit] Testsuite: org.apache.lucene.index.TestTermVectorsWriter
    [junit] Tests run: 13, Failures: 0, Errors: 0, Time elapsed: 0.323 sec
    [junit] 
    [junit] Testsuite: org.apache.lucene.index.TestTermdocPerf
    [junit] Tests run: 1, Failures: 0, Errors: 0, Time elapsed: 0.018 sec
    [junit] 
    [junit] Testsuite: org.apache.lucene.index.TestThreadedOptimize
    [junit] Tests run: 1, Failures: 0, Errors: 0, Time elapsed: 1.613 sec
    [junit] 
    [junit] Testsuite: org.apache.lucene.index.TestTieredMergePolicy
    [junit] Tests run: 2, Failures: 0, Errors: 0, Time elapsed: 2.192 sec
    [junit] 
    [junit] Testsuite: org.apache.lucene.search.TestFieldCacheTermsFilter
    [junit] Tests run: 1, Failures: 0, Errors: 0, Time elapsed: 0.089 sec
    [junit] 
    [junit] ------------- Standard Error -----------------
    [junit] WARNING: test class left thread running: Thread[LuceneTestCase-12-thread-3,5,main]
    [junit] PLEASE CLOSE YOUR INDEXSEARCHERS IN YOUR TEST!!!!
    [junit] RESOURCE LEAK: test class left 1 thread(s) running
    [junit] ------------- ---------------- ---------------
    [junit] Testsuite: org.apache.lucene.search.TestFilteredQuery
    [junit] Tests run: 4, Failures: 0, Errors: 0, Time elapsed: 0.989 sec
    [junit] 
    [junit] Testsuite: org.apache.lucene.search.TestMultiTermQueryRewrites
    [junit] Tests run: 3, Failures: 0, Errors: 0, Time elapsed: 0.091 sec
    [junit] 
    [junit] Testsuite: org.apache.lucene.index.TestIndexWriterReader
    [junit] Tests run: 19, Failures: 0, Errors: 0, Time elapsed: 7.51 sec
    [junit] 
    [junit] Testsuite: org.apache.lucene.index.TestIndexWriterOnJRECrash
    [junit] Tests run: 1, Failures: 0, Errors: 0, Time elapsed: 30.989 sec
    [junit] 
    [junit] Testsuite: org.apache.lucene.search.TestFieldCacheRangeFilter
    [junit] Tests run: 9, Failures: 0, Errors: 0, Time elapsed: 9.433 sec
    [junit] 
    [junit] Testsuite: org.apache.lucene.search.TestMultiPhraseQuery
    [junit] Tests run: 8, Failures: 0, Errors: 0, Time elapsed: 0.106 sec
    [junit] 
    [junit] Testsuite: org.apache.lucene.search.TestSearchWithThreads
    [junit] Tests run: 1, Failures: 0, Errors: 0, Time elapsed: 2.543 sec
    [junit] 
    [junit] Testsuite: org.apache.lucene.index.TestIndexWriterExceptions
    [junit] Tests run: 18, Failures: 0, Errors: 0, Time elapsed: 21.647 sec
    [junit] 
    [junit] Testsuite: org.apache.lucene.index.TestIndexWriterMerging
    [junit] Tests run: 1, Failures: 0, Errors: 0, Time elapsed: 0.611 sec
    [junit] 
    [junit] Testsuite: org.apache.lucene.index.TestMultiReader
    [junit] Tests run: 3, Failures: 0, Errors: 0, Time elapsed: 1.904 sec
    [junit] 
    [junit] Testsuite: org.apache.lucene.index.TestMaxTermFrequency
    [junit] Tests run: 1, Failures: 0, Errors: 0, Time elapsed: 0.552 sec
    [junit] 
    [junit] Testsuite: org.apache.lucene.index.TestParallelReaderEmptyIndex
    [junit] Tests run: 2, Failures: 0, Errors: 0, Time elapsed: 0.047 sec
    [junit] 
    [junit] Testsuite: org.apache.lucene.index.TestParallelTermEnum
    [junit] Tests run: 1, Failures: 0, Errors: 0, Time elapsed: 0.03 sec
    [junit] 
    [junit] Testsuite: org.apache.lucene.index.TestPerSegmentDeletes
    [junit] Tests run: 1, Failures: 0, Errors: 0, Time elapsed: 0.052 sec
    [junit] 
    [junit] Testsuite: org.apache.lucene.search.TestPrefixRandom
    [junit] Tests run: 1, Failures: 0, Errors: 0, Time elapsed: 2.465 sec
    [junit] 
    [junit] Testsuite: org.apache.lucene.search.TestSubScorerFreqs
    [junit] Tests run: 3, Failures: 0, Errors: 0, Time elapsed: 0.071 sec
    [junit] 
    [junit] ------------- Standard Error -----------------
    [junit] WARNING: test class left thread running: Thread[LuceneTestCase-1820-thread-2,5,main]
    [junit] PLEASE CLOSE YOUR INDEXSEARCHERS IN YOUR TEST!!!!
    [junit] RESOURCE LEAK: test class left 1 thread(s) running
    [junit] ------------- ---------------- ---------------
    [junit] Testsuite: org.apache.lucene.index.TestIndexReader
    [junit] Tests run: 42, Failures: 0, Errors: 0, Time elapsed: 29.641 sec
    [junit] 
    [junit] ------------- Standard Error -----------------
    [junit] NOTE: Assume failed in 'testTotalTermFreqCached' (ignored): got: <false>, expected: is <true>
    [junit] ------------- ---------------- ---------------
    [junit] Testsuite: org.apache.lucene.index.TestIndexWriterWithThreads
    [junit] Tests run: 10, Failures: 0, Errors: 0, Time elapsed: 4.295 sec
    [junit] 
    [junit] Testsuite: org.apache.lucene.search.TestThreadSafe
    [junit] Tests run: 1, Failures: 0, Errors: 0, Time elapsed: 1.056 sec
    [junit] 
    [junit] Testsuite: org.apache.lucene.search.function.TestValueSource
    [junit] Tests run: 1, Failures: 0, Errors: 0, Time elapsed: 0.154 sec
    [junit] 
    [junit] Testsuite: org.apache.lucene.index.TestLazyProxSkipping
    [junit] Tests run: 2, Failures: 0, Errors: 0, Time elapsed: 0.935 sec
    [junit] 
    [junit] Testsuite: org.apache.lucene.index.TestNoMergeScheduler
    [junit] Tests run: 3, Failures: 0, Errors: 0, Time elapsed: 0.031 sec
    [junit] 
    [junit] Testsuite: org.apache.lucene.index.TestPersistentSnapshotDeletionPolicy
    [junit] Tests run: 14, Failures: 0, Errors: 0, Time elapsed: 2.48 sec
    [junit] 
    [junit] Testsuite: org.apache.lucene.index.TestOmitNorms
    [junit] Tests run: 5, Failures: 0, Errors: 0, Time elapsed: 1.956 sec
    [junit] 
    [junit] Testsuite: org.apache.lucene.search.TestFilteredSearch
    [junit] Tests run: 1, Failures: 0, Errors: 0, Time elapsed: 0.103 sec
    [junit] 
    [junit] Testsuite: org.apache.lucene.search.TestMatchAllDocsQuery
    [junit] Tests run: 2, Failures: 0, Errors: 0, Time elapsed: 0.063 sec
    [junit] 
    [junit] Testsuite: org.apache.lucene.index.TestPerFieldCodecSupport
    [junit] Tests run: 3, Failures: 0, Errors: 0, Time elapsed: 18.755 sec
    [junit] 
    [junit] Testsuite: org.apache.lucene.search.payloads.TestPayloadTermQuery
    [junit] Tests run: 6, Failures: 0, Errors: 0, Time elapsed: 3.579 sec
    [junit] 
    [junit] Testsuite: org.apache.lucene.search.spans.TestNearSpansOrdered
    [junit] Tests run: 10, Failures: 0, Errors: 0, Time elapsed: 0.476 sec
    [junit] 
    [junit] Testsuite: org.apache.lucene.store.TestFileSwitchDirectory
    [junit] Tests run: 1, Failures: 0, Errors: 0, Time elapsed: 0.086 sec
    [junit] 
    [junit] Testsuite: org.apache.lucene.util.TestCloseableThreadLocal
    [junit] Tests run: 3, Failures: 0, Errors: 0, Time elapsed: 0.015 sec
    [junit] 
    [junit] Testsuite: org.apache.lucene.index.TestSegmentReader
    [junit] Tests run: 7, Failures: 0, Errors: 0, Time elapsed: 4.603 sec
    [junit] 
    [junit] Testsuite: org.apache.lucene.util.TestDoubleBarrelLRUCache
    [junit] Tests run: 2, Failures: 0, Errors: 0, Time elapsed: 1.023 sec
    [junit] 
    [junit] Testsuite: org.apache.lucene.util.TestSetOnce
    [junit] Tests run: 4, Failures: 0, Errors: 0, Time elapsed: 0.154 sec
    [junit] 
    [junit] Testsuite: org.apache.lucene.util.automaton.TestBasicOperations
    [junit] Tests run: 7, Failures: 0, Errors: 0, Time elapsed: 0.305 sec
    [junit] 
    [junit] Testsuite: org.apache.lucene.index.TestIndexReaderClone
    [junit] Tests run: 20, Failures: 0, Errors: 0, Time elapsed: 6.839 sec
    [junit] 
    [junit] Testsuite: org.apache.lucene.index.TestIndexWriterDelete
    [junit] Tests run: 14, Failures: 0, Errors: 0, Time elapsed: 1.008 sec
    [junit] 
    [junit] Testsuite: org.apache.lucene.index.TestIsCurrent
    [junit] Tests run: 2, Failures: 0, Errors: 0, Time elapsed: 0.041 sec
    [junit] 
    [junit] Testsuite: org.apache.lucene.index.TestStressAdvance
    [junit] Tests run: 1, Failures: 0, Errors: 0, Time elapsed: 2.912 sec
    [junit] 
    [junit] Testsuite: org.apache.lucene.search.TestAutomatonQuery
    [junit] Tests run: 6, Failures: 0, Errors: 0, Time elapsed: 0.216 sec
    [junit] 
    [junit] Testsuite: org.apache.lucene.index.TestIndexWriter
    [junit] Tests run: 66, Failures: 0, Errors: 0, Time elapsed: 21.168 sec
    [junit] 
    [junit] Testsuite: org.apache.lucene.search.TestBooleanScorer
    [junit] Tests run: 2, Failures: 0, Errors: 0, Time elapsed: 0.041 sec
    [junit] 
    [junit] ------------- Standard Error -----------------
    [junit] WARNING: test class left thread running: Thread[LuceneTestCase-1-thread-1,5,main]
    [junit] PLEASE CLOSE YOUR INDEXSEARCHERS IN YOUR TEST!!!!
    [junit] RESOURCE LEAK: test class left 1 thread(s) running
    [junit] ------------- ---------------- ---------------
    [junit] Testsuite: org.apache.lucene.index.TestNoDeletionPolicy
    [junit] Tests run: 4, Failures: 0, Errors: 0, Time elapsed: 0.049 sec
    [junit] 
    [junit] Testsuite: org.apache.lucene.index.TestParallelReader
    [junit] Tests run: 6, Failures: 0, Errors: 0, Time elapsed: 0.42 sec
    [junit] 
    [junit] Testsuite: org.apache.lucene.search.TestFuzzyQuery
    [junit] Tests run: 8, Failures: 0, Errors: 0, Time elapsed: 0.629 sec
    [junit] 
    [junit] Testsuite: org.apache.lucene.search.TestSimpleExplanations
    [junit] Tests run: 69, Failures: 0, Errors: 0, Time elapsed: 12.936 sec
    [junit] 
    [junit] Testsuite: org.apache.lucene.index.TestNRTThreads
    [junit] Tests run: 1, Failures: 0, Errors: 0, Time elapsed: 12.015 sec
    [junit] 
    [junit] Testsuite: org.apache.lucene.index.TestNewestSegment
    [junit] Tests run: 1, Failures: 0, Errors: 0, Time elapsed: 0.016 sec
    [junit] 
    [junit] Testsuite: org.apache.lucene.search.TestSimpleExplanationsOfNonMatches
    [junit] Tests run: 69, Failures: 0, Errors: 0, Time elapsed: 0.947 sec
    [junit] 
    [junit] Testsuite: org.apache.lucene.index.TestSegmentTermDocs
    [junit] Tests run: 5, Failures: 0, Errors: 0, Time elapsed: 2.028 sec
    [junit] 
    [junit] Testsuite: org.apache.lucene.index.TestTermVectorsReader
    [junit] Tests run: 6, Failures: 0, Errors: 0, Time elapsed: 0.062 sec
    [junit] 
    [junit] Testsuite: org.apache.lucene.index.TestTransactionRollback
    [junit] Tests run: 2, Failures: 0, Errors: 0, Time elapsed: 0.206 sec
    [junit] 
    [junit] Testsuite: org.apache.lucene.index.TestNorms
    [junit] Tests run: 2, Failures: 0, Errors: 0, Time elapsed: 1.714 sec
    [junit] 
    [junit] Testsuite: org.apache.lucene.index.TestOmitTf
    [junit] Tests run: 5, Failures: 0, Errors: 0, Time elapsed: 0.564 sec
    [junit] 
    [junit] Testsuite: org.apache.lucene.index.TestPayloadProcessorProvider
    [junit] Tests run: 3, Failures: 0, Errors: 0, Time elapsed: 0.456 sec
    [junit] 
    [junit] Testsuite: org.apache.lucene.index.TestRollingUpdates
    [junit] Testcase: testUpdateSameDoc(org.apache.lucene.index.TestRollingUpdates):	Caused an ERROR
    [junit] MockDirectoryWrapper: cannot close: there are still open files: {_12h.tis=1, _12h.fdt=1, _12h.fdx=1, _12e.fdx=1, _12e.tvf=1, _12e.tvd=1, _12e.fdt=1, _12e.frq=1, _12e.tvx=1, _12h.nrm=1, _12h.prx=1, _12h.frq=1, _12h.tvx=1, _12e.prx=1, _12e.nrm=1, _12h.tvd=1, _12h.tvf=1, _12e.tis=1}
    [junit] java.lang.RuntimeException: MockDirectoryWrapper: cannot close: there are still open files: {_12h.tis=1, _12h.fdt=1, _12h.fdx=1, _12e.fdx=1, _12e.tvf=1, _12e.tvd=1, _12e.fdt=1, _12e.frq=1, _12e.tvx=1, _12h.nrm=1, _12h.prx=1, _12h.frq=1, _12h.tvx=1, _12e.prx=1, _12e.nrm=1, _12h.tvd=1, _12h.tvf=1, _12e.tis=1}
    [junit] 	at org.apache.lucene.store.MockDirectoryWrapper.close(MockDirectoryWrapper.java:414)
    [junit] 	at org.apache.lucene.index.TestRollingUpdates.testUpdateSameDoc(TestRollingUpdates.java:104)
    [junit] 	at org.apache.lucene.util.LuceneTestCase$LuceneTestCaseRunner.runChild(LuceneTestCase.java:1226)
    [junit] 	at org.apache.lucene.util.LuceneTestCase$LuceneTestCaseRunner.runChild(LuceneTestCase.java:1154)
    [junit] Caused by: java.lang.RuntimeException: unclosed IndexInput
    [junit] 	at org.apache.lucene.store.MockDirectoryWrapper.openInput(MockDirectoryWrapper.java:369)
    [junit] 	at org.apache.lucene.store.Directory.openInput(Directory.java:122)
    [junit] 	at org.apache.lucene.index.codecs.preflex.TermInfosReader.<init>(TermInfosReader.java:109)
    [junit] 	at org.apache.lucene.index.codecs.preflex.PreFlexFields.<init>(PreFlexFields.java:83)
    [junit] 	at org.apache.lucene.index.codecs.preflexrw.PreFlexRWCodec$1.<init>(PreFlexRWCodec.java:54)
    [junit] 	at org.apache.lucene.index.codecs.preflexrw.PreFlexRWCodec.fieldsProducer(PreFlexRWCodec.java:54)
    [junit] 	at org.apache.lucene.index.PerFieldCodecWrapper$FieldsReader.<init>(PerFieldCodecWrapper.java:113)
    [junit] 	at org.apache.lucene.index.PerFieldCodecWrapper.fieldsProducer(PerFieldCodecWrapper.java:210)
    [junit] 	at org.apache.lucene.index.SegmentReader$CoreReaders.<init>(SegmentReader.java:130)
    [junit] 	at org.apache.lucene.index.SegmentReader.get(SegmentReader.java:493)
    [junit] 	at org.apache.lucene.index.IndexWriter$ReaderPool.get(IndexWriter.java:629)
    [junit] 	at org.apache.lucene.index.IndexWriter$ReaderPool.getReadOnlyClone(IndexWriter.java:587)
    [junit] 	at org.apache.lucene.index.DirectoryReader.<init>(DirectoryReader.java:172)
    [junit] 	at org.apache.lucene.index.IndexWriter.getReader(IndexWriter.java:377)
    [junit] 	at org.apache.lucene.index.DirectoryReader.doReopenFromWriter(DirectoryReader.java:419)
    [junit] 	at org.apache.lucene.index.DirectoryReader.doReopen(DirectoryReader.java:432)
    [junit] 	at org.apache.lucene.index.DirectoryReader.reopen(DirectoryReader.java:392)
    [junit] 	at org.apache.lucene.index.TestRollingUpdates$IndexingThread.run(TestRollingUpdates.java:129)
    [junit] 
    [junit] 
    [junit] Testcase: testUpdateSameDoc(org.apache.lucene.index.TestRollingUpdates):	FAILED
    [junit] Some threads threw uncaught exceptions!
    [junit] junit.framework.AssertionFailedError: Some threads threw uncaught exceptions!
    [junit] 	at org.apache.lucene.util.LuceneTestCase.tearDown(LuceneTestCase.java:521)
    [junit] 	at org.apache.lucene.util.LuceneTestCase$LuceneTestCaseRunner.runChild(LuceneTestCase.java:1226)
    [junit] 	at org.apache.lucene.util.LuceneTestCase$LuceneTestCaseRunner.runChild(LuceneTestCase.java:1154)
    [junit] 
    [junit] 
    [junit] Tests run: 2, Failures: 1, Errors: 1, Time elapsed: 9.128 sec
    [junit] 
    [junit] ------------- Standard Error -----------------
    [junit] NOTE: reproduce with: ant test -Dtestcase=TestRollingUpdates -Dtestmethod=testUpdateSameDoc -Dtests.seed=-4094951767438954769:-1203905293622856057
    [junit] NOTE: reproduce with: ant test -Dtestcase=TestRollingUpdates -Dtestmethod=testUpdateSameDoc -Dtests.seed=-4094951767438954769:-1203905293622856057
    [junit] The following exceptions were thrown by threads:
    [junit] *** Thread: Thread-302 ***
    [junit] java.lang.AssertionError: expected: org.apache.lucene.index.DocumentsWriterDeleteQueue@5b525b5fbut was: org.apache.lucene.index.DocumentsWriterDeleteQueue@7bece8cf false
    [junit] 	at org.apache.lucene.index.DocumentsWriter.doFlush(DocumentsWriter.java:359)
    [junit] 	at org.apache.lucene.index.DocumentsWriter.updateDocument(DocumentsWriter.java:346)
    [junit] 	at org.apache.lucene.index.IndexWriter.updateDocument(IndexWriter.java:1367)
    [junit] 	at org.apache.lucene.index.IndexWriter.updateDocument(IndexWriter.java:1339)
    [junit] 	at org.apache.lucene.index.TestRollingUpdates$IndexingThread.run(TestRollingUpdates.java:125)
    [junit] *** Thread: Thread-308 ***
    [junit] java.lang.AssertionError: expected: org.apache.lucene.index.DocumentsWriterDeleteQueue@5b525b5fbut was: org.apache.lucene.index.DocumentsWriterDeleteQueue@7bece8cf false
    [junit] 	at org.apache.lucene.index.DocumentsWriter.doFlush(DocumentsWriter.java:359)
    [junit] 	at org.apache.lucene.index.DocumentsWriter.updateDocument(DocumentsWriter.java:346)
    [junit] 	at org.apache.lucene.index.IndexWriter.updateDocument(IndexWriter.java:1367)
    [junit] 	at org.apache.lucene.index.IndexWriter.updateDocument(IndexWriter.java:1339)
    [junit] 	at org.apache.lucene.index.TestRollingUpdates$IndexingThread.run(TestRollingUpdates.java:125)
    [junit] *** Thread: Thread-304 ***
    [junit] java.lang.AssertionError: iter: 310 numDocs: 0 del: 0 max: 0 expected:<1> but was:<0>
    [junit] 	at org.junit.Assert.fail(Assert.java:91)
    [junit] 	at org.junit.Assert.failNotEquals(Assert.java:645)
    [junit] 	at org.junit.Assert.assertEquals(Assert.java:126)
    [junit] 	at org.junit.Assert.assertEquals(Assert.java:470)
    [junit] 	at org.apache.lucene.index.TestRollingUpdates$IndexingThread.run(TestRollingUpdates.java:134)
    [junit] NOTE: test params are: codec=PreFlex, locale=th, timezone=America/St_Kitts
    [junit] NOTE: all tests run in this JVM:
    [junit] [TestSearch, TestCharTermAttributeImpl, TestCheckIndex, TestConsistentFieldNumbers, TestCrash, TestDeletionPolicy, TestDocumentWriter, TestIndexReaderCloneNorms, TestLongPostings, TestPayloads, TestPerFieldCodecSupport, TestRollingUpdates]
    [junit] NOTE: Linux 2.6.37-gentoo amd64/Sun Microsystems Inc. 1.6.0_24 (64-bit)/cpus=8,threads=1,free=65098904,total=213254144
    [junit] ------------- ---------------- ---------------
    [junit] TEST org.apache.lucene.index.TestRollingUpdates FAILED
    [junit] Testsuite: org.apache.lucene.index.TestSegmentTermEnum
    [junit] Tests run: 2, Failures: 0, Errors: 0, Time elapsed: 0.136 sec
    [junit] 
    [junit] Testsuite: org.apache.lucene.search.TestConstantScoreQuery
    [junit] Tests run: 2, Failures: 0, Errors: 0, Time elapsed: 0.052 sec
    [junit] 
    [junit] Testsuite: org.apache.lucene.search.TestDateFilter
    [junit] Tests run: 2, Failures: 0, Errors: 0, Time elapsed: 0.26 sec
    [junit] 
    [junit] ------------- Standard Error -----------------
    [junit] WARNING: test class left thread running: Thread[LuceneTestCase-6-thread-6,5,main]
    [junit] PLEASE CLOSE YOUR INDEXSEARCHERS IN YOUR TEST!!!!
    [junit] RESOURCE LEAK: test class left 1 thread(s) running
    [junit] ------------- ---------------- ---------------
    [junit] Testsuite: org.apache.lucene.search.TestDateSort
    [junit] Tests run: 1, Failures: 0, Errors: 0, Time elapsed: 0.053 sec
    [junit] 
    [junit] Testsuite: org.apache.lucene.search.TestDocIdSet
    [junit] Tests run: 2, Failures: 0, Errors: 0, Time elapsed: 0.041 sec
    [junit] 
    [junit] Testsuite: org.apache.lucene.search.TestNot
    [junit] Tests run: 1, Failures: 0, Errors: 0, Time elapsed: 0.019 sec
    [junit] 
    [junit] Testsuite: org.apache.lucene.search.TestPrefixQuery
    [junit] Tests run: 1, Failures: 0, Errors: 0, Time elapsed: 0.022 sec
    [junit] 
    [junit] Testsuite: org.apache.lucene.search.TestSetNorm
    [junit] Tests run: 1, Failures: 0, Errors: 0, Time elapsed: 0.029 sec
    [junit] 
    [junit] Testsuite: org.apache.lucene.search.TestTimeLimitingCollector
    [junit] Tests run: 0, Failures: 0, Errors: 0, Time elapsed: 0.021 sec
    [junit] 
    [junit] ------------- Standard Error -----------------
    [junit] NOTE: Ignoring test class 'TestTimeLimitingCollector': broken: see https://issues.apache.org/jira/browse/LUCENE-2822
    [junit] ------------- ---------------- ---------------
    [junit] Testsuite: org.apache.lucene.search.TestTopScoreDocCollector
    [junit] Tests run: 1, Failures: 0, Errors: 0, Time elapsed: 0.021 sec
    [junit] 
    [junit] Testsuite: org.apache.lucene.search.TestNumericRangeQuery32
    [junit] Tests run: 27, Failures: 0, Errors: 0, Time elapsed: 11.56 sec
    [junit] 
    [junit] Testsuite: org.apache.lucene.search.TestPhrasePrefixQuery
    [junit] Tests run: 1, Failures: 0, Errors: 0, Time elapsed: 0.096 sec
    [junit] 
    [junit] ------------- Standard Error -----------------
    [junit] WARNING: test class left thread running: Thread[LuceneTestCase-9-thread-6,5,main]
    [junit] PLEASE CLOSE YOUR INDEXSEARCHERS IN YOUR TEST!!!!
    [junit] RESOURCE LEAK: test class left 1 thread(s) running
    [junit] ------------- ---------------- ---------------
    [junit] Testsuite: org.apache.lucene.search.TestPositionIncrement
    [junit] Tests run: 2, Failures: 0, Errors: 0, Time elapsed: 0.034 sec
    [junit] 
    [junit] Testsuite: org.apache.lucene.index.TestSegmentMerger
    [junit] Tests run: 2, Failures: 0, Errors: 0, Time elapsed: 2.014 sec
    [junit] 
    [junit] Testsuite: org.apache.lucene.messages.TestNLS
    [junit] Tests run: 6, Failures: 0, Errors: 0, Time elapsed: 0.059 sec
    [junit] 
    [junit] ------------- Standard Error -----------------
    [junit] WARN: Message with key:Q0005E_MESSAGE_NOT_IN_BUNDLE and locale: th not found.
    [junit] ------------- ---------------- ---------------
    [junit] Testsuite: org.apache.lucene.search.TestAutomatonQueryUnicode
    [junit] Tests run: 1, Failures: 0, Errors: 0, Time elapsed: 0.059 sec
    [junit] 
    [junit] Testsuite: org.apache.lucene.search.TestRegexpQuery
    [junit] Tests run: 7, Failures: 0, Errors: 0, Time elapsed: 0.271 sec
    [junit] 
    [junit] ------------- Standard Error -----------------
    [junit] WARNING: test class left thread running: Thread[LuceneTestCase-16-thread-1,5,main]
    [junit] PLEASE CLOSE YOUR INDEXSEARCHERS IN YOUR TEST!!!!
    [junit] RESOURCE LEAK: test class left 1 thread(s) running
    [junit] ------------- ---------------- ---------------
    [junit] Testsuite: org.apache.lucene.search.TestCachingWrapperFilter
    [junit] Tests run: 5, Failures: 0, Errors: 0, Time elapsed: 0.135 sec
    [junit] 
    [junit] Testsuite: org.apache.lucene.search.TestMultiTermConstantScore
    [junit] Tests run: 7, Failures: 0, Errors: 0, Time elapsed: 5.765 sec
    [junit] 
    [junit] Testsuite: org.apache.lucene.index.codecs.preflex.TestSurrogates
    [junit] Tests run: 1, Failures: 0, Errors: 0, Time elapsed: 3.605 sec
    [junit] 
    [junit] Testsuite: org.apache.lucene.queryParser.TestMultiFieldQueryParser
    [junit] Tests run: 10, Failures: 0, Errors: 0, Time elapsed: 0.202 sec
    [junit] 
    [junit] Testsuite: org.apache.lucene.search.TestTermRangeFilter
    [junit] Tests run: 3, Failures: 0, Errors: 0, Time elapsed: 5.4 sec
    [junit] 
    [junit] Testsuite: org.apache.lucene.search.TestTopDocsCollector
    [junit] Tests run: 8, Failures: 0, Errors: 0, Time elapsed: 0.061 sec
    [junit] 
    [junit] Testsuite: org.apache.lucene.search.TestComplexExplanationsOfNonMatches
    [junit] Tests run: 22, Failures: 0, Errors: 0, Time elapsed: 0.831 sec
    [junit] 
    [junit] Testsuite: org.apache.lucene.search.TestDocBoost
    [junit] Tests run: 1, Failures: 0, Errors: 0, Time elapsed: 0.017 sec
    [junit] 
    [junit] Testsuite: org.apache.lucene.search.TestExplanations
    [junit] Tests run: 1, Failures: 0, Errors: 0, Time elapsed: 0.02 sec
    [junit] 
    [junit] Testsuite: org.apache.lucene.search.TestMultiThreadTermVectors
    [junit] Tests run: 1, Failures: 0, Errors: 0, Time elapsed: 0.512 sec
    [junit] 
    [junit] Testsuite: org.apache.lucene.search.TestFieldCache
    [junit] Tests run: 3, Failures: 0, Errors: 0, Time elapsed: 1.678 sec
    [junit] 
    [junit] Testsuite: org.apache.lucene.search.TestRegexpRandom2
    [junit] Tests run: 1, Failures: 0, Errors: 0, Time elapsed: 2.235 sec
    [junit] 
    [junit] Testsuite: org.apache.lucene.search.TestTermRangeQuery
    [junit] Tests run: 7, Failures: 0, Errors: 0, Time elapsed: 0.15 sec
    [junit] 
    [junit] Testsuite: org.apache.lucene.search.TestWildcard
    [junit] Tests run: 8, Failures: 0, Errors: 0, Time elapsed: 0.396 sec
    [junit] 
    [junit] Testsuite: org.apache.lucene.search.function.TestCustomScoreQuery
    [junit] Tests run: 6, Failures: 0, Errors: 0, Time elapsed: 4.46 sec
    [junit] 
    [junit] Testsuite: org.apache.lucene.index.TestLazyBug
    [junit] Tests run: 3, Failures: 0, Errors: 0, Time elapsed: 13.67 sec
    [junit] 
    [junit] Testsuite: org.apache.lucene.index.TestMultiLevelSkipList
    [junit] Tests run: 1, Failures: 0, Errors: 0, Time elapsed: 0.636 sec
    [junit] 
    [junit] Testsuite: org.apache.lucene.search.TestMultiValuedNumericRangeQuery
    [junit] Tests run: 1, Failures: 0, Errors: 0, Time elapsed: 5.292 sec
    [junit] 
    [junit] Testsuite: org.apache.lucene.search.TestFuzzyQuery2
    [junit] Tests run: 1, Failures: 0, Errors: 0, Time elapsed: 4.847 sec
    [junit] 
    [junit] Testsuite: org.apache.lucene.search.TestWildcardRandom
    [junit] Tests run: 1, Failures: 0, Errors: 0, Time elapsed: 4.355 sec
    [junit] 
    [junit] Testsuite: org.apache.lucene.index.TestNRTReaderWithThreads
    [junit] Tests run: 1, Failures: 0, Errors: 0, Time elapsed: 1.375 sec
    [junit] 
    [junit] Testsuite: org.apache.lucene.index.TestNoMergePolicy
    [junit] Tests run: 4, Failures: 0, Errors: 0, Time elapsed: 0.031 sec
    [junit] 
    [junit] Testsuite: org.apache.lucene.index.TestSegmentInfo
    [junit] Tests run: 1, Failures: 0, Errors: 0, Time elapsed: 0.017 sec
    [junit] 
    [junit] Testsuite: org.apache.lucene.index.TestStressIndexing
    [junit] Tests run: 1, Failures: 0, Errors: 0, Time elapsed: 1.106 sec
    [junit] 
    [junit] Testsuite: org.apache.lucene.queryParser.TestQueryParser
    [junit] Tests run: 36, Failures: 0, Errors: 0, Time elapsed: 0.269 sec
    [junit] 
    [junit] Testsuite: org.apache.lucene.search.MultiCollectorTest
    [junit] Tests run: 3, Failures: 0, Errors: 0, Time elapsed: 0.04 sec
    [junit] 
    [junit] Testsuite: org.apache.lucene.search.spans.TestFieldMaskingSpanQuery
    [junit] Tests run: 11, Failures: 0, Errors: 0, Time elapsed: 2.76 sec
    [junit] 
    [junit] Testsuite: org.apache.lucene.search.spans.TestSpanExplanations
    [junit] Tests run: 31, Failures: 0, Errors: 0, Time elapsed: 4.827 sec
    [junit] 
    [junit] Testsuite: org.apache.lucene.store.TestCopyBytes
    [junit] Tests run: 1, Failures: 0, Errors: 0, Time elapsed: 0.384 sec
    [junit] 
    [junit] Testsuite: org.apache.lucene.store.TestLock
    [junit] Tests run: 1, Failures: 0, Errors: 0, Time elapsed: 0.024 sec
    [junit] 
    [junit] Testsuite: org.apache.lucene.util.TestBitVector
    [junit] Tests run: 7, Failures: 0, Errors: 0, Time elapsed: 0.596 sec
    [junit] 
    [junit] Testsuite: org.apache.lucene.search.spans.TestSpanExplanationsOfNonMatches
    [junit] Tests run: 31, Failures: 0, Errors: 0, Time elapsed: 0.705 sec
    [junit] 
    [junit] Testsuite: org.apache.lucene.util.TestBytesRefHash
    [junit] Tests run: 7, Failures: 0, Errors: 0, Time elapsed: 0.497 sec
    [junit] 
    [junit] Testsuite: org.apache.lucene.search.TestRegexpRandom
    [junit] Tests run: 1, Failures: 0, Errors: 0, Time elapsed: 4.974 sec
    [junit] 
    [junit] Testsuite: org.apache.lucene.search.function.TestDocValues
    [junit] Tests run: 3, Failures: 0, Errors: 0, Time elapsed: 0.013 sec
    [junit] 
    [junit] Testsuite: org.apache.lucene.search.spans.TestSpanFirstQuery
    [junit] Tests run: 1, Failures: 0, Errors: 0, Time elapsed: 0.017 sec
    [junit] 
    [junit] Testsuite: org.apache.lucene.search.spans.TestSpanMultiTermQueryWrapper
    [junit] Tests run: 3, Failures: 0, Errors: 0, Time elapsed: 0.084 sec
    [junit] 
    [junit] Testsuite: org.apache.lucene.store.TestHugeRamFile
    [junit] Tests run: 1, Failures: 0, Errors: 0, Time elapsed: 1.088 sec
    [junit] 
    [junit] Testsuite: org.apache.lucene.store.TestMultiMMap
    [junit] Tests run: 1, Failures: 0, Errors: 0, Time elapsed: 0.452 sec
    [junit] 
    [junit] Testsuite: org.apache.lucene.util.TestCollectionUtil
    [junit] Tests run: 5, Failures: 0, Errors: 0, Time elapsed: 2.143 sec
    [junit] 
    [junit] Testsuite: org.apache.lucene.util.TestPriorityQueue
    [junit] Tests run: 4, Failures: 0, Errors: 0, Time elapsed: 0.044 sec
    [junit] 
    [junit] Testsuite: org.apache.lucene.util.TestRecyclingByteBlockAllocator
    [junit] Tests run: 3, Failures: 0, Errors: 0, Time elapsed: 0.028 sec
    [junit] 
    [junit] Testsuite: org.apache.lucene.search.TestNumericRangeQuery64
    [junit] Tests run: 33, Failures: 0, Errors: 0, Time elapsed: 14.574 sec
    [junit] 
    [junit] Testsuite: org.apache.lucene.search.TestPositiveScoresOnlyCollector
    [junit] Tests run: 1, Failures: 0, Errors: 0, Time elapsed: 0.015 sec
    [junit] 
    [junit] Testsuite: org.apache.lucene.search.TestPrefixFilter
    [junit] Tests run: 1, Failures: 0, Errors: 0, Time elapsed: 0.163 sec
    [junit] 
    [junit] Testsuite: org.apache.lucene.search.TestQueryTermVector
    [junit] Tests run: 1, Failures: 0, Errors: 0, Time elapsed: 0.022 sec
    [junit] 
    [junit] Testsuite: org.apache.lucene.search.TestBoolean2
    [junit] Tests run: 11, Failures: 0, Errors: 0, Time elapsed: 5.525 sec
    [junit] 
    [junit] Testsuite: org.apache.lucene.search.TestBooleanOr
    [junit] Tests run: 5, Failures: 0, Errors: 0, Time elapsed: 0.426 sec
    [junit] 
    [junit] Testsuite: org.apache.lucene.search.TestCachingSpanFilter
    [junit] Tests run: 1, Failures: 0, Errors: 0, Time elapsed: 0.087 sec
    [junit] 
    [junit] Testsuite: org.apache.lucene.search.TestPhraseQuery
    [junit] Tests run: 17, Failures: 0, Errors: 0, Time elapsed: 8.803 sec
    [junit] 
    [junit] Testsuite: org.apache.lucene.search.TestScorerPerf
    [junit] Tests run: 1, Failures: 0, Errors: 0, Time elapsed: 1.029 sec
    [junit] 
    [junit] Testsuite: org.apache.lucene.util.TestArrayUtil
    [junit] Tests run: 10, Failures: 0, Errors: 0, Time elapsed: 3.514 sec
    [junit] 
    [junit] Testsuite: org.apache.lucene.util.TestAttributeSource
    [junit] Tests run: 4, Failures: 0, Errors: 0, Time elapsed: 0.018 sec
    [junit] 
    [junit] Testsuite: org.apache.lucene.util.TestVirtualMethod
    [junit] Tests run: 2, Failures: 0, Errors: 0, Time elapsed: 0.015 sec
    [junit] 
    [junit] Testsuite: org.apache.lucene.util.automaton.TestUTF32ToUTF8
    [junit] Tests run: 5, Failures: 0, Errors: 0, Time elapsed: 0.683 sec
    [junit] 
    [junit] Testsuite: org.apache.lucene.search.TestPrefixInBooleanQuery
    [junit] Tests run: 4, Failures: 0, Errors: 0, Time elapsed: 1.434 sec
    [junit] 
    [junit] Testsuite: org.apache.lucene.search.TestSimilarity
    [junit] Tests run: 1, Failures: 0, Errors: 0, Time elapsed: 0.019 sec
    [junit] 
    [junit] Testsuite: org.apache.lucene.util.automaton.TestMinimize
    [junit] Tests run: 2, Failures: 0, Errors: 0, Time elapsed: 3.349 sec
    [junit] 
    [junit] Testsuite: org.apache.lucene.search.TestSloppyPhraseQuery
    [junit] Tests run: 5, Failures: 0, Errors: 0, Time elapsed: 1.911 sec
    [junit] 
    [junit] Testsuite: org.apache.lucene.search.spans.TestSpansAdvanced
    [junit] Tests run: 1, Failures: 0, Errors: 0, Time elapsed: 0.169 sec
    [junit] 
    [junit] Testsuite: org.apache.lucene.store.TestWindowsMMap
    [junit] Tests run: 1, Failures: 0, Errors: 0, Time elapsed: 0.075 sec
    [junit] 
    [junit] Testsuite: org.apache.lucene.util.TestSortedVIntList
    [junit] Tests run: 19, Failures: 0, Errors: 0, Time elapsed: 0.028 sec
    [junit] 
    [junit] Testsuite: org.apache.lucene.util.TestStringIntern
    [junit] Tests run: 1, Failures: 0, Errors: 0, Time elapsed: 1.9 sec
    [junit] 
    [junit] Testsuite: org.apache.lucene.util.TestVersion
    [junit] Tests run: 1, Failures: 0, Errors: 0, Time elapsed: 0.014 sec
    [junit] 
    [junit] Testsuite: org.apache.lucene.search.TestComplexExplanations
    [junit] Tests run: 22, Failures: 0, Errors: 0, Time elapsed: 5.042 sec
    [junit] 
    [junit] Testsuite: org.apache.lucene.util.TestNumericUtils
    [junit] Tests run: 10, Failures: 0, Errors: 0, Time elapsed: 9.138 sec
    [junit] 
    [junit] Testsuite: org.apache.lucene.search.TestElevationComparator
    [junit] Tests run: 1, Failures: 0, Errors: 0, Time elapsed: 0.023 sec
    [junit] 
    [junit] Testsuite: org.apache.lucene.search.TestQueryWrapperFilter
    [junit] Tests run: 1, Failures: 0, Errors: 0, Time elapsed: 0.076 sec
    [junit] 
    [junit] Testsuite: org.apache.lucene.search.TestSort
    [junit] Tests run: 23, Failures: 0, Errors: 0, Time elapsed: 3.563 sec
    [junit] 
    [junit] Testsuite: org.apache.lucene.search.TestScoreCachingWrappingScorer
    [junit] Tests run: 1, Failures: 0, Errors: 0, Time elapsed: 0.034 sec
    [junit] 
    [junit] Testsuite: org.apache.lucene.search.TestSimilarityProvider
    [junit] Tests run: 1, Failures: 0, Errors: 0, Time elapsed: 0.017 sec
    [junit] 
    [junit] Testsuite: org.apache.lucene.search.TestSpanQueryFilter
    [junit] Tests run: 1, Failures: 0, Errors: 0, Time elapsed: 0.06 sec
    [junit] 
    [junit] Testsuite: org.apache.lucene.search.TestTermScorer
    [junit] Tests run: 3, Failures: 0, Errors: 0, Time elapsed: 0.024 sec
    [junit] 
    [junit] Testsuite: org.apache.lucene.search.cache.TestEntryCreators
    [junit] Tests run: 2, Failures: 0, Errors: 0, Time elapsed: 0.094 sec
    [junit] 
    [junit] Testsuite: org.apache.lucene.util.automaton.TestSpecialOperations
    [junit] Tests run: 1, Failures: 0, Errors: 0, Time elapsed: 0.837 sec
    [junit] 
    [junit] Testsuite: org.apache.lucene.search.function.TestFieldScoreQuery
    [junit] Tests run: 12, Failures: 0, Errors: 0, Time elapsed: 0.566 sec
    [junit] 
    [junit] Testsuite: org.apache.lucene.util.automaton.TestDeterminism
    [junit] Tests run: 2, Failures: 0, Errors: 0, Time elapsed: 1.558 sec
    [junit] 
    [junit] Testsuite: org.apache.lucene.search.TestTermVectors
    [junit] Tests run: 8, Failures: 0, Errors: 0, Time elapsed: 0.975 sec
    [junit] 
    [junit] Testsuite: org.apache.lucene.search.function.TestOrdValues
    [junit] Tests run: 7, Failures: 0, Errors: 0, Time elapsed: 0.093 sec
    [junit] 
    [junit] Testsuite: org.apache.lucene.search.spans.TestBasics
    [junit] Tests run: 24, Failures: 0, Errors: 0, Time elapsed: 23.357 sec
    [junit] 
    [junit] Testsuite: org.apache.lucene.search.payloads.TestPayloadNearQuery
    [junit] Tests run: 7, Failures: 0, Errors: 0, Time elapsed: 0.654 sec
    [junit] 
    [junit] Testsuite: org.apache.lucene.search.spans.TestSpansAdvanced2
    [junit] Tests run: 4, Failures: 0, Errors: 0, Time elapsed: 0.193 sec
    [junit] 
    [junit] Testsuite: org.apache.lucene.store.TestDirectory
    [junit] Tests run: 7, Failures: 0, Errors: 0, Time elapsed: 0.017 sec
    [junit] 
    [junit] Testsuite: org.apache.lucene.search.spans.TestSpans
    [junit] Tests run: 25, Failures: 0, Errors: 0, Time elapsed: 0.461 sec
    [junit] 
    [junit] Testsuite: org.apache.lucene.store.TestRAMDirectory
    [junit] Tests run: 4, Failures: 0, Errors: 0, Time elapsed: 0.104 sec
    [junit] 
    [junit] Testsuite: org.apache.lucene.util.TestCharacterUtils
    [junit] Tests run: 7, Failures: 0, Errors: 0, Time elapsed: 0.016 sec
    [junit] 
    [junit] Testsuite: org.apache.lucene.search.spans.TestPayloadSpans
    [junit] Tests run: 10, Failures: 0, Errors: 0, Time elapsed: 0.455 sec
    [junit] 
    [junit] Testsuite: org.apache.lucene.util.TestOpenBitSet
    [junit] Tests run: 5, Failures: 0, Errors: 0, Time elapsed: 0.674 sec
    [junit] 
    [junit] Testsuite: org.apache.lucene.util.TestRamUsageEstimator
    [junit] Tests run: 1, Failures: 0, Errors: 0, Time elapsed: 0.013 sec
    [junit] 
    [junit] Testsuite: org.apache.lucene.util.automaton.TestLevenshteinAutomata
    [junit] Tests run: 3, Failures: 0, Errors: 0, Time elapsed: 0.399 sec
    [junit] 
    [junit] Testsuite: org.apache.lucene.store.TestBufferedIndexInput
    [junit] Tests run: 4, Failures: 0, Errors: 0, Time elapsed: 1.164 sec
    [junit] 
    [junit] Testsuite: org.apache.lucene.util.TestIndexableBinaryStringTools
    [junit] Tests run: 5, Failures: 0, Errors: 0, Time elapsed: 0.354 sec
    [junit] 
    [junit] Testsuite: org.apache.lucene.util.TestSmallFloat
    [junit] Tests run: 2, Failures: 0, Errors: 0, Time elapsed: 0.041 sec
    [junit] 
    [junit] Testsuite: org.apache.lucene.util.TestUnicodeUtil
    [junit] Tests run: 4, Failures: 0, Errors: 0, Time elapsed: 0.111 sec
    [junit] 
    [junit] Testsuite: org.apache.lucene.store.TestLockFactory
    [junit] Tests run: 11, Failures: 0, Errors: 0, Time elapsed: 3.04 sec
    [junit] 
    [junit] Testsuite: org.apache.lucene.util.TestFieldCacheSanityChecker
    [junit] Tests run: 4, Failures: 0, Errors: 0, Time elapsed: 1.662 sec
    [junit] 
    [junit] Testsuite: org.apache.lucene.util.automaton.TestDeterminizeLexicon
    [junit] Tests run: 1, Failures: 0, Errors: 0, Time elapsed: 1.657 sec
    [junit] 
    [junit] Testsuite: org.apache.lucene.util.automaton.fst.TestFSTs
    [junit] Tests run: 7, Failures: 0, Errors: 0, Time elapsed: 5.69 sec
    [junit] 
    [junit] ------------- Standard Error -----------------
    [junit] NOTE: Ignoring nightly-only test method 'testBigSet'
    [junit] ------------- ---------------- ---------------
    [junit] Testsuite: org.apache.lucene.util.packed.TestPackedInts
    [junit] Tests run: 8, Failures: 0, Errors: 0, Time elapsed: 1.62 sec
    [junit] 
