Buildfile: /home/selckin/lucene-solr/build.xml

clean:

clean:
   [delete] Deleting directory /home/selckin/lucene-solr/lucene/build

clean:

clean:
     [echo] Building analyzers-common...

clean:
   [delete] Deleting directory /home/selckin/lucene-solr/modules/analysis/build/common
     [echo] Building analyzers-icu...

clean:
   [delete] Deleting directory /home/selckin/lucene-solr/modules/analysis/build/icu
     [echo] Building analyzers-phonetic...

clean:
   [delete] Deleting directory /home/selckin/lucene-solr/modules/analysis/build/phonetic
     [echo] Building analyzers-smartcn...

clean:
   [delete] Deleting directory /home/selckin/lucene-solr/modules/analysis/build/smartcn
     [echo] Building analyzers-stempel...

clean:
   [delete] Deleting directory /home/selckin/lucene-solr/modules/analysis/build/stempel
     [echo] Building benchmark...

clean:
   [delete] Deleting directory /home/selckin/lucene-solr/modules/benchmark/build

clean-contrib:

clean:
   [delete] Deleting directory /home/selckin/lucene-solr/solr/contrib/analysis-extras/build
   [delete] Deleting directory /home/selckin/lucene-solr/solr/contrib/analysis-extras/lucene-libs

clean:
   [delete] Deleting directory /home/selckin/lucene-solr/solr/contrib/clustering/build

clean:
   [delete] Deleting directory /home/selckin/lucene-solr/solr/contrib/dataimporthandler/target

clean:
   [delete] Deleting directory /home/selckin/lucene-solr/solr/contrib/extraction/build

clean:
   [delete] Deleting directory /home/selckin/lucene-solr/solr/contrib/uima/build

clean:
   [delete] Deleting directory /home/selckin/lucene-solr/solr/build

test:

jflex-uptodate-check:

jflex-notice:

javacc-uptodate-check:

javacc-notice:

init:

clover.setup:

clover.info:
     [echo] 
     [echo]       Clover not found. Code coverage reports disabled.
     [echo]   	

clover:

common.compile-core:
    [mkdir] Created dir: /home/selckin/lucene-solr/lucene/build/classes/java
    [javac] Compiling 508 source files to /home/selckin/lucene-solr/lucene/build/classes/java
    [javac] /home/selckin/lucene-solr/lucene/src/java/org/apache/lucene/queryParser/CharStream.java:34: warning: [dep-ann] deprecated item is not annotated with @Deprecated
    [javac]   int getColumn();
    [javac]       ^
    [javac] /home/selckin/lucene-solr/lucene/src/java/org/apache/lucene/queryParser/CharStream.java:41: warning: [dep-ann] deprecated item is not annotated with @Deprecated
    [javac]   int getLine();
    [javac]       ^
    [javac] /home/selckin/lucene-solr/lucene/src/java/org/apache/lucene/queryParser/QueryParserTokenManager.java:441: warning: [cast] redundant cast to int
    [javac]          int hiByte = (int)(curChar >> 8);
    [javac]                       ^
    [javac] /home/selckin/lucene-solr/lucene/src/java/org/apache/lucene/queryParser/QueryParserTokenManager.java:607: warning: [cast] redundant cast to int
    [javac]          int hiByte = (int)(curChar >> 8);
    [javac]                       ^
    [javac] /home/selckin/lucene-solr/lucene/src/java/org/apache/lucene/queryParser/QueryParserTokenManager.java:780: warning: [cast] redundant cast to int
    [javac]          int hiByte = (int)(curChar >> 8);
    [javac]                       ^
    [javac] Note: Some input files use or override a deprecated API.
    [javac] Note: Recompile with -Xlint:deprecation for details.
    [javac] 5 warnings

compile-core:

compile-test-framework:
    [mkdir] Created dir: /home/selckin/lucene-solr/lucene/build/classes/test-framework
    [javac] Compiling 34 source files to /home/selckin/lucene-solr/lucene/build/classes/test-framework
    [javac] /home/selckin/lucene-solr/lucene/src/test-framework/org/apache/lucene/analysis/MockAnalyzer.java:91: warning: [unchecked] unchecked conversion
    [javac] found   : java.util.Map
    [javac] required: java.util.Map<java.lang.String,org.apache.lucene.analysis.MockAnalyzer.SavedStreams>
    [javac]     Map<String,SavedStreams> map = (Map) getPreviousTokenStream();
    [javac]                                    ^
    [javac] Note: Some input files use or override a deprecated API.
    [javac] Note: Recompile with -Xlint:deprecation for details.
    [javac] 1 warning
     [copy] Copying 1 file to /home/selckin/lucene-solr/lucene/build/classes/test-framework

compile-test:
    [mkdir] Created dir: /home/selckin/lucene-solr/lucene/build/classes/test
    [javac] Compiling 253 source files to /home/selckin/lucene-solr/lucene/build/classes/test
    [javac] Note: Some input files use or override a deprecated API.
    [javac] Note: Recompile with -Xlint:deprecation for details.
     [copy] Copying 25 files to /home/selckin/lucene-solr/lucene/build/classes/test

junit-mkdir:
    [mkdir] Created dir: /home/selckin/lucene-solr/lucene/build/test

junit-sequential:

junit-parallel:
    [junit] Testsuite: org.apache.lucene.analysis.tokenattributes.TestSimpleAttributeImpl
    [junit] Tests run: 1, Failures: 0, Errors: 0, Time elapsed: 0.303 sec
    [junit] 
    [junit] Testsuite: org.apache.lucene.analysis.TestNumericTokenStream
    [junit] Tests run: 4, Failures: 0, Errors: 0, Time elapsed: 0.388 sec
    [junit] 
    [junit] Testsuite: org.apache.lucene.TestAssertions
    [junit] Tests run: 2, Failures: 0, Errors: 0, Time elapsed: 0.437 sec
    [junit] 
    [junit] Testsuite: org.apache.lucene.TestDemo
    [junit] Tests run: 1, Failures: 0, Errors: 0, Time elapsed: 1.44 sec
    [junit] 
    [junit] Testsuite: org.apache.lucene.TestSearch
    [junit] Tests run: 1, Failures: 0, Errors: 0, Time elapsed: 1.787 sec
    [junit] 
    [junit] Testsuite: org.apache.lucene.analysis.TestCachingTokenFilter
    [junit] Tests run: 1, Failures: 0, Errors: 0, Time elapsed: 1.518 sec
    [junit] 
    [junit] Testsuite: org.apache.lucene.analysis.TestToken
    [junit] Tests run: 10, Failures: 0, Errors: 0, Time elapsed: 2.318 sec
    [junit] 
    [junit] Testsuite: org.apache.lucene.TestMergeSchedulerExternal
    [junit] Tests run: 1, Failures: 0, Errors: 0, Time elapsed: 2.335 sec
    [junit] 
    [junit] Testsuite: org.apache.lucene.document.TestDateTools
    [junit] Tests run: 5, Failures: 0, Errors: 0, Time elapsed: 0.109 sec
    [junit] 
    [junit] Testsuite: org.apache.lucene.analysis.TestCharTokenizers
    [junit] Tests run: 4, Failures: 0, Errors: 0, Time elapsed: 0.159 sec
    [junit] 
    [junit] Testsuite: org.apache.lucene.index.Test2BTerms
    [junit] Tests run: 0, Failures: 0, Errors: 0, Time elapsed: 0.033 sec
    [junit] 
    [junit] ------------- Standard Error -----------------
    [junit] NOTE: Ignoring test method 'test2BTerms': Takes ~4 hours to run on a fast machine!!  And requires that you don't use PreFlex codec.
    [junit] ------------- ---------------- ---------------
    [junit] Testsuite: org.apache.lucene.document.TestDocument
    [junit] Tests run: 7, Failures: 0, Errors: 0, Time elapsed: 0.411 sec
    [junit] 
    [junit] Testsuite: org.apache.lucene.analysis.tokenattributes.TestCharTermAttributeImpl
    [junit] Tests run: 12, Failures: 0, Errors: 0, Time elapsed: 0.999 sec
    [junit] 
    [junit] Testsuite: org.apache.lucene.TestSearchForDuplicates
    [junit] Tests run: 1, Failures: 0, Errors: 0, Time elapsed: 2.956 sec
    [junit] 
    [junit] Testsuite: org.apache.lucene.TestExternalCodecs
    [junit] Tests run: 1, Failures: 0, Errors: 0, Time elapsed: 1.39 sec
    [junit] 
    [junit] Testsuite: org.apache.lucene.document.TestBinaryDocument
    [junit] Tests run: 2, Failures: 0, Errors: 0, Time elapsed: 0.137 sec
    [junit] 
    [junit] Testsuite: org.apache.lucene.analysis.TestMockAnalyzer
    [junit] Tests run: 6, Failures: 0, Errors: 0, Time elapsed: 0.08 sec
    [junit] 
    [junit] Testsuite: org.apache.lucene.index.TestCheckIndex
    [junit] Tests run: 2, Failures: 0, Errors: 0, Time elapsed: 0.32 sec
    [junit] 
    [junit] Testsuite: org.apache.lucene.index.TestByteSlices
    [junit] Tests run: 1, Failures: 0, Errors: 0, Time elapsed: 3.504 sec
    [junit] 
    [junit] Testsuite: org.apache.lucene.index.TestCodecs
    [junit] Tests run: 3, Failures: 0, Errors: 0, Time elapsed: 1.449 sec
    [junit] 
    [junit] Testsuite: org.apache.lucene.index.TestFieldInfos
    [junit] Tests run: 2, Failures: 0, Errors: 0, Time elapsed: 0.043 sec
    [junit] 
    [junit] Testsuite: org.apache.lucene.index.TestCompoundFile
    [junit] Tests run: 10, Failures: 0, Errors: 0, Time elapsed: 2.303 sec
    [junit] 
    [junit] Testsuite: org.apache.lucene.index.TestAtomicUpdate
    [junit] Tests run: 1, Failures: 0, Errors: 0, Time elapsed: 3.066 sec
    [junit] 
    [junit] Testsuite: org.apache.lucene.index.TestDirectoryReader
    [junit] Tests run: 3, Failures: 0, Errors: 0, Time elapsed: 4.011 sec
    [junit] 
    [junit] Testsuite: org.apache.lucene.index.TestFlex
    [junit] Tests run: 2, Failures: 0, Errors: 0, Time elapsed: 0.852 sec
    [junit] 
    [junit] Testsuite: org.apache.lucene.index.TestConsistentFieldNumbers
    [junit] Tests run: 4, Failures: 0, Errors: 0, Time elapsed: 7.548 sec
    [junit] 
    [junit] Testsuite: org.apache.lucene.index.TestBackwardsCompatibility
    [junit] Tests run: 10, Failures: 0, Errors: 0, Time elapsed: 10.322 sec
    [junit] 
    [junit] Testsuite: org.apache.lucene.index.TestConcurrentMergeScheduler
    [junit] Tests run: 4, Failures: 0, Errors: 0, Time elapsed: 9.516 sec
    [junit] 
    [junit] Testsuite: org.apache.lucene.index.TestDoc
    [junit] Tests run: 1, Failures: 0, Errors: 0, Time elapsed: 0.466 sec
    [junit] 
    [junit] Testsuite: org.apache.lucene.index.TestFieldsReader
    [junit] Tests run: 8, Failures: 0, Errors: 0, Time elapsed: 13.571 sec
    [junit] 
    [junit] Testsuite: org.apache.lucene.index.TestIndexCommit
    [junit] Tests run: 1, Failures: 0, Errors: 0, Time elapsed: 0.029 sec
    [junit] 
    [junit] Testsuite: org.apache.lucene.index.TestIndexWriterLockRelease
    [junit] Tests run: 1, Failures: 0, Errors: 0, Time elapsed: 0.028 sec
    [junit] 
    [junit] Testsuite: org.apache.lucene.index.TestPositionBasedTermVectorMapper
    [junit] Tests run: 1, Failures: 0, Errors: 0, Time elapsed: 0.038 sec
    [junit] 
    [junit] Testsuite: org.apache.lucene.index.TestRollback
    [junit] Tests run: 1, Failures: 0, Errors: 0, Time elapsed: 0.148 sec
    [junit] 
    [junit] Testsuite: org.apache.lucene.index.TestIndexFileDeleter
    [junit] Tests run: 1, Failures: 0, Errors: 0, Time elapsed: 0.281 sec
    [junit] 
    [junit] Testsuite: org.apache.lucene.index.TestCrash
    [junit] Tests run: 7, Failures: 0, Errors: 0, Time elapsed: 4.148 sec
    [junit] 
    [junit] Testsuite: org.apache.lucene.index.TestStressIndexing2
    [junit] Tests run: 3, Failures: 0, Errors: 0, Time elapsed: 1.759 sec
    [junit] 
    [junit] Testsuite: org.apache.lucene.index.TestTerm
    [junit] Tests run: 1, Failures: 0, Errors: 0, Time elapsed: 0.098 sec
    [junit] 
    [junit] Testsuite: org.apache.lucene.index.TestDocsAndPositions
    [junit] Tests run: 4, Failures: 0, Errors: 0, Time elapsed: 11.426 sec
    [junit] 
    [junit] Testsuite: org.apache.lucene.index.TestTransactions
    [junit] Tests run: 1, Failures: 0, Errors: 0, Time elapsed: 0.713 sec
    [junit] 
    [junit] Testsuite: org.apache.lucene.index.TestFlushByRamOrCountsPolicy
    [junit] Tests run: 5, Failures: 0, Errors: 0, Time elapsed: 12.924 sec
    [junit] 
    [junit] Testsuite: org.apache.lucene.index.codecs.intblock.TestIntBlockCodec
    [junit] Tests run: 2, Failures: 0, Errors: 0, Time elapsed: 0.212 sec
    [junit] 
    [junit] Testsuite: org.apache.lucene.queryParser.TestMultiAnalyzer
    [junit] Tests run: 3, Failures: 0, Errors: 0, Time elapsed: 0.171 sec
    [junit] 
    [junit] Testsuite: org.apache.lucene.index.TestDocumentsWriterDeleteQueue
    [junit] Tests run: 4, Failures: 0, Errors: 0, Time elapsed: 0.491 sec
    [junit] 
    [junit] Testsuite: org.apache.lucene.index.TestAddIndexes
    [junit] Testcase: testAddIndexesWithThreads(org.apache.lucene.index.TestAddIndexes):	FAILED
    [junit] expected:<3160> but was:<3060>
    [junit] junit.framework.AssertionFailedError: expected:<3160> but was:<3060>
    [junit] 	at org.apache.lucene.index.TestAddIndexes.testAddIndexesWithThreads(TestAddIndexes.java:783)
    [junit] 	at org.apache.lucene.util.LuceneTestCase$LuceneTestCaseRunner.runChild(LuceneTestCase.java:1226)
    [junit] 	at org.apache.lucene.util.LuceneTestCase$LuceneTestCaseRunner.runChild(LuceneTestCase.java:1154)
    [junit] 
    [junit] 
    [junit] Tests run: 18, Failures: 1, Errors: 0, Time elapsed: 14.841 sec
    [junit] 
    [junit] ------------- Standard Error -----------------
    [junit] NOTE: reproduce with: ant test -Dtestcase=TestAddIndexes -Dtestmethod=testAddIndexesWithThreads -Dtests.seed=4502815121171887759:-6764285049309266272
    [junit] NOTE: test params are: codec=PreFlex, locale=tr_TR, timezone=Mexico/BajaNorte
    [junit] NOTE: all tests run in this JVM:
    [junit] [TestToken, TestDateTools, Test2BTerms, TestAddIndexes]
    [junit] NOTE: Linux 2.6.37-gentoo amd64/Sun Microsystems Inc. 1.6.0_24 (64-bit)/cpus=8,threads=1,free=163663416,total=243335168
    [junit] ------------- ---------------- ---------------
    [junit] TEST org.apache.lucene.index.TestAddIndexes FAILED
    [junit] Testsuite: org.apache.lucene.index.TestDocTermOrds
    [junit] Tests run: 3, Failures: 0, Errors: 0, Time elapsed: 4.003 sec
    [junit] 
    [junit] Testsuite: org.apache.lucene.index.TestIndexInput
    [junit] Tests run: 2, Failures: 0, Errors: 0, Time elapsed: 0.027 sec
    [junit] 
    [junit] Testsuite: org.apache.lucene.index.TestFilterIndexReader
    [junit] Tests run: 1, Failures: 0, Errors: 0, Time elapsed: 0.062 sec
    [junit] 
    [junit] Testsuite: org.apache.lucene.index.TestDeletionPolicy
    [junit] Tests run: 7, Failures: 0, Errors: 0, Time elapsed: 7.389 sec
    [junit] 
    [junit] ------------- Standard Error -----------------
    [junit] WARNING: test class left thread running: Thread[LuceneTestCase-24-thread-2,5,main]
    [junit] PLEASE CLOSE YOUR INDEXSEARCHERS IN YOUR TEST!!!!
    [junit] RESOURCE LEAK: test class left 1 thread(s) running
    [junit] ------------- ---------------- ---------------
    [junit] Testsuite: org.apache.lucene.index.TestDocumentWriter
    [junit] Tests run: 7, Failures: 0, Errors: 0, Time elapsed: 0.587 sec
    [junit] 
    [junit] Testsuite: org.apache.lucene.index.TestIndexReaderCloneNorms
    [junit] Tests run: 3, Failures: 0, Errors: 0, Time elapsed: 1.627 sec
    [junit] 
    [junit] Testsuite: org.apache.lucene.index.TestLongPostings
    [junit] Tests run: 1, Failures: 0, Errors: 0, Time elapsed: 0.058 sec
    [junit] 
    [junit] ------------- Standard Error -----------------
    [junit] NOTE: Assume failed in 'testLongPostings' (ignored): Too slow with SimpleText codec
    [junit] ------------- ---------------- ---------------
    [junit] Testsuite: org.apache.lucene.index.TestPayloads
    [junit] Tests run: 5, Failures: 0, Errors: 0, Time elapsed: 0.45 sec
    [junit] 
    [junit] Testsuite: org.apache.lucene.index.TestGlobalFieldNumbers
    [junit] Tests run: 8, Failures: 0, Errors: 0, Time elapsed: 10.673 sec
    [junit] 
    [junit] Testsuite: org.apache.lucene.index.TestIndexWriterConfig
    [junit] Tests run: 6, Failures: 0, Errors: 0, Time elapsed: 0.069 sec
    [junit] 
    [junit] Testsuite: org.apache.lucene.search.TestBooleanMinShouldMatch
    [junit] Tests run: 15, Failures: 0, Errors: 0, Time elapsed: 13.986 sec
    [junit] 
    [junit] Testsuite: org.apache.lucene.search.TestBooleanQuery
    [junit] Tests run: 4, Failures: 0, Errors: 0, Time elapsed: 0.263 sec
    [junit] 
    [junit] Testsuite: org.apache.lucene.search.TestCustomSearcherSort
    [junit] Tests run: 2, Failures: 0, Errors: 0, Time elapsed: 1.911 sec
    [junit] 
    [junit] Testsuite: org.apache.lucene.search.TestDisjunctionMaxQuery
    [junit] Tests run: 10, Failures: 0, Errors: 0, Time elapsed: 1.421 sec
    [junit] 
    [junit] Testsuite: org.apache.lucene.index.TestIndexWriterMergePolicy
    [junit] Tests run: 6, Failures: 0, Errors: 0, Time elapsed: 7.91 sec
    [junit] 
    [junit] Testsuite: org.apache.lucene.index.TestIndexReader
    [junit] Tests run: 42, Failures: 0, Errors: 0, Time elapsed: 22.185 sec
    [junit] 
    [junit] Testsuite: org.apache.lucene.index.TestIndexReaderReopen
    [junit] Tests run: 17, Failures: 0, Errors: 0, Time elapsed: 22.89 sec
    [junit] 
    [junit] Testsuite: org.apache.lucene.index.TestPerFieldCodecSupport
    [junit] Tests run: 3, Failures: 0, Errors: 0, Time elapsed: 15.242 sec
    [junit] 
    [junit] Testsuite: org.apache.lucene.index.TestIndexWriterOnJRECrash
    [junit] Tests run: 1, Failures: 0, Errors: 0, Time elapsed: 33.218 sec
    [junit] 
    [junit] Testsuite: org.apache.lucene.index.TestIndexWriterReader
    [junit] Tests run: 19, Failures: 0, Errors: 0, Time elapsed: 8.243 sec
    [junit] 
    [junit] Testsuite: org.apache.lucene.index.TestIndexReaderClone
    [junit] Tests run: 20, Failures: 0, Errors: 0, Time elapsed: 8.347 sec
    [junit] 
    [junit] Testsuite: org.apache.lucene.index.TestIndexWriterExceptions
    [junit] Tests run: 18, Failures: 0, Errors: 0, Time elapsed: 27.832 sec
    [junit] 
    [junit] Testsuite: org.apache.lucene.index.TestMultiReader
    [junit] Tests run: 3, Failures: 0, Errors: 0, Time elapsed: 2.011 sec
    [junit] 
    [junit] Testsuite: org.apache.lucene.index.TestIndexWriterMerging
    [junit] Tests run: 1, Failures: 0, Errors: 0, Time elapsed: 0.652 sec
    [junit] 
    [junit] Testsuite: org.apache.lucene.index.TestMaxTermFrequency
    [junit] Tests run: 1, Failures: 0, Errors: 0, Time elapsed: 0.974 sec
    [junit] 
    [junit] Testsuite: org.apache.lucene.index.TestParallelReaderEmptyIndex
    [junit] Tests run: 2, Failures: 0, Errors: 0, Time elapsed: 0.11 sec
    [junit] 
    [junit] Testsuite: org.apache.lucene.index.TestParallelTermEnum
    [junit] Tests run: 1, Failures: 0, Errors: 0, Time elapsed: 0.058 sec
    [junit] 
    [junit] Testsuite: org.apache.lucene.index.TestIndexWriterOnDiskFull
    [junit] Tests run: 4, Failures: 0, Errors: 0, Time elapsed: 29.706 sec
    [junit] 
    [junit] Testsuite: org.apache.lucene.index.TestPerSegmentDeletes
    [junit] Tests run: 1, Failures: 0, Errors: 0, Time elapsed: 0.115 sec
    [junit] 
    [junit] Testsuite: org.apache.lucene.index.TestMultiFields
    [junit] Tests run: 2, Failures: 0, Errors: 0, Time elapsed: 0.493 sec
    [junit] 
    [junit] Testsuite: org.apache.lucene.index.TestSizeBoundedOptimize
    [junit] Tests run: 11, Failures: 0, Errors: 0, Time elapsed: 0.259 sec
    [junit] 
    [junit] Testsuite: org.apache.lucene.index.TestSnapshotDeletionPolicy
    [junit] Tests run: 8, Failures: 0, Errors: 0, Time elapsed: 1.363 sec
    [junit] 
    [junit] Testsuite: org.apache.lucene.index.TestTermVectorsWriter
    [junit] Tests run: 13, Failures: 0, Errors: 0, Time elapsed: 0.301 sec
    [junit] 
    [junit] Testsuite: org.apache.lucene.index.TestTermdocPerf
    [junit] Tests run: 1, Failures: 0, Errors: 0, Time elapsed: 0.019 sec
    [junit] 
    [junit] Testsuite: org.apache.lucene.index.TestIndexWriterWithThreads
    [junit] Tests run: 10, Failures: 0, Errors: 0, Time elapsed: 5.77 sec
    [junit] 
    [junit] Testsuite: org.apache.lucene.index.TestPersistentSnapshotDeletionPolicy
    [junit] Tests run: 14, Failures: 0, Errors: 0, Time elapsed: 2.687 sec
    [junit] 
    [junit] Testsuite: org.apache.lucene.index.TestIndexWriterDelete
    [junit] Tests run: 14, Failures: 0, Errors: 0, Time elapsed: 5.87 sec
    [junit] 
    [junit] Testsuite: org.apache.lucene.index.TestIsCurrent
    [junit] Tests run: 2, Failures: 0, Errors: 0, Time elapsed: 0.064 sec
    [junit] 
    [junit] Testsuite: org.apache.lucene.index.TestLazyProxSkipping
    [junit] Tests run: 2, Failures: 0, Errors: 0, Time elapsed: 1.315 sec
    [junit] 
    [junit] ------------- Standard Error -----------------
    [junit] WARNING: test class left thread running: Thread[LuceneTestCase-6-thread-3,5,main]
    [junit] PLEASE CLOSE YOUR INDEXSEARCHERS IN YOUR TEST!!!!
    [junit] RESOURCE LEAK: test class left 1 thread(s) running
    [junit] ------------- ---------------- ---------------
    [junit] Testsuite: org.apache.lucene.index.TestNoMergeScheduler
    [junit] Tests run: 3, Failures: 0, Errors: 0, Time elapsed: 0.045 sec
    [junit] 
    [junit] Testsuite: org.apache.lucene.index.TestRollingUpdates
    [junit] Tests run: 2, Failures: 0, Errors: 0, Time elapsed: 11.324 sec
    [junit] 
    [junit] Testsuite: org.apache.lucene.index.TestThreadedOptimize
    [junit] Tests run: 1, Failures: 0, Errors: 0, Time elapsed: 2.394 sec
    [junit] 
    [junit] Testsuite: org.apache.lucene.index.TestSegmentReader
    [junit] Tests run: 7, Failures: 0, Errors: 0, Time elapsed: 3.128 sec
    [junit] 
    [junit] Testsuite: org.apache.lucene.index.TestOmitNorms
    [junit] Tests run: 5, Failures: 0, Errors: 0, Time elapsed: 2.049 sec
    [junit] 
    [junit] Testsuite: org.apache.lucene.search.TestFilteredSearch
    [junit] Tests run: 1, Failures: 0, Errors: 0, Time elapsed: 0.142 sec
    [junit] 
    [junit] Testsuite: org.apache.lucene.search.TestMatchAllDocsQuery
    [junit] Tests run: 2, Failures: 0, Errors: 0, Time elapsed: 0.066 sec
    [junit] 
    [junit] Testsuite: org.apache.lucene.index.TestSegmentMerger
    [junit] Tests run: 2, Failures: 0, Errors: 0, Time elapsed: 2.448 sec
    [junit] 
    [junit] Testsuite: org.apache.lucene.messages.TestNLS
    [junit] Tests run: 6, Failures: 0, Errors: 0, Time elapsed: 0.063 sec
    [junit] 
    [junit] ------------- Standard Error -----------------
    [junit] WARN: Message with key:Q0005E_MESSAGE_NOT_IN_BUNDLE and locale: bg not found.
    [junit] ------------- ---------------- ---------------
    [junit] Testsuite: org.apache.lucene.search.TestAutomatonQueryUnicode
    [junit] Tests run: 1, Failures: 0, Errors: 0, Time elapsed: 0.108 sec
    [junit] 
    [junit] Testsuite: org.apache.lucene.search.TestCachingWrapperFilter
    [junit] Tests run: 5, Failures: 0, Errors: 0, Time elapsed: 0.156 sec
    [junit] 
    [junit] Testsuite: org.apache.lucene.index.TestTieredMergePolicy
    [junit] Tests run: 2, Failures: 0, Errors: 0, Time elapsed: 2.597 sec
    [junit] 
    [junit] Testsuite: org.apache.lucene.search.TestFieldCacheTermsFilter
    [junit] Tests run: 1, Failures: 0, Errors: 0, Time elapsed: 0.043 sec
    [junit] 
    [junit] Testsuite: org.apache.lucene.search.TestComplexExplanationsOfNonMatches
    [junit] Tests run: 22, Failures: 0, Errors: 0, Time elapsed: 0.929 sec
    [junit] 
    [junit] Testsuite: org.apache.lucene.search.TestDocBoost
    [junit] Tests run: 1, Failures: 0, Errors: 0, Time elapsed: 0.038 sec
    [junit] 
    [junit] Testsuite: org.apache.lucene.search.TestExplanations
    [junit] Tests run: 1, Failures: 0, Errors: 0, Time elapsed: 0.048 sec
    [junit] 
    [junit] Testsuite: org.apache.lucene.search.TestFilteredQuery
    [junit] Tests run: 4, Failures: 0, Errors: 0, Time elapsed: 1.087 sec
    [junit] 
    [junit] Testsuite: org.apache.lucene.search.TestMultiTermQueryRewrites
    [junit] Tests run: 3, Failures: 0, Errors: 0, Time elapsed: 0.083 sec
    [junit] 
    [junit] Testsuite: org.apache.lucene.search.TestFieldCacheRangeFilter
    [junit] Tests run: 9, Failures: 0, Errors: 0, Time elapsed: 22.258 sec
    [junit] 
    [junit] Testsuite: org.apache.lucene.search.TestMultiThreadTermVectors
    [junit] Tests run: 1, Failures: 0, Errors: 0, Time elapsed: 1.685 sec
    [junit] 
    [junit] Testsuite: org.apache.lucene.search.TestMultiPhraseQuery
    [junit] Tests run: 8, Failures: 0, Errors: 0, Time elapsed: 0.214 sec
    [junit] 
    [junit] Testsuite: org.apache.lucene.search.TestSearchWithThreads
    [junit] Tests run: 1, Failures: 0, Errors: 0, Time elapsed: 2.633 sec
    [junit] 
    [junit] Testsuite: org.apache.lucene.search.TestPrefixRandom
    [junit] Tests run: 1, Failures: 0, Errors: 0, Time elapsed: 4.184 sec
    [junit] 
    [junit] Testsuite: org.apache.lucene.search.TestSubScorerFreqs
    [junit] Tests run: 3, Failures: 0, Errors: 0, Time elapsed: 0.092 sec
    [junit] 
    [junit] Testsuite: org.apache.lucene.search.TestThreadSafe
    [junit] Tests run: 1, Failures: 0, Errors: 0, Time elapsed: 1.35 sec
    [junit] 
    [junit] Testsuite: org.apache.lucene.search.function.TestValueSource
    [junit] Tests run: 1, Failures: 0, Errors: 0, Time elapsed: 0.215 sec
    [junit] 
    [junit] Testsuite: org.apache.lucene.index.TestIndexWriter
    [junit] Tests run: 66, Failures: 0, Errors: 0, Time elapsed: 25.057 sec
    [junit] 
    [junit] Testsuite: org.apache.lucene.index.TestNoDeletionPolicy
    [junit] Tests run: 4, Failures: 0, Errors: 0, Time elapsed: 0.096 sec
    [junit] 
    [junit] Testsuite: org.apache.lucene.index.TestParallelReader
    [junit] Tests run: 6, Failures: 0, Errors: 0, Time elapsed: 0.559 sec
    [junit] 
    [junit] Testsuite: org.apache.lucene.search.TestMultiValuedNumericRangeQuery
    [junit] Tests run: 1, Failures: 0, Errors: 0, Time elapsed: 8.903 sec
    [junit] 
    [junit] Testsuite: org.apache.lucene.search.payloads.TestPayloadTermQuery
    [junit] Tests run: 6, Failures: 0, Errors: 0, Time elapsed: 3.25 sec
    [junit] 
    [junit] Testsuite: org.apache.lucene.search.spans.TestNearSpansOrdered
    [junit] Tests run: 10, Failures: 0, Errors: 0, Time elapsed: 0.272 sec
    [junit] 
    [junit] Testsuite: org.apache.lucene.store.TestFileSwitchDirectory
    [junit] Tests run: 1, Failures: 0, Errors: 0, Time elapsed: 0.083 sec
    [junit] 
    [junit] Testsuite: org.apache.lucene.util.TestCloseableThreadLocal
    [junit] Tests run: 3, Failures: 0, Errors: 0, Time elapsed: 0.022 sec
    [junit] 
    [junit] Testsuite: org.apache.lucene.util.TestDoubleBarrelLRUCache
    [junit] Tests run: 2, Failures: 0, Errors: 0, Time elapsed: 1.028 sec
    [junit] 
    [junit] Testsuite: org.apache.lucene.util.TestSetOnce
    [junit] Tests run: 4, Failures: 0, Errors: 0, Time elapsed: 0.042 sec
    [junit] 
    [junit] Testsuite: org.apache.lucene.index.TestSegmentTermDocs
    [junit] Tests run: 5, Failures: 0, Errors: 0, Time elapsed: 2.696 sec
    [junit] 
    [junit] Testsuite: org.apache.lucene.util.automaton.TestBasicOperations
    [junit] Tests run: 7, Failures: 0, Errors: 0, Time elapsed: 0.263 sec
    [junit] 
    [junit] Testsuite: org.apache.lucene.index.TestTermVectorsReader
    [junit] Tests run: 6, Failures: 0, Errors: 0, Time elapsed: 0.116 sec
    [junit] 
    [junit] Testsuite: org.apache.lucene.index.TestTransactionRollback
    [junit] Tests run: 2, Failures: 0, Errors: 0, Time elapsed: 0.164 sec
    [junit] 
    [junit] Testsuite: org.apache.lucene.search.TestRegexpRandom
    [junit] Tests run: 1, Failures: 0, Errors: 0, Time elapsed: 3.102 sec
    [junit] 
    [junit] Testsuite: org.apache.lucene.search.function.TestDocValues
    [junit] Tests run: 3, Failures: 0, Errors: 0, Time elapsed: 0.016 sec
    [junit] 
    [junit] Testsuite: org.apache.lucene.search.spans.TestSpanFirstQuery
    [junit] Tests run: 1, Failures: 0, Errors: 0, Time elapsed: 0.037 sec
    [junit] 
    [junit] Testsuite: org.apache.lucene.search.spans.TestSpanMultiTermQueryWrapper
    [junit] Tests run: 3, Failures: 0, Errors: 0, Time elapsed: 0.142 sec
    [junit] 
    [junit] Testsuite: org.apache.lucene.store.TestMultiMMap
    [junit] Tests run: 1, Failures: 0, Errors: 0, Time elapsed: 1.282 sec
    [junit] 
    [junit] Testsuite: org.apache.lucene.search.TestSimpleExplanations
    [junit] Tests run: 69, Failures: 0, Errors: 0, Time elapsed: 15.024 sec
    [junit] 
    [junit] Testsuite: org.apache.lucene.search.TestSimpleExplanationsOfNonMatches
    [junit] Tests run: 69, Failures: 0, Errors: 0, Time elapsed: 1.017 sec
    [junit] 
    [junit] Testsuite: org.apache.lucene.util.TestArrayUtil
    [junit] Tests run: 10, Failures: 0, Errors: 0, Time elapsed: 3.87 sec
    [junit] 
    [junit] Testsuite: org.apache.lucene.util.TestAttributeSource
    [junit] Tests run: 4, Failures: 0, Errors: 0, Time elapsed: 0.018 sec
    [junit] 
    [junit] Testsuite: org.apache.lucene.util.TestVirtualMethod
    [junit] Tests run: 2, Failures: 0, Errors: 0, Time elapsed: 0.015 sec
    [junit] 
    [junit] Testsuite: org.apache.lucene.util.automaton.TestUTF32ToUTF8
    [junit] Tests run: 5, Failures: 0, Errors: 0, Time elapsed: 0.754 sec
    [junit] 
    [junit] Testsuite: org.apache.lucene.index.codecs.preflex.TestSurrogates
    [junit] Tests run: 1, Failures: 0, Errors: 0, Time elapsed: 7.386 sec
    [junit] 
    [junit] Testsuite: org.apache.lucene.queryParser.TestMultiFieldQueryParser
    [junit] Tests run: 10, Failures: 0, Errors: 0, Time elapsed: 0.186 sec
    [junit] 
    [junit] Testsuite: org.apache.lucene.search.TestFieldCache
    [junit] Tests run: 3, Failures: 0, Errors: 0, Time elapsed: 1.47 sec
    [junit] 
    [junit] Testsuite: org.apache.lucene.search.TestNumericRangeQuery32
    [junit] Tests run: 27, Failures: 0, Errors: 0, Time elapsed: 25.199 sec
    [junit] 
    [junit] Testsuite: org.apache.lucene.index.TestNRTThreads
    [junit] Tests run: 1, Failures: 0, Errors: 0, Time elapsed: 33.237 sec
    [junit] 
    [junit] Testsuite: org.apache.lucene.index.TestNewestSegment
    [junit] Tests run: 1, Failures: 0, Errors: 0, Time elapsed: 0.016 sec
    [junit] 
    [junit] Testsuite: org.apache.lucene.search.TestPhrasePrefixQuery
    [junit] Tests run: 1, Failures: 0, Errors: 0, Time elapsed: 0.02 sec
    [junit] 
    [junit] Testsuite: org.apache.lucene.search.TestPositionIncrement
    [junit] Tests run: 2, Failures: 0, Errors: 0, Time elapsed: 0.069 sec
    [junit] 
    [junit] Testsuite: org.apache.lucene.search.TestRegexpQuery
    [junit] Tests run: 7, Failures: 0, Errors: 0, Time elapsed: 0.154 sec
    [junit] 
    [junit] ------------- Standard Error -----------------
    [junit] WARNING: test class left thread running: Thread[LuceneTestCase-8-thread-1,5,main]
    [junit] PLEASE CLOSE YOUR INDEXSEARCHERS IN YOUR TEST!!!!
    [junit] RESOURCE LEAK: test class left 1 thread(s) running
    [junit] ------------- ---------------- ---------------
    [junit] Testsuite: org.apache.lucene.search.TestTermRangeFilter
    [junit] Tests run: 3, Failures: 0, Errors: 0, Time elapsed: 4.759 sec
    [junit] 
    [junit] Testsuite: org.apache.lucene.search.TestTopDocsCollector
    [junit] Tests run: 8, Failures: 0, Errors: 0, Time elapsed: 0.08 sec
    [junit] 
    [junit] Testsuite: org.apache.lucene.index.TestStressAdvance
    [junit] Tests run: 1, Failures: 0, Errors: 0, Time elapsed: 26.622 sec
    [junit] 
    [junit] Testsuite: org.apache.lucene.search.TestAutomatonQuery
    [junit] Tests run: 6, Failures: 0, Errors: 0, Time elapsed: 0.19 sec
    [junit] 
    [junit] Testsuite: org.apache.lucene.search.TestBooleanScorer
    [junit] Tests run: 2, Failures: 0, Errors: 0, Time elapsed: 0.039 sec
    [junit] 
    [junit] Testsuite: org.apache.lucene.search.TestFuzzyQuery
    [junit] Tests run: 8, Failures: 0, Errors: 0, Time elapsed: 0.241 sec
    [junit] 
    [junit] Testsuite: org.apache.lucene.search.TestRegexpRandom2
    [junit] Tests run: 1, Failures: 0, Errors: 0, Time elapsed: 2.029 sec
    [junit] 
    [junit] Testsuite: org.apache.lucene.index.TestNorms
    [junit] Tests run: 2, Failures: 0, Errors: 0, Time elapsed: 2.415 sec
    [junit] 
    [junit] Testsuite: org.apache.lucene.search.TestTermRangeQuery
    [junit] Tests run: 7, Failures: 0, Errors: 0, Time elapsed: 0.186 sec
    [junit] 
    [junit] Testsuite: org.apache.lucene.search.TestWildcard
    [junit] Tests run: 8, Failures: 0, Errors: 0, Time elapsed: 0.312 sec
    [junit] 
    [junit] Testsuite: org.apache.lucene.index.TestOmitTf
    [junit] Tests run: 5, Failures: 0, Errors: 0, Time elapsed: 0.642 sec
    [junit] 
    [junit] Testsuite: org.apache.lucene.index.TestPayloadProcessorProvider
    [junit] Tests run: 3, Failures: 0, Errors: 0, Time elapsed: 0.745 sec
    [junit] 
    [junit] Testsuite: org.apache.lucene.search.TestFuzzyQuery2
    [junit] Tests run: 1, Failures: 0, Errors: 0, Time elapsed: 5.1 sec
    [junit] 
    [junit] Testsuite: org.apache.lucene.index.TestSegmentTermEnum
    [junit] Tests run: 2, Failures: 0, Errors: 0, Time elapsed: 0.108 sec
    [junit] 
    [junit] Testsuite: org.apache.lucene.search.TestConstantScoreQuery
    [junit] Tests run: 2, Failures: 0, Errors: 0, Time elapsed: 0.057 sec
    [junit] 
    [junit] Testsuite: org.apache.lucene.search.TestDateFilter
    [junit] Tests run: 2, Failures: 0, Errors: 0, Time elapsed: 0.072 sec
    [junit] 
    [junit] Testsuite: org.apache.lucene.search.TestDateSort
    [junit] Tests run: 1, Failures: 0, Errors: 0, Time elapsed: 0.063 sec
    [junit] 
    [junit] Testsuite: org.apache.lucene.search.TestDocIdSet
    [junit] Tests run: 2, Failures: 0, Errors: 0, Time elapsed: 0.039 sec
    [junit] 
    [junit] Testsuite: org.apache.lucene.search.TestNot
    [junit] Tests run: 1, Failures: 0, Errors: 0, Time elapsed: 0.035 sec
    [junit] 
    [junit] Testsuite: org.apache.lucene.search.TestPrefixQuery
    [junit] Tests run: 1, Failures: 0, Errors: 0, Time elapsed: 0.037 sec
    [junit] 
    [junit] Testsuite: org.apache.lucene.search.TestSetNorm
    [junit] Tests run: 1, Failures: 0, Errors: 0, Time elapsed: 0.032 sec
    [junit] 
    [junit] Testsuite: org.apache.lucene.search.TestTimeLimitingCollector
    [junit] Tests run: 0, Failures: 0, Errors: 0, Time elapsed: 0.012 sec
    [junit] 
    [junit] ------------- Standard Error -----------------
    [junit] NOTE: Ignoring test class 'TestTimeLimitingCollector': broken: see https://issues.apache.org/jira/browse/LUCENE-2822
    [junit] ------------- ---------------- ---------------
    [junit] Testsuite: org.apache.lucene.search.TestTopScoreDocCollector
    [junit] Tests run: 1, Failures: 0, Errors: 0, Time elapsed: 0.037 sec
    [junit] 
    [junit] Testsuite: org.apache.lucene.search.function.TestCustomScoreQuery
    [junit] Tests run: 6, Failures: 0, Errors: 0, Time elapsed: 4.694 sec
    [junit] 
    [junit] Testsuite: org.apache.lucene.search.TestWildcardRandom
    [junit] Tests run: 1, Failures: 0, Errors: 0, Time elapsed: 3.635 sec
    [junit] 
    [junit] Testsuite: org.apache.lucene.index.TestLazyBug
    [junit] Tests run: 3, Failures: 0, Errors: 0, Time elapsed: 36.031 sec
    [junit] 
    [junit] Testsuite: org.apache.lucene.search.spans.TestSpanExplanations
    [junit] Tests run: 31, Failures: 0, Errors: 0, Time elapsed: 3.192 sec
    [junit] 
    [junit] Testsuite: org.apache.lucene.search.spans.TestFieldMaskingSpanQuery
    [junit] Tests run: 11, Failures: 0, Errors: 0, Time elapsed: 1.967 sec
    [junit] 
    [junit] Testsuite: org.apache.lucene.search.spans.TestSpanExplanationsOfNonMatches
    [junit] Tests run: 31, Failures: 0, Errors: 0, Time elapsed: 0.176 sec
    [junit] 
    [junit] Testsuite: org.apache.lucene.store.TestCopyBytes
    [junit] Tests run: 1, Failures: 0, Errors: 0, Time elapsed: 0.333 sec
    [junit] 
    [junit] Testsuite: org.apache.lucene.store.TestLock
    [junit] Tests run: 1, Failures: 0, Errors: 0, Time elapsed: 0.027 sec
    [junit] 
    [junit] Testsuite: org.apache.lucene.util.TestBitVector
    [junit] Tests run: 7, Failures: 0, Errors: 0, Time elapsed: 0.784 sec
    [junit] 
    [junit] Testsuite: org.apache.lucene.store.TestHugeRamFile
    [junit] Tests run: 1, Failures: 0, Errors: 0, Time elapsed: 1.238 sec
    [junit] 
    [junit] Testsuite: org.apache.lucene.util.TestBytesRefHash
    [junit] Tests run: 7, Failures: 0, Errors: 0, Time elapsed: 0.554 sec
    [junit] 
    [junit] Testsuite: org.apache.lucene.search.TestPhraseQuery
    [junit] Tests run: 17, Failures: 0, Errors: 0, Time elapsed: 7.337 sec
    [junit] 
    [junit] Testsuite: org.apache.lucene.util.TestCollectionUtil
    [junit] Tests run: 5, Failures: 0, Errors: 0, Time elapsed: 2.39 sec
    [junit] 
    [junit] Testsuite: org.apache.lucene.util.TestPriorityQueue
    [junit] Tests run: 4, Failures: 0, Errors: 0, Time elapsed: 0.031 sec
    [junit] 
    [junit] Testsuite: org.apache.lucene.util.TestRecyclingByteBlockAllocator
    [junit] Tests run: 3, Failures: 0, Errors: 0, Time elapsed: 0.028 sec
    [junit] 
    [junit] Testsuite: org.apache.lucene.search.TestPrefixInBooleanQuery
    [junit] Tests run: 4, Failures: 0, Errors: 0, Time elapsed: 2.429 sec
    [junit] 
    [junit] Testsuite: org.apache.lucene.search.TestSimilarity
    [junit] Tests run: 1, Failures: 0, Errors: 0, Time elapsed: 0.059 sec
    [junit] 
    [junit] Testsuite: org.apache.lucene.search.TestMultiTermConstantScore
    [junit] Tests run: 7, Failures: 0, Errors: 0, Time elapsed: 12.729 sec
    [junit] 
    [junit] Testsuite: org.apache.lucene.util.automaton.TestMinimize
    [junit] Tests run: 2, Failures: 0, Errors: 0, Time elapsed: 3.109 sec
    [junit] 
    [junit] Testsuite: org.apache.lucene.util.TestNumericUtils
    [junit] Tests run: 10, Failures: 0, Errors: 0, Time elapsed: 6.268 sec
    [junit] 
    [junit] Testsuite: org.apache.lucene.util.automaton.TestSpecialOperations
    [junit] Tests run: 1, Failures: 0, Errors: 0, Time elapsed: 0.689 sec
    [junit] 
    [junit] Testsuite: org.apache.lucene.search.TestSort
    [junit] Tests run: 23, Failures: 0, Errors: 0, Time elapsed: 3.582 sec
    [junit] 
    [junit] Testsuite: org.apache.lucene.search.TestSpanQueryFilter
    [junit] Tests run: 1, Failures: 0, Errors: 0, Time elapsed: 0.064 sec
    [junit] 
    [junit] Testsuite: org.apache.lucene.search.TestTermScorer
    [junit] Tests run: 3, Failures: 0, Errors: 0, Time elapsed: 0.02 sec
    [junit] 
    [junit] Testsuite: org.apache.lucene.search.cache.TestEntryCreators
    [junit] Tests run: 2, Failures: 0, Errors: 0, Time elapsed: 0.106 sec
    [junit] 
    [junit] Testsuite: org.apache.lucene.search.function.TestFieldScoreQuery
    [junit] Tests run: 12, Failures: 0, Errors: 0, Time elapsed: 0.41 sec
    [junit] 
    [junit] Testsuite: org.apache.lucene.index.TestMultiLevelSkipList
    [junit] Tests run: 1, Failures: 0, Errors: 0, Time elapsed: 10.693 sec
    [junit] 
    [junit] Testsuite: org.apache.lucene.search.spans.TestBasics
    [junit] Tests run: 24, Failures: 0, Errors: 0, Time elapsed: 14.573 sec
    [junit] 
    [junit] Testsuite: org.apache.lucene.search.payloads.TestPayloadNearQuery
    [junit] Tests run: 7, Failures: 0, Errors: 0, Time elapsed: 1.397 sec
    [junit] 
    [junit] Testsuite: org.apache.lucene.search.spans.TestSpansAdvanced2
    [junit] Tests run: 4, Failures: 0, Errors: 0, Time elapsed: 0.454 sec
    [junit] 
    [junit] ------------- Standard Error -----------------
    [junit] WARNING: test class left thread running: Thread[LuceneTestCase-1767-thread-2,5,main]
    [junit] PLEASE CLOSE YOUR INDEXSEARCHERS IN YOUR TEST!!!!
    [junit] RESOURCE LEAK: test class left 1 thread(s) running
    [junit] ------------- ---------------- ---------------
    [junit] Testsuite: org.apache.lucene.store.TestDirectory
    [junit] Tests run: 7, Failures: 0, Errors: 0, Time elapsed: 0.021 sec
    [junit] 
    [junit] Testsuite: org.apache.lucene.index.TestNRTReaderWithThreads
    [junit] Tests run: 1, Failures: 0, Errors: 0, Time elapsed: 1.436 sec
    [junit] 
    [junit] Testsuite: org.apache.lucene.search.spans.TestPayloadSpans
    [junit] Tests run: 10, Failures: 0, Errors: 0, Time elapsed: 0.608 sec
    [junit] 
    [junit] Testsuite: org.apache.lucene.index.TestNoMergePolicy
    [junit] Tests run: 4, Failures: 0, Errors: 0, Time elapsed: 0.017 sec
    [junit] 
    [junit] Testsuite: org.apache.lucene.index.TestSegmentInfo
    [junit] Tests run: 1, Failures: 0, Errors: 0, Time elapsed: 0.016 sec
    [junit] 
    [junit] Testsuite: org.apache.lucene.store.TestBufferedIndexInput
    [junit] Tests run: 4, Failures: 0, Errors: 0, Time elapsed: 0.952 sec
    [junit] 
    [junit] Testsuite: org.apache.lucene.index.TestStressIndexing
    [junit] Tests run: 1, Failures: 0, Errors: 0, Time elapsed: 1.073 sec
    [junit] 
    [junit] Testsuite: org.apache.lucene.queryParser.TestQueryParser
    [junit] Tests run: 36, Failures: 0, Errors: 0, Time elapsed: 0.265 sec
    [junit] 
    [junit] Testsuite: org.apache.lucene.search.MultiCollectorTest
    [junit] Tests run: 3, Failures: 0, Errors: 0, Time elapsed: 0.017 sec
    [junit] 
    [junit] Testsuite: org.apache.lucene.util.TestIndexableBinaryStringTools
    [junit] Tests run: 5, Failures: 0, Errors: 0, Time elapsed: 0.621 sec
    [junit] 
    [junit] Testsuite: org.apache.lucene.util.TestSmallFloat
    [junit] Tests run: 2, Failures: 0, Errors: 0, Time elapsed: 0.036 sec
    [junit] 
    [junit] Testsuite: org.apache.lucene.util.TestUnicodeUtil
    [junit] Tests run: 4, Failures: 0, Errors: 0, Time elapsed: 0.141 sec
    [junit] 
    [junit] Testsuite: org.apache.lucene.search.TestNumericRangeQuery64
    [junit] Tests run: 33, Failures: 0, Errors: 0, Time elapsed: 8.814 sec
    [junit] 
    [junit] Testsuite: org.apache.lucene.search.TestPositiveScoresOnlyCollector
    [junit] Tests run: 1, Failures: 0, Errors: 0, Time elapsed: 0.039 sec
    [junit] 
    [junit] Testsuite: org.apache.lucene.search.TestPrefixFilter
    [junit] Tests run: 1, Failures: 0, Errors: 0, Time elapsed: 0.049 sec
    [junit] 
    [junit] Testsuite: org.apache.lucene.search.TestQueryTermVector
    [junit] Tests run: 1, Failures: 0, Errors: 0, Time elapsed: 0.015 sec
    [junit] 
    [junit] Testsuite: org.apache.lucene.search.TestScorerPerf
    [junit] Tests run: 1, Failures: 0, Errors: 0, Time elapsed: 1.058 sec
    [junit] 
    [junit] Testsuite: org.apache.lucene.store.TestLockFactory
    [junit] Tests run: 11, Failures: 0, Errors: 0, Time elapsed: 5.075 sec
    [junit] 
    [junit] Testsuite: org.apache.lucene.search.TestBoolean2
    [junit] Tests run: 11, Failures: 0, Errors: 0, Time elapsed: 3.959 sec
    [junit] 
    [junit] Testsuite: org.apache.lucene.search.TestBooleanOr
    [junit] Tests run: 5, Failures: 0, Errors: 0, Time elapsed: 0.352 sec
    [junit] 
    [junit] Testsuite: org.apache.lucene.search.TestCachingSpanFilter
    [junit] Tests run: 1, Failures: 0, Errors: 0, Time elapsed: 0.025 sec
    [junit] 
    [junit] Testsuite: org.apache.lucene.search.TestSloppyPhraseQuery
    [junit] Tests run: 5, Failures: 0, Errors: 0, Time elapsed: 1.643 sec
    [junit] 
    [junit] Testsuite: org.apache.lucene.search.spans.TestSpansAdvanced
    [junit] Tests run: 1, Failures: 0, Errors: 0, Time elapsed: 0.137 sec
    [junit] 
    [junit] Testsuite: org.apache.lucene.store.TestWindowsMMap
    [junit] Tests run: 1, Failures: 0, Errors: 0, Time elapsed: 0.101 sec
    [junit] 
    [junit] Testsuite: org.apache.lucene.util.TestSortedVIntList
    [junit] Tests run: 19, Failures: 0, Errors: 0, Time elapsed: 0.028 sec
    [junit] 
    [junit] Testsuite: org.apache.lucene.util.TestFieldCacheSanityChecker
    [junit] Tests run: 4, Failures: 0, Errors: 0, Time elapsed: 1.621 sec
    [junit] 
    [junit] Testsuite: org.apache.lucene.util.TestStringIntern
    [junit] Tests run: 1, Failures: 0, Errors: 0, Time elapsed: 1.902 sec
    [junit] 
    [junit] Testsuite: org.apache.lucene.util.TestVersion
    [junit] Tests run: 1, Failures: 0, Errors: 0, Time elapsed: 0.017 sec
    [junit] 
    [junit] Testsuite: org.apache.lucene.util.automaton.fst.TestFSTs
    [junit] Tests run: 7, Failures: 0, Errors: 0, Time elapsed: 7.445 sec
    [junit] 
    [junit] ------------- Standard Error -----------------
    [junit] NOTE: Ignoring nightly-only test method 'testBigSet'
    [junit] ------------- ---------------- ---------------
    [junit] Testsuite: org.apache.lucene.util.automaton.TestDeterminism
    [junit] Tests run: 2, Failures: 0, Errors: 0, Time elapsed: 1.358 sec
    [junit] 
    [junit] Testsuite: org.apache.lucene.util.automaton.TestDeterminizeLexicon
    [junit] Tests run: 1, Failures: 0, Errors: 0, Time elapsed: 3.155 sec
    [junit] 
    [junit] Testsuite: org.apache.lucene.search.TestComplexExplanations
    [junit] Tests run: 22, Failures: 0, Errors: 0, Time elapsed: 4.066 sec
    [junit] 
    [junit] Testsuite: org.apache.lucene.search.TestElevationComparator
    [junit] Tests run: 1, Failures: 0, Errors: 0, Time elapsed: 0.021 sec
    [junit] 
    [junit] Testsuite: org.apache.lucene.search.TestQueryWrapperFilter
    [junit] Tests run: 1, Failures: 0, Errors: 0, Time elapsed: 0.032 sec
    [junit] 
    [junit] Testsuite: org.apache.lucene.search.TestScoreCachingWrappingScorer
    [junit] Tests run: 1, Failures: 0, Errors: 0, Time elapsed: 0.014 sec
    [junit] 
    [junit] Testsuite: org.apache.lucene.search.TestSimilarityProvider
    [junit] Tests run: 1, Failures: 0, Errors: 0, Time elapsed: 0.018 sec
    [junit] 
    [junit] Testsuite: org.apache.lucene.util.packed.TestPackedInts
    [junit] Tests run: 8, Failures: 0, Errors: 0, Time elapsed: 1.76 sec
    [junit] 
    [junit] Testsuite: org.apache.lucene.search.TestTermVectors
    [junit] Tests run: 8, Failures: 0, Errors: 0, Time elapsed: 2.307 sec
    [junit] 
    [junit] Testsuite: org.apache.lucene.search.function.TestOrdValues
    [junit] Tests run: 7, Failures: 0, Errors: 0, Time elapsed: 0.118 sec
    [junit] 
    [junit] Testsuite: org.apache.lucene.search.spans.TestSpans
    [junit] Tests run: 25, Failures: 0, Errors: 0, Time elapsed: 0.497 sec
    [junit] 
    [junit] Testsuite: org.apache.lucene.store.TestRAMDirectory
    [junit] Tests run: 4, Failures: 0, Errors: 0, Time elapsed: 0.107 sec
    [junit] 
    [junit] Testsuite: org.apache.lucene.util.TestCharacterUtils
    [junit] Tests run: 7, Failures: 0, Errors: 0, Time elapsed: 0.013 sec
    [junit] 
    [junit] Testsuite: org.apache.lucene.util.TestOpenBitSet
    [junit] Tests run: 5, Failures: 0, Errors: 0, Time elapsed: 0.621 sec
    [junit] 
    [junit] Testsuite: org.apache.lucene.util.TestRamUsageEstimator
    [junit] Tests run: 1, Failures: 0, Errors: 0, Time elapsed: 0.011 sec
    [junit] 
    [junit] Testsuite: org.apache.lucene.util.automaton.TestLevenshteinAutomata
    [junit] Tests run: 3, Failures: 0, Errors: 0, Time elapsed: 0.294 sec
    [junit] 
