Buildfile: /home/selckin/lucene-solr/build.xml

clean:

clean:
   [delete] Deleting directory /home/selckin/lucene-solr/lucene/build

clean:

clean:
     [echo] Building analyzers-common...

clean:
   [delete] Deleting directory /home/selckin/lucene-solr/modules/analysis/build/common
     [echo] Building analyzers-icu...

clean:
   [delete] Deleting directory /home/selckin/lucene-solr/modules/analysis/build/icu
     [echo] Building analyzers-phonetic...

clean:
   [delete] Deleting directory /home/selckin/lucene-solr/modules/analysis/build/phonetic
     [echo] Building analyzers-smartcn...

clean:
   [delete] Deleting directory /home/selckin/lucene-solr/modules/analysis/build/smartcn
     [echo] Building analyzers-stempel...

clean:
   [delete] Deleting directory /home/selckin/lucene-solr/modules/analysis/build/stempel
     [echo] Building benchmark...

clean:
   [delete] Deleting directory /home/selckin/lucene-solr/modules/benchmark/build

clean-contrib:

clean:
   [delete] Deleting directory /home/selckin/lucene-solr/solr/contrib/analysis-extras/build
   [delete] Deleting directory /home/selckin/lucene-solr/solr/contrib/analysis-extras/lucene-libs

clean:
   [delete] Deleting directory /home/selckin/lucene-solr/solr/contrib/clustering/build

clean:
   [delete] Deleting directory /home/selckin/lucene-solr/solr/contrib/dataimporthandler/target

clean:
   [delete] Deleting directory /home/selckin/lucene-solr/solr/contrib/extraction/build

clean:
   [delete] Deleting directory /home/selckin/lucene-solr/solr/contrib/uima/build

clean:
   [delete] Deleting directory /home/selckin/lucene-solr/solr/build

test:

jflex-uptodate-check:

jflex-notice:

javacc-uptodate-check:

javacc-notice:

init:

clover.setup:

clover.info:
     [echo] 
     [echo]       Clover not found. Code coverage reports disabled.
     [echo]   	

clover:

common.compile-core:
    [mkdir] Created dir: /home/selckin/lucene-solr/lucene/build/classes/java
    [javac] Compiling 508 source files to /home/selckin/lucene-solr/lucene/build/classes/java
    [javac] /home/selckin/lucene-solr/lucene/src/java/org/apache/lucene/queryParser/CharStream.java:34: warning: [dep-ann] deprecated item is not annotated with @Deprecated
    [javac]   int getColumn();
    [javac]       ^
    [javac] /home/selckin/lucene-solr/lucene/src/java/org/apache/lucene/queryParser/CharStream.java:41: warning: [dep-ann] deprecated item is not annotated with @Deprecated
    [javac]   int getLine();
    [javac]       ^
    [javac] /home/selckin/lucene-solr/lucene/src/java/org/apache/lucene/queryParser/QueryParserTokenManager.java:441: warning: [cast] redundant cast to int
    [javac]          int hiByte = (int)(curChar >> 8);
    [javac]                       ^
    [javac] /home/selckin/lucene-solr/lucene/src/java/org/apache/lucene/queryParser/QueryParserTokenManager.java:607: warning: [cast] redundant cast to int
    [javac]          int hiByte = (int)(curChar >> 8);
    [javac]                       ^
    [javac] /home/selckin/lucene-solr/lucene/src/java/org/apache/lucene/queryParser/QueryParserTokenManager.java:780: warning: [cast] redundant cast to int
    [javac]          int hiByte = (int)(curChar >> 8);
    [javac]                       ^
    [javac] Note: Some input files use or override a deprecated API.
    [javac] Note: Recompile with -Xlint:deprecation for details.
    [javac] 5 warnings

compile-core:

compile-test-framework:
    [mkdir] Created dir: /home/selckin/lucene-solr/lucene/build/classes/test-framework
    [javac] Compiling 34 source files to /home/selckin/lucene-solr/lucene/build/classes/test-framework
    [javac] /home/selckin/lucene-solr/lucene/src/test-framework/org/apache/lucene/analysis/MockAnalyzer.java:91: warning: [unchecked] unchecked conversion
    [javac] found   : java.util.Map
    [javac] required: java.util.Map<java.lang.String,org.apache.lucene.analysis.MockAnalyzer.SavedStreams>
    [javac]     Map<String,SavedStreams> map = (Map) getPreviousTokenStream();
    [javac]                                    ^
    [javac] Note: Some input files use or override a deprecated API.
    [javac] Note: Recompile with -Xlint:deprecation for details.
    [javac] 1 warning
     [copy] Copying 1 file to /home/selckin/lucene-solr/lucene/build/classes/test-framework

compile-test:
    [mkdir] Created dir: /home/selckin/lucene-solr/lucene/build/classes/test
    [javac] Compiling 253 source files to /home/selckin/lucene-solr/lucene/build/classes/test
    [javac] Note: Some input files use or override a deprecated API.
    [javac] Note: Recompile with -Xlint:deprecation for details.
     [copy] Copying 25 files to /home/selckin/lucene-solr/lucene/build/classes/test

junit-mkdir:
    [mkdir] Created dir: /home/selckin/lucene-solr/lucene/build/test

junit-sequential:

junit-parallel:
    [junit] Testsuite: org.apache.lucene.analysis.tokenattributes.TestSimpleAttributeImpl
    [junit] Tests run: 1, Failures: 0, Errors: 0, Time elapsed: 0.294 sec
    [junit] 
    [junit] Testsuite: org.apache.lucene.TestAssertions
    [junit] Tests run: 2, Failures: 0, Errors: 0, Time elapsed: 0.344 sec
    [junit] 
    [junit] Testsuite: org.apache.lucene.analysis.TestNumericTokenStream
    [junit] Tests run: 4, Failures: 0, Errors: 0, Time elapsed: 0.418 sec
    [junit] 
    [junit] Testsuite: org.apache.lucene.TestDemo
    [junit] Tests run: 1, Failures: 0, Errors: 0, Time elapsed: 1.907 sec
    [junit] 
    [junit] Testsuite: org.apache.lucene.analysis.TestCachingTokenFilter
    [junit] Tests run: 1, Failures: 0, Errors: 0, Time elapsed: 1.376 sec
    [junit] 
    [junit] Testsuite: org.apache.lucene.TestMergeSchedulerExternal
    [junit] Tests run: 1, Failures: 0, Errors: 0, Time elapsed: 1.982 sec
    [junit] 
    [junit] Testsuite: org.apache.lucene.TestSearch
    [junit] Tests run: 1, Failures: 0, Errors: 0, Time elapsed: 1.972 sec
    [junit] 
    [junit] Testsuite: org.apache.lucene.document.TestDocument
    [junit] Tests run: 7, Failures: 0, Errors: 0, Time elapsed: 0.343 sec
    [junit] 
    [junit] Testsuite: org.apache.lucene.analysis.TestCharTokenizers
    [junit] Tests run: 4, Failures: 0, Errors: 0, Time elapsed: 0.234 sec
    [junit] 
    [junit] Testsuite: org.apache.lucene.analysis.TestToken
    [junit] Tests run: 10, Failures: 0, Errors: 0, Time elapsed: 2.596 sec
    [junit] 
    [junit] Testsuite: org.apache.lucene.document.TestDateTools
    [junit] Tests run: 5, Failures: 0, Errors: 0, Time elapsed: 0.103 sec
    [junit] 
    [junit] Testsuite: org.apache.lucene.index.TestByteSlices
    [junit] Tests run: 1, Failures: 0, Errors: 0, Time elapsed: 2.502 sec
    [junit] 
    [junit] Testsuite: org.apache.lucene.TestExternalCodecs
    [junit] Tests run: 1, Failures: 0, Errors: 0, Time elapsed: 0.968 sec
    [junit] 
    [junit] Testsuite: org.apache.lucene.index.Test2BTerms
    [junit] Tests run: 0, Failures: 0, Errors: 0, Time elapsed: 0.025 sec
    [junit] 
    [junit] ------------- Standard Error -----------------
    [junit] NOTE: Ignoring test method 'test2BTerms': Takes ~4 hours to run on a fast machine!!  And requires that you don't use PreFlex codec.
    [junit] ------------- ---------------- ---------------
    [junit] Testsuite: org.apache.lucene.TestSearchForDuplicates
    [junit] Tests run: 1, Failures: 0, Errors: 0, Time elapsed: 2.743 sec
    [junit] 
    [junit] Testsuite: org.apache.lucene.analysis.TestMockAnalyzer
    [junit] Tests run: 6, Failures: 0, Errors: 0, Time elapsed: 0.062 sec
    [junit] 
    [junit] Testsuite: org.apache.lucene.index.TestCodecs
    [junit] Tests run: 3, Failures: 0, Errors: 0, Time elapsed: 0.843 sec
    [junit] 
    [junit] Testsuite: org.apache.lucene.document.TestBinaryDocument
    [junit] Tests run: 2, Failures: 0, Errors: 0, Time elapsed: 0.137 sec
    [junit] 
    [junit] Testsuite: org.apache.lucene.index.TestFieldInfos
    [junit] Tests run: 2, Failures: 0, Errors: 0, Time elapsed: 0.053 sec
    [junit] 
    [junit] Testsuite: org.apache.lucene.analysis.tokenattributes.TestCharTermAttributeImpl
    [junit] Tests run: 12, Failures: 0, Errors: 0, Time elapsed: 1.081 sec
    [junit] 
    [junit] Testsuite: org.apache.lucene.index.TestCheckIndex
    [junit] Tests run: 2, Failures: 0, Errors: 0, Time elapsed: 0.372 sec
    [junit] 
    [junit] Testsuite: org.apache.lucene.index.TestCompoundFile
    [junit] Tests run: 10, Failures: 0, Errors: 0, Time elapsed: 2.194 sec
    [junit] 
    [junit] Testsuite: org.apache.lucene.index.TestAtomicUpdate
    [junit] Tests run: 1, Failures: 0, Errors: 0, Time elapsed: 4.361 sec
    [junit] 
    [junit] Testsuite: org.apache.lucene.index.TestConsistentFieldNumbers
    [junit] Tests run: 4, Failures: 0, Errors: 0, Time elapsed: 6.913 sec
    [junit] 
    [junit] Testsuite: org.apache.lucene.index.TestDirectoryReader
    [junit] Tests run: 3, Failures: 0, Errors: 0, Time elapsed: 5.413 sec
    [junit] 
    [junit] Testsuite: org.apache.lucene.index.TestFlex
    [junit] Tests run: 2, Failures: 0, Errors: 0, Time elapsed: 0.424 sec
    [junit] 
    [junit] Testsuite: org.apache.lucene.index.TestConcurrentMergeScheduler
    [junit] Tests run: 4, Failures: 0, Errors: 0, Time elapsed: 10.202 sec
    [junit] 
    [junit] Testsuite: org.apache.lucene.index.TestDoc
    [junit] Tests run: 1, Failures: 0, Errors: 0, Time elapsed: 0.253 sec
    [junit] 
    [junit] Testsuite: org.apache.lucene.index.TestIndexCommit
    [junit] Tests run: 1, Failures: 0, Errors: 0, Time elapsed: 0.084 sec
    [junit] 
    [junit] Testsuite: org.apache.lucene.index.TestIndexWriterLockRelease
    [junit] Tests run: 1, Failures: 0, Errors: 0, Time elapsed: 0.034 sec
    [junit] 
    [junit] Testsuite: org.apache.lucene.index.TestPositionBasedTermVectorMapper
    [junit] Tests run: 1, Failures: 0, Errors: 0, Time elapsed: 0.037 sec
    [junit] 
    [junit] Testsuite: org.apache.lucene.index.TestRollback
    [junit] Tests run: 1, Failures: 0, Errors: 0, Time elapsed: 0.094 sec
    [junit] 
    [junit] Testsuite: org.apache.lucene.index.TestStressIndexing2
    [junit] Tests run: 3, Failures: 0, Errors: 0, Time elapsed: 1.075 sec
    [junit] 
    [junit] Testsuite: org.apache.lucene.index.TestTerm
    [junit] Tests run: 1, Failures: 0, Errors: 0, Time elapsed: 0.026 sec
    [junit] 
    [junit] Testsuite: org.apache.lucene.index.TestFieldsReader
    [junit] Tests run: 8, Failures: 0, Errors: 0, Time elapsed: 14.508 sec
    [junit] 
    [junit] Testsuite: org.apache.lucene.index.TestIndexFileDeleter
    [junit] Tests run: 1, Failures: 0, Errors: 0, Time elapsed: 0.23 sec
    [junit] 
    [junit] Testsuite: org.apache.lucene.index.TestTransactions
    [junit] Tests run: 1, Failures: 0, Errors: 0, Time elapsed: 0.685 sec
    [junit] 
    [junit] Testsuite: org.apache.lucene.index.codecs.intblock.TestIntBlockCodec
    [junit] Tests run: 2, Failures: 0, Errors: 0, Time elapsed: 0.331 sec
    [junit] 
    [junit] Testsuite: org.apache.lucene.queryParser.TestMultiAnalyzer
    [junit] Tests run: 3, Failures: 0, Errors: 0, Time elapsed: 0.144 sec
    [junit] 
    [junit] Testsuite: org.apache.lucene.index.TestBackwardsCompatibility
    [junit] Tests run: 10, Failures: 0, Errors: 0, Time elapsed: 13.499 sec
    [junit] 
    [junit] Testsuite: org.apache.lucene.index.TestCrash
    [junit] Tests run: 7, Failures: 0, Errors: 0, Time elapsed: 5.283 sec
    [junit] 
    [junit] Testsuite: org.apache.lucene.index.TestAddIndexes
    [junit] Tests run: 18, Failures: 0, Errors: 0, Time elapsed: 14.283 sec
    [junit] 
    [junit] Testsuite: org.apache.lucene.index.TestFilterIndexReader
    [junit] Tests run: 1, Failures: 0, Errors: 0, Time elapsed: 0.135 sec
    [junit] 
    [junit] Testsuite: org.apache.lucene.index.TestDocsAndPositions
    [junit] Tests run: 4, Failures: 0, Errors: 0, Time elapsed: 12.695 sec
    [junit] 
    [junit] Testsuite: org.apache.lucene.index.TestDocumentsWriterDeleteQueue
    [junit] Tests run: 4, Failures: 0, Errors: 0, Time elapsed: 0.431 sec
    [junit] 
    [junit] Testsuite: org.apache.lucene.index.TestDeletionPolicy
    [junit] Tests run: 7, Failures: 0, Errors: 0, Time elapsed: 6.759 sec
    [junit] 
    [junit] Testsuite: org.apache.lucene.index.TestDocTermOrds
    [junit] Tests run: 3, Failures: 0, Errors: 0, Time elapsed: 7.529 sec
    [junit] 
    [junit] Testsuite: org.apache.lucene.index.TestIndexInput
    [junit] Tests run: 2, Failures: 0, Errors: 0, Time elapsed: 0.068 sec
    [junit] 
    [junit] Testsuite: org.apache.lucene.index.TestDocumentWriter
    [junit] Tests run: 7, Failures: 0, Errors: 0, Time elapsed: 0.814 sec
    [junit] 
    [junit] Testsuite: org.apache.lucene.index.TestIndexReaderCloneNorms
    [junit] Tests run: 3, Failures: 0, Errors: 0, Time elapsed: 1.978 sec
    [junit] 
    [junit] Testsuite: org.apache.lucene.search.TestBooleanMinShouldMatch
    [junit] Tests run: 15, Failures: 0, Errors: 0, Time elapsed: 12.694 sec
    [junit] 
    [junit] Testsuite: org.apache.lucene.search.TestBooleanQuery
    [junit] Tests run: 4, Failures: 0, Errors: 0, Time elapsed: 0.157 sec
    [junit] 
    [junit] Testsuite: org.apache.lucene.search.TestCustomSearcherSort
    [junit] Tests run: 2, Failures: 0, Errors: 0, Time elapsed: 2.846 sec
    [junit] 
    [junit] Testsuite: org.apache.lucene.search.TestDisjunctionMaxQuery
    [junit] Tests run: 10, Failures: 0, Errors: 0, Time elapsed: 1.261 sec
    [junit] 
    [junit] Testsuite: org.apache.lucene.index.TestLongPostings
    [junit] Tests run: 1, Failures: 0, Errors: 0, Time elapsed: 7.684 sec
    [junit] 
    [junit] Testsuite: org.apache.lucene.index.TestPayloads
    [junit] Tests run: 5, Failures: 0, Errors: 0, Time elapsed: 0.332 sec
    [junit] 
    [junit] Testsuite: org.apache.lucene.index.TestGlobalFieldNumbers
    [junit] Tests run: 8, Failures: 0, Errors: 0, Time elapsed: 17.719 sec
    [junit] 
    [junit] Testsuite: org.apache.lucene.index.TestFlushByRamOrCountsPolicy
    [junit] Tests run: 5, Failures: 0, Errors: 0, Time elapsed: 33.021 sec
    [junit] 
    [junit] Testsuite: org.apache.lucene.index.TestIndexWriterConfig
    [junit] Tests run: 6, Failures: 0, Errors: 0, Time elapsed: 0.025 sec
    [junit] 
    [junit] Testsuite: org.apache.lucene.index.TestIndexReader
    [junit] Tests run: 42, Failures: 0, Errors: 0, Time elapsed: 24.302 sec
    [junit] 
    [junit] Testsuite: org.apache.lucene.index.TestIndexWriterMergePolicy
    [junit] Tests run: 6, Failures: 0, Errors: 0, Time elapsed: 5.126 sec
    [junit] 
    [junit] Testsuite: org.apache.lucene.index.TestPerFieldCodecSupport
    [junit] Tests run: 3, Failures: 0, Errors: 0, Time elapsed: 8.43 sec
    [junit] 
    [junit] Testsuite: org.apache.lucene.index.TestIndexWriterOnJRECrash
    [junit] Tests run: 1, Failures: 0, Errors: 0, Time elapsed: 34.047 sec
    [junit] 
    [junit] Testsuite: org.apache.lucene.index.TestIndexWriterOnDiskFull
    [junit] Tests run: 4, Failures: 0, Errors: 0, Time elapsed: 22.943 sec
    [junit] 
    [junit] Testsuite: org.apache.lucene.search.TestFieldCacheRangeFilter
    [junit] Tests run: 9, Failures: 0, Errors: 0, Time elapsed: 14.026 sec
    [junit] 
    [junit] Testsuite: org.apache.lucene.index.TestMultiFields
    [junit] Tests run: 2, Failures: 0, Errors: 0, Time elapsed: 0.353 sec
    [junit] 
    [junit] Testsuite: org.apache.lucene.search.TestMultiPhraseQuery
    [junit] Tests run: 8, Failures: 0, Errors: 0, Time elapsed: 0.338 sec
    [junit] 
    [junit] Testsuite: org.apache.lucene.index.TestSizeBoundedOptimize
    [junit] Tests run: 11, Failures: 0, Errors: 0, Time elapsed: 0.151 sec
    [junit] 
    [junit] Testsuite: org.apache.lucene.search.TestPrefixRandom
    [junit] Tests run: 1, Failures: 0, Errors: 0, Time elapsed: 1.339 sec
    [junit] 
    [junit] Testsuite: org.apache.lucene.search.TestSubScorerFreqs
    [junit] Tests run: 3, Failures: 0, Errors: 0, Time elapsed: 0.114 sec
    [junit] 
    [junit] Testsuite: org.apache.lucene.index.TestSnapshotDeletionPolicy
    [junit] Tests run: 8, Failures: 0, Errors: 0, Time elapsed: 1.467 sec
    [junit] 
    [junit] Testsuite: org.apache.lucene.index.TestMultiReader
    [junit] Tests run: 3, Failures: 0, Errors: 0, Time elapsed: 2.423 sec
    [junit] 
    [junit] Testsuite: org.apache.lucene.index.TestIndexReaderReopen
    [junit] Tests run: 17, Failures: 0, Errors: 0, Time elapsed: 12.943 sec
    [junit] 
    [junit] Testsuite: org.apache.lucene.index.TestTermVectorsWriter
    [junit] Tests run: 13, Failures: 0, Errors: 0, Time elapsed: 0.346 sec
    [junit] 
    [junit] Testsuite: org.apache.lucene.index.TestTermdocPerf
    [junit] Tests run: 1, Failures: 0, Errors: 0, Time elapsed: 0.014 sec
    [junit] 
    [junit] Testsuite: org.apache.lucene.search.TestThreadSafe
    [junit] Tests run: 1, Failures: 0, Errors: 0, Time elapsed: 0.903 sec
    [junit] 
    [junit] Testsuite: org.apache.lucene.search.function.TestValueSource
    [junit] Tests run: 1, Failures: 0, Errors: 0, Time elapsed: 0.154 sec
    [junit] 
    [junit] Testsuite: org.apache.lucene.index.TestIndexReaderClone
    [junit] Tests run: 20, Failures: 0, Errors: 0, Time elapsed: 10.51 sec
    [junit] 
    [junit] Testsuite: org.apache.lucene.index.TestIndexWriterDelete
    [junit] Tests run: 14, Failures: 0, Errors: 0, Time elapsed: 2.199 sec
    [junit] 
    [junit] Testsuite: org.apache.lucene.index.TestIsCurrent
    [junit] Tests run: 2, Failures: 0, Errors: 0, Time elapsed: 0.07 sec
    [junit] 
    [junit] Testsuite: org.apache.lucene.index.TestThreadedOptimize
    [junit] Tests run: 1, Failures: 0, Errors: 0, Time elapsed: 4.294 sec
    [junit] 
    [junit] Testsuite: org.apache.lucene.search.payloads.TestPayloadTermQuery
    [junit] Tests run: 6, Failures: 0, Errors: 0, Time elapsed: 4.307 sec
    [junit] 
    [junit] Testsuite: org.apache.lucene.search.spans.TestNearSpansOrdered
    [junit] Tests run: 10, Failures: 0, Errors: 0, Time elapsed: 0.583 sec
    [junit] 
    [junit] Testsuite: org.apache.lucene.store.TestFileSwitchDirectory
    [junit] Tests run: 1, Failures: 0, Errors: 0, Time elapsed: 0.046 sec
    [junit] 
    [junit] Testsuite: org.apache.lucene.util.TestCloseableThreadLocal
    [junit] Tests run: 3, Failures: 0, Errors: 0, Time elapsed: 0.021 sec
    [junit] 
    [junit] Testsuite: org.apache.lucene.index.TestTieredMergePolicy
    [junit] Tests run: 2, Failures: 0, Errors: 0, Time elapsed: 2.128 sec
    [junit] 
    [junit] Testsuite: org.apache.lucene.search.TestFieldCacheTermsFilter
    [junit] Tests run: 1, Failures: 0, Errors: 0, Time elapsed: 0.079 sec
    [junit] 
    [junit] ------------- Standard Error -----------------
    [junit] WARNING: test class left thread running: Thread[LuceneTestCase-15-thread-3,5,main]
    [junit] PLEASE CLOSE YOUR INDEXSEARCHERS IN YOUR TEST!!!!
    [junit] RESOURCE LEAK: test class left 1 thread(s) running
    [junit] ------------- ---------------- ---------------
    [junit] Testsuite: org.apache.lucene.util.TestDoubleBarrelLRUCache
    [junit] Tests run: 2, Failures: 0, Errors: 0, Time elapsed: 1.058 sec
    [junit] 
    [junit] Testsuite: org.apache.lucene.index.TestIndexWriterExceptions
    [junit] Tests run: 18, Failures: 0, Errors: 0, Time elapsed: 38.831 sec
    [junit] 
    [junit] Testsuite: org.apache.lucene.util.TestSetOnce
    [junit] Tests run: 4, Failures: 0, Errors: 0, Time elapsed: 0.155 sec
    [junit] 
    [junit] Testsuite: org.apache.lucene.util.automaton.TestBasicOperations
    [junit] Tests run: 7, Failures: 0, Errors: 0, Time elapsed: 0.405 sec
    [junit] 
    [junit] Testsuite: org.apache.lucene.search.TestFilteredQuery
    [junit] Tests run: 4, Failures: 0, Errors: 0, Time elapsed: 0.805 sec
    [junit] 
    [junit] Testsuite: org.apache.lucene.search.TestMultiTermQueryRewrites
    [junit] Tests run: 3, Failures: 0, Errors: 0, Time elapsed: 0.081 sec
    [junit] 
    [junit] Testsuite: org.apache.lucene.index.TestIndexWriterMerging
    [junit] Tests run: 1, Failures: 0, Errors: 0, Time elapsed: 0.822 sec
    [junit] 
    [junit] Testsuite: org.apache.lucene.index.TestRollingUpdates
    [junit] Tests run: 2, Failures: 0, Errors: 0, Time elapsed: 15.065 sec
    [junit] 
    [junit] Testsuite: org.apache.lucene.index.TestMaxTermFrequency
    [junit] Tests run: 1, Failures: 0, Errors: 0, Time elapsed: 1.022 sec
    [junit] 
    [junit] Testsuite: org.apache.lucene.index.TestParallelReaderEmptyIndex
    [junit] Tests run: 2, Failures: 0, Errors: 0, Time elapsed: 0.067 sec
    [junit] 
    [junit] Testsuite: org.apache.lucene.index.TestParallelTermEnum
    [junit] Tests run: 1, Failures: 0, Errors: 0, Time elapsed: 0.065 sec
    [junit] 
    [junit] Testsuite: org.apache.lucene.index.TestPerSegmentDeletes
    [junit] Tests run: 1, Failures: 0, Errors: 0, Time elapsed: 0.059 sec
    [junit] 
    [junit] Testsuite: org.apache.lucene.index.TestSegmentMerger
    [junit] Tests run: 2, Failures: 0, Errors: 0, Time elapsed: 1.115 sec
    [junit] 
    [junit] Testsuite: org.apache.lucene.messages.TestNLS
    [junit] Tests run: 6, Failures: 0, Errors: 0, Time elapsed: 0.043 sec
    [junit] 
    [junit] ------------- Standard Error -----------------
    [junit] WARN: Message with key:Q0005E_MESSAGE_NOT_IN_BUNDLE and locale: ar_SY not found.
    [junit] ------------- ---------------- ---------------
    [junit] Testsuite: org.apache.lucene.search.TestAutomatonQueryUnicode
    [junit] Tests run: 1, Failures: 0, Errors: 0, Time elapsed: 0.072 sec
    [junit] 
    [junit] Testsuite: org.apache.lucene.search.TestSearchWithThreads
    [junit] Tests run: 1, Failures: 0, Errors: 0, Time elapsed: 2.405 sec
    [junit] 
    [junit] Testsuite: org.apache.lucene.search.TestCachingWrapperFilter
    [junit] Tests run: 5, Failures: 0, Errors: 0, Time elapsed: 0.122 sec
    [junit] 
    [junit] Testsuite: org.apache.lucene.search.TestComplexExplanationsOfNonMatches
    [junit] Tests run: 22, Failures: 0, Errors: 0, Time elapsed: 0.611 sec
    [junit] 
    [junit] Testsuite: org.apache.lucene.search.TestDocBoost
    [junit] Tests run: 1, Failures: 0, Errors: 0, Time elapsed: 0.019 sec
    [junit] 
    [junit] Testsuite: org.apache.lucene.search.TestExplanations
    [junit] Tests run: 1, Failures: 0, Errors: 0, Time elapsed: 0.046 sec
    [junit] 
    [junit] Testsuite: org.apache.lucene.search.TestMultiThreadTermVectors
    [junit] Tests run: 1, Failures: 0, Errors: 0, Time elapsed: 0.859 sec
    [junit] 
    [junit] Testsuite: org.apache.lucene.index.TestPersistentSnapshotDeletionPolicy
    [junit] Tests run: 14, Failures: 0, Errors: 0, Time elapsed: 2.617 sec
    [junit] 
    [junit] Testsuite: org.apache.lucene.index.TestSegmentReader
    [junit] Tests run: 7, Failures: 0, Errors: 0, Time elapsed: 3.187 sec
    [junit] 
    [junit] Testsuite: org.apache.lucene.index.TestIndexWriterReader
    [junit] Tests run: 19, Failures: 0, Errors: 0, Time elapsed: 23.413 sec
    [junit] 
    [junit] ------------- Standard Error -----------------
    [junit] WARNING: test class left thread running: Thread[LuceneTestCase-9-thread-1,5,main]
    [junit] PLEASE CLOSE YOUR INDEXSEARCHERS IN YOUR TEST!!!!
    [junit] RESOURCE LEAK: test class left 1 thread(s) running
    [junit] ------------- ---------------- ---------------
    [junit] Testsuite: org.apache.lucene.index.TestLazyBug
    [junit] Tests run: 3, Failures: 0, Errors: 0, Time elapsed: 16.296 sec
    [junit] 
    [junit] Testsuite: org.apache.lucene.index.TestStressAdvance
    [junit] Tests run: 1, Failures: 0, Errors: 0, Time elapsed: 4.787 sec
    [junit] 
    [junit] Testsuite: org.apache.lucene.index.TestIndexWriterWithThreads
    [junit] Tests run: 10, Failures: 0, Errors: 0, Time elapsed: 4.301 sec
    [junit] 
    [junit] Testsuite: org.apache.lucene.search.TestAutomatonQuery
    [junit] Tests run: 6, Failures: 0, Errors: 0, Time elapsed: 0.288 sec
    [junit] 
    [junit] Testsuite: org.apache.lucene.search.TestBooleanScorer
    [junit] Tests run: 2, Failures: 0, Errors: 0, Time elapsed: 0.117 sec
    [junit] 
    [junit] Testsuite: org.apache.lucene.index.TestMultiLevelSkipList
    [junit] Tests run: 1, Failures: 0, Errors: 0, Time elapsed: 0.946 sec
    [junit] 
    [junit] Testsuite: org.apache.lucene.index.TestLazyProxSkipping
    [junit] Tests run: 2, Failures: 0, Errors: 0, Time elapsed: 1.063 sec
    [junit] 
    [junit] Testsuite: org.apache.lucene.search.TestFuzzyQuery
    [junit] Tests run: 8, Failures: 0, Errors: 0, Time elapsed: 0.773 sec
    [junit] 
    [junit] Testsuite: org.apache.lucene.index.TestNoMergeScheduler
    [junit] Tests run: 3, Failures: 0, Errors: 0, Time elapsed: 0.036 sec
    [junit] 
    [junit] Testsuite: org.apache.lucene.index.TestNRTReaderWithThreads
    [junit] Tests run: 1, Failures: 0, Errors: 0, Time elapsed: 2.138 sec
    [junit] 
    [junit] Testsuite: org.apache.lucene.index.TestNoMergePolicy
    [junit] Tests run: 4, Failures: 0, Errors: 0, Time elapsed: 0.041 sec
    [junit] 
    [junit] Testsuite: org.apache.lucene.index.TestSegmentInfo
    [junit] Tests run: 1, Failures: 0, Errors: 0, Time elapsed: 0.02 sec
    [junit] 
    [junit] Testsuite: org.apache.lucene.index.TestOmitNorms
    [junit] Tests run: 5, Failures: 0, Errors: 0, Time elapsed: 2.144 sec
    [junit] 
    [junit] Testsuite: org.apache.lucene.search.TestFilteredSearch
    [junit] Tests run: 1, Failures: 0, Errors: 0, Time elapsed: 0.064 sec
    [junit] 
    [junit] Testsuite: org.apache.lucene.search.TestMatchAllDocsQuery
    [junit] Tests run: 2, Failures: 0, Errors: 0, Time elapsed: 0.048 sec
    [junit] 
    [junit] Testsuite: org.apache.lucene.search.TestMultiValuedNumericRangeQuery
    [junit] Tests run: 1, Failures: 0, Errors: 0, Time elapsed: 11.838 sec
    [junit] 
    [junit] Testsuite: org.apache.lucene.search.TestSimpleExplanations
    [junit] Tests run: 69, Failures: 0, Errors: 0, Time elapsed: 13.636 sec
    [junit] 
    [junit] Testsuite: org.apache.lucene.index.TestStressIndexing
    [junit] Tests run: 1, Failures: 0, Errors: 0, Time elapsed: 1.142 sec
    [junit] 
    [junit] Testsuite: org.apache.lucene.queryParser.TestQueryParser
    [junit] Tests run: 36, Failures: 0, Errors: 0, Time elapsed: 0.562 sec
    [junit] 
    [junit] Testsuite: org.apache.lucene.search.MultiCollectorTest
    [junit] Tests run: 3, Failures: 0, Errors: 0, Time elapsed: 0.028 sec
    [junit] 
    [junit] Testsuite: org.apache.lucene.search.TestSimpleExplanationsOfNonMatches
    [junit] Tests run: 69, Failures: 0, Errors: 0, Time elapsed: 0.913 sec
    [junit] 
    [junit] Testsuite: org.apache.lucene.index.TestIndexWriter
    [junit] Tests run: 66, Failures: 0, Errors: 0, Time elapsed: 25.373 sec
    [junit] 
    [junit] Testsuite: org.apache.lucene.index.TestNoDeletionPolicy
    [junit] Tests run: 4, Failures: 0, Errors: 0, Time elapsed: 0.139 sec
    [junit] 
    [junit] Testsuite: org.apache.lucene.index.TestParallelReader
    [junit] Tests run: 6, Failures: 0, Errors: 0, Time elapsed: 0.48 sec
    [junit] 
    [junit] Testsuite: org.apache.lucene.search.TestTermRangeFilter
    [junit] Tests run: 3, Failures: 0, Errors: 0, Time elapsed: 3.831 sec
    [junit] 
    [junit] Testsuite: org.apache.lucene.search.TestTopDocsCollector
    [junit] Tests run: 8, Failures: 0, Errors: 0, Time elapsed: 0.231 sec
    [junit] 
    [junit] Testsuite: org.apache.lucene.index.TestSegmentTermDocs
    [junit] Tests run: 5, Failures: 0, Errors: 0, Time elapsed: 3.201 sec
    [junit] 
    [junit] Testsuite: org.apache.lucene.index.TestTermVectorsReader
    [junit] Tests run: 6, Failures: 0, Errors: 0, Time elapsed: 0.061 sec
    [junit] 
    [junit] Testsuite: org.apache.lucene.search.TestRegexpRandom
    [junit] Tests run: 1, Failures: 0, Errors: 0, Time elapsed: 5.607 sec
    [junit] 
    [junit] Testsuite: org.apache.lucene.search.function.TestDocValues
    [junit] Tests run: 3, Failures: 0, Errors: 0, Time elapsed: 0.025 sec
    [junit] 
    [junit] Testsuite: org.apache.lucene.search.spans.TestSpanFirstQuery
    [junit] Tests run: 1, Failures: 0, Errors: 0, Time elapsed: 0.017 sec
    [junit] 
    [junit] Testsuite: org.apache.lucene.search.spans.TestSpanMultiTermQueryWrapper
    [junit] Tests run: 3, Failures: 0, Errors: 0, Time elapsed: 0.053 sec
    [junit] 
    [junit] Testsuite: org.apache.lucene.index.TestTransactionRollback
    [junit] Tests run: 2, Failures: 0, Errors: 0, Time elapsed: 0.297 sec
    [junit] 
    [junit] Testsuite: org.apache.lucene.store.TestMultiMMap
    [junit] Tests run: 1, Failures: 0, Errors: 0, Time elapsed: 0.512 sec
    [junit] 
    [junit] Testsuite: org.apache.lucene.search.TestMultiTermConstantScore
    [junit] Tests run: 7, Failures: 0, Errors: 0, Time elapsed: 9.445 sec
    [junit] 
    [junit] Testsuite: org.apache.lucene.search.TestBoolean2
    [junit] Tests run: 11, Failures: 0, Errors: 0, Time elapsed: 7.249 sec
    [junit] 
    [junit] Testsuite: org.apache.lucene.search.TestBooleanOr
    [junit] Tests run: 5, Failures: 0, Errors: 0, Time elapsed: 0.423 sec
    [junit] 
    [junit] Testsuite: org.apache.lucene.search.TestCachingSpanFilter
    [junit] Tests run: 1, Failures: 0, Errors: 0, Time elapsed: 0.052 sec
    [junit] 
    [junit] Testsuite: org.apache.lucene.index.codecs.preflex.TestSurrogates
    [junit] Tests run: 1, Failures: 0, Errors: 0, Time elapsed: 2.962 sec
    [junit] 
    [junit] Testsuite: org.apache.lucene.queryParser.TestMultiFieldQueryParser
    [junit] Tests run: 10, Failures: 0, Errors: 0, Time elapsed: 0.154 sec
    [junit] 
    [junit] Testsuite: org.apache.lucene.index.TestNRTThreads
    [junit] Tests run: 1, Failures: 0, Errors: 0, Time elapsed: 33.494 sec
    [junit] 
    [junit] Testsuite: org.apache.lucene.index.TestNewestSegment
    [junit] Tests run: 1, Failures: 0, Errors: 0, Time elapsed: 0.057 sec
    [junit] 
    [junit] Testsuite: org.apache.lucene.util.TestArrayUtil
    [junit] Tests run: 10, Failures: 0, Errors: 0, Time elapsed: 4.146 sec
    [junit] 
    [junit] Testsuite: org.apache.lucene.util.TestAttributeSource
    [junit] Tests run: 4, Failures: 0, Errors: 0, Time elapsed: 0.028 sec
    [junit] 
    [junit] Testsuite: org.apache.lucene.util.TestVirtualMethod
    [junit] Tests run: 2, Failures: 0, Errors: 0, Time elapsed: 0.041 sec
    [junit] 
    [junit] Testsuite: org.apache.lucene.util.automaton.TestUTF32ToUTF8
    [junit] Tests run: 5, Failures: 0, Errors: 0, Time elapsed: 0.845 sec
    [junit] 
    [junit] Testsuite: org.apache.lucene.search.function.TestCustomScoreQuery
    [junit] Tests run: 6, Failures: 0, Errors: 0, Time elapsed: 6.32 sec
    [junit] 
    [junit] Testsuite: org.apache.lucene.index.TestNorms
    [junit] Tests run: 2, Failures: 0, Errors: 0, Time elapsed: 2.214 sec
    [junit] 
    [junit] Testsuite: org.apache.lucene.index.TestOmitTf
    [junit] Testcase: testMixedMerge(org.apache.lucene.index.TestOmitTf):	Caused an ERROR
    [junit] CheckIndex failed
    [junit] java.lang.RuntimeException: CheckIndex failed
    [junit] 	at org.apache.lucene.util._TestUtil.checkIndex(_TestUtil.java:152)
    [junit] 	at org.apache.lucene.util._TestUtil.checkIndex(_TestUtil.java:138)
    [junit] 	at org.apache.lucene.index.TestOmitTf.testMixedMerge(TestOmitTf.java:155)
    [junit] 	at org.apache.lucene.util.LuceneTestCase$LuceneTestCaseRunner.runChild(LuceneTestCase.java:1226)
    [junit] 	at org.apache.lucene.util.LuceneTestCase$LuceneTestCaseRunner.runChild(LuceneTestCase.java:1154)
    [junit] 
    [junit] 
    [junit] Tests run: 5, Failures: 0, Errors: 1, Time elapsed: 0.489 sec
    [junit] 
    [junit] ------------- Standard Output ---------------
    [junit] CheckIndex failed
    [junit] Segments file=segments_1 numSegments=1 version=FORMAT_4_0 [Lucene 4.0]
    [junit]   1 of 1: name=_12 docCount=60
    [junit]     codec=SegmentCodecs [codecs=[MockRandom, Standard], provider=RandomCodecProvider: {f1=MockRandom, f2=Standard}]
    [junit]     compound=false
    [junit]     hasProx=false
    [junit]     numFiles=15
    [junit]     size (MB)=0,01
    [junit]     diagnostics = {optimize=true, mergeFactor=2, os.version=2.6.37-gentoo, os=Linux, lucene.version=4.0-SNAPSHOT, source=merge, os.arch=amd64, java.version=1.6.0_24, java.vendor=Sun Microsystems Inc.}
    [junit]     no deletions
    [junit]     test: open reader.........OK
    [junit]     test: fields..............OK [2 fields]
    [junit]     test: field norms.........OK [2 fields]
    [junit]     test: terms, freq, prox...ERROR: java.io.IOException: Read past EOF
    [junit] java.io.IOException: Read past EOF
    [junit] 	at org.apache.lucene.store.RAMInputStream.switchCurrentBuffer(RAMInputStream.java:90)
    [junit] 	at org.apache.lucene.store.RAMInputStream.readByte(RAMInputStream.java:63)
    [junit] 	at org.apache.lucene.store.MockIndexInputWrapper.readByte(MockIndexInputWrapper.java:105)
    [junit] 	at org.apache.lucene.store.DataInput.readVInt(DataInput.java:94)
    [junit] 	at org.apache.lucene.index.codecs.sep.SepSkipListReader.readSkipData(SepSkipListReader.java:186)
    [junit] 	at org.apache.lucene.index.codecs.MultiLevelSkipListReader.loadNextSkip(MultiLevelSkipListReader.java:142)
    [junit] 	at org.apache.lucene.index.codecs.MultiLevelSkipListReader.skipTo(MultiLevelSkipListReader.java:112)
    [junit] 	at org.apache.lucene.index.codecs.sep.SepPostingsReaderImpl$SepDocsEnum.advance(SepPostingsReaderImpl.java:454)
    [junit] 	at org.apache.lucene.index.CheckIndex.testTermIndex(CheckIndex.java:782)
    [junit] 	at org.apache.lucene.index.CheckIndex.checkIndex(CheckIndex.java:495)
    [junit] 	at org.apache.lucene.util._TestUtil.checkIndex(_TestUtil.java:148)
    [junit] 	at org.apache.lucene.util._TestUtil.checkIndex(_TestUtil.java:138)
    [junit] 	at org.apache.lucene.index.TestOmitTf.testMixedMerge(TestOmitTf.java:155)
    [junit] 	at sun.reflect.NativeMethodAccessorImpl.invoke0(Native Method)
    [junit] 	at sun.reflect.NativeMethodAccessorImpl.invoke(NativeMethodAccessorImpl.java:39)
    [junit] 	at sun.reflect.DelegatingMethodAccessorImpl.invoke(DelegatingMethodAccessorImpl.java:25)
    [junit] 	at java.lang.reflect.Method.invoke(Method.java:597)
    [junit] 	at org.junit.runners.model.FrameworkMethod$1.runReflectiveCall(FrameworkMethod.java:44)
    [junit] 	at org.junit.internal.runners.model.ReflectiveCallable.run(ReflectiveCallable.java:15)
    [junit] 	at org.junit.runners.model.FrameworkMethod.invokeExplosively(FrameworkMethod.java:41)
    [junit] 	at org.junit.internal.runners.statements.InvokeMethod.evaluate(InvokeMethod.java:20)
    [junit] 	at org.junit.rules.TestWatchman$1.evaluate(TestWatchman.java:48)
    [junit] 	at org.junit.internal.runners.statements.RunBefores.evaluate(RunBefores.java:28)
    [junit] 	at org.junit.internal.runners.statements.RunAfters.evaluate(RunAfters.java:31)
    [junit] 	at org.junit.runners.BlockJUnit4ClassRunner.runChild(BlockJUnit4ClassRunner.java:76)
    [junit] 	at org.apache.lucene.util.LuceneTestCase$LuceneTestCaseRunner.runChild(LuceneTestCase.java:1226)
    [junit] 	at org.apache.lucene.util.LuceneTestCase$LuceneTestCaseRunner.runChild(LuceneTestCase.java:1154)
    [junit] 	at org.junit.runners.ParentRunner$3.run(ParentRunner.java:193)
    [junit] 	at org.junit.runners.ParentRunner$1.schedule(ParentRunner.java:52)
    [junit] 	at org.junit.runners.ParentRunner.runChildren(ParentRunner.java:191)
    [junit] 	at org.junit.runners.ParentRunner.access$000(ParentRunner.java:42)
    [junit] 	at org.junit.runners.ParentRunner$2.evaluate(ParentRunner.java:184)
    [junit] 	at org.junit.internal.runners.statements.RunBefores.evaluate(RunBefores.java:28)
    [junit] 	at org.junit.internal.runners.statements.RunAfters.evaluate(RunAfters.java:31)
    [junit] 	at org.junit.runners.ParentRunner.run(ParentRunner.java:236)
    [junit] 	at junit.framework.JUnit4TestAdapter.run(JUnit4TestAdapter.java:39)
    [junit] 	at org.apache.tools.ant.taskdefs.optional.junit.JUnitTestRunner.run(JUnitTestRunner.java:422)
    [junit] 	at org.apache.tools.ant.taskdefs.optional.junit.JUnitTestRunner.launch(JUnitTestRunner.java:931)
    [junit] 	at org.apache.tools.ant.taskdefs.optional.junit.JUnitTestRunner.main(JUnitTestRunner.java:758)
    [junit]     test: stored fields.......OK [0 total field count; avg 0 fields per doc]
    [junit]     test: term vectors........OK [120 total vector count; avg 2 term/freq vector fields per doc]
    [junit] FAILED
    [junit]     WARNING: fixIndex() would remove reference to this segment; full exception:
    [junit] java.lang.RuntimeException: Term Index test failed
    [junit] 	at org.apache.lucene.index.CheckIndex.checkIndex(CheckIndex.java:508)
    [junit] 	at org.apache.lucene.util._TestUtil.checkIndex(_TestUtil.java:148)
    [junit] 	at org.apache.lucene.util._TestUtil.checkIndex(_TestUtil.java:138)
    [junit] 	at org.apache.lucene.index.TestOmitTf.testMixedMerge(TestOmitTf.java:155)
    [junit] 	at sun.reflect.NativeMethodAccessorImpl.invoke0(Native Method)
    [junit] 	at sun.reflect.NativeMethodAccessorImpl.invoke(NativeMethodAccessorImpl.java:39)
    [junit] 	at sun.reflect.DelegatingMethodAccessorImpl.invoke(DelegatingMethodAccessorImpl.java:25)
    [junit] 	at java.lang.reflect.Method.invoke(Method.java:597)
    [junit] 	at org.junit.runners.model.FrameworkMethod$1.runReflectiveCall(FrameworkMethod.java:44)
    [junit] 	at org.junit.internal.runners.model.ReflectiveCallable.run(ReflectiveCallable.java:15)
    [junit] 	at org.junit.runners.model.FrameworkMethod.invokeExplosively(FrameworkMethod.java:41)
    [junit] 	at org.junit.internal.runners.statements.InvokeMethod.evaluate(InvokeMethod.java:20)
    [junit] 	at org.junit.rules.TestWatchman$1.evaluate(TestWatchman.java:48)
    [junit] 	at org.junit.internal.runners.statements.RunBefores.evaluate(RunBefores.java:28)
    [junit] 	at org.junit.internal.runners.statements.RunAfters.evaluate(RunAfters.java:31)
    [junit] 	at org.junit.runners.BlockJUnit4ClassRunner.runChild(BlockJUnit4ClassRunner.java:76)
    [junit] 	at org.apache.lucene.util.LuceneTestCase$LuceneTestCaseRunner.runChild(LuceneTestCase.java:1226)
    [junit] 	at org.apache.lucene.util.LuceneTestCase$LuceneTestCaseRunner.runChild(LuceneTestCase.java:1154)
    [junit] 	at org.junit.runners.ParentRunner$3.run(ParentRunner.java:193)
    [junit] 	at org.junit.runners.ParentRunner$1.schedule(ParentRunner.java:52)
    [junit] 	at org.junit.runners.ParentRunner.runChildren(ParentRunner.java:191)
    [junit] 	at org.junit.runners.ParentRunner.access$000(ParentRunner.java:42)
    [junit] 	at org.junit.runners.ParentRunner$2.evaluate(ParentRunner.java:184)
    [junit] 	at org.junit.internal.runners.statements.RunBefores.evaluate(RunBefores.java:28)
    [junit] 	at org.junit.internal.runners.statements.RunAfters.evaluate(RunAfters.java:31)
    [junit] 	at org.junit.runners.ParentRunner.run(ParentRunner.java:236)
    [junit] 	at junit.framework.JUnit4TestAdapter.run(JUnit4TestAdapter.java:39)
    [junit] 	at org.apache.tools.ant.taskdefs.optional.junit.JUnitTestRunner.run(JUnitTestRunner.java:422)
    [junit] 	at org.apache.tools.ant.taskdefs.optional.junit.JUnitTestRunner.launch(JUnitTestRunner.java:931)
    [junit] 	at org.apache.tools.ant.taskdefs.optional.junit.JUnitTestRunner.main(JUnitTestRunner.java:758)
    [junit] 
    [junit] WARNING: 1 broken segments (containing 60 documents) detected
    [junit] 
    [junit] ------------- ---------------- ---------------
    [junit] ------------- Standard Error -----------------
    [junit] NOTE: reproduce with: ant test -Dtestcase=TestOmitTf -Dtestmethod=testMixedMerge -Dtests.seed=7432761944055543440:5394948725405965458
    [junit] NOTE: test params are: codec=RandomCodecProvider: {noTf=SimpleText, tf=MockSep, f1=MockRandom, f2=Standard}, locale=cs_CZ, timezone=Asia/Jakarta
    [junit] NOTE: all tests run in this JVM:
    [junit] [TestAssertions, TestCachingTokenFilter, TestDocument, TestAtomicUpdate, TestDirectoryReader, TestFlex, TestIndexWriterOnJRECrash, TestMultiReader, TestNRTThreads, TestNewestSegment, TestNorms, TestOmitTf]
    [junit] NOTE: Linux 2.6.37-gentoo amd64/Sun Microsystems Inc. 1.6.0_24 (64-bit)/cpus=8,threads=1,free=158021288,total=231669760
    [junit] ------------- ---------------- ---------------
    [junit] TEST org.apache.lucene.index.TestOmitTf FAILED
    [junit] Testsuite: org.apache.lucene.index.TestPayloadProcessorProvider
    [junit] Tests run: 3, Failures: 0, Errors: 0, Time elapsed: 0.368 sec
    [junit] 
    [junit] Testsuite: org.apache.lucene.index.TestSegmentTermEnum
    [junit] Tests run: 2, Failures: 0, Errors: 0, Time elapsed: 0.071 sec
    [junit] 
    [junit] Testsuite: org.apache.lucene.search.TestConstantScoreQuery
    [junit] Tests run: 2, Failures: 0, Errors: 0, Time elapsed: 0.091 sec
    [junit] 
    [junit] Testsuite: org.apache.lucene.search.TestDateFilter
    [junit] Tests run: 2, Failures: 0, Errors: 0, Time elapsed: 0.075 sec
    [junit] 
    [junit] Testsuite: org.apache.lucene.search.TestDateSort
    [junit] Tests run: 1, Failures: 0, Errors: 0, Time elapsed: 0.035 sec
    [junit] 
    [junit] Testsuite: org.apache.lucene.search.TestDocIdSet
    [junit] Tests run: 2, Failures: 0, Errors: 0, Time elapsed: 0.023 sec
    [junit] 
    [junit] Testsuite: org.apache.lucene.search.TestNot
    [junit] Tests run: 1, Failures: 0, Errors: 0, Time elapsed: 0.02 sec
    [junit] 
    [junit] Testsuite: org.apache.lucene.search.TestPrefixQuery
    [junit] Tests run: 1, Failures: 0, Errors: 0, Time elapsed: 0.048 sec
    [junit] 
    [junit] Testsuite: org.apache.lucene.search.TestSetNorm
    [junit] Tests run: 1, Failures: 0, Errors: 0, Time elapsed: 0.02 sec
    [junit] 
    [junit] Testsuite: org.apache.lucene.search.TestTimeLimitingCollector
    [junit] Tests run: 0, Failures: 0, Errors: 0, Time elapsed: 0.012 sec
    [junit] 
    [junit] ------------- Standard Error -----------------
    [junit] NOTE: Ignoring test class 'TestTimeLimitingCollector': broken: see https://issues.apache.org/jira/browse/LUCENE-2822
    [junit] ------------- ---------------- ---------------
    [junit] Testsuite: org.apache.lucene.search.TestTopScoreDocCollector
    [junit] Tests run: 1, Failures: 0, Errors: 0, Time elapsed: 0.017 sec
    [junit] 
    [junit] Testsuite: org.apache.lucene.search.TestFieldCache
    [junit] Tests run: 3, Failures: 0, Errors: 0, Time elapsed: 4.236 sec
    [junit] 
    [junit] Testsuite: org.apache.lucene.search.TestNumericRangeQuery32
    [junit] Tests run: 27, Failures: 0, Errors: 0, Time elapsed: 15.346 sec
    [junit] 
    [junit] Testsuite: org.apache.lucene.search.TestPhrasePrefixQuery
    [junit] Tests run: 1, Failures: 0, Errors: 0, Time elapsed: 0.025 sec
    [junit] 
    [junit] Testsuite: org.apache.lucene.search.TestComplexExplanations
    [junit] Tests run: 22, Failures: 0, Errors: 0, Time elapsed: 6.357 sec
    [junit] 
    [junit] Testsuite: org.apache.lucene.search.TestPositionIncrement
    [junit] Tests run: 2, Failures: 0, Errors: 0, Time elapsed: 0.156 sec
    [junit] 
    [junit] Testsuite: org.apache.lucene.search.TestElevationComparator
    [junit] Tests run: 1, Failures: 0, Errors: 0, Time elapsed: 0.132 sec
    [junit] 
    [junit] Testsuite: org.apache.lucene.search.TestQueryWrapperFilter
    [junit] Tests run: 1, Failures: 0, Errors: 0, Time elapsed: 0.088 sec
    [junit] 
    [junit] Testsuite: org.apache.lucene.search.TestScoreCachingWrappingScorer
    [junit] Tests run: 1, Failures: 0, Errors: 0, Time elapsed: 0.017 sec
    [junit] 
    [junit] Testsuite: org.apache.lucene.search.TestRegexpQuery
    [junit] Tests run: 7, Failures: 0, Errors: 0, Time elapsed: 0.204 sec
    [junit] 
    [junit] Testsuite: org.apache.lucene.search.TestSimilarityProvider
    [junit] Tests run: 1, Failures: 0, Errors: 0, Time elapsed: 0.047 sec
    [junit] 
    [junit] Testsuite: org.apache.lucene.search.TestTermVectors
    [junit] Tests run: 8, Failures: 0, Errors: 0, Time elapsed: 1.192 sec
    [junit] 
    [junit] Testsuite: org.apache.lucene.search.function.TestOrdValues
    [junit] Tests run: 7, Failures: 0, Errors: 0, Time elapsed: 0.336 sec
    [junit] 
    [junit] Testsuite: org.apache.lucene.search.spans.TestSpanExplanations
    [junit] Tests run: 31, Failures: 0, Errors: 0, Time elapsed: 6.502 sec
    [junit] 
    [junit] Testsuite: org.apache.lucene.search.spans.TestSpanExplanationsOfNonMatches
    [junit] Tests run: 31, Failures: 0, Errors: 0, Time elapsed: 0.303 sec
    [junit] 
    [junit] Testsuite: org.apache.lucene.search.spans.TestSpans
    [junit] Tests run: 25, Failures: 0, Errors: 0, Time elapsed: 1.18 sec
    [junit] 
    [junit] Testsuite: org.apache.lucene.search.TestFuzzyQuery2
    [junit] Tests run: 1, Failures: 0, Errors: 0, Time elapsed: 5.086 sec
    [junit] 
    [junit] Testsuite: org.apache.lucene.store.TestRAMDirectory
    [junit] Tests run: 4, Failures: 0, Errors: 0, Time elapsed: 0.396 sec
    [junit] 
    [junit] Testsuite: org.apache.lucene.util.TestCharacterUtils
    [junit] Tests run: 7, Failures: 0, Errors: 0, Time elapsed: 0.017 sec
    [junit] 
    [junit] Testsuite: org.apache.lucene.store.TestHugeRamFile
    [junit] Tests run: 1, Failures: 0, Errors: 0, Time elapsed: 1.232 sec
    [junit] 
    [junit] Testsuite: org.apache.lucene.util.TestOpenBitSet
    [junit] Tests run: 5, Failures: 0, Errors: 0, Time elapsed: 0.936 sec
    [junit] 
    [junit] Testsuite: org.apache.lucene.util.TestRamUsageEstimator
    [junit] Tests run: 1, Failures: 0, Errors: 0, Time elapsed: 0.012 sec
    [junit] 
    [junit] Testsuite: org.apache.lucene.util.automaton.TestLevenshteinAutomata
    [junit] Tests run: 3, Failures: 0, Errors: 0, Time elapsed: 0.529 sec
    [junit] 
    [junit] Testsuite: org.apache.lucene.search.TestRegexpRandom2
    [junit] Tests run: 1, Failures: 0, Errors: 0, Time elapsed: 5.36 sec
    [junit] 
    [junit] Testsuite: org.apache.lucene.search.TestTermRangeQuery
    [junit] Tests run: 7, Failures: 0, Errors: 0, Time elapsed: 0.068 sec
    [junit] 
    [junit] Testsuite: org.apache.lucene.search.TestWildcard
    [junit] Tests run: 8, Failures: 0, Errors: 0, Time elapsed: 0.086 sec
    [junit] 
    [junit] Testsuite: org.apache.lucene.util.TestCollectionUtil
    [junit] Tests run: 5, Failures: 0, Errors: 0, Time elapsed: 1.797 sec
    [junit] 
    [junit] Testsuite: org.apache.lucene.util.TestPriorityQueue
    [junit] Tests run: 4, Failures: 0, Errors: 0, Time elapsed: 0.032 sec
    [junit] 
    [junit] Testsuite: org.apache.lucene.util.TestRecyclingByteBlockAllocator
    [junit] Tests run: 3, Failures: 0, Errors: 0, Time elapsed: 0.027 sec
    [junit] 
    [junit] Testsuite: org.apache.lucene.util.automaton.TestMinimize
    [junit] Tests run: 2, Failures: 0, Errors: 0, Time elapsed: 2.707 sec
    [junit] 
    [junit] Testsuite: org.apache.lucene.search.TestWildcardRandom
    [junit] Tests run: 1, Failures: 0, Errors: 0, Time elapsed: 3.409 sec
    [junit] 
    [junit] Testsuite: org.apache.lucene.search.spans.TestBasics
    [junit] Tests run: 24, Failures: 0, Errors: 0, Time elapsed: 11.61 sec
    [junit] 
    [junit] Testsuite: org.apache.lucene.search.spans.TestSpansAdvanced2
    [junit] Tests run: 4, Failures: 0, Errors: 0, Time elapsed: 0.223 sec
    [junit] 
    [junit] Testsuite: org.apache.lucene.store.TestDirectory
    [junit] Tests run: 7, Failures: 0, Errors: 0, Time elapsed: 0.175 sec
    [junit] 
    [junit] Testsuite: org.apache.lucene.search.spans.TestFieldMaskingSpanQuery
    [junit] Tests run: 11, Failures: 0, Errors: 0, Time elapsed: 0.941 sec
    [junit] 
    [junit] Testsuite: org.apache.lucene.store.TestCopyBytes
    [junit] Tests run: 1, Failures: 0, Errors: 0, Time elapsed: 0.211 sec
    [junit] 
    [junit] Testsuite: org.apache.lucene.store.TestLock
    [junit] Tests run: 1, Failures: 0, Errors: 0, Time elapsed: 0.056 sec
    [junit] 
    [junit] Testsuite: org.apache.lucene.util.TestBitVector
    [junit] Tests run: 7, Failures: 0, Errors: 0, Time elapsed: 0.39 sec
    [junit] 
    [junit] Testsuite: org.apache.lucene.util.TestBytesRefHash
    [junit] Tests run: 7, Failures: 0, Errors: 0, Time elapsed: 0.275 sec
    [junit] 
    [junit] Testsuite: org.apache.lucene.search.TestPhraseQuery
    [junit] Tests run: 17, Failures: 0, Errors: 0, Time elapsed: 8.346 sec
    [junit] 
    [junit] Testsuite: org.apache.lucene.search.TestPrefixInBooleanQuery
    [junit] Tests run: 4, Failures: 0, Errors: 0, Time elapsed: 1.817 sec
    [junit] 
    [junit] Testsuite: org.apache.lucene.search.TestSimilarity
    [junit] Tests run: 1, Failures: 0, Errors: 0, Time elapsed: 0.024 sec
    [junit] 
    [junit] Testsuite: org.apache.lucene.store.TestLockFactory
    [junit] Tests run: 11, Failures: 0, Errors: 0, Time elapsed: 5.253 sec
    [junit] 
    [junit] Testsuite: org.apache.lucene.util.TestNumericUtils
    [junit] Tests run: 10, Failures: 0, Errors: 0, Time elapsed: 5.012 sec
    [junit] 
    [junit] Testsuite: org.apache.lucene.util.automaton.TestSpecialOperations
    [junit] Tests run: 1, Failures: 0, Errors: 0, Time elapsed: 0.586 sec
    [junit] 
    [junit] Testsuite: org.apache.lucene.search.TestSort
    [junit] Tests run: 23, Failures: 0, Errors: 0, Time elapsed: 3.558 sec
    [junit] 
    [junit] Testsuite: org.apache.lucene.search.TestSpanQueryFilter
    [junit] Tests run: 1, Failures: 0, Errors: 0, Time elapsed: 0.035 sec
    [junit] 
    [junit] Testsuite: org.apache.lucene.util.TestFieldCacheSanityChecker
    [junit] Tests run: 4, Failures: 0, Errors: 0, Time elapsed: 1.727 sec
    [junit] 
    [junit] Testsuite: org.apache.lucene.search.TestTermScorer
    [junit] Tests run: 3, Failures: 0, Errors: 0, Time elapsed: 0.022 sec
    [junit] 
    [junit] Testsuite: org.apache.lucene.search.cache.TestEntryCreators
    [junit] Tests run: 2, Failures: 0, Errors: 0, Time elapsed: 0.121 sec
    [junit] 
    [junit] Testsuite: org.apache.lucene.search.function.TestFieldScoreQuery
    [junit] Tests run: 12, Failures: 0, Errors: 0, Time elapsed: 0.432 sec
    [junit] 
    [junit] Testsuite: org.apache.lucene.search.payloads.TestPayloadNearQuery
    [junit] Tests run: 7, Failures: 0, Errors: 0, Time elapsed: 0.81 sec
    [junit] 
    [junit] Testsuite: org.apache.lucene.util.automaton.TestDeterminizeLexicon
    [junit] Tests run: 1, Failures: 0, Errors: 0, Time elapsed: 1.794 sec
    [junit] 
    [junit] Testsuite: org.apache.lucene.search.spans.TestPayloadSpans
    [junit] Tests run: 10, Failures: 0, Errors: 0, Time elapsed: 0.787 sec
    [junit] 
    [junit] Testsuite: org.apache.lucene.store.TestBufferedIndexInput
    [junit] Tests run: 4, Failures: 0, Errors: 0, Time elapsed: 0.868 sec
    [junit] 
    [junit] Testsuite: org.apache.lucene.util.TestIndexableBinaryStringTools
    [junit] Tests run: 5, Failures: 0, Errors: 0, Time elapsed: 0.516 sec
    [junit] 
    [junit] Testsuite: org.apache.lucene.util.TestSmallFloat
    [junit] Tests run: 2, Failures: 0, Errors: 0, Time elapsed: 0.034 sec
    [junit] 
    [junit] Testsuite: org.apache.lucene.util.packed.TestPackedInts
    [junit] Tests run: 8, Failures: 0, Errors: 0, Time elapsed: 1.929 sec
    [junit] 
    [junit] Testsuite: org.apache.lucene.util.TestUnicodeUtil
    [junit] Tests run: 4, Failures: 0, Errors: 0, Time elapsed: 0.099 sec
    [junit] 
    [junit] Testsuite: org.apache.lucene.search.TestNumericRangeQuery64
    [junit] Tests run: 33, Failures: 0, Errors: 0, Time elapsed: 29.384 sec
    [junit] 
    [junit] Testsuite: org.apache.lucene.search.TestPositiveScoresOnlyCollector
    [junit] Tests run: 1, Failures: 0, Errors: 0, Time elapsed: 0.013 sec
    [junit] 
    [junit] Testsuite: org.apache.lucene.search.TestPrefixFilter
    [junit] Tests run: 1, Failures: 0, Errors: 0, Time elapsed: 0.016 sec
    [junit] 
    [junit] Testsuite: org.apache.lucene.search.TestQueryTermVector
    [junit] Tests run: 1, Failures: 0, Errors: 0, Time elapsed: 0.014 sec
    [junit] 
    [junit] Testsuite: org.apache.lucene.search.TestScorerPerf
    [junit] Tests run: 1, Failures: 0, Errors: 0, Time elapsed: 0.568 sec
    [junit] 
    [junit] Testsuite: org.apache.lucene.search.TestSloppyPhraseQuery
    [junit] Tests run: 5, Failures: 0, Errors: 0, Time elapsed: 0.787 sec
    [junit] 
    [junit] Testsuite: org.apache.lucene.search.spans.TestSpansAdvanced
    [junit] Tests run: 1, Failures: 0, Errors: 0, Time elapsed: 0.084 sec
    [junit] 
    [junit] Testsuite: org.apache.lucene.store.TestWindowsMMap
    [junit] Tests run: 1, Failures: 0, Errors: 0, Time elapsed: 0.065 sec
    [junit] 
    [junit] Testsuite: org.apache.lucene.util.TestSortedVIntList
    [junit] Tests run: 19, Failures: 0, Errors: 0, Time elapsed: 0.028 sec
    [junit] 
    [junit] Testsuite: org.apache.lucene.util.TestStringIntern
    [junit] Tests run: 1, Failures: 0, Errors: 0, Time elapsed: 1.736 sec
    [junit] 
    [junit] Testsuite: org.apache.lucene.util.TestVersion
    [junit] Tests run: 1, Failures: 0, Errors: 0, Time elapsed: 0.021 sec
    [junit] 
    [junit] Testsuite: org.apache.lucene.util.automaton.TestDeterminism
    [junit] Tests run: 2, Failures: 0, Errors: 0, Time elapsed: 0.978 sec
    [junit] 
    [junit] Testsuite: org.apache.lucene.util.automaton.fst.TestFSTs
    [junit] Tests run: 7, Failures: 0, Errors: 0, Time elapsed: 5.63 sec
    [junit] 
    [junit] ------------- Standard Error -----------------
    [junit] NOTE: Ignoring nightly-only test method 'testBigSet'
    [junit] ------------- ---------------- ---------------
