Buildfile: build.xml

jflex-uptodate-check:

jflex-notice:

javacc-uptodate-check:

javacc-notice:

init:

clover.setup:

clover.info:
     [echo] 
     [echo]       Clover not found. Code coverage reports disabled.
     [echo]   	

clover:

common.compile-core:
    [javac] Compiling 41 source files to /home/j/src/LUCENE-DWPT4/lucene/build/classes/java
    [javac] Note: Some input files use or override a deprecated API.
    [javac] Note: Recompile with -Xlint:deprecation for details.

compile-core:

compile-test:
    [javac] Compiling 8 source files to /home/j/src/LUCENE-DWPT4/lucene/build/classes/test
    [javac] Note: Some input files use or override a deprecated API.
    [javac] Note: Recompile with -Xlint:deprecation for details.

junit-mkdir:

junit-sequential:

junit-parallel:
    [junit] Testsuite: org.apache.lucene.TestAssertions
    [junit] Tests run: 2, Failures: 0, Errors: 0, Time elapsed: 0.922 sec
    [junit] 
    [junit] Testsuite: org.apache.lucene.analysis.TestNumericTokenStream
    [junit] Tests run: 4, Failures: 0, Errors: 0, Time elapsed: 0.197 sec
    [junit] 
    [junit] Testsuite: org.apache.lucene.analysis.tokenattributes.TestCharTermAttributeImpl
    [junit] Tests run: 11, Failures: 0, Errors: 0, Time elapsed: 2.015 sec
    [junit] 
    [junit] Testsuite: org.apache.lucene.document.TestDocument
    [junit] Tests run: 7, Failures: 0, Errors: 0, Time elapsed: 2.105 sec
    [junit] 
    [junit] Testsuite: org.apache.lucene.index.Test2BTerms
    [junit] Tests run: 0, Failures: 0, Errors: 0, Time elapsed: 0.077 sec
    [junit] 
    [junit] ------------- Standard Error -----------------
    [junit] NOTE: Ignoring test method 'test2BTerms': Takes ~4 hours to run on a fast machine!!  And requires that you don't use PreFlex codec.
    [junit] ------------- ---------------- ---------------
    [junit] Testsuite: org.apache.lucene.document.TestBinaryDocument
    [junit] Tests run: 2, Failures: 0, Errors: 0, Time elapsed: 1.513 sec
    [junit] 
    [junit] Testsuite: org.apache.lucene.index.TestDocumentWriter
    [junit] Tests run: 7, Failures: 0, Errors: 0, Time elapsed: 2.447 sec
    [junit] 
    [junit] Testsuite: org.apache.lucene.index.TestIndexWriterWithThreads
    [junit] Tests run: 10, Failures: 0, Errors: 0, Time elapsed: 4.882 sec
    [junit] 
    [junit] Testsuite: org.apache.lucene.index.TestBackwardsCompatibility
    [junit] Tests run: 10, Failures: 0, Errors: 0, Time elapsed: 8.868 sec
    [junit] 
    [junit] Testsuite: org.apache.lucene.index.TestFilterIndexReader
    [junit] Tests run: 1, Failures: 0, Errors: 0, Time elapsed: 0.162 sec
    [junit] 
    [junit] Testsuite: org.apache.lucene.index.TestIndexReaderClone
    [junit] Tests run: 20, Failures: 0, Errors: 0, Time elapsed: 9.772 sec
    [junit] 
    [junit] Testsuite: org.apache.lucene.index.TestIndexWriterMerging
    [junit] Tests run: 1, Failures: 0, Errors: 0, Time elapsed: 1.719 sec
    [junit] 
    [junit] Testsuite: org.apache.lucene.index.TestMultiReader
    [junit] Tests run: 3, Failures: 0, Errors: 0, Time elapsed: 20.131 sec
    [junit] 
    [junit] Testsuite: org.apache.lucene.index.TestNoMergeScheduler
    [junit] Tests run: 3, Failures: 0, Errors: 0, Time elapsed: 0.172 sec
    [junit] 
    [junit] Testsuite: org.apache.lucene.index.TestOmitNorms
    [junit] Tests run: 5, Failures: 0, Errors: 0, Time elapsed: 4.539 sec
    [junit] 
    [junit] Testsuite: org.apache.lucene.index.TestOmitTf
    [junit] Tests run: 5, Failures: 0, Errors: 0, Time elapsed: 1.036 sec
    [junit] 
    [junit] Testsuite: org.apache.lucene.index.TestIndexWriterReader
    [junit] Testcase: testAddCloseOpen(org.apache.lucene.index.TestIndexWriterReader):	FAILED
    [junit] 
    [junit] junit.framework.AssertionFailedError: 
    [junit] 	at org.apache.lucene.util.LuceneTestCase$LuceneTestCaseRunner.runChild(LuceneTestCase.java:1156)
    [junit] 	at org.apache.lucene.util.LuceneTestCase$LuceneTestCaseRunner.runChild(LuceneTestCase.java:1088)
    [junit] 	at org.apache.lucene.index.TestIndexWriterReader.testAddCloseOpen(TestIndexWriterReader.java:92)
    [junit] 
    [junit] 
    [junit] Tests run: 18, Failures: 1, Errors: 0, Time elapsed: 13.367 sec
    [junit] 
    [junit] ------------- Standard Error -----------------
    [junit] NOTE: reproduce with: ant test -Dtestcase=TestIndexWriterReader -Dtestmethod=testAddCloseOpen -Dtests.seed=-3965716881639000102:5150061682022822941
    [junit] NOTE: test params are: codec=RandomCodecProvider: {field5=Pulsing(freqCutoff=2), field=Pulsing(freqCutoff=2), id=MockFixedIntBlock(blockSize=437), field4=MockSep, field3=SimpleText, field2=Standard, foo=SimpleText, field1=Standard, indexname=MockFixedIntBlock(blockSize=437)}, locale=es_CO, timezone=America/Merida
    [junit] NOTE: all tests run in this JVM:
    [junit] [TestCharTermAttributeImpl, TestBinaryDocument, TestBackwardsCompatibility, TestFilterIndexReader, TestIndexReaderClone, TestIndexWriterMerging, TestIndexWriterReader]
    [junit] NOTE: Linux 2.6.32-24-generic amd64/Sun Microsystems Inc. 1.6.0_18 (64-bit)/cpus=2,threads=1,free=67674704,total=213057536
    [junit] ------------- ---------------- ---------------
    [junit] TEST org.apache.lucene.index.TestIndexWriterReader FAILED
    [junit] Testsuite: org.apache.lucene.index.TestPayloadProcessorProvider
    [junit] Tests run: 3, Failures: 0, Errors: 0, Time elapsed: 1.002 sec
    [junit] 
    [junit] Testsuite: org.apache.lucene.index.TestSegmentInfo
    [junit] Tests run: 1, Failures: 0, Errors: 0, Time elapsed: 0.057 sec
    [junit] 
    [junit] Testsuite: org.apache.lucene.index.TestTermdocPerf
    [junit] Tests run: 1, Failures: 0, Errors: 0, Time elapsed: 0.052 sec
    [junit] 
    [junit] Testsuite: org.apache.lucene.search.TestAutomatonQuery
    [junit] Tests run: 6, Failures: 0, Errors: 0, Time elapsed: 0.603 sec
    [junit] 
    [junit] Testsuite: org.apache.lucene.search.TestMultiPhraseQuery
    [junit] Tests run: 7, Failures: 0, Errors: 0, Time elapsed: 0.241 sec
    [junit] 
    [junit] Testsuite: org.apache.lucene.search.TestMultiTermQueryRewrites
    [junit] Tests run: 3, Failures: 0, Errors: 0, Time elapsed: 0.284 sec
    [junit] 
    [junit] Testsuite: org.apache.lucene.search.TestNot
    [junit] Tests run: 1, Failures: 0, Errors: 0, Time elapsed: 0.157 sec
    [junit] 
    [junit] Testsuite: org.apache.lucene.index.TestMultiLevelSkipList
    [junit] Tests run: 1, Failures: 0, Errors: 0, Time elapsed: 2.255 sec
    [junit] 
    [junit] Testsuite: org.apache.lucene.index.TestNoDeletionPolicy
    [junit] Tests run: 4, Failures: 0, Errors: 0, Time elapsed: 0.196 sec
    [junit] 
    [junit] Testsuite: org.apache.lucene.index.TestNorms
    [junit] Tests run: 2, Failures: 0, Errors: 0, Time elapsed: 7.299 sec
    [junit] 
    [junit]     _18.tvd
    [junit]     _18.tvf
    [junit]     _18.tvx
    [junit]     _1h.tvd
    [junit]     _1h.tvf
    [junit]     _1h.tvx
    [junit]     _1q.tvd
    [junit]     _1q.tvf
    [junit]     _1q.tvx
    [junit]     _1z.tvd
    [junit]     _1z.tvf
    [junit]     _1z.tvx
    [junit]     _20.fdt
    [junit]     _20.fdx
    [junit]     _20.fnm
    [junit]     _20.nrm
    [junit]     _20.tvd
    [junit]     _20.tvf
    [junit]     _20.tvx
    [junit]     _20_0.doc
    [junit]     _20_0.frq
    [junit]     _20_0.pos
    [junit]     _20_0.pyl
    [junit]     _20_0.skp
    [junit]     _20_0.tii
    [junit]     _20_0.tis
    [junit]     _29.tvd
    [junit]     _29.tvf
    [junit]     _29.tvx
    [junit]     _2i.tvd
    [junit]     _2i.tvf
    [junit]     _2i.tvx
    [junit]     _2r.tvd
    [junit]     _2r.tvf
    [junit]     _2r.tvx
    [junit]     _30.tvd
    [junit]     _30.tvf
    [junit]     _30.tvx
    [junit]     _39.tvd
    [junit]     _39.tvf
    [junit]     _39.tvx
    [junit]     _3i.tvd
    [junit]     _3i.tvf
    [junit]     _3i.tvx
    [junit]     _3r.tvd
    [junit]     _3r.tvf
    [junit]     _3r.tvx
    [junit]     _40.tvd
    [junit]     _40.tvf
    [junit]     _40.tvx
    [junit]     _41.fdt
    [junit]     _41.fdx
    [junit]     _41.fnm
    [junit]     _41.nrm
    [junit]     _41.tvd
    [junit]     _41.tvf
    [junit]     _41.tvx
    [junit]     _41_0.doc
    [junit]     _41_0.frq
    [junit]     _41_0.pos
    [junit]     _41_0.pyl
    [junit]     _41_0.skp
    [junit]     _41_0.tii
    [junit]     _41_0.tis
    [junit]     _4a.tvd
    [junit]     _4a.tvf
    [junit]     _4a.tvx
    [junit]     _4j.tvd
    [junit]     _4j.tvf
    [junit]     _4j.tvx
    [junit]     _4s.tvd
    [junit]     _4s.tvf
    [junit]     _4s.tvx
    [junit]     _51.tvd
    [junit]     _51.tvf
    [junit]     _51.tvx
    [junit]     _5a.tvd
    [junit]     _5a.tvf
    [junit]     _5a.tvx
    [junit]     _5j.tvd
    [junit]     _5j.tvf
    [junit]     _5j.tvx
    [junit]     _5s.tvd
    [junit]     _5s.tvf
    [junit]     _5s.tvx
    [junit]     _61.tvd
    [junit]     _61.tvf
    [junit]     _61.tvx
    [junit]     _62.fdt
    [junit]     _62.fdx
    [junit]     _62.fnm
    [junit]     _62.nrm
    [junit]     _62.tvd
    [junit]     _62.tvf
    [junit]     _62.tvx
    [junit]     _62_0.doc
    [junit]     _62_0.frq
    [junit]     _62_0.pos
    [junit]     _62_0.pyl
    [junit]     _62_0.skp
    [junit]     _62_0.tii
    [junit]     _62_0.tis
    [junit]     _6b.tvd
    [junit]     _6b.tvf
    [junit]     _6b.tvx
    [junit]     _6k.tvd
    [junit]     _6k.tvf
    [junit]     _6k.tvx
    [junit]     _6t.tvd
    [junit]     _6t.tvf
    [junit]     _6t.tvx
    [junit]     _72.tvd
    [junit]     _72.tvf
    [junit]     _72.tvx
    [junit]     _7b.tvd
    [junit]     _7b.tvf
    [junit]     _7b.tvx
    [junit]     _7k.tvd
    [junit]     _7k.tvf
    [junit]     _7k.tvx
    [junit]     _7t.tvd
    [junit]     _7t.tvf
    [junit]     _7t.tvx
    [junit]     _8.tvd
    [junit]     _8.tvf
    [junit]     _8.tvx
    [junit]     _82.tvd
    [junit]     _82.tvf
    [junit]     _82.tvx
    [junit]     _83.fdt
    [junit]     _83.fdx
    [junit]     _83.fnm
    [junit]     _83.nrm
    [junit]     _83.tvd
    [junit]     _83.tvf
    [junit]     _83.tvx
    [junit]     _83_0.doc
    [junit]     _83_0.frq
    [junit]     _83_0.pos
    [junit]     _83_0.pyl
    [junit]     _83_0.skp
    [junit]     _83_0.tii
    [junit]     _83_0.tis
    [junit]     _8c.fdt
    [junit]     _8c.fdx
    [junit]     _8c.fnm
    [junit]     _8c.nrm
    [junit]     _8c.tvd
    [junit]     _8c.tvf
    [junit]     _8c.tvx
    [junit]     _8c_0.doc
    [junit]     _8c_0.frq
    [junit]     _8c_0.pos
    [junit]     _8c_0.pyl
    [junit]     _8c_0.skp
    [junit]     _8c_0.tii
    [junit]     _8c_0.tis
    [junit]     _8d.fdt
    [junit]     _8d.fdx
    [junit]     _8d.fnm
    [junit]     _8d.nrm
    [junit]     _8d.tvd
    [junit]     _8d.tvf
    [junit]     _8d.tvx
    [junit]     _8d_0.doc
    [junit]     _8d_0.frq
    [junit]     _8d_0.pos
    [junit]     _8d_0.pyl
    [junit]     _8d_0.skp
    [junit]     _8d_0.tii
    [junit]     _8d_0.tis
    [junit]     _8e.fdt
    [junit]     _8e.fdx
    [junit]     _8e.fnm
    [junit]     _8e.nrm
    [junit]     _8e.tvd
    [junit]     _8e.tvf
    [junit]     _8e.tvx
    [junit]     _8e_0.doc
    [junit]     _8e_0.frq
    [junit]     _8e_0.pos
    [junit]     _8e_0.pyl
    [junit]     _8e_0.skp
    [junit]     _8e_0.tii
    [junit]     _8e_0.tis
    [junit]     _8f.fdt
    [junit]     _8f.fdx
    [junit]     _8f.fnm
    [junit]     _8f.nrm
    [junit]     _8f.tvd
    [junit]     _8f.tvf
    [junit]     _8f.tvx
    [junit]     _8f_0.doc
    [junit]     _8f_0.frq
    [junit]     _8f_0.pos
    [junit]     _8f_0.pyl
    [junit]     _8f_0.skp
    [junit]     _8f_0.tii
    [junit]     _8f_0.tis
    [junit]     _h.tvd
    [junit]     _h.tvf
    [junit]     _h.tvx
    [junit]     _q.tvd
    [junit]     _q.tvf
    [junit]     _q.tvx
    [junit]     _z.tvd
    [junit]     _z.tvf
    [junit]     _z.tvx
    [junit]     segments.gen
    [junit]     segments_7g
    [junit]   after delete:
    [junit]     _20.fdt
    [junit]     _20.fdx
    [junit]     _20.fnm
    [junit]     _20.nrm
    [junit]     _20_0.doc
    [junit]     _20_0.frq
    [junit]     _20_0.pos
    [junit]     _20_0.pyl
    [junit]     _20_0.skp
    [junit]     _20_0.tii
    [junit]     _20_0.tis
    [junit]     _41.fdt
    [junit]     _41.fdx
    [junit]     _41.fnm
    [junit]     _41.nrm
    [junit]     _41_0.doc
    [junit]     _41_0.frq
    [junit]     _41_0.pos
    [junit]     _41_0.pyl
    [junit]     _41_0.skp
    [junit]     _41_0.tii
    [junit]     _41_0.tis
    [junit]     _62.fdt
    [junit]     _62.fdx
    [junit]     _62.fnm
    [junit]     _62.nrm
    [junit]     _62_0.doc
    [junit]     _62_0.frq
    [junit]     _62_0.pos
    [junit]     _62_0.pyl
    [junit]     _62_0.skp
    [junit]     _62_0.tii
    [junit]     _62_0.tis
    [junit]     _83.fdt
    [junit]     _83.fdx
    [junit]     _83.fnm
    [junit]     _83.nrm
    [junit]     _83_0.doc
    [junit]     _83_0.frq
    [junit]     _83_0.pos
    [junit]     _83_0.pyl
    [junit]     _83_0.skp
    [junit]     _83_0.tii
    [junit]     _83_0.tis
    [junit]     _8c.fdt
    [junit]     _8c.fdx
    [junit]     _8c.fnm
    [junit]     _8c.nrm
    [junit]     _8c_0.doc
    [junit]     _8c_0.frq
    [junit]     _8c_0.pos
    [junit]     _8c_0.pyl
    [junit]     _8c_0.skp
    [junit]     _8c_0.tii
    [junit]     _8c_0.tis
    [junit]     _8d.fdt
    [junit]     _8d.fdx
    [junit]     _8d.fnm
    [junit]     _8d.nrm
    [junit]     _8d.tvd
    [junit]     _8d.tvf
    [junit]     _8d.tvx
    [junit]     _8d_0.doc
    [junit]     _8d_0.frq
    [junit]     _8d_0.pos
    [junit]     _8d_0.pyl
    [junit]     _8d_0.skp
    [junit]     _8d_0.tii
    [junit]     _8d_0.tis
    [junit]     _8e.fdt
    [junit]     _8e.fdx
    [junit]     _8e.fnm
    [junit]     _8e.nrm
    [junit]     _8e.tvd
    [junit]     _8e.tvf
    [junit]     _8e.tvx
    [junit]     _8e_0.doc
    [junit]     _8e_0.frq
    [junit]     _8e_0.pos
    [junit]     _8e_0.pyl
    [junit]     _8e_0.skp
    [junit]     _8e_0.tii
    [junit]     _8e_0.tis
    [junit]     _8f.fdt
    [junit]     _8f.fdx
    [junit]     _8f.fnm
    [junit]     _8f.nrm
    [junit]     _8f.tvd
    [junit]     _8f.tvf
    [junit]     _8f.tvx
    [junit]     _8f_0.doc
    [junit]     _8f_0.frq
    [junit]     _8f_0.pos
    [junit]     _8f_0.pyl
    [junit]     _8f_0.skp
    [junit]     _8f_0.tii
    [junit]     _8f_0.tis
    [junit]     segments.gen
    [junit]     segments_7g)
    [junit] Testsuite: org.apache.lucene.index.TestSnapshotDeletionPolicy
    [junit] Testcase: testSnapshotDeletionPolicy(org.apache.lucene.index.TestSnapshotDeletionPolicy):	FAILED
    [junit] some files were not deleted but should have been: before delete:
    [junit]     _18.tvd
    [junit]     _18.tvf
    [junit]     _18.tvx
    [junit]     _1h.tvd
    [junit]     _1h.tvf
    [junit]     _1h.tvx
    [junit]     _1q.tvd
    [junit]     _1q.tvf
    [junit]     _1q.tvx
    [junit]     _1z.tvd
    [junit]     _1z.tvf
    [junit]     _1z.tvx
    [junit]     _20.fdt
    [junit]     _20.fdx
    [junit]     _20.fnm
    [junit]     _20.nrm
    [junit]     _20.tvd
    [junit]     _20.tvf
    [junit]     _20.tvx
    [junit]     _20_0.doc
    [junit]     _20_0.frq
    [junit]     _20_0.pos
    [junit]     _20_0.pyl
    [junit]     _20_0.skp
    [junit]     _20_0.tii
    [junit]     _20_0.tis
    [junit]     _29.tvd
    [junit]     _29.tvf
    [junit]     _29.tvx
    [junit]     _2i.tvd
    [junit]     _2i.tvf
    [junit]     _2i.tvx
    [junit]     _2r.tvd
    [junit]     _2r.tvf
    [junit]     _2r.tvx
    [junit]     _30.tvd
    [junit]     _30.tvf
    [junit]     _30.tvx
    [junit]     _39.tvd
    [junit]     _39.tvf
    [junit]     _39.tvx
    [junit]     _3i.tvd
    [junit]     _3i.tvf
    [junit]     _3i.tvx
    [junit]     _3r.tvd
    [junit]     _3r.tvf
    [junit]     _3r.tvx
    [junit]     _40.tvd
    [junit]     _40.tvf
    [junit]     _40.tvx
    [junit]     _41.fdt
    [junit]     _41.fdx
    [junit]     _41.fnm
    [junit]     _41.nrm
    [junit]     _41.tvd
    [junit]     _41.tvf
    [junit]     _41.tvx
    [junit]     _41_0.doc
    [junit]     _41_0.frq
    [junit]     _41_0.pos
    [junit]     _41_0.pyl
    [junit]     _41_0.skp
    [junit]     _41_0.tii
    [junit]     _41_0.tis
    [junit]     _4a.tvd
    [junit]     _4a.tvf
    [junit]     _4a.tvx
    [junit]     _4j.tvd
    [junit]     _4j.tvf
    [junit]     _4j.tvx
    [junit]     _4s.tvd
    [junit]     _4s.tvf
    [junit]     _4s.tvx
    [junit]     _51.tvd
    [junit]     _51.tvf
    [junit]     _51.tvx
    [junit]     _5a.tvd
    [junit]     _5a.tvf
    [junit]     _5a.tvx
    [junit]     _5j.tvd
    [junit]     _5j.tvf
    [junit]     _5j.tvx
    [junit]     _5s.tvd
    [junit]     _5s.tvf
    [junit]     _5s.tvx
    [junit]     _61.tvd
    [junit]     _61.tvf
    [junit]     _61.tvx
    [junit]     _62.fdt
    [junit]     _62.fdx
    [junit]     _62.fnm
    [junit]     _62.nrm
    [junit]     _62.tvd
    [junit]     _62.tvf
    [junit]     _62.tvx
    [junit]     _62_0.doc
    [junit]     _62_0.frq
    [junit]     _62_0.pos
    [junit]     _62_0.pyl
    [junit]     _62_0.skp
    [junit]     _62_0.tii
    [junit]     _62_0.tis
    [junit]     _6b.tvd
    [junit]     _6b.tvf
    [junit]     _6b.tvx
    [junit]     _6k.tvd
    [junit]     _6k.tvf
    [junit]     _6k.tvx
    [junit]     _6t.tvd
    [junit]     _6t.tvf
    [junit]     _6t.tvx
    [junit]     _72.tvd
    [junit]     _72.tvf
    [junit]     _72.tvx
    [junit]     _7b.tvd
    [junit]     _7b.tvf
    [junit]     _7b.tvx
    [junit]     _7k.tvd
    [junit]     _7k.tvf
    [junit]     _7k.tvx
    [junit]     _7t.tvd
    [junit]     _7t.tvf
    [junit]     _7t.tvx
    [junit]     _8.tvd
    [junit]     _8.tvf
    [junit]     _8.tvx
    [junit]     _82.tvd
    [junit]     _82.tvf
    [junit]     _82.tvx
    [junit]     _83.fdt
    [junit]     _83.fdx
    [junit]     _83.fnm
    [junit]     _83.nrm
    [junit]     _83.tvd
    [junit]     _83.tvf
    [junit]     _83.tvx
    [junit]     _83_0.doc
    [junit]     _83_0.frq
    [junit]     _83_0.pos
    [junit]     _83_0.pyl
    [junit]     _83_0.skp
    [junit]     _83_0.tii
    [junit]     _83_0.tis
    [junit]     _8c.fdt
    [junit]     _8c.fdx
    [junit]     _8c.fnm
    [junit]     _8c.nrm
    [junit]     _8c.tvd
    [junit]     _8c.tvf
    [junit]     _8c.tvx
    [junit]     _8c_0.doc
    [junit]     _8c_0.frq
    [junit]     _8c_0.pos
    [junit]     _8c_0.pyl
    [junit]     _8c_0.skp
    [junit]     _8c_0.tii
    [junit]     _8c_0.tis
    [junit]     _8d.fdt
    [junit]     _8d.fdx
    [junit]     _8d.fnm
    [junit]     _8d.nrm
    [junit]     _8d.tvd
    [junit]     _8d.tvf
    [junit]     _8d.tvx
    [junit]     _8d_0.doc
    [junit]     _8d_0.frq
    [junit]     _8d_0.pos
    [junit]     _8d_0.pyl
    [junit]     _8d_0.skp
    [junit]     _8d_0.tii
    [junit]     _8d_0.tis
    [junit]     _8e.fdt
    [junit]     _8e.fdx
    [junit]     _8e.fnm
    [junit]     _8e.nrm
    [junit]     _8e.tvd
    [junit]     _8e.tvf
    [junit]     _8e.tvx
    [junit]     _8e_0.doc
    [junit]     _8e_0.frq
    [junit]     _8e_0.pos
    [junit]     _8e_0.pyl
    [junit]     _8e_0.skp
    [junit]     _8e_0.tii
    [junit]     _8e_0.tis
    [junit]     _8f.fdt
    [junit]     _8f.fdx
    [junit]     _8f.fnm
    [junit]     _8f.nrm
    [junit]     _8f.tvd
    [junit]     _8f.tvf
    [junit]     _8f.tvx
    [junit]     _8f_0.doc
    [junit]     _8f_0.frq
    [junit]     _8f_0.pos
    [junit]     _8f_0.pyl
    [junit]     _8f_0.skp
    [junit]     _8f_0.tii
    [junit]     _8f_0.tis
    [junit]     _h.tvd
    [junit]     _h.tvf
    [junit]     _h.tvx
    [junit]     _q.tvd
    [junit]     _q.tvf
    [junit]     _q.tvx
    [junit]     _z.tvd
    [junit]     _z.tvf
    [junit]     _z.tvx
    [junit]     segments.gen
    [junit]     segments_7g
    [junit]   after delete:
    [junit]     _20.fdt
    [junit]     _20.fdx
    [junit]     _20.fnm
    [junit]     _20.nrm
    [junit]     _20_0.doc
    [junit]     _20_0.frq
    [junit]     _20_0.pos
    [junit]     _20_0.pyl
    [junit]     _20_0.skp
    [junit]     _20_0.tii
    [junit]     _20_0.tis
    [junit]     _41.fdt
    [junit]     _41.fdx
    [junit]     _41.fnm
    [junit]     _41.nrm
    [junit]     _41_0.doc
    [junit]     _41_0.frq
    [junit]     _41_0.pos
    [junit]     _41_0.pyl
    [junit]     _41_0.skp
    [junit]     _41_0.tii
    [junit]     _41_0.tis
    [junit]     _62.fdt
    [junit]     _62.fdx
    [junit]     _62.fnm
    [junit]     _62.nrm
    [junit]     _62_0.doc
    [junit]     _62_0.frq
    [junit]     _62_0.pos
    [junit]     _62_0.pyl
    [junit]     _62_0.skp
    [junit]     _62_0.tii
    [junit]     _62_0.tis
    [junit]     _83.fdt
    [junit]     _83.fdx
    [junit]     _83.fnm
    [junit]     _83.nrm
    [junit]     _83_0.doc
    [junit]     _83_0.frq
    [junit]     _83_0.pos
    [junit]     _83_0.pyl
    [junit]     _83_0.skp
    [junit]     _83_0.tii
    [junit]     _83_0.tis
    [junit]     _8c.fdt
    [junit]     _8c.fdx
    [junit]     _8c.fnm
    [junit]     _8c.nrm
    [junit]     _8c_0.doc
    [junit]     _8c_0.frq
    [junit]     _8c_0.pos
    [junit]     _8c_0.pyl
    [junit]     _8c_0.skp
    [junit]     _8c_0.tii
    [junit]     _8c_0.tis
    [junit]     _8d.fdt
    [junit]     _8d.fdx
    [junit]     _8d.fnm
    [junit]     _8d.nrm
    [junit]     _8d.tvd
    [junit]     _8d.tvf
    [junit]     _8d.tvx
    [junit]     _8d_0.doc
    [junit]     _8d_0.frq
    [junit]     _8d_0.pos
    [junit]     _8d_0.pyl
    [junit]     _8d_0.skp
    [junit]     _8d_0.tii
    [junit]     _8d_0.tis
    [junit]     _8e.fdt
    [junit]     _8e.fdx
    [junit]     _8e.fnm
    [junit]     _8e.nrm
    [junit]     _8e.tvd
    [junit]     _8e.tvf
    [junit]     _8e.tvx
    [junit]     _8e_0.doc
    [junit]     _8e_0.frq
    [junit]     _8e_0.pos
    [junit]     _8e_0.pyl
    [junit]     _8e_0.skp
    [junit]     _8e_0.tii
    [junit]     _8e_0.tis
    [junit]     _8f.fdt
    [junit]     _8f.fdx
    [junit]     _8f.fnm
    [junit]     _8f.nrm
    [junit]     _8f.tvd
    [junit]     _8f.tvf
    [junit]     _8f.tvx
    [junit]     _8f_0.doc
    [junit]     _8f_0.frq
    [junit]     _8f_0.pos
    [junit]     _8f_0.pyl
    [junit]     _8f_0.skp
    [junit]     _8f_0.tii
    [junit]     _8f_0.tis
    [junit]     segments.gen
    [junit]     segments_7g
    [junit] junit.framework.AssertionFailedError: some files were not deleted but should have been: before delete:
    [junit]     _18.tvd
    [junit]     _18.tvf
    [junit]     _18.tvx
    [junit]     _1h.tvd
    [junit]     _1h.tvf
    [junit]     _1h.tvx
    [junit]     _1q.tvd
    [junit]     _1q.tvf
    [junit]     _1q.tvx
    [junit]     _1z.tvd
    [junit]     _1z.tvf
    [junit]     _1z.tvx
    [junit]     _20.fdt
    [junit]     _20.fdx
    [junit]     _20.fnm
    [junit]     _20.nrm
    [junit]     _20.tvd
    [junit]     _20.tvf
    [junit]     _20.tvx
    [junit]     _20_0.doc
    [junit]     _20_0.frq
    [junit]     _20_0.pos
    [junit]     _20_0.pyl
    [junit]     _20_0.skp
    [junit]     _20_0.tii
    [junit]     _20_0.tis
    [junit]     _29.tvd
    [junit]     _29.tvf
    [junit]     _29.tvx
    [junit]     _2i.tvd
    [junit]     _2i.tvf
    [junit]     _2i.tvx
    [junit]     _2r.tvd
    [junit]     _2r.tvf
    [junit]     _2r.tvx
    [junit]     _30.tvd
    [junit]     _30.tvf
    [junit]     _30.tvx
    [junit]     _39.tvd
    [junit]     _39.tvf
    [junit]     _39.tvx
    [junit]     _3i.tvd
    [junit]     _3i.tvf
    [junit]     _3i.tvx
    [junit]     _3r.tvd
    [junit]     _3r.tvf
    [junit]     _3r.tvx
    [junit]     _40.tvd
    [junit]     _40.tvf
    [junit]     _40.tvx
    [junit]     _41.fdt
    [junit]     _41.fdx
    [junit]     _41.fnm
    [junit]     _41.nrm
    [junit]     _41.tvd
    [junit]     _41.tvf
    [junit]     _41.tvx
    [junit]     _41_0.doc
    [junit]     _41_0.frq
    [junit]     _41_0.pos
    [junit]     _41_0.pyl
    [junit]     _41_0.skp
    [junit]     _41_0.tii
    [junit]     _41_0.tis
    [junit]     _4a.tvd
    [junit]     _4a.tvf
    [junit]     _4a.tvx
    [junit]     _4j.tvd
    [junit]     _4j.tvf
    [junit]     _4j.tvx
    [junit]     _4s.tvd
    [junit]     _4s.tvf
    [junit]     _4s.tvx
    [junit]     _51.tvd
    [junit]     _51.tvf
    [junit]     _51.tvx
    [junit]     _5a.tvd
    [junit]     _5a.tvf
    [junit]     _5a.tvx
    [junit]     _5j.tvd
    [junit]     _5j.tvf
    [junit]     _5j.tvx
    [junit]     _5s.tvd
    [junit]     _5s.tvf
    [junit]     _5s.tvx
    [junit]     _61.tvd
    [junit]     _61.tvf
    [junit]     _61.tvx
    [junit]     _62.fdt
    [junit]     _62.fdx
    [junit]     _62.fnm
    [junit]     _62.nrm
    [junit]     _62.tvd
    [junit]     _62.tvf
    [junit]     _62.tvx
    [junit]     _62_0.doc
    [junit]     _62_0.frq
    [junit]     _62_0.pos
    [junit]     _62_0.pyl
    [junit]     _62_0.skp
    [junit]     _62_0.tii
    [junit]     _62_0.tis
    [junit]     _6b.tvd
    [junit]     _6b.tvf
    [junit]     _6b.tvx
    [junit]     _6k.tvd
    [junit]     _6k.tvf
    [junit]     _6k.tvx
    [junit]     _6t.tvd
    [junit]     _6t.tvf
    [junit]     _6t.tvx
    [junit]     _72.tvd
    [junit]     _72.tvf
    [junit]     _72.tvx
    [junit]     _7b.tvd
    [junit]     _7b.tvf
    [junit]     _7b.tvx
    [junit]     _7k.tvd
    [junit]     _7k.tvf
    [junit]     _7k.tvx
    [junit]     _7t.tvd
    [junit]     _7t.tvf
    [junit]     _7t.tvx
    [junit]     _8.tvd
    [junit]     _8.tvf
    [junit]     _8.tvx
    [junit]     _82.tvd
    [junit]     _82.tvf
    [junit]     _82.tvx
    [junit]     _83.fdt
    [junit]     _83.fdx
    [junit]     _83.fnm
    [junit]     _83.nrm
    [junit]     _83.tvd
    [junit]     _83.tvf
    [junit]     _83.tvx
    [junit]     _83_0.doc
    [junit]     _83_0.frq
    [junit]     _83_0.pos
    [junit]     _83_0.pyl
    [junit]     _83_0.skp
    [junit]     _83_0.tii
    [junit]     _83_0.tis
    [junit]     _8c.fdt
    [junit]     _8c.fdx
    [junit]     _8c.fnm
    [junit]     _8c.nrm
    [junit]     _8c.tvd
    [junit]     _8c.tvf
    [junit]     _8c.tvx
    [junit]     _8c_0.doc
    [junit]     _8c_0.frq
    [junit]     _8c_0.pos
    [junit]     _8c_0.pyl
    [junit]     _8c_0.skp
    [junit]     _8c_0.tii
    [junit]     _8c_0.tis
    [junit]     _8d.fdt
    [junit]     _8d.fdx
    [junit]     _8d.fnm
    [junit]     _8d.nrm
    [junit]     _8d.tvd
    [junit]     _8d.tvf
    [junit]     _8d.tvx
    [junit]     _8d_0.doc
    [junit]     _8d_0.frq
    [junit]     _8d_0.pos
    [junit]     _8d_0.pyl
    [junit]     _8d_0.skp
    [junit]     _8d_0.tii
    [junit]     _8d_0.tis
    [junit]     _8e.fdt
    [junit]     _8e.fdx
    [junit]     _8e.fnm
    [junit]     _8e.nrm
    [junit]     _8e.tvd
    [junit]     _8e.tvf
    [junit]     _8e.tvx
    [junit]     _8e_0.doc
    [junit]     _8e_0.frq
    [junit]     _8e_0.pos
    [junit]     _8e_0.pyl
    [junit]     _8e_0.skp
    [junit]     _8e_0.tii
    [junit]     _8e_0.tis
    [junit]     _8f.fdt
    [junit]     _8f.fdx
    [junit]     _8f.fnm
    [junit]     _8f.nrm
    [junit]     _8f.tvd
    [junit]     _8f.tvf
    [junit]     _8f.tvx
    [junit]     _8f_0.doc
    [junit]     _8f_0.frq
    [junit]     _8f_0.pos
    [junit]     _8f_0.pyl
    [junit]     _8f_0.skp
    [junit]     _8f_0.tii
    [junit]     _8f_0.tis
    [junit]     _h.tvd
    [junit]     _h.tvf
    [junit]     _h.tvx
    [junit]     _q.tvd
    [junit]     _q.tvf
    [junit]     _q.tvx
    [junit]     _z.tvd
    [junit]     _z.tvf
    [junit]     _z.tvx
    [junit]     segments.gen
    [junit]     segments_7g
    [junit]   after delete:
    [junit]     _20.fdt
    [junit]     _20.fdx
    [junit]     _20.fnm
    [junit]     _20.nrm
    [junit]     _20_0.doc
    [junit]     _20_0.frq
    [junit]     _20_0.pos
    [junit]     _20_0.pyl
    [junit]     _20_0.skp
    [junit]     _20_0.tii
    [junit]     _20_0.tis
    [junit]     _41.fdt
    [junit]     _41.fdx
    [junit]     _41.fnm
    [junit]     _41.nrm
    [junit]     _41_0.doc
    [junit]     _41_0.frq
    [junit]     _41_0.pos
    [junit]     _41_0.pyl
    [junit]     _41_0.skp
    [junit]     _41_0.tii
    [junit]     _41_0.tis
    [junit]     _62.fdt
    [junit]     _62.fdx
    [junit]     _62.fnm
    [junit]     _62.nrm
    [junit]     _62_0.doc
    [junit]     _62_0.frq
    [junit]     _62_0.pos
    [junit]     _62_0.pyl
    [junit]     _62_0.skp
    [junit]     _62_0.tii
    [junit]     _62_0.tis
    [junit]     _83.fdt
    [junit]     _83.fdx
    [junit]     _83.fnm
    [junit]     _83.nrm
    [junit]     _83_0.doc
    [junit]     _83_0.frq
    [junit]     _83_0.pos
    [junit]     _83_0.pyl
    [junit]     _83_0.skp
    [junit]     _83_0.tii
    [junit]     _83_0.tis
    [junit]     _8c.fdt
    [junit]     _8c.fdx
    [junit]     _8c.fnm
    [junit]     _8c.nrm
    [junit]     _8c_0.doc
    [junit]     _8c_0.frq
    [junit]     _8c_0.pos
    [junit]     _8c_0.pyl
    [junit]     _8c_0.skp
    [junit]     _8c_0.tii
    [junit]     _8c_0.tis
    [junit]     _8d.fdt
    [junit]     _8d.fdx
    [junit]     _8d.fnm
    [junit]     _8d.nrm
    [junit]     _8d.tvd
    [junit]     _8d.tvf
    [junit]     _8d.tvx
    [junit]     _8d_0.doc
    [junit]     _8d_0.frq
    [junit]     _8d_0.pos
    [junit]     _8d_0.pyl
    [junit]     _8d_0.skp
    [junit]     _8d_0.tii
    [junit]     _8d_0.tis
    [junit]     _8e.fdt
    [junit]     _8e.fdx
    [junit]     _8e.fnm
    [junit]     _8e.nrm
    [junit]     _8e.tvd
    [junit]     _8e.tvf
    [junit]     _8e.tvx
    [junit]     _8e_0.doc
    [junit]     _8e_0.frq
    [junit]     _8e_0.pos
    [junit]     _8e_0.pyl
    [junit]     _8e_0.skp
    [junit]     _8e_0.tii
    [junit]     _8e_0.tis
    [junit]     _8f.fdt
    [junit]     _8f.fdx
    [junit]     _8f.fnm
    [junit]     _8f.nrm
    [junit]     _8f.tvd
    [junit]     _8f.tvf
    [junit]     _8f.tvx
    [junit]     _8f_0.doc
    [junit]     _8f_0.frq
    [junit]     _8f_0.pos
    [junit]     _8f_0.pyl
    [junit]     _8f_0.skp
    [junit]     _8f_0.tii
    [junit]     _8f_0.tis
    [junit]     segments.gen
    [junit]     segments_7g
    [junit] 	at org.apache.lucene.util.LuceneTestCase$LuceneTestCaseRunner.runChild(LuceneTestCase.java:1156)
    [junit] 	at org.apache.lucene.util.LuceneTestCase$LuceneTestCaseRunner.runChild(LuceneTestCase.java:1088)
    [junit]     _18.tvd
    [junit]     _18.tvf
    [junit]     _18.tvx
    [junit]     _1h.tvd
    [junit]     _1h.tvf
    [junit]     _1h.tvx
    [junit]     _1q.tvd
    [junit]     _1q.tvf
    [junit]     _1q.tvx
    [junit]     _1z.tvd
    [junit]     _1z.tvf
    [junit]     _1z.tvx
    [junit]     _20.fdt
    [junit]     _20.fdx
    [junit]     _20.fnm
    [junit]     _20.nrm
    [junit]     _20.tvd
    [junit]     _20.tvf
    [junit]     _20.tvx
    [junit]     _20_0.doc
    [junit]     _20_0.frq
    [junit]     _20_0.pos
    [junit]     _20_0.pyl
    [junit]     _20_0.skp
    [junit]     _20_0.tii
    [junit]     _20_0.tis
    [junit]     _29.tvd
    [junit]     _29.tvf
    [junit]     _29.tvx
    [junit]     _2i.tvd
    [junit]     _2i.tvf
    [junit]     _2i.tvx
    [junit]     _2r.tvd
    [junit]     _2r.tvf
    [junit]     _2r.tvx
    [junit]     _30.tvd
    [junit]     _30.tvf
    [junit]     _30.tvx
    [junit]     _39.tvd
    [junit]     _39.tvf
    [junit]     _39.tvx
    [junit]     _3i.tvd
    [junit]     _3i.tvf
    [junit]     _3i.tvx
    [junit]     _3r.tvd
    [junit]     _3r.tvf
    [junit]     _3r.tvx
    [junit]     _40.tvd
    [junit]     _40.tvf
    [junit]     _40.tvx
    [junit]     _41.fdt
    [junit]     _41.fdx
    [junit]     _41.fnm
    [junit]     _41.nrm
    [junit]     _41.tvd
    [junit]     _41.tvf
    [junit]     _41.tvx
    [junit]     _41_0.doc
    [junit]     _41_0.frq
    [junit]     _41_0.pos
    [junit]     _41_0.pyl
    [junit]     _41_0.skp
    [junit]     _41_0.tii
    [junit]     _41_0.tis
    [junit]     _4a.tvd
    [junit]     _4a.tvf
    [junit]     _4a.tvx
    [junit]     _4j.tvd
    [junit]     _4j.tvf
    [junit]     _4j.tvx
    [junit]     _4s.tvd
    [junit]     _4s.tvf
    [junit]     _4s.tvx
    [junit]     _51.tvd
    [junit]     _51.tvf
    [junit]     _51.tvx
    [junit]     _5a.tvd
    [junit]     _5a.tvf
    [junit]     _5a.tvx
    [junit]     _5j.tvd
    [junit]     _5j.tvf
    [junit]     _5j.tvx
    [junit]     _5s.tvd
    [junit]     _5s.tvf
    [junit]     _5s.tvx
    [junit]     _61.tvd
    [junit]     _61.tvf
    [junit]     _61.tvx
    [junit]     _62.fdt
    [junit]     _62.fdx
    [junit]     _62.fnm
    [junit]     _62.nrm
    [junit]     _62.tvd
    [junit]     _62.tvf
    [junit]     _62.tvx
    [junit]     _62_0.doc
    [junit]     _62_0.frq
    [junit]     _62_0.pos
    [junit]     _62_0.pyl
    [junit]     _62_0.skp
    [junit]     _62_0.tii
    [junit]     _62_0.tis
    [junit]     _6b.tvd
    [junit]     _6b.tvf
    [junit]     _6b.tvx
    [junit]     _6k.tvd
    [junit]     _6k.tvf
    [junit]     _6k.tvx
    [junit]     _6t.tvd
    [junit]     _6t.tvf
    [junit]     _6t.tvx
    [junit]     _72.tvd
    [junit]     _72.tvf
    [junit]     _72.tvx
    [junit]     _7b.tvd
    [junit]     _7b.tvf
    [junit]     _7b.tvx
    [junit]     _7k.tvd
    [junit]     _7k.tvf
    [junit]     _7k.tvx
    [junit]     _7t.tvd
    [junit]     _7t.tvf
    [junit]     _7t.tvx
    [junit]     _8.tvd
    [junit]     _8.tvf
    [junit]     _8.tvx
    [junit]     _82.tvd
    [junit]     _82.tvf
    [junit]     _82.tvx
    [junit]     _83.fdt
    [junit]     _83.fdx
    [junit]     _83.fnm
    [junit]     _83.nrm
    [junit]     _83.tvd
    [junit]     _83.tvf
    [junit]     _83.tvx
    [junit]     _83_0.doc
    [junit]     _83_0.frq
    [junit]     _83_0.pos
    [junit]     _83_0.pyl
    [junit]     _83_0.skp
    [junit]     _83_0.tii
    [junit]     _83_0.tis
    [junit]     _8c.fdt
    [junit]     _8c.fdx
    [junit]     _8c.fnm
    [junit]     _8c.nrm
    [junit]     _8c.tvd
    [junit]     _8c.tvf
    [junit]     _8c.tvx
    [junit]     _8c_0.doc
    [junit]     _8c_0.frq
    [junit]     _8c_0.pos
    [junit]     _8c_0.pyl
    [junit]     _8c_0.skp
    [junit]     _8c_0.tii
    [junit]     _8c_0.tis
    [junit]     _8d.fdt
    [junit]     _8d.fdx
    [junit]     _8d.fnm
    [junit]     _8d.nrm
    [junit]     _8d.tvd
    [junit]     _8d.tvf
    [junit]     _8d.tvx
    [junit]     _8d_0.doc
    [junit]     _8d_0.frq
    [junit]     _8d_0.pos
    [junit]     _8d_0.pyl
    [junit]     _8d_0.skp
    [junit]     _8d_0.tii
    [junit]     _8d_0.tis
    [junit]     _8e.fdt
    [junit]     _8e.fdx
    [junit]     _8e.fnm
    [junit]     _8e.nrm
    [junit]     _8e.tvd
    [junit]     _8e.tvf
    [junit]     _8e.tvx
    [junit]     _8e_0.doc
    [junit]     _8e_0.frq
    [junit]     _8e_0.pos
    [junit]     _8e_0.pyl
    [junit]     _8e_0.skp
    [junit]     _8e_0.tii
    [junit]     _8e_0.tis
    [junit]     _8f.fdt
    [junit]     _8f.fdx
    [junit]     _8f.fnm
    [junit]     _8f.nrm
    [junit]     _8f.tvd
    [junit]     _8f.tvf
    [junit]     _8f.tvx
    [junit]     _8f_0.doc
    [junit]     _8f_0.frq
    [junit]     _8f_0.pos
    [junit]     _8f_0.pyl
    [junit]     _8f_0.skp
    [junit]     _8f_0.tii
    [junit]     _8f_0.tis
    [junit]     _h.tvd
    [junit]     _h.tvf
    [junit]     _h.tvx
    [junit]     _q.tvd
    [junit]     _q.tvf
    [junit]     _q.tvx
    [junit]     _z.tvd
    [junit]     _z.tvf
    [junit]     _z.tvx
    [junit]     segments.gen
    [junit]     segments_7g
    [junit]   after delete:
    [junit]     _20.fdt
    [junit]     _20.fdx
    [junit]     _20.fnm
    [junit]     _20.nrm
    [junit]     _20_0.doc
    [junit]     _20_0.frq
    [junit]     _20_0.pos
    [junit]     _20_0.pyl
    [junit]     _20_0.skp
    [junit]     _20_0.tii
    [junit]     _20_0.tis
    [junit]     _41.fdt
    [junit]     _41.fdx
    [junit]     _41.fnm
    [junit]     _41.nrm
    [junit]     _41_0.doc
    [junit]     _41_0.frq
    [junit]     _41_0.pos
    [junit]     _41_0.pyl
    [junit]     _41_0.skp
    [junit]     _41_0.tii
    [junit]     _41_0.tis
    [junit]     _62.fdt
    [junit]     _62.fdx
    [junit]     _62.fnm
    [junit]     _62.nrm
    [junit]     _62_0.doc
    [junit]     _62_0.frq
    [junit]     _62_0.pos
    [junit]     _62_0.pyl
    [junit]     _62_0.skp
    [junit]     _62_0.tii
    [junit]     _62_0.tis
    [junit]     _83.fdt
    [junit]     _83.fdx
    [junit]     _83.fnm
    [junit]     _83.nrm
    [junit]     _83_0.doc
    [junit]     _83_0.frq
    [junit]     _83_0.pos
    [junit]     _83_0.pyl
    [junit]     _83_0.skp
    [junit]     _83_0.tii
    [junit]     _83_0.tis
    [junit]     _8c.fdt
    [junit]     _8c.fdx
    [junit]     _8c.fnm
    [junit]     _8c.nrm
    [junit]     _8c_0.doc
    [junit]     _8c_0.frq
    [junit]     _8c_0.pos
    [junit]     _8c_0.pyl
    [junit]     _8c_0.skp
    [junit]     _8c_0.tii
    [junit]     _8c_0.tis
    [junit]     _8d.fdt
    [junit]     _8d.fdx
    [junit]     _8d.fnm
    [junit]     _8d.nrm
    [junit]     _8d.tvd
    [junit]     _8d.tvf
    [junit]     _8d.tvx
    [junit]     _8d_0.doc
    [junit]     _8d_0.frq
    [junit]     _8d_0.pos
    [junit]     _8d_0.pyl
    [junit]     _8d_0.skp
    [junit]     _8d_0.tii
    [junit]     _8d_0.tis
    [junit]     _8e.fdt
    [junit]     _8e.fdx
    [junit]     _8e.fnm
    [junit]     _8e.nrm
    [junit]     _8e.tvd
    [junit]     _8e.tvf
    [junit]     _8e.tvx
    [junit]     _8e_0.doc
    [junit]     _8e_0.frq
    [junit]     _8e_0.pos
    [junit]     _8e_0.pyl
    [junit]     _8e_0.skp
    [junit]     _8e_0.tii
    [junit]     _8e_0.tis
    [junit]     _8f.fdt
    [junit]     _8f.fdx
    [junit]     _8f.fnm
    [junit]     _8f.nrm
    [junit]     _8f.tvd
    [junit]     _8f.tvf
    [junit]     _8f.tvx
    [junit]     _8f_0.doc
    [junit]     _8f_0.frq
    [junit]     _8f_0.pos
    [junit]     _8f_0.pyl
    [junit]     _8f_0.skp
    [junit]     _8f_0.tii
    [junit]     _8f_0.tis
    [junit]     segments.gen
    [junit]     segments_7g
    [junit] 	at org.apache.lucene.index.TestIndexWriter.assertNoUnreferencedFiles(TestIndexWriter.java:166)
    [junit] 	at org.apache.lucene.index.TestSnapshotDeletionPolicy.runTest(TestSnapshotDeletionPolicy.java:147)
    [junit] 	at org.apache.lucene.index.TestSnapshotDeletionPolicy.testSnapshotDeletionPolicy(TestSnapshotDeletionPolicy.java:82)
    [junit] 
    [junit] 
    [junit] Tests run: 8, Failures: 1, Errors: 0, Time elapsed: 1.323 sec
    [junit] 
    [junit] ------------- Standard Error -----------------
    [junit] NOTE: reproduce with: ant test -Dtestcase=TestSnapshotDeletionPolicy -Dtestmethod=testSnapshotDeletionPolicy -Dtests.seed=5160881025758961452:4878265121170427740
    [junit] NOTE: test params are: codec=RandomCodecProvider: {content=MockVariableIntBlock(baseBlockSize=39)}, locale=uk, timezone=Etc/GMT-12
    [junit] NOTE: all tests run in this JVM:
    [junit] [TestCharTermAttributeImpl, TestBinaryDocument, TestBackwardsCompatibility, TestFilterIndexReader, TestIndexReaderClone, TestIndexWriterMerging, TestIndexWriterReader, TestMultiLevelSkipList, TestNoDeletionPolicy, TestNorms, TestSnapshotDeletionPolicy]
    [junit] NOTE: Linux 2.6.32-24-generic amd64/Sun Microsystems Inc. 1.6.0_18 (64-bit)/cpus=2,threads=1,free=30682696,total=187367424
    [junit] ------------- ---------------- ---------------
    [junit] TEST org.apache.lucene.index.TestSnapshotDeletionPolicy FAILED
    [junit] Testsuite: org.apache.lucene.index.TestTransactions
    [junit] Tests run: 1, Failures: 0, Errors: 0, Time elapsed: 0.652 sec
    [junit] 
    [junit] Testsuite: org.apache.lucene.search.MultiCollectorTest
    [junit] Tests run: 3, Failures: 0, Errors: 0, Time elapsed: 0.067 sec
    [junit] 
    [junit] Testsuite: org.apache.lucene.search.TestAutomatonQueryUnicode
    [junit] Tests run: 1, Failures: 0, Errors: 0, Time elapsed: 0.068 sec
    [junit] 
    [junit] Testsuite: org.apache.lucene.search.TestBooleanOr
    [junit] Tests run: 5, Failures: 0, Errors: 0, Time elapsed: 1.091 sec
    [junit] 
    [junit] Testsuite: org.apache.lucene.search.TestDisjunctionMaxQuery
    [junit] Tests run: 10, Failures: 0, Errors: 0, Time elapsed: 1.381 sec
    [junit] 
    [junit] Testsuite: org.apache.lucene.search.TestMatchAllDocsQuery
    [junit] Tests run: 2, Failures: 0, Errors: 0, Time elapsed: 0.05 sec
    [junit] 
    [junit] Testsuite: org.apache.lucene.search.TestMultiThreadTermVectors
    [junit] Tests run: 1, Failures: 0, Errors: 0, Time elapsed: 0.8 sec
    [junit] 
    [junit] Testsuite: org.apache.lucene.search.TestSubScorerFreqs
    [junit] Tests run: 3, Failures: 0, Errors: 0, Time elapsed: 0.103 sec
    [junit] 
    [junit] Testsuite: org.apache.lucene.search.TestThreadSafe
    [junit] Tests run: 1, Failures: 0, Errors: 0, Time elapsed: 0.498 sec
    [junit] 
    [junit] Testsuite: org.apache.lucene.search.TestTopScoreDocCollector
    [junit] Tests run: 1, Failures: 0, Errors: 0, Time elapsed: 0.03 sec
    [junit] 
    [junit] Testsuite: org.apache.lucene.search.TestWildcardRandom
    [junit] Tests run: 1, Failures: 0, Errors: 0, Time elapsed: 4.57 sec
    [junit] 
    [junit] Testsuite: org.apache.lucene.search.payloads.TestPayloadTermQuery
    [junit] Tests run: 6, Failures: 0, Errors: 0, Time elapsed: 2.171 sec
    [junit] 
    [junit] Testsuite: org.apache.lucene.search.spans.TestSpansAdvanced
    [junit] Tests run: 1, Failures: 0, Errors: 0, Time elapsed: 0.238 sec
    [junit] 
    [junit] Testsuite: org.apache.lucene.store.TestRAMDirectory
    [junit] Tests run: 5, Failures: 0, Errors: 0, Time elapsed: 0.591 sec
    [junit] 
    [junit] Testsuite: org.apache.lucene.util.TestArrayUtil
    [junit] Tests run: 10, Failures: 0, Errors: 0, Time elapsed: 4.87 sec
    [junit] 
    [junit] Testsuite: org.apache.lucene.util.TestCloseableThreadLocal
    [junit] Tests run: 3, Failures: 0, Errors: 0, Time elapsed: 0.041 sec
    [junit] 
    [junit] Testsuite: org.apache.lucene.util.automaton.TestLevenshteinAutomata
    [junit] Tests run: 3, Failures: 0, Errors: 0, Time elapsed: 0.984 sec
    [junit] 
    [junit] Testsuite: org.apache.lucene.util.packed.TestPackedInts
    [junit] Tests run: 8, Failures: 0, Errors: 0, Time elapsed: 6.805 sec
    [junit] 
    [junit] Tests FAILED
    [junit] Testsuite: org.apache.lucene.search.TestNumericRangeQuery64
    [junit] Tests run: 33, Failures: 0, Errors: 0, Time elapsed: 44.995 sec
    [junit] 
    [junit] Testsuite: org.apache.lucene.search.TestPositionIncrement
    [junit] Tests run: 2, Failures: 0, Errors: 0, Time elapsed: 0.275 sec
    [junit] 
    [junit] Testsuite: org.apache.lucene.search.TestPrefixQuery
    [junit] Tests run: 1, Failures: 0, Errors: 0, Time elapsed: 0.04 sec
    [junit] 
    [junit] Testsuite: org.apache.lucene.search.TestSpanQueryFilter
    [junit] Tests run: 1, Failures: 0, Errors: 0, Time elapsed: 0.311 sec
    [junit] 
    [junit] Testsuite: org.apache.lucene.analysis.TestCharTokenizers
    [junit] Tests run: 4, Failures: 0, Errors: 0, Time elapsed: 4.821 sec
    [junit] 
    [junit] Testsuite: org.apache.lucene.search.function.TestFieldScoreQuery
    [junit] Tests run: 12, Failures: 0, Errors: 0, Time elapsed: 1.802 sec
    [junit] 
    [junit] Testsuite: org.apache.lucene.search.spans.TestSpanExplanationsOfNonMatches
    [junit] Tests run: 31, Failures: 0, Errors: 0, Time elapsed: 0.39 sec
    [junit] 
    [junit] Testsuite: org.apache.lucene.search.spans.TestSpanFirstQuery
    [junit] Tests run: 1, Failures: 0, Errors: 0, Time elapsed: 0.026 sec
    [junit] 
    [junit] Testsuite: org.apache.lucene.store.TestCopyBytes
    [junit] Tests run: 1, Failures: 0, Errors: 0, Time elapsed: 0.434 sec
    [junit] 
    [junit] Testsuite: org.apache.lucene.util.TestCharacterUtils
    [junit] Tests run: 7, Failures: 0, Errors: 0, Time elapsed: 0.043 sec
    [junit] 
    [junit] Testsuite: org.apache.lucene.util.TestIndexableBinaryStringTools
    [junit] Tests run: 5, Failures: 0, Errors: 0, Time elapsed: 1.198 sec
    [junit] 
    [junit] Testsuite: org.apache.lucene.util.TestUnicodeUtil
    [junit] Tests run: 4, Failures: 0, Errors: 0, Time elapsed: 0.398 sec
    [junit] 
    [junit] Testsuite: org.apache.lucene.index.TestAddIndexes
    [junit] Tests run: 17, Failures: 0, Errors: 0, Time elapsed: 14.153 sec
    [junit] 
    [junit] Testsuite: org.apache.lucene.index.TestFieldInfos
    [junit] Tests run: 1, Failures: 0, Errors: 0, Time elapsed: 0.046 sec
    [junit] 
    [junit] Testsuite: org.apache.lucene.index.TestFlex
    [junit] Tests run: 2, Failures: 0, Errors: 0, Time elapsed: 0.587 sec
    [junit] 
    [junit] Testsuite: org.apache.lucene.index.TestIndexReaderCloneNorms
    [junit] Tests run: 3, Failures: 0, Errors: 0, Time elapsed: 1.82 sec
    [junit] 
    [junit] Testsuite: org.apache.lucene.util.automaton.fst.TestFSTs
    [junit] Tests run: 5, Failures: 0, Errors: 0, Time elapsed: 13.793 sec
    [junit] 
    [junit] ------------- Standard Error -----------------
    [junit] NOTE: Ignoring nightly-only test method 'testBigSet'
    [junit] ------------- ---------------- ---------------
    [junit] Testsuite: org.apache.lucene.TestMergeSchedulerExternal
    [junit] Tests run: 1, Failures: 0, Errors: 0, Time elapsed: 2.906 sec
    [junit] 
    [junit] Testsuite: org.apache.lucene.TestSearchForDuplicates
    [junit] Tests run: 1, Failures: 0, Errors: 0, Time elapsed: 0.741 sec
    [junit] 
    [junit] Testsuite: org.apache.lucene.analysis.TestToken
    [junit] Tests run: 9, Failures: 0, Errors: 0, Time elapsed: 2.96 sec
    [junit] 
    [junit] Testsuite: org.apache.lucene.index.TestDeletionPolicy
    [junit] Tests run: 7, Failures: 0, Errors: 0, Time elapsed: 6.528 sec
    [junit] 
    [junit] Testsuite: org.apache.lucene.index.TestIndexFileDeleter
    [junit] Tests run: 1, Failures: 0, Errors: 0, Time elapsed: 0.113 sec
    [junit] 
    [junit] Testsuite: org.apache.lucene.index.TestMaxTermFrequency
    [junit] Tests run: 1, Failures: 0, Errors: 0, Time elapsed: 1.858 sec
    [junit] 
    [junit] Testsuite: org.apache.lucene.index.TestNoMergePolicy
    [junit] Tests run: 4, Failures: 0, Errors: 0, Time elapsed: 0.046 sec
    [junit] 
    [junit] Testsuite: org.apache.lucene.index.TestPayloads
    [junit] Tests run: 5, Failures: 0, Errors: 0, Time elapsed: 0.812 sec
    [junit] 
    [junit] Testsuite: org.apache.lucene.index.TestIndexWriterExceptions
    [junit] Testcase: testRandomExceptions(org.apache.lucene.index.TestIndexWriterExceptions):	FAILED
    [junit] thread Indexer 0: hit unexpected failure
    [junit] junit.framework.AssertionFailedError: thread Indexer 0: hit unexpected failure
    [junit] 	at org.apache.lucene.util.LuceneTestCase$LuceneTestCaseRunner.runChild(LuceneTestCase.java:1156)
    [junit] 	at org.apache.lucene.util.LuceneTestCase$LuceneTestCaseRunner.runChild(LuceneTestCase.java:1088)
    [junit] 	at org.apache.lucene.index.TestIndexWriterExceptions.testRandomExceptions(TestIndexWriterExceptions.java:173)
    [junit] 
    [junit] 
    [junit] Testcase: testRandomExceptionsThreads(org.apache.lucene.index.TestIndexWriterExceptions):	FAILED
    [junit] thread Indexer 0: hit unexpected failure
    [junit] junit.framework.AssertionFailedError: thread Indexer 0: hit unexpected failure
    [junit] 	at org.apache.lucene.util.LuceneTestCase$LuceneTestCaseRunner.runChild(LuceneTestCase.java:1156)
    [junit] 	at org.apache.lucene.util.LuceneTestCase$LuceneTestCaseRunner.runChild(LuceneTestCase.java:1088)
    [junit] 	at org.apache.lucene.index.TestIndexWriterExceptions.testRandomExceptionsThreads(TestIndexWriterExceptions.java:225)
    [junit] 
    [junit] 
    [junit] Testcase: testExceptionDocumentsWriterInit(org.apache.lucene.index.TestIndexWriterExceptions):	FAILED
    [junit] did not hit exception
    [junit] junit.framework.AssertionFailedError: did not hit exception
    [junit] 	at org.apache.lucene.util.LuceneTestCase$LuceneTestCaseRunner.runChild(LuceneTestCase.java:1156)
    [junit] 	at org.apache.lucene.util.LuceneTestCase$LuceneTestCaseRunner.runChild(LuceneTestCase.java:1088)
    [junit] 	at org.apache.lucene.index.TestIndexWriterExceptions.testExceptionDocumentsWriterInit(TestIndexWriterExceptions.java:299)
    [junit] 
    [junit] 
    [junit] Testcase: testDocumentsWriterAbort(org.apache.lucene.index.TestIndexWriterExceptions):	FAILED
    [junit] 
    [junit] junit.framework.AssertionFailedError: 
    [junit] 	at org.apache.lucene.util.LuceneTestCase$LuceneTestCaseRunner.runChild(LuceneTestCase.java:1156)
    [junit] 	at org.apache.lucene.util.LuceneTestCase$LuceneTestCaseRunner.runChild(LuceneTestCase.java:1088)
    [junit] 	at org.apache.lucene.index.TestIndexWriterExceptions.testDocumentsWriterAbort(TestIndexWriterExceptions.java:510)
    [junit] 
    [junit] 
    [junit] Tests run: 18, Failures: 4, Errors: 0, Time elapsed: 27.515 sec
    [junit] 
    [junit] ------------- Standard Output ---------------
    [junit] main: unexpected exception3
    [junit] java.lang.AssertionError
    [junit] 	at org.apache.lucene.index.FreqProxTermsWriterPerField.addTerm(FreqProxTermsWriterPerField.java:144)
    [junit] 	at org.apache.lucene.index.TermsHashPerField.add(TermsHashPerField.java:234)
    [junit] 	at org.apache.lucene.index.DocInverterPerField.processFields(DocInverterPerField.java:91)
    [junit] 	at org.apache.lucene.index.DocFieldProcessor.processDocument(DocFieldProcessor.java:274)
    [junit] 	at org.apache.lucene.index.DocumentsWriterPerThread.addDocument(DocumentsWriterPerThread.java:184)
    [junit] 	at org.apache.lucene.index.DocumentsWriter.updateDocument(DocumentsWriter.java:371)
    [junit] 	at org.apache.lucene.index.IndexWriter.updateDocument(IndexWriter.java:1403)
    [junit] 	at org.apache.lucene.index.IndexWriter.updateDocument(IndexWriter.java:1375)
    [junit] 	at org.apache.lucene.index.TestIndexWriterExceptions$IndexerThread.run(TestIndexWriterExceptions.java:117)
    [junit] 	at org.apache.lucene.index.TestIndexWriterExceptions.testRandomExceptions(TestIndexWriterExceptions.java:170)
    [junit] 	at sun.reflect.NativeMethodAccessorImpl.invoke0(Native Method)
    [junit] 	at sun.reflect.NativeMethodAccessorImpl.invoke(NativeMethodAccessorImpl.java:57)
    [junit] 	at sun.reflect.DelegatingMethodAccessorImpl.invoke(DelegatingMethodAccessorImpl.java:43)
    [junit] 	at java.lang.reflect.Method.invoke(Method.java:616)
    [junit] 	at org.junit.runners.model.FrameworkMethod$1.runReflectiveCall(FrameworkMethod.java:44)
    [junit] 	at org.junit.internal.runners.model.ReflectiveCallable.run(ReflectiveCallable.java:15)
    [junit] 	at org.junit.runners.model.FrameworkMethod.invokeExplosively(FrameworkMethod.java:41)
    [junit] 	at org.junit.internal.runners.statements.InvokeMethod.evaluate(InvokeMethod.java:20)
    [junit] 	at org.junit.rules.TestWatchman$1.evaluate(TestWatchman.java:48)
    [junit] 	at org.junit.internal.runners.statements.RunBefores.evaluate(RunBefores.java:28)
    [junit] 	at org.junit.internal.runners.statements.RunAfters.evaluate(RunAfters.java:31)
    [junit] 	at org.junit.runners.BlockJUnit4ClassRunner.runChild(BlockJUnit4ClassRunner.java:76)
    [junit] 	at org.apache.lucene.util.LuceneTestCase$LuceneTestCaseRunner.runChild(LuceneTestCase.java:1156)
    [junit] 	at org.apache.lucene.util.LuceneTestCase$LuceneTestCaseRunner.runChild(LuceneTestCase.java:1088)
    [junit] 	at org.junit.runners.ParentRunner$3.run(ParentRunner.java:193)
    [junit] 	at org.junit.runners.ParentRunner$1.schedule(ParentRunner.java:52)
    [junit] 	at org.junit.runners.ParentRunner.runChildren(ParentRunner.java:191)
    [junit] 	at org.junit.runners.ParentRunner.access$000(ParentRunner.java:42)
    [junit] 	at org.junit.runners.ParentRunner$2.evaluate(ParentRunner.java:184)
    [junit] 	at org.junit.internal.runners.statements.RunBefores.evaluate(RunBefores.java:28)
    [junit] 	at org.junit.internal.runners.statements.RunAfters.evaluate(RunAfters.java:31)
    [junit] 	at org.junit.runners.ParentRunner.run(ParentRunner.java:236)
    [junit] 	at junit.framework.JUnit4TestAdapter.run(JUnit4TestAdapter.java:39)
    [junit] 	at org.apache.tools.ant.taskdefs.optional.junit.JUnitTestRunner.run(JUnitTestRunner.java:420)
    [junit] 	at org.apache.tools.ant.taskdefs.optional.junit.JUnitTestRunner.launch(JUnitTestRunner.java:911)
    [junit] 	at org.apache.tools.ant.taskdefs.optional.junit.JUnitTestRunner.main(JUnitTestRunner.java:743)
    [junit] java.lang.AssertionError
    [junit] 	at org.apache.lucene.index.FreqProxTermsWriterPerField.addTerm(FreqProxTermsWriterPerField.java:144)
    [junit] 	at org.apache.lucene.index.TermsHashPerField.add(TermsHashPerField.java:234)
    [junit] 	at org.apache.lucene.index.DocInverterPerField.processFields(DocInverterPerField.java:91)
    [junit] 	at org.apache.lucene.index.DocFieldProcessor.processDocument(DocFieldProcessor.java:274)
    [junit] 	at org.apache.lucene.index.DocumentsWriterPerThread.addDocument(DocumentsWriterPerThread.java:184)
    [junit] 	at org.apache.lucene.index.DocumentsWriter.updateDocument(DocumentsWriter.java:371)
    [junit] 	at org.apache.lucene.index.IndexWriter.updateDocument(IndexWriter.java:1403)
    [junit] 	at org.apache.lucene.index.IndexWriter.updateDocument(IndexWriter.java:1375)
    [junit] 	at org.apache.lucene.index.TestIndexWriterExceptions$IndexerThread.run(TestIndexWriterExceptions.java:117)
    [junit] 	at org.apache.lucene.index.TestIndexWriterExceptions.testRandomExceptions(TestIndexWriterExceptions.java:170)
    [junit] 	at sun.reflect.NativeMethodAccessorImpl.invoke0(Native Method)
    [junit] 	at sun.reflect.NativeMethodAccessorImpl.invoke(NativeMethodAccessorImpl.java:57)
    [junit] 	at sun.reflect.DelegatingMethodAccessorImpl.invoke(DelegatingMethodAccessorImpl.java:43)
    [junit] 	at java.lang.reflect.Method.invoke(Method.java:616)
    [junit] 	at org.junit.runners.model.FrameworkMethod$1.runReflectiveCall(FrameworkMethod.java:44)
    [junit] 	at org.junit.internal.runners.model.ReflectiveCallable.run(ReflectiveCallable.java:15)
    [junit] 	at org.junit.runners.model.FrameworkMethod.invokeExplosively(FrameworkMethod.java:41)
    [junit] 	at org.junit.internal.runners.statements.InvokeMethod.evaluate(InvokeMethod.java:20)
    [junit] 	at org.junit.rules.TestWatchman$1.evaluate(TestWatchman.java:48)
    [junit] 	at org.junit.internal.runners.statements.RunBefores.evaluate(RunBefores.java:28)
    [junit] 	at org.junit.internal.runners.statements.RunAfters.evaluate(RunAfters.java:31)
    [junit] 	at org.junit.runners.BlockJUnit4ClassRunner.runChild(BlockJUnit4ClassRunner.java:76)
    [junit] 	at org.apache.lucene.util.LuceneTestCase$LuceneTestCaseRunner.runChild(LuceneTestCase.java:1156)
    [junit] 	at org.apache.lucene.util.LuceneTestCase$LuceneTestCaseRunner.runChild(LuceneTestCase.java:1088)
    [junit] 	at org.junit.runners.ParentRunner$3.run(ParentRunner.java:193)
    [junit] 	at org.junit.runners.ParentRunner$1.schedule(ParentRunner.java:52)
    [junit] 	at org.junit.runners.ParentRunner.runChildren(ParentRunner.java:191)
    [junit] 	at org.junit.runners.ParentRunner.access$000(ParentRunner.java:42)
    [junit] 	at org.junit.runners.ParentRunner$2.evaluate(ParentRunner.java:184)
    [junit] 	at org.junit.internal.runners.statements.RunBefores.evaluate(RunBefores.java:28)
    [junit] 	at org.junit.internal.runners.statements.RunAfters.evaluate(RunAfters.java:31)
    [junit] 	at org.junit.runners.ParentRunner.run(ParentRunner.java:236)
    [junit] 	at junit.framework.JUnit4TestAdapter.run(JUnit4TestAdapter.java:39)
    [junit] 	at org.apache.tools.ant.taskdefs.optional.junit.JUnitTestRunner.run(JUnitTestRunner.java:420)
    [junit] 	at org.apache.tools.ant.taskdefs.optional.junit.JUnitTestRunner.launch(JUnitTestRunner.java:911)
    [junit] 	at org.apache.tools.ant.taskdefs.optional.junit.JUnitTestRunner.main(JUnitTestRunner.java:743)
    [junit] Indexer 1: unexpected exception2
    [junit] java.lang.AssertionError
    [junit] 	at org.apache.lucene.index.FreqProxTermsWriterPerField.addTerm(FreqProxTermsWriterPerField.java:144)
    [junit] 	at org.apache.lucene.index.TermsHashPerField.add(TermsHashPerField.java:234)
    [junit] 	at org.apache.lucene.index.DocInverterPerField.processFields(DocInverterPerField.java:91)
    [junit] 	at org.apache.lucene.index.DocFieldProcessor.processDocument(DocFieldProcessor.java:274)
    [junit] 	at org.apache.lucene.index.DocumentsWriterPerThread.addDocument(DocumentsWriterPerThread.java:184)
    [junit] 	at org.apache.lucene.index.DocumentsWriter.updateDocument(DocumentsWriter.java:371)
    [junit] 	at org.apache.lucene.index.IndexWriter.updateDocument(IndexWriter.java:1403)
    [junit] 	at org.apache.lucene.index.IndexWriter.updateDocument(IndexWriter.java:1375)
    [junit] 	at org.apache.lucene.index.TestIndexWriterExceptions$IndexerThread.run(TestIndexWriterExceptions.java:90)
    [junit] Indexer 0: unexpected exception3
    [junit] java.lang.AssertionError
    [junit] 	at org.apache.lucene.index.FreqProxTermsWriterPerField.addTerm(FreqProxTermsWriterPerField.java:144)
    [junit] 	at org.apache.lucene.index.TermsHashPerField.add(TermsHashPerField.java:234)
    [junit] 	at org.apache.lucene.index.DocInverterPerField.processFields(DocInverterPerField.java:91)
    [junit] 	at org.apache.lucene.index.DocFieldProcessor.processDocument(DocFieldProcessor.java:274)
    [junit] 	at org.apache.lucene.index.DocumentsWriterPerThread.addDocument(DocumentsWriterPerThread.java:184)
    [junit] 	at org.apache.lucene.index.DocumentsWriter.updateDocument(DocumentsWriter.java:371)
    [junit] 	at org.apache.lucene.index.IndexWriter.updateDocument(IndexWriter.java:1403)
    [junit] 	at org.apache.lucene.index.IndexWriter.updateDocument(IndexWriter.java:1375)
    [junit] 	at org.apache.lucene.index.TestIndexWriterExceptions$IndexerThread.run(TestIndexWriterExceptions.java:117)
    [junit] Indexer 2: unexpected exception2
    [junit] java.lang.AssertionError
    [junit] 	at org.apache.lucene.index.FreqProxTermsWriterPerField.addTerm(FreqProxTermsWriterPerField.java:144)
    [junit] 	at org.apache.lucene.index.TermsHashPerField.add(TermsHashPerField.java:234)
    [junit] 	at org.apache.lucene.index.DocInverterPerField.processFields(DocInverterPerField.java:91)
    [junit] 	at org.apache.lucene.index.DocFieldProcessor.processDocument(DocFieldProcessor.java:274)
    [junit] 	at org.apache.lucene.index.DocumentsWriterPerThread.addDocument(DocumentsWriterPerThread.java:184)
    [junit] 	at org.apache.lucene.index.DocumentsWriter.updateDocument(DocumentsWriter.java:371)
    [junit] 	at org.apache.lucene.index.IndexWriter.updateDocument(IndexWriter.java:1403)
    [junit] 	at org.apache.lucene.index.IndexWriter.updateDocument(IndexWriter.java:1375)
    [junit] 	at org.apache.lucene.index.TestIndexWriterExceptions$IndexerThread.run(TestIndexWriterExceptions.java:90)
    [junit] ------------- ---------------- ---------------
    [junit] ------------- Standard Error -----------------
    [junit] NOTE: reproduce with: ant test -Dtestcase=TestIndexWriterExceptions -Dtestmethod=testRandomExceptions -Dtests.seed=2931098701633377686:8248351747121615267
    [junit] NOTE: reproduce with: ant test -Dtestcase=TestIndexWriterExceptions -Dtestmethod=testRandomExceptionsThreads -Dtests.seed=2931098701633377686:-5495587520882415926
    [junit] NOTE: reproduce with: ant test -Dtestcase=TestIndexWriterExceptions -Dtestmethod=testExceptionDocumentsWriterInit -Dtests.seed=2931098701633377686:-2026449905637534785
    [junit] NOTE: reproduce with: ant test -Dtestcase=TestIndexWriterExceptions -Dtestmethod=testDocumentsWriterAbort -Dtests.seed=2931098701633377686:8287975769601386222
    [junit] WARNING: test method: 'testDocumentsWriterAbort' left thread running: merge thread: _4h:C32 _5a:C32 into _5d
    [junit] WARNING: test method: 'testDocumentsWriterAbort' left thread running: merge thread: _5b:c4 _5f:c4 into _5g
    [junit] RESOURCE LEAK: test method: 'testDocumentsWriterAbort' left 2 thread(s) running
    [junit] NOTE: test params are: codec=RandomCodecProvider: {content=MockVariableIntBlock(baseBlockSize=27), field=MockVariableIntBlock(baseBlockSize=27), other=SimpleText, contents=MockRandom, crash=Pulsing(freqCutoff=20)}, locale=es_PR, timezone=America/Aruba
    [junit] NOTE: all tests run in this JVM:
    [junit] [TestCharTokenizers, TestAddIndexes, TestFieldInfos, TestFlex, TestIndexReaderCloneNorms, TestIndexWriterExceptions]
    [junit] NOTE: Linux 2.6.32-24-generic amd64/Sun Microsystems Inc. 1.6.0_18 (64-bit)/cpus=2,threads=1,free=162891224,total=268042240
    [junit] ------------- ---------------- ---------------
    [junit] TEST org.apache.lucene.index.TestIndexWriterExceptions FAILED
    [junit] Testsuite: org.apache.lucene.index.TestMultiFields
    [junit] Tests run: 2, Failures: 0, Errors: 0, Time elapsed: 0.519 sec
    [junit] 
    [junit] Testsuite: org.apache.lucene.index.TestRollback
    [junit] Tests run: 1, Failures: 0, Errors: 0, Time elapsed: 0.068 sec
    [junit] 
    [junit] Testsuite: org.apache.lucene.index.TestSegmentReader
    [junit] Tests run: 7, Failures: 0, Errors: 0, Time elapsed: 2.128 sec
    [junit] 
    [junit] Testsuite: org.apache.lucene.index.TestPerFieldCodecSupport
    [junit] Tests run: 3, Failures: 0, Errors: 0, Time elapsed: 12.578 sec
    [junit] 
    [junit] Testsuite: org.apache.lucene.index.TestPerSegmentDeletes
    [junit] Testcase: testDeletes1(org.apache.lucene.index.TestPerSegmentDeletes):	FAILED
    [junit] 
    [junit] junit.framework.AssertionFailedError: 
    [junit] 	at org.apache.lucene.util.LuceneTestCase$LuceneTestCaseRunner.runChild(LuceneTestCase.java:1156)
    [junit] 	at org.apache.lucene.util.LuceneTestCase$LuceneTestCaseRunner.runChild(LuceneTestCase.java:1088)
    [junit] 	at org.apache.lucene.index.TestPerSegmentDeletes.testDeletes1(TestPerSegmentDeletes.java:100)
    [junit] 
    [junit] 
    [junit] Tests run: 1, Failures: 1, Errors: 0, Time elapsed: 0.089 sec
    [junit] 
    [junit] ------------- Standard Error -----------------
    [junit] NOTE: reproduce with: ant test -Dtestcase=TestPerSegmentDeletes -Dtestmethod=testDeletes1 -Dtests.seed=-3773062000067741152:-4793864245077990373
    [junit] NOTE: test params are: codec=RandomCodecProvider: {id=MockSep, field2=Pulsing(freqCutoff=1), field1=MockFixedIntBlock(blockSize=1741), indexname=MockVariableIntBlock(baseBlockSize=100)}, locale=en_MT, timezone=Etc/Greenwich
    [junit] NOTE: all tests run in this JVM:
    [junit] [TestMergeSchedulerExternal, TestSearchForDuplicates, TestToken, TestDeletionPolicy, TestIndexFileDeleter, TestMaxTermFrequency, TestNoMergePolicy, TestPayloads, TestPerFieldCodecSupport, TestPerSegmentDeletes]
    [junit] NOTE: Linux 2.6.32-24-generic amd64/Sun Microsystems Inc. 1.6.0_18 (64-bit)/cpus=2,threads=1,free=50434728,total=191102976
    [junit] ------------- ---------------- ---------------
    [junit] TEST org.apache.lucene.index.TestPerSegmentDeletes FAILED
    [junit] Testsuite: org.apache.lucene.index.TestPositionBasedTermVectorMapper
    [junit] Tests run: 1, Failures: 0, Errors: 0, Time elapsed: 0.071 sec
    [junit] 
    [junit] Testsuite: org.apache.lucene.index.TestStressIndexing2
    [junit] Testcase: testRandom(org.apache.lucene.index.TestStressIndexing2):	FAILED
    [junit] r1.numDocs()=0 vs r2.numDocs()=11
    [junit] junit.framework.AssertionFailedError: r1.numDocs()=0 vs r2.numDocs()=11
    [junit] 	at org.apache.lucene.util.LuceneTestCase$LuceneTestCaseRunner.runChild(LuceneTestCase.java:1156)
    [junit] 	at org.apache.lucene.util.LuceneTestCase$LuceneTestCaseRunner.runChild(LuceneTestCase.java:1088)
    [junit] 	at org.apache.lucene.index.TestStressIndexing2.verifyEquals(TestStressIndexing2.java:313)
    [junit] 	at org.apache.lucene.index.TestStressIndexing2.verifyEquals(TestStressIndexing2.java:283)
    [junit] 	at org.apache.lucene.index.TestStressIndexing2.testRandom(TestStressIndexing2.java:88)
    [junit] 
    [junit] 
    [junit] Testcase: testMultiConfig(org.apache.lucene.index.TestStressIndexing2):	FAILED
    [junit] r1.numDocs()=1 vs r2.numDocs()=4
    [junit] junit.framework.AssertionFailedError: r1.numDocs()=1 vs r2.numDocs()=4
    [junit] 	at org.apache.lucene.util.LuceneTestCase$LuceneTestCaseRunner.runChild(LuceneTestCase.java:1156)
    [junit] 	at org.apache.lucene.util.LuceneTestCase$LuceneTestCaseRunner.runChild(LuceneTestCase.java:1088)
    [junit] 	at org.apache.lucene.index.TestStressIndexing2.verifyEquals(TestStressIndexing2.java:313)
    [junit] 	at org.apache.lucene.index.TestStressIndexing2.verifyEquals(TestStressIndexing2.java:283)
    [junit] 	at org.apache.lucene.index.TestStressIndexing2.testMultiConfig(TestStressIndexing2.java:124)
    [junit] 
    [junit] 
    [junit] Tests run: 3, Failures: 2, Errors: 0, Time elapsed: 0.48 sec
    [junit] 
    [junit] ------------- Standard Error -----------------
    [junit] NOTE: reproduce with: ant test -Dtestcase=TestStressIndexing2 -Dtestmethod=testRandom -Dtests.seed=7184178738498670067:2547965303143903147
    [junit] NOTE: reproduce with: ant test -Dtestcase=TestStressIndexing2 -Dtestmethod=testMultiConfig -Dtests.seed=7184178738498670067:-6031952922403338614
    [junit] NOTE: test params are: codec=RandomCodecProvider: {f6=MockVariableIntBlock(baseBlockSize=46), f81=MockVariableIntBlock(baseBlockSize=46), id=MockVariableIntBlock(baseBlockSize=46), f91=Pulsing(freqCutoff=12), f99=Standard, f31=Pulsing(freqCutoff=12), f88=Standard, f82=MockSep, f5=SimpleText, f85=Pulsing(freqCutoff=12)}, locale=es_CO, timezone=US/Indiana-Starke
    [junit] NOTE: all tests run in this JVM:
    [junit] [TestMergeSchedulerExternal, TestSearchForDuplicates, TestToken, TestDeletionPolicy, TestIndexFileDeleter, TestMaxTermFrequency, TestNoMergePolicy, TestPayloads, TestPerFieldCodecSupport, TestPerSegmentDeletes, TestPositionBasedTermVectorMapper, TestStressIndexing2]
    [junit] NOTE: Linux 2.6.32-24-generic amd64/Sun Microsystems Inc. 1.6.0_18 (64-bit)/cpus=2,threads=1,free=97691888,total=198246400
    [junit] ------------- ---------------- ---------------
    [junit] TEST org.apache.lucene.index.TestStressIndexing2 FAILED
    [junit] Testsuite: org.apache.lucene.index.TestTerm
    [junit] Tests run: 1, Failures: 0, Errors: 0, Time elapsed: 0.035 sec
    [junit] 
    [junit] Testsuite: org.apache.lucene.index.TestSegmentTermDocs
    [junit] Tests run: 5, Failures: 0, Errors: 0, Time elapsed: 1.829 sec
    [junit] 
    [junit] Testsuite: org.apache.lucene.search.TestBooleanQuery
    [junit] Tests run: 4, Failures: 0, Errors: 0, Time elapsed: 0.264 sec
    [junit] 
    [junit] Testsuite: org.apache.lucene.index.TestSizeBoundedOptimize
    [junit] Tests run: 11, Failures: 0, Errors: 0, Time elapsed: 0.194 sec
    [junit] 
    [junit] Testsuite: org.apache.lucene.search.TestCachingSpanFilter
    [junit] Tests run: 1, Failures: 0, Errors: 0, Time elapsed: 0.176 sec
    [junit] 
    [junit] Testsuite: org.apache.lucene.search.TestCachingWrapperFilter
    [junit] Tests run: 5, Failures: 0, Errors: 0, Time elapsed: 0.234 sec
    [junit] 
    [junit] Testsuite: org.apache.lucene.search.TestDateFilter
    [junit] Tests run: 2, Failures: 0, Errors: 0, Time elapsed: 0.112 sec
    [junit] 
    [junit] Testsuite: org.apache.lucene.search.TestDateSort
    [junit] Tests run: 1, Failures: 0, Errors: 0, Time elapsed: 0.134 sec
    [junit] 
    [junit] Testsuite: org.apache.lucene.search.TestCustomSearcherSort
    [junit] Tests run: 2, Failures: 0, Errors: 0, Time elapsed: 2.367 sec
    [junit] 
    [junit] Testsuite: org.apache.lucene.search.TestDocIdSet
    [junit] Tests run: 2, Failures: 0, Errors: 0, Time elapsed: 0.042 sec
    [junit] 
    [junit] Testsuite: org.apache.lucene.search.TestExplanations
    [junit] Tests run: 1, Failures: 0, Errors: 0, Time elapsed: 0.03 sec
    [junit] 
    [junit] Testsuite: org.apache.lucene.search.TestQueryWrapperFilter
    [junit] Tests run: 1, Failures: 0, Errors: 0, Time elapsed: 0.184 sec
    [junit] 
    [junit] Testsuite: org.apache.lucene.search.TestSort
    [junit] Tests run: 25, Failures: 0, Errors: 0, Time elapsed: 7.549 sec
    [junit] 
    [junit] Testsuite: org.apache.lucene.search.TestTermRangeQuery
    [junit] Tests run: 11, Failures: 0, Errors: 0, Time elapsed: 0.322 sec
    [junit] 
    [junit] Testsuite: org.apache.lucene.search.TestTermScorer
    [junit] Tests run: 3, Failures: 0, Errors: 0, Time elapsed: 0.022 sec
    [junit] 
    [junit] Testsuite: org.apache.lucene.search.TestTermVectors
    [junit] Testcase: testTermOffsetVectors(org.apache.lucene.search.TestTermVectors):	FAILED
    [junit] 
    [junit] junit.framework.AssertionFailedError: 
    [junit] 	at org.apache.lucene.util.LuceneTestCase$LuceneTestCaseRunner.runChild(LuceneTestCase.java:1156)
    [junit] 	at org.apache.lucene.util.LuceneTestCase$LuceneTestCaseRunner.runChild(LuceneTestCase.java:1088)
    [junit] 	at org.apache.lucene.search.TestTermVectors.testTermOffsetVectors(TestTermVectors.java:201)
    [junit] 
    [junit] 
    [junit] Tests run: 8, Failures: 1, Errors: 0, Time elapsed: 1.585 sec
    [junit] 
    [junit] ------------- Standard Error -----------------
    [junit] NOTE: reproduce with: ant test -Dtestcase=TestTermVectors -Dtestmethod=testTermOffsetVectors -Dtests.seed=-7769155133519185233:-8022597389364492360
    [junit] NOTE: test params are: codec=RandomCodecProvider: {field=MockVariableIntBlock(baseBlockSize=41), field2=SimpleText, b=MockFixedIntBlock(blockSize=513), c=MockVariableIntBlock(baseBlockSize=41), a=SimpleText, noTV=Pulsing(freqCutoff=3), x=SimpleText}, locale=pt_PT, timezone=Europe/Vaduz
    [junit] NOTE: all tests run in this JVM:
    [junit] [TestCharTokenizers, TestAddIndexes, TestFieldInfos, TestFlex, TestIndexReaderCloneNorms, TestIndexWriterExceptions, TestMultiFields, TestRollback, TestSegmentReader, TestSegmentTermDocs, TestSizeBoundedOptimize, TestCachingWrapperFilter, TestCustomSearcherSort, TestDocIdSet, TestExplanations, TestQueryWrapperFilter, TestSort, TestTermRangeQuery, TestTermScorer, TestTermVectors]
    [junit] NOTE: Linux 2.6.32-24-generic amd64/Sun Microsystems Inc. 1.6.0_18 (64-bit)/cpus=2,threads=1,free=130293096,total=279642112
    [junit] ------------- ---------------- ---------------
    [junit] TEST org.apache.lucene.search.TestTermVectors FAILED
    [junit] Testsuite: org.apache.lucene.search.TestWildcard
    [junit] Tests run: 8, Failures: 0, Errors: 0, Time elapsed: 0.222 sec
    [junit] 
    [junit] Testsuite: org.apache.lucene.search.TestMultiValuedNumericRangeQuery
    [junit] Tests run: 1, Failures: 0, Errors: 0, Time elapsed: 14.706 sec
    [junit] 
    [junit] Testsuite: org.apache.lucene.search.payloads.TestPayloadNearQuery
    [junit] Tests run: 7, Failures: 0, Errors: 0, Time elapsed: 3.002 sec
    [junit] 
    [junit] Testsuite: org.apache.lucene.search.spans.TestSpans
    [junit] Tests run: 25, Failures: 0, Errors: 0, Time elapsed: 1.789 sec
    [junit] 
    [junit] Testsuite: org.apache.lucene.store.TestMultiMMap
    [junit] Tests run: 1, Failures: 0, Errors: 0, Time elapsed: 0.82 sec
    [junit] 
    [junit] Testsuite: org.apache.lucene.util.TestRamUsageEstimator
    [junit] Tests run: 1, Failures: 0, Errors: 0, Time elapsed: 0.022 sec
    [junit] 
    [junit] Testsuite: org.apache.lucene.util.TestRecyclingByteBlockAllocator
    [junit] Tests run: 3, Failures: 0, Errors: 0, Time elapsed: 0.078 sec
    [junit] 
    [junit] Testsuite: org.apache.lucene.search.TestPrefixInBooleanQuery
    [junit] Tests run: 4, Failures: 0, Errors: 0, Time elapsed: 8.324 sec
    [junit] 
    [junit] Testsuite: org.apache.lucene.util.TestStringIntern
    [junit] Tests run: 1, Failures: 0, Errors: 0, Time elapsed: 7.372 sec
    [junit] 
    [junit] Testsuite: org.apache.lucene.util.automaton.TestBasicOperations
    [junit] Tests run: 7, Failures: 0, Errors: 0, Time elapsed: 0.336 sec
    [junit] 
    [junit] Tests FAILED
    [junit] Testsuite: org.apache.lucene.TestExternalCodecs
    [junit] Tests run: 1, Failures: 0, Errors: 0, Time elapsed: 3.862 sec
    [junit] 
    [junit] Testsuite: org.apache.lucene.search.TestRegexpRandom
    [junit] Tests run: 1, Failures: 0, Errors: 0, Time elapsed: 9.348 sec
    [junit] 
    [junit] Testsuite: org.apache.lucene.search.TestScorerPerf
    [junit] Tests run: 1, Failures: 0, Errors: 0, Time elapsed: 1.899 sec
    [junit] 
    [junit] Testsuite: org.apache.lucene.index.TestAtomicUpdate
    [junit] Tests run: 1, Failures: 0, Errors: 0, Time elapsed: 3.507 sec
    [junit] 
    [junit] Testsuite: org.apache.lucene.search.TestSloppyPhraseQuery
    [junit] Tests run: 5, Failures: 0, Errors: 0, Time elapsed: 3.425 sec
    [junit] 
    [junit] Testsuite: org.apache.lucene.index.TestByteSlices
    [junit] Tests run: 1, Failures: 0, Errors: 0, Time elapsed: 3.475 sec
    [junit] 
    [junit] Testsuite: org.apache.lucene.index.TestCrash
    [junit] Tests run: 7, Failures: 0, Errors: 0, Time elapsed: 5.29 sec
    [junit] 
    [junit] Testsuite: org.apache.lucene.search.TestTermRangeFilter
    [junit] Tests run: 7, Failures: 0, Errors: 0, Time elapsed: 9.305 sec
    [junit] 
    [junit] Testsuite: org.apache.lucene.search.spans.TestFieldMaskingSpanQuery
    [junit] Tests run: 11, Failures: 0, Errors: 0, Time elapsed: 1.639 sec
    [junit] 
    [junit] Testsuite: org.apache.lucene.store.TestLock
    [junit] Tests run: 1, Failures: 0, Errors: 0, Time elapsed: 0.052 sec
    [junit] 
    [junit] Testsuite: org.apache.lucene.util.TestPriorityQueue
    [junit] Tests run: 4, Failures: 0, Errors: 0, Time elapsed: 0.048 sec
    [junit] 
    [junit] Testsuite: org.apache.lucene.util.TestSetOnce
    [junit] Tests run: 4, Failures: 0, Errors: 0, Time elapsed: 0.031 sec
    [junit] 
    [junit] Testsuite: org.apache.lucene.util.automaton.TestMinimize
    [junit] Tests run: 2, Failures: 0, Errors: 0, Time elapsed: 4.491 sec
    [junit] 
    [junit] Tests FAILED
    [junit] Testsuite: org.apache.lucene.index.TestIndexReader
    [junit] Testcase: testDiskFull(org.apache.lucene.index.TestIndexReader):	FAILED
    [junit] never hit disk full
    [junit] junit.framework.AssertionFailedError: never hit disk full
    [junit] 	at org.apache.lucene.util.LuceneTestCase$LuceneTestCaseRunner.runChild(LuceneTestCase.java:1156)
    [junit] 	at org.apache.lucene.util.LuceneTestCase$LuceneTestCaseRunner.runChild(LuceneTestCase.java:1088)
    [junit] 	at org.apache.lucene.index.TestIndexReader.testDiskFull(TestIndexReader.java:1043)
    [junit] 
    [junit] 
    [junit] Tests run: 41, Failures: 1, Errors: 0, Time elapsed: 10.125 sec
    [junit] 
    [junit] ------------- Standard Error -----------------
    [junit] NOTE: reproduce with: ant test -Dtestcase=TestIndexReader -Dtestmethod=testDiskFull -Dtests.seed=1475965717799233851:8499729957118181162
    [junit] NOTE: test params are: codec=RandomCodecProvider: {f=MockVariableIntBlock(baseBlockSize=72), text=Standard, tvposition=SimpleText, keyword=MockVariableIntBlock(baseBlockSize=72), text2=SimpleText, unstored2=MockFixedIntBlock(blockSize=947), unstored=Pulsing(freqCutoff=10), number=MockRandom, keyword2=MockRandom, junk=Standard, id=MockFixedIntBlock(blockSize=947), tvnot=Standard, termvector=MockRandom, content=MockFixedIntBlock(blockSize=947), tvpositionoffset=MockRandom, tvoffset=Standard}, locale=sl_SI, timezone=Pacific/Ponape
    [junit] NOTE: all tests run in this JVM:
    [junit] [TestExternalCodecs, TestAtomicUpdate, TestByteSlices, TestCrash, TestIndexReader]
    [junit] NOTE: Linux 2.6.32-24-generic amd64/Sun Microsystems Inc. 1.6.0_18 (64-bit)/cpus=2,threads=1,free=79996384,total=196476928
    [junit] ------------- ---------------- ---------------
    [junit] TEST org.apache.lucene.index.TestIndexReader FAILED
    [junit] Testsuite: org.apache.lucene.index.TestIndexWriterConfig
    [junit] Tests run: 6, Failures: 0, Errors: 0, Time elapsed: 0.04 sec
    [junit] 
    [junit] Testsuite: org.apache.lucene.TestDemo
    [junit] Tests run: 1, Failures: 0, Errors: 0, Time elapsed: 2.697 sec
    [junit] 
    [junit] Testsuite: org.apache.lucene.index.TestCheckIndex
    [junit] Testcase: testDeletedDocs(org.apache.lucene.index.TestCheckIndex):	FAILED
    [junit] expected:<18> but was:<0>
    [junit] junit.framework.AssertionFailedError: expected:<18> but was:<0>
    [junit] 	at org.apache.lucene.util.LuceneTestCase$LuceneTestCaseRunner.runChild(LuceneTestCase.java:1156)
    [junit] 	at org.apache.lucene.util.LuceneTestCase$LuceneTestCaseRunner.runChild(LuceneTestCase.java:1088)
    [junit] 	at org.apache.lucene.index.TestCheckIndex.testDeletedDocs(TestCheckIndex.java:83)
    [junit] 
    [junit] 
    [junit] Tests run: 2, Failures: 1, Errors: 0, Time elapsed: 0.594 sec
    [junit] 
    [junit] ------------- Standard Error -----------------
    [junit] NOTE: reproduce with: ant test -Dtestcase=TestCheckIndex -Dtestmethod=testDeletedDocs -Dtests.seed=-8760820153474018387:-4858540259808897395
    [junit] NOTE: test params are: codec=RandomCodecProvider: {field=MockFixedIntBlock(blockSize=1675)}, locale=ru_RU, timezone=Asia/Yakutsk
    [junit] NOTE: all tests run in this JVM:
    [junit] [TestDemo, TestCheckIndex]
    [junit] NOTE: Linux 2.6.32-24-generic amd64/Sun Microsystems Inc. 1.6.0_18 (64-bit)/cpus=2,threads=1,free=27771352,total=61800448
    [junit] ------------- ---------------- ---------------
    [junit] TEST org.apache.lucene.index.TestCheckIndex FAILED
    [junit] Testsuite: org.apache.lucene.index.TestIndexWriterMergePolicy
    [junit] Tests run: 6, Failures: 0, Errors: 0, Time elapsed: 5.107 sec
    [junit] 
    [junit] Testsuite: org.apache.lucene.index.TestCompoundFile
    [junit] Tests run: 10, Failures: 0, Errors: 0, Time elapsed: 2.832 sec
    [junit] 
    [junit]     _6.tvd
    [junit]     _6.tvf
    [junit]     _6.tvx
    [junit]     _c.fdt
    [junit]     _c.fdx
    [junit]     _c.fnm
    [junit]     _c.frq
    [junit]     _c.nrm
    [junit]     _c.prx
    [junit]     _c.tii
    [junit]     _c.tis
    [junit]     _c.tvd
    [junit]     _c.tvf
    [junit]     _c.tvx
    [junit]     segments.gen
    [junit]     segments_1
    [junit]   after delete:
    [junit]     _c.fdt
    [junit]     _c.fdx
    [junit]     _c.fnm
    [junit]     _c.frq
    [junit]     _c.nrm
    [junit]     _c.prx
    [junit]     _c.tii
    [junit]     _c.tis
    [junit]     segments.gen
    [junit]     segments_1)
    [junit] Testsuite: org.apache.lucene.index.TestConcurrentMergeScheduler
    [junit] Testcase: testFlushExceptions(org.apache.lucene.index.TestConcurrentMergeScheduler):	FAILED
    [junit] expected:<20> but was:<21>
    [junit] junit.framework.AssertionFailedError: expected:<20> but was:<21>
    [junit] 	at org.apache.lucene.util.LuceneTestCase$LuceneTestCaseRunner.runChild(LuceneTestCase.java:1156)
    [junit] 	at org.apache.lucene.util.LuceneTestCase$LuceneTestCaseRunner.runChild(LuceneTestCase.java:1088)
    [junit] 	at org.apache.lucene.index.TestConcurrentMergeScheduler.testFlushExceptions(TestConcurrentMergeScheduler.java:112)
    [junit] 
    [junit] 
    [junit] Testcase: testNoExtraFiles(org.apache.lucene.index.TestConcurrentMergeScheduler):	FAILED
    [junit] testNoExtraFiles: before delete:
    [junit]     _6.tvd
    [junit]     _6.tvf
    [junit]     _6.tvx
    [junit]     _c.fdt
    [junit]     _c.fdx
    [junit]     _c.fnm
    [junit]     _c.frq
    [junit]     _c.nrm
    [junit]     _c.prx
    [junit]     _c.tii
    [junit]     _c.tis
    [junit]     _c.tvd
    [junit]     _c.tvf
    [junit]     _c.tvx
    [junit]     segments.gen
    [junit]     segments_1
    [junit]   after delete:
    [junit]     _c.fdt
    [junit]     _c.fdx
    [junit]     _c.fnm
    [junit]     _c.frq
    [junit]     _c.nrm
    [junit]     _c.prx
    [junit]     _c.tii
    [junit]     _c.tis
    [junit]     segments.gen
    [junit]     segments_1
    [junit] junit.framework.AssertionFailedError: testNoExtraFiles: before delete:
    [junit]     _6.tvd
    [junit]     _6.tvf
    [junit]     _6.tvx
    [junit]     _c.fdt
    [junit]     _c.fdx
    [junit]     _c.fnm
    [junit]     _c.frq
    [junit]     _c.nrm
    [junit]     _c.prx
    [junit]     _c.tii
    [junit]     _c.tis
    [junit]     _c.tvd
    [junit]     _c.tvf
    [junit]     _c.tvx
    [junit]     segments.gen
    [junit]     segments_1
    [junit]   after delete:
    [junit]     _c.fdt
    [junit]     _c.fdx
    [junit]     _c.fnm
    [junit]     _c.frq
    [junit]     _c.nrm
    [junit]     _c.prx
    [junit]     _c.tii
    [junit]     _c.tis
    [junit]     segments.gen
    [junit]     segments_1
    [junit] 	at org.apache.lucene.util.LuceneTestCase$LuceneTestCaseRunner.runChild(LuceneTestCase.java:1156)
    [junit] 	at org.apache.lucene.util.LuceneTestCase$LuceneTestCaseRunner.runChild(LuceneTestCase.java:1088)
    [junit]     _6.tvd
    [junit]     _6.tvf
    [junit]     _6.tvx
    [junit]     _c.fdt
    [junit]     _c.fdx
    [junit]     _c.fnm
    [junit]     _c.frq
    [junit]     _c.nrm
    [junit]     _c.prx
    [junit]     _c.tii
    [junit]     _c.tis
    [junit]     _c.tvd
    [junit]     _c.tvf
    [junit]     _c.tvx
    [junit]     segments.gen
    [junit]     segments_1
    [junit]   after delete:
    [junit]     _c.fdt
    [junit]     _c.fdx
    [junit]     _c.fnm
    [junit]     _c.frq
    [junit]     _c.nrm
    [junit]     _c.prx
    [junit]     _c.tii
    [junit]     _c.tis
    [junit]     segments.gen
    [junit]     segments_1
    [junit] 	at org.apache.lucene.index.TestIndexWriter.assertNoUnreferencedFiles(TestIndexWriter.java:166)
    [junit] 	at org.apache.lucene.index.TestConcurrentMergeScheduler.testNoExtraFiles(TestConcurrentMergeScheduler.java:181)
    [junit] 
    [junit] 
    [junit] Tests run: 4, Failures: 2, Errors: 0, Time elapsed: 6.777 sec
    [junit] 
    [junit] ------------- Standard Error -----------------
    [junit] NOTE: reproduce with: ant test -Dtestcase=TestConcurrentMergeScheduler -Dtestmethod=testFlushExceptions -Dtests.seed=71164015466872111:-3389538591728165549
    [junit] NOTE: reproduce with: ant test -Dtestcase=TestConcurrentMergeScheduler -Dtestmethod=testNoExtraFiles -Dtests.seed=71164015466872111:4361057172203908344
    [junit] NOTE: test params are: codec=PreFlex, locale=de_AT, timezone=Etc/GMT-7
    [junit] NOTE: all tests run in this JVM:
    [junit] [TestDemo, TestCheckIndex, TestCompoundFile, TestConcurrentMergeScheduler]
    [junit] NOTE: Linux 2.6.32-24-generic amd64/Sun Microsystems Inc. 1.6.0_18 (64-bit)/cpus=2,threads=1,free=41717200,total=205455360
    [junit] ------------- ---------------- ---------------
    [junit] TEST org.apache.lucene.index.TestConcurrentMergeScheduler FAILED
    [junit] Testsuite: org.apache.lucene.index.TestIndexCommit
    [junit] Tests run: 1, Failures: 0, Errors: 0, Time elapsed: 0.04 sec
    [junit] 
    [junit] Testsuite: org.apache.lucene.index.TestNRTThreads
    [junit] Testcase: testNRTThreads(org.apache.lucene.index.TestNRTThreads):	FAILED
    [junit] index=_8:C211 _3:Cv82 _6:Cv1069 _7:Cv263 addCount=1866 delCount=351 expected:<1515> but was:<997>
    [junit] junit.framework.AssertionFailedError: index=_8:C211 _3:Cv82 _6:Cv1069 _7:Cv263 addCount=1866 delCount=351 expected:<1515> but was:<997>
    [junit] 	at org.apache.lucene.util.LuceneTestCase$LuceneTestCaseRunner.runChild(LuceneTestCase.java:1156)
    [junit] 	at org.apache.lucene.util.LuceneTestCase$LuceneTestCaseRunner.runChild(LuceneTestCase.java:1088)
    [junit] 	at org.apache.lucene.index.TestNRTThreads.testNRTThreads(TestNRTThreads.java:345)
    [junit] 
    [junit] 
    [junit] Tests run: 1, Failures: 1, Errors: 0, Time elapsed: 13.521 sec
    [junit] 
    [junit] ------------- Standard Error -----------------
    [junit] NOTE: reproduce with: ant test -Dtestcase=TestNRTThreads -Dtestmethod=testNRTThreads -Dtests.seed=2558083819337053806:-429653474377580211
    [junit] NOTE: test params are: codec=RandomCodecProvider: {id=SimpleText, body=MockFixedIntBlock(blockSize=560), title=Pulsing(freqCutoff=2), titleTokenized=MockVariableIntBlock(baseBlockSize=38), date=Pulsing(freqCutoff=2)}, locale=ar_SA, timezone=Etc/GMT-0
    [junit] NOTE: all tests run in this JVM:
    [junit] [TestExternalCodecs, TestAtomicUpdate, TestByteSlices, TestCrash, TestIndexReader, TestIndexWriterConfig, TestIndexWriterMergePolicy, TestNRTThreads]
    [junit] NOTE: Linux 2.6.32-24-generic amd64/Sun Microsystems Inc. 1.6.0_18 (64-bit)/cpus=2,threads=1,free=84256200,total=199622656
    [junit] ------------- ---------------- ---------------
    [junit] TEST org.apache.lucene.index.TestNRTThreads FAILED
    [junit] Testsuite: org.apache.lucene.index.TestParallelReaderEmptyIndex
    [junit] Tests run: 2, Failures: 0, Errors: 0, Time elapsed: 0.142 sec
    [junit] 
    [junit] Testsuite: org.apache.lucene.index.TestParallelTermEnum
    [junit] Tests run: 1, Failures: 0, Errors: 0, Time elapsed: 0.061 sec
    [junit] 
    [junit] Testsuite: org.apache.lucene.index.codecs.preflex.TestSurrogates
    [junit] Tests run: 1, Failures: 0, Errors: 0, Time elapsed: 6.676 sec
    [junit] 
    [junit] Testsuite: org.apache.lucene.messages.TestNLS
    [junit] Tests run: 6, Failures: 0, Errors: 0, Time elapsed: 0.128 sec
    [junit] 
    [junit] ------------- Standard Error -----------------
    [junit] WARN: Message with key:Q0005E_MESSAGE_NOT_IN_BUNDLE and locale: es_DO not found.
    [junit] ------------- ---------------- ---------------
    [junit] Testsuite: org.apache.lucene.search.TestBooleanMinShouldMatch
    [junit] Tests run: 15, Failures: 0, Errors: 0, Time elapsed: 11.403 sec
    [junit] 
    [junit] Testsuite: org.apache.lucene.search.TestBooleanScorer
    [junit] Tests run: 2, Failures: 0, Errors: 0, Time elapsed: 0.043 sec
    [junit] 
    [junit] Testsuite: org.apache.lucene.search.TestFilteredQuery
    [junit] Tests run: 4, Failures: 0, Errors: 0, Time elapsed: 0.516 sec
    [junit] 
    [junit] Testsuite: org.apache.lucene.search.TestFuzzyQuery
    [junit] Tests run: 8, Failures: 0, Errors: 0, Time elapsed: 0.404 sec
    [junit] 
    [junit] Testsuite: org.apache.lucene.search.TestMultiTermConstantScore
    [junit] Tests run: 12, Failures: 0, Errors: 0, Time elapsed: 10.716 sec
    [junit] 
    [junit] Testsuite: org.apache.lucene.search.TestRegexpQuery
    [junit] Tests run: 7, Failures: 0, Errors: 0, Time elapsed: 0.115 sec
    [junit] 
    [junit] Testsuite: org.apache.lucene.search.TestSetNorm
    [junit] Tests run: 1, Failures: 0, Errors: 0, Time elapsed: 0.036 sec
    [junit] 
    [junit] Testsuite: org.apache.lucene.search.TestTimeLimitingCollector
    [junit] Tests run: 0, Failures: 0, Errors: 0, Time elapsed: 0.007 sec
    [junit] 
    [junit] ------------- Standard Error -----------------
    [junit] NOTE: Ignoring test class 'TestTimeLimitingCollector': broken: see https://issues.apache.org/jira/browse/LUCENE-2822
    [junit] ------------- ---------------- ---------------
    [junit] Testsuite: org.apache.lucene.search.TestTopDocsCollector
    [junit] Tests run: 8, Failures: 0, Errors: 0, Time elapsed: 0.087 sec
    [junit] 
    [junit] Testsuite: org.apache.lucene.search.function.TestValueSource
    [junit] Tests run: 1, Failures: 0, Errors: 0, Time elapsed: 0.103 sec
    [junit] 
    [junit] Testsuite: org.apache.lucene.search.spans.TestSpanMultiTermQueryWrapper
    [junit] Tests run: 3, Failures: 0, Errors: 0, Time elapsed: 0.078 sec
    [junit] 
    [junit] Testsuite: org.apache.lucene.store.TestDirectory
    [junit] Tests run: 7, Failures: 0, Errors: 0, Time elapsed: 0.041 sec
    [junit] 
    [junit] Testsuite: org.apache.lucene.store.TestFileSwitchDirectory
    [junit] Tests run: 1, Failures: 0, Errors: 0, Time elapsed: 0.04 sec
    [junit] 
    [junit] Testsuite: org.apache.lucene.util.TestBytesRefHash
    [junit] Tests run: 7, Failures: 0, Errors: 0, Time elapsed: 0.611 sec
    [junit] 
    [junit] Testsuite: org.apache.lucene.util.TestNumericUtils
    [junit] Tests run: 10, Failures: 0, Errors: 0, Time elapsed: 6.348 sec
    [junit] 
    [junit] Testsuite: org.apache.lucene.util.TestVersion
    [junit] Tests run: 1, Failures: 0, Errors: 0, Time elapsed: 0.023 sec
    [junit] 
    [junit] Tests FAILED
    [junit] Testsuite: org.apache.lucene.TestSearch
    [junit] Tests run: 1, Failures: 0, Errors: 0, Time elapsed: 1.578 sec
    [junit] 
    [junit] Testsuite: org.apache.lucene.analysis.TestCachingTokenFilter
    [junit] Tests run: 1, Failures: 0, Errors: 0, Time elapsed: 0.124 sec
    [junit] 
    [junit] Testsuite: org.apache.lucene.index.TestCodecs
    [junit] Tests run: 3, Failures: 0, Errors: 0, Time elapsed: 2.932 sec
    [junit] 
    [junit] Testsuite: org.apache.lucene.index.TestDirectoryReader
    [junit] Tests run: 3, Failures: 0, Errors: 0, Time elapsed: 3.668 sec
    [junit] 
    [junit] Testsuite: org.apache.lucene.index.TestIndexInput
    [junit] Tests run: 1, Failures: 0, Errors: 0, Time elapsed: 0.019 sec
    [junit] 
    [junit] Testsuite: org.apache.lucene.index.TestIndexReaderReopen
    [junit] Tests run: 17, Failures: 0, Errors: 0, Time elapsed: 11.572 sec
    [junit] 
    [junit] Testsuite: org.apache.lucene.index.TestIndexWriterDelete
    [junit] Testcase: testMaxBufferedDeletes(org.apache.lucene.index.TestIndexWriterDelete):	FAILED
    [junit] expected:<3> but was:<0>
    [junit] junit.framework.AssertionFailedError: expected:<3> but was:<0>
    [junit] 	at org.apache.lucene.util.LuceneTestCase$LuceneTestCaseRunner.runChild(LuceneTestCase.java:1156)
    [junit] 	at org.apache.lucene.util.LuceneTestCase$LuceneTestCaseRunner.runChild(LuceneTestCase.java:1088)
    [junit] 	at org.apache.lucene.index.TestIndexWriterDelete.testMaxBufferedDeletes(TestIndexWriterDelete.java:123)
    [junit] 
    [junit] 
    [junit] Testcase: testRAMDeletes(org.apache.lucene.index.TestIndexWriterDelete):	FAILED
    [junit] expected:<2> but was:<0>
    [junit] junit.framework.AssertionFailedError: expected:<2> but was:<0>
    [junit] 	at org.apache.lucene.util.LuceneTestCase$LuceneTestCaseRunner.runChild(LuceneTestCase.java:1156)
    [junit] 	at org.apache.lucene.util.LuceneTestCase$LuceneTestCaseRunner.runChild(LuceneTestCase.java:1088)
    [junit] 	at org.apache.lucene.index.TestIndexWriterDelete.testRAMDeletes(TestIndexWriterDelete.java:150)
    [junit] 
    [junit] 
    [junit] Testcase: testDeleteAll(org.apache.lucene.index.TestIndexWriterDelete):	FAILED
    [junit] expected:<2> but was:<1>
    [junit] junit.framework.AssertionFailedError: expected:<2> but was:<1>
    [junit] 	at org.apache.lucene.util.LuceneTestCase$LuceneTestCaseRunner.runChild(LuceneTestCase.java:1156)
    [junit] 	at org.apache.lucene.util.LuceneTestCase$LuceneTestCaseRunner.runChild(LuceneTestCase.java:1088)
    [junit] 	at org.apache.lucene.index.TestIndexWriterDelete.testDeleteAll(TestIndexWriterDelete.java:289)
    [junit] 
    [junit] 
    [junit] Tests run: 14, Failures: 3, Errors: 0, Time elapsed: 5.057 sec
    [junit] 
    [junit] ------------- Standard Error -----------------
    [junit] NOTE: reproduce with: ant test -Dtestcase=TestIndexWriterDelete -Dtestmethod=testMaxBufferedDeletes -Dtests.seed=-4543283463769879883:-1688891164427565044
    [junit] NOTE: reproduce with: ant test -Dtestcase=TestIndexWriterDelete -Dtestmethod=testRAMDeletes -Dtests.seed=-4543283463769879883:3677111815150469479
    [junit] NOTE: reproduce with: ant test -Dtestcase=TestIndexWriterDelete -Dtestmethod=testDeleteAll -Dtests.seed=-4543283463769879883:5920357262124100626
    [junit] NOTE: test params are: codec=RandomCodecProvider: {content=MockSep, id=MockFixedIntBlock(blockSize=310), contents=MockFixedIntBlock(blockSize=310), value=SimpleText, city=Pulsing(freqCutoff=12)}, locale=es_HN, timezone=America/Tortola
    [junit] NOTE: all tests run in this JVM:
    [junit] [TestSearch, TestCachingTokenFilter, TestCodecs, TestDirectoryReader, TestIndexInput, TestIndexReaderReopen, TestIndexWriterDelete]
    [junit] NOTE: Linux 2.6.32-24-generic amd64/Sun Microsystems Inc. 1.6.0_18 (64-bit)/cpus=2,threads=1,free=115945992,total=207683584
    [junit] ------------- ---------------- ---------------
    [junit] TEST org.apache.lucene.index.TestIndexWriterDelete FAILED
    [junit]     _0.fdt
    [junit]     _0.fdx
    [junit]     _0.tis
    [junit]     segments.gen
    [junit]     segments_2
    [junit]   after delete:
    [junit]     segments.gen
    [junit]     segments_2)
    [junit] Testsuite: org.apache.lucene.index.TestIndexWriter
    [junit] Testcase: testSmallRAMBuffer(org.apache.lucene.index.TestIndexWriter):	FAILED
    [junit] 
    [junit] junit.framework.AssertionFailedError: 
    [junit] 	at org.apache.lucene.util.LuceneTestCase$LuceneTestCaseRunner.runChild(LuceneTestCase.java:1156)
    [junit] 	at org.apache.lucene.util.LuceneTestCase$LuceneTestCaseRunner.runChild(LuceneTestCase.java:1088)
    [junit] 	at org.apache.lucene.index.TestIndexWriter.testSmallRAMBuffer(TestIndexWriter.java:684)
    [junit] 
    [junit] 
    [junit] Tests run: 63, Failures: 1, Errors: 0, Time elapsed: 106.543 sec
    [junit] 
    [junit] ------------- Standard Error -----------------
    [junit] NOTE: reproduce with: ant test -Dtestcase=TestIndexWriter -Dtestmethod=testSmallRAMBuffer -Dtests.seed=567160604563458101:3746317242761906316
    [junit] NOTE: test params are: codec=RandomCodecProvider: {=MockFixedIntBlock(blockSize=1179), f6=Pulsing(freqCutoff=6), f7=MockSep, f8=MockVariableIntBlock(baseBlockSize=28), f9=MockFixedIntBlock(blockSize=1179), f1=SimpleText, f0=MockSep, f3=MockSep, f2=Pulsing(freqCutoff=6), f5=MockFixedIntBlock(blockSize=1179), f4=MockVariableIntBlock(baseBlockSize=28), f=Standard, c=Pulsing(freqCutoff=6), termVector=Pulsing(freqCutoff=6), d9=MockFixedIntBlock(blockSize=1179), d8=MockVariableIntBlock(baseBlockSize=28), d5=SimpleText, d4=MockSep, d7=Pulsing(freqCutoff=6), d6=MockFixedIntBlock(blockSize=1179), d25=MockSep, d0=MockSep, c29=MockSep, d24=Pulsing(freqCutoff=6), d1=SimpleText, c28=MockRandom, d23=Standard, d2=MockFixedIntBlock(blockSize=1179), c27=Standard, d22=SimpleText, d3=Pulsing(freqCutoff=6), d21=MockRandom, d20=Standard, c22=MockSep, c21=Pulsing(freqCutoff=6), c20=Standard, d29=MockVariableIntBlock(baseBlockSize=28), c26=MockVariableIntBlock(baseBlockSize=28), d28=MockRandom, c25=MockRandom, d27=Pulsing(freqCutoff=6), c24=Pulsing(freqCutoff=6), d26=MockFixedIntBlock(blockSize=1179), c23=MockFixedIntBlock(blockSize=1179), e9=MockSep, e8=Standard, e7=SimpleText, e6=MockVariableIntBlock(baseBlockSize=28), e5=MockRandom, c17=MockSep, e3=SimpleText, d12=Pulsing(freqCutoff=6), c16=Pulsing(freqCutoff=6), e4=Standard, d11=MockFixedIntBlock(blockSize=1179), c19=MockFixedIntBlock(blockSize=1179), e1=MockRandom, d14=MockVariableIntBlock(baseBlockSize=28), c18=MockVariableIntBlock(baseBlockSize=28), e2=MockVariableIntBlock(baseBlockSize=28), d13=MockRandom, e0=MockFixedIntBlock(blockSize=1179), d10=MockSep, d19=Pulsing(freqCutoff=6), c11=MockVariableIntBlock(baseBlockSize=28), c10=MockRandom, d16=MockRandom, c13=MockRandom, c12=Standard, d15=Standard, d18=SimpleText, c15=SimpleText, d17=MockSep, c14=MockSep, b3=Standard, b2=SimpleText, b5=MockSep, b4=Pulsing(freqCutoff=6), b7=Pulsing(freqCutoff=6), b6=MockFixedIntBlock(blockSize=1179), d50=MockFixedIntBlock(blockSize=1179), b9=MockVariableIntBlock(baseBlockSize=28), b8=MockRandom, d43=Standard, d42=SimpleText, d41=MockVariableIntBlock(baseBlockSize=28), d40=MockRandom, d47=Pulsing(freqCutoff=6), d46=MockFixedIntBlock(blockSize=1179), b0=Pulsing(freqCutoff=6), d45=SimpleText, b1=MockSep, d44=MockSep, d49=MockFixedIntBlock(blockSize=1179), d48=MockVariableIntBlock(baseBlockSize=28), c6=MockRandom, c5=Standard, c4=MockFixedIntBlock(blockSize=1179), c3=MockVariableIntBlock(baseBlockSize=28), c9=Pulsing(freqCutoff=6), c8=Standard, c7=SimpleText, d30=SimpleText, d32=Pulsing(freqCutoff=6), d31=MockFixedIntBlock(blockSize=1179), c1=Standard, d34=MockFixedIntBlock(blockSize=1179), c2=MockRandom, d33=MockVariableIntBlock(baseBlockSize=28), d36=MockRandom, c0=MockFixedIntBlock(blockSize=1179), d35=Standard, d38=Standard, d37=SimpleText, d39=Pulsing(freqCutoff=6), e92=Standard, e93=MockRandom, e90=MockVariableIntBlock(baseBlockSize=28), e91=MockFixedIntBlock(blockSize=1179), e89=MockRandom, e88=Pulsing(freqCutoff=6), e87=MockFixedIntBlock(blockSize=1179), e86=MockSep, e85=Pulsing(freqCutoff=6), e84=Standard, e83=SimpleText, e80=Standard, e81=Pulsing(freqCutoff=6), e82=MockSep, e77=MockRandom, e76=Standard, e79=SimpleText, e78=MockSep, e73=Pulsing(freqCutoff=6), e72=MockFixedIntBlock(blockSize=1179), e75=MockVariableIntBlock(baseBlockSize=28), e74=MockRandom, binary=SimpleText, f98=MockFixedIntBlock(blockSize=1179), f97=MockVariableIntBlock(baseBlockSize=28), f99=Standard, f94=SimpleText, f93=MockSep, f96=Pulsing(freqCutoff=6), f95=MockFixedIntBlock(blockSize=1179), e95=MockFixedIntBlock(blockSize=1179), e94=MockVariableIntBlock(baseBlockSize=28), e97=MockRandom, e96=Standard, e99=Standard, e98=SimpleText, id=MockVariableIntBlock(baseBlockSize=28), f34=Pulsing(freqCutoff=6), f33=MockFixedIntBlock(blockSize=1179), f32=SimpleText, f31=MockSep, f30=Standard, f39=SimpleText, f38=MockRandom, f37=Standard, f36=MockFixedIntBlock(blockSize=1179), f35=MockVariableIntBlock(baseBlockSize=28), f43=MockVariableIntBlock(baseBlockSize=28), f42=MockRandom, f45=Standard, f44=SimpleText, f41=MockFixedIntBlock(blockSize=1179), f40=MockVariableIntBlock(baseBlockSize=28), f47=SimpleText, f46=MockSep, f49=Pulsing(freqCutoff=6), f48=MockFixedIntBlock(blockSize=1179), content=MockVariableIntBlock(baseBlockSize=28), e19=MockSep, e18=Pulsing(freqCutoff=6), e17=SimpleText, f12=MockSep, e16=MockSep, f11=Pulsing(freqCutoff=6), f10=Standard, e15=MockRandom, e14=Standard, f16=MockVariableIntBlock(baseBlockSize=28), e13=MockVariableIntBlock(baseBlockSize=28), f15=MockRandom, e12=MockRandom, e11=Pulsing(freqCutoff=6), f14=Pulsing(freqCutoff=6), e10=MockFixedIntBlock(blockSize=1179), f13=MockFixedIntBlock(blockSize=1179), f19=MockSep, f18=MockRandom, f17=Standard, e29=Standard, e26=Pulsing(freqCutoff=6), f21=MockFixedIntBlock(blockSize=1179), e25=MockFixedIntBlock(blockSize=1179), f20=MockVariableIntBlock(baseBlockSize=28), e28=MockVariableIntBlock(baseBlockSize=28), f23=MockRandom, e27=MockRandom, f22=Standard, f25=Standard, e22=Standard, f24=SimpleText, e21=SimpleText, f27=MockSep, e24=MockSep, f26=Pulsing(freqCutoff=6), e23=Pulsing(freqCutoff=6), f29=Pulsing(freqCutoff=6), f28=MockFixedIntBlock(blockSize=1179), e20=MockRandom, field=MockVariableIntBlock(baseBlockSize=28), string=MockRandom, e30=MockFixedIntBlock(blockSize=1179), e31=Pulsing(freqCutoff=6), a98=MockRandom, e34=Standard, a99=MockVariableIntBlock(baseBlockSize=28), e35=MockRandom, f79=Standard, e32=MockVariableIntBlock(baseBlockSize=28), e33=MockFixedIntBlock(blockSize=1179), b97=Pulsing(freqCutoff=6), f77=MockRandom, e38=Pulsing(freqCutoff=6), b98=MockSep, f78=MockVariableIntBlock(baseBlockSize=28), e39=MockSep, b99=MockVariableIntBlock(baseBlockSize=28), f75=MockFixedIntBlock(blockSize=1179), e36=SimpleText, f76=Pulsing(freqCutoff=6), e37=Standard, f73=Pulsing(freqCutoff=6), f74=MockSep, f71=SimpleText, f72=Standard, f81=MockRandom, f80=Standard, e40=MockVariableIntBlock(baseBlockSize=28), e41=SimpleText, e42=Standard, e43=MockSep, e44=SimpleText, e45=MockFixedIntBlock(blockSize=1179), e46=Pulsing(freqCutoff=6), f86=SimpleText, e47=MockVariableIntBlock(baseBlockSize=28), f87=Standard, e48=MockFixedIntBlock(blockSize=1179), f88=Pulsing(freqCutoff=6), e49=Standard, f89=MockSep, f82=MockVariableIntBlock(baseBlockSize=28), f83=MockFixedIntBlock(blockSize=1179), f84=Standard, f85=MockRandom, f90=SimpleText, f92=Pulsing(freqCutoff=6), f91=MockFixedIntBlock(blockSize=1179), str=MockVariableIntBlock(baseBlockSize=28), a76=MockVariableIntBlock(baseBlockSize=28), e56=SimpleText, f59=SimpleText, a77=MockFixedIntBlock(blockSize=1179), e57=Standard, a78=Standard, e54=MockRandom, f57=MockRandom, a79=MockRandom, e55=MockVariableIntBlock(baseBlockSize=28), f58=MockVariableIntBlock(baseBlockSize=28), e52=MockVariableIntBlock(baseBlockSize=28), e53=MockFixedIntBlock(blockSize=1179), e50=Pulsing(freqCutoff=6), e51=MockSep, f51=MockSep, f52=SimpleText, f50=MockRandom, f55=MockVariableIntBlock(baseBlockSize=28), f56=MockFixedIntBlock(blockSize=1179), f53=Pulsing(freqCutoff=6), e58=MockSep, f54=MockSep, e59=SimpleText, a80=MockVariableIntBlock(baseBlockSize=28), e60=SimpleText, a82=Standard, a81=SimpleText, a84=SimpleText, a83=MockSep, a86=Pulsing(freqCutoff=6), a85=MockFixedIntBlock(blockSize=1179), a89=MockFixedIntBlock(blockSize=1179), f68=Pulsing(freqCutoff=6), e65=Pulsing(freqCutoff=6), f69=MockSep, e66=MockSep, a87=MockSep, e67=MockVariableIntBlock(baseBlockSize=28), a88=SimpleText, e68=MockFixedIntBlock(blockSize=1179), e61=Standard, e62=MockRandom, e63=MockSep, e64=SimpleText, f60=MockFixedIntBlock(blockSize=1179), f61=Pulsing(freqCutoff=6), f62=MockRandom, f63=MockVariableIntBlock(baseBlockSize=28), e69=MockRandom, f64=Standard, f65=MockRandom, f66=MockSep, f67=SimpleText, f70=MockSep, a93=MockFixedIntBlock(blockSize=1179), a92=MockVariableIntBlock(baseBlockSize=28), a91=MockSep, e71=MockVariableIntBlock(baseBlockSize=28), a90=Pulsing(freqCutoff=6), e70=MockRandom, a97=Standard, a96=SimpleText, a95=MockVariableIntBlock(baseBlockSize=28), a94=MockRandom, c58=MockFixedIntBlock(blockSize=1179), a63=Pulsing(freqCutoff=6), a64=MockSep, c59=Pulsing(freqCutoff=6), c56=MockSep, d59=MockSep, a61=SimpleText, c57=SimpleText, a62=Standard, c54=SimpleText, c55=Standard, a60=MockRandom, c52=MockRandom, c53=MockVariableIntBlock(baseBlockSize=28), d53=MockVariableIntBlock(baseBlockSize=28), d54=MockFixedIntBlock(blockSize=1179), d51=Pulsing(freqCutoff=6), d52=MockSep, d57=SimpleText, b62=Standard, d58=Standard, b63=MockRandom, d55=MockRandom, b60=MockVariableIntBlock(baseBlockSize=28), d56=MockVariableIntBlock(baseBlockSize=28), b61=MockFixedIntBlock(blockSize=1179), b56=MockSep, b55=Pulsing(freqCutoff=6), b54=Standard, b53=SimpleText, d61=SimpleText, b59=MockRandom, d60=MockSep, b58=Pulsing(freqCutoff=6), b57=MockFixedIntBlock(blockSize=1179), c62=MockFixedIntBlock(blockSize=1179), c61=MockVariableIntBlock(baseBlockSize=28), a59=MockRandom, c60=MockSep, a58=Standard, a57=MockVariableIntBlock(baseBlockSize=28), a56=MockRandom, a55=Pulsing(freqCutoff=6), a54=MockFixedIntBlock(blockSize=1179), a72=MockVariableIntBlock(baseBlockSize=28), c67=MockRandom, a73=MockFixedIntBlock(blockSize=1179), c68=MockVariableIntBlock(baseBlockSize=28), a74=Standard, c69=SimpleText, a75=MockRandom, c63=Pulsing(freqCutoff=6), c64=MockSep, a70=MockFixedIntBlock(blockSize=1179), c65=MockVariableIntBlock(baseBlockSize=28), a71=Pulsing(freqCutoff=6), c66=MockFixedIntBlock(blockSize=1179), d62=Standard, d63=MockRandom, d64=MockSep, b70=Standard, d65=SimpleText, b71=MockSep, d66=Pulsing(freqCutoff=6), b72=SimpleText, d67=MockSep, b73=MockFixedIntBlock(blockSize=1179), d68=MockVariableIntBlock(baseBlockSize=28), b74=Pulsing(freqCutoff=6), d69=MockFixedIntBlock(blockSize=1179), b65=MockFixedIntBlock(blockSize=1179), b64=MockVariableIntBlock(baseBlockSize=28), b67=MockRandom, b66=Standard, d70=Pulsing(freqCutoff=6), b69=Standard, b68=SimpleText, d72=MockVariableIntBlock(baseBlockSize=28), d71=MockRandom, c71=MockRandom, c70=Standard, a69=MockFixedIntBlock(blockSize=1179), c73=SimpleText, c72=MockSep, a66=Standard, a65=SimpleText, a68=MockSep, a67=Pulsing(freqCutoff=6), c32=Standard, c33=MockRandom, c30=MockVariableIntBlock(baseBlockSize=28), c31=MockFixedIntBlock(blockSize=1179), c36=Pulsing(freqCutoff=6), a41=MockSep, c37=MockSep, a42=SimpleText, a0=MockSep, c34=SimpleText, c35=Standard, a40=MockRandom, b84=SimpleText, d79=MockSep, b85=Standard, b82=MockRandom, d77=Standard, c38=MockFixedIntBlock(blockSize=1179), b83=MockVariableIntBlock(baseBlockSize=28), d78=MockRandom, c39=Pulsing(freqCutoff=6), b80=MockVariableIntBlock(baseBlockSize=28), d75=MockRandom, b81=MockFixedIntBlock(blockSize=1179), d76=MockVariableIntBlock(baseBlockSize=28), d73=MockFixedIntBlock(blockSize=1179), d74=Pulsing(freqCutoff=6), d83=MockSep, a9=Standard, d82=Pulsing(freqCutoff=6), d81=Standard, d80=SimpleText, b79=MockVariableIntBlock(baseBlockSize=28), b78=Pulsing(freqCutoff=6), b77=MockFixedIntBlock(blockSize=1179), b76=SimpleText, b75=MockSep, a1=SimpleText, a35=MockFixedIntBlock(blockSize=1179), a2=Standard, a34=MockVariableIntBlock(baseBlockSize=28), a3=Pulsing(freqCutoff=6), a33=MockSep, a4=MockSep, a32=Pulsing(freqCutoff=6), a5=MockFixedIntBlock(blockSize=1179), a39=Standard, c40=Pulsing(freqCutoff=6), a6=Pulsing(freqCutoff=6), a38=SimpleText, a7=MockRandom, a37=MockVariableIntBlock(baseBlockSize=28), a8=MockVariableIntBlock(baseBlockSize=28), a36=MockRandom, c41=MockSep, c42=SimpleText, c43=MockFixedIntBlock(blockSize=1179), c44=Pulsing(freqCutoff=6), c45=MockVariableIntBlock(baseBlockSize=28), a50=MockFixedIntBlock(blockSize=1179), c46=MockFixedIntBlock(blockSize=1179), a51=Pulsing(freqCutoff=6), c47=Standard, a52=MockRandom, c48=MockRandom, a53=MockVariableIntBlock(baseBlockSize=28), b93=Pulsing(freqCutoff=6), d88=MockFixedIntBlock(blockSize=1179), c49=SimpleText, b94=MockSep, d89=Pulsing(freqCutoff=6), b95=MockVariableIntBlock(baseBlockSize=28), b96=MockFixedIntBlock(blockSize=1179), d84=SimpleText, b90=MockRandom, d85=Standard, b91=MockSep, d86=Pulsing(freqCutoff=6), b92=SimpleText, d87=MockSep, d92=MockFixedIntBlock(blockSize=1179), d91=MockVariableIntBlock(baseBlockSize=28), d94=MockRandom, d93=Standard, b87=MockVariableIntBlock(baseBlockSize=28), b86=MockRandom, d90=Pulsing(freqCutoff=6), b89=Standard, b88=SimpleText, a44=MockRandom, a43=Standard, a46=SimpleText, a45=MockSep, a48=MockSep, a47=Pulsing(freqCutoff=6), c51=Standard, a49=MockVariableIntBlock(baseBlockSize=28), c50=SimpleText, d98=MockRandom, d97=Standard, d96=MockFixedIntBlock(blockSize=1179), d95=MockVariableIntBlock(baseBlockSize=28), d99=SimpleText, a20=Standard, c99=MockSep, c98=Pulsing(freqCutoff=6), c97=Standard, c96=SimpleText, b19=Standard, a16=Standard, a17=MockRandom, b17=MockVariableIntBlock(baseBlockSize=28), a14=MockVariableIntBlock(baseBlockSize=28), b18=MockFixedIntBlock(blockSize=1179), a15=MockFixedIntBlock(blockSize=1179), a12=MockFixedIntBlock(blockSize=1179), a13=Pulsing(freqCutoff=6), a10=MockSep, a11=SimpleText, b11=SimpleText, b12=Standard, b10=MockVariableIntBlock(baseBlockSize=28), b15=MockFixedIntBlock(blockSize=1179), b16=Pulsing(freqCutoff=6), a18=SimpleText, b13=MockSep, a19=Standard, b14=SimpleText, b30=SimpleText, a31=MockFixedIntBlock(blockSize=1179), a30=MockVariableIntBlock(baseBlockSize=28), b28=MockSep, a25=MockSep, b29=SimpleText, a26=SimpleText, a27=MockFixedIntBlock(blockSize=1179), a28=Pulsing(freqCutoff=6), a21=MockRandom, a22=MockVariableIntBlock(baseBlockSize=28), a23=SimpleText, a24=Standard, b20=Pulsing(freqCutoff=6), b21=MockSep, b22=MockVariableIntBlock(baseBlockSize=28), b23=MockFixedIntBlock(blockSize=1179), a29=MockVariableIntBlock(baseBlockSize=28), b24=MockRandom, b25=MockVariableIntBlock(baseBlockSize=28), b26=SimpleText, b27=Standard, b41=MockVariableIntBlock(baseBlockSize=28), b40=MockRandom, c77=SimpleText, c76=MockSep, c75=MockRandom, c74=Standard, c79=MockSep, c78=Pulsing(freqCutoff=6), c80=MockSep, c83=MockRandom, c84=MockVariableIntBlock(baseBlockSize=28), c81=MockFixedIntBlock(blockSize=1179), b39=MockRandom, c82=Pulsing(freqCutoff=6), b37=MockVariableIntBlock(baseBlockSize=28), b38=MockFixedIntBlock(blockSize=1179), b35=Pulsing(freqCutoff=6), b36=MockSep, b33=MockSep, b34=SimpleText, b31=Standard, b32=MockRandom, str2=MockFixedIntBlock(blockSize=1179), b50=Standard, b52=MockSep, str3=Standard, b51=Pulsing(freqCutoff=6), c86=Pulsing(freqCutoff=6), tvtest=SimpleText, c85=MockFixedIntBlock(blockSize=1179), c88=MockVariableIntBlock(baseBlockSize=28), c87=MockRandom, c89=Standard, c90=Standard, c91=MockRandom, c92=SimpleText, c93=Standard, c94=Pulsing(freqCutoff=6), c95=MockSep, content1=MockFixedIntBlock(blockSize=1179), b46=Standard, b47=MockRandom, content3=MockSep, b48=MockSep, content4=Pulsing(freqCutoff=6), b49=SimpleText, content5=SimpleText, b42=MockFixedIntBlock(blockSize=1179), b43=Pulsing(freqCutoff=6), b44=MockRandom, b45=MockVariableIntBlock(baseBlockSize=28)}, locale=ga_IE, timezone=US/East-Indiana
    [junit] NOTE: all tests run in this JVM:
    [junit] [TestDemo, TestCheckIndex, TestCompoundFile, TestConcurrentMergeScheduler, TestIndexCommit, TestIndexWriter]
    [junit] NOTE: Linux 2.6.32-24-generic amd64/Sun Microsystems Inc. 1.6.0_18 (64-bit)/cpus=2,threads=1,free=87621968,total=211353600
    [junit] ------------- ---------------- ---------------
    [junit] TEST org.apache.lucene.index.TestIndexWriter FAILED
    [junit] Testsuite: org.apache.lucene.index.TestLazyProxSkipping
    [junit] Tests run: 2, Failures: 0, Errors: 0, Time elapsed: 0.881 sec
    [junit] 
    [junit] Testsuite: org.apache.lucene.index.TestParallelReader
    [junit] Tests run: 6, Failures: 0, Errors: 0, Time elapsed: 0.341 sec
    [junit] 
    [junit] Testsuite: org.apache.lucene.index.TestSegmentMerger
    [junit] Tests run: 2, Failures: 0, Errors: 0, Time elapsed: 1.501 sec
    [junit] 
    [junit] Testsuite: org.apache.lucene.index.TestTransactionRollback
    [junit] Tests run: 2, Failures: 0, Errors: 0, Time elapsed: 0.292 sec
    [junit] 
    [junit] Testsuite: org.apache.lucene.index.codecs.intblock.TestIntBlockCodec
    [junit] Tests run: 2, Failures: 0, Errors: 0, Time elapsed: 0.071 sec
    [junit] 
    [junit] Testsuite: org.apache.lucene.queryParser.TestQueryParser
    [junit] Tests run: 35, Failures: 0, Errors: 0, Time elapsed: 0.57 sec
    [junit] 
    [junit] Testsuite: org.apache.lucene.search.TestComplexExplanationsOfNonMatches
    [junit] Tests run: 22, Failures: 0, Errors: 0, Time elapsed: 0.648 sec
    [junit] 
    [junit] Testsuite: org.apache.lucene.search.TestDocBoost
    [junit] Tests run: 1, Failures: 0, Errors: 0, Time elapsed: 0.04 sec
    [junit] 
    [junit] Testsuite: org.apache.lucene.search.TestElevationComparator
    [junit] Tests run: 1, Failures: 0, Errors: 0, Time elapsed: 0.14 sec
    [junit] 
    [junit] Testsuite: org.apache.lucene.search.TestFilteredSearch
    [junit] Tests run: 1, Failures: 0, Errors: 0, Time elapsed: 0.125 sec
    [junit] 
    [junit] Testsuite: org.apache.lucene.search.TestPhraseQuery
    [junit] Tests run: 17, Failures: 0, Errors: 0, Time elapsed: 6.901 sec
    [junit] 
    [junit] Testsuite: org.apache.lucene.search.TestPrefixRandom
    [junit] Tests run: 1, Failures: 0, Errors: 0, Time elapsed: 7.163 sec
    [junit] 
    [junit] Testsuite: org.apache.lucene.index.TestIndexWriterOnDiskFull
    [junit] Testcase: testAddDocumentOnDiskFull(org.apache.lucene.index.TestIndexWriterOnDiskFull):	FAILED
    [junit] after disk full during addDocument: before delete:
    [junit]     _0.fdt
    [junit]     _0.fdx
    [junit]     _0.tis
    [junit]     segments.gen
    [junit]     segments_2
    [junit]   after delete:
    [junit]     segments.gen
    [junit]     segments_2
    [junit] junit.framework.AssertionFailedError: after disk full during addDocument: before delete:
    [junit]     _0.fdt
    [junit]     _0.fdx
    [junit]     _0.tis
    [junit]     segments.gen
    [junit]     segments_2
    [junit]   after delete:
    [junit]     segments.gen
    [junit]     segments_2
    [junit] 	at org.apache.lucene.util.LuceneTestCase$LuceneTestCaseRunner.runChild(LuceneTestCase.java:1156)
    [junit] 	at org.apache.lucene.util.LuceneTestCase$LuceneTestCaseRunner.runChild(LuceneTestCase.java:1088)
    [junit]     _0.fdt
    [junit]     _0.fdx
    [junit]     _0.tis
    [junit]     segments.gen
    [junit]     segments_2
    [junit]   after delete:
    [junit]     segments.gen
    [junit]     segments_2
    [junit] 	at org.apache.lucene.index.TestIndexWriter.assertNoUnreferencedFiles(TestIndexWriter.java:166)
    [junit] 	at org.apache.lucene.index.TestIndexWriterOnDiskFull.testAddDocumentOnDiskFull(TestIndexWriterOnDiskFull.java:113)
    [junit] 
    [junit] 
    [junit] Tests run: 4, Failures: 1, Errors: 0, Time elapsed: 56.271 sec
    [junit] 
    [junit] ------------- Standard Error -----------------
    [junit] NOTE: reproduce with: ant test -Dtestcase=TestIndexWriterOnDiskFull -Dtestmethod=testAddDocumentOnDiskFull -Dtests.seed=53622441482300822:3873625684840628004
    [junit] NOTE: test params are: codec=PreFlex, locale=sr_BA, timezone=Etc/GMT-11
    [junit] NOTE: all tests run in this JVM:
    [junit] [TestSearch, TestCachingTokenFilter, TestCodecs, TestDirectoryReader, TestIndexInput, TestIndexReaderReopen, TestIndexWriterDelete, TestIndexWriterOnDiskFull]
    [junit] NOTE: Linux 2.6.32-24-generic amd64/Sun Microsystems Inc. 1.6.0_18 (64-bit)/cpus=2,threads=1,free=136244352,total=218234880
    [junit] ------------- ---------------- ---------------
    [junit] TEST org.apache.lucene.index.TestIndexWriterOnDiskFull FAILED
    [junit] Testsuite: org.apache.lucene.search.TestSearchWithThreads
    [junit] Tests run: 1, Failures: 0, Errors: 0, Time elapsed: 1.844 sec
    [junit] 
    [junit] Testsuite: org.apache.lucene.search.TestSimilarity
    [junit] Tests run: 1, Failures: 0, Errors: 0, Time elapsed: 0.074 sec
    [junit] 
    [junit] Testsuite: org.apache.lucene.search.cache.TestEntryCreators
    [junit] Tests run: 2, Failures: 0, Errors: 0, Time elapsed: 0.255 sec
    [junit] 
    [junit] Testsuite: org.apache.lucene.search.function.TestOrdValues
    [junit] Tests run: 6, Failures: 0, Errors: 0, Time elapsed: 0.359 sec
    [junit] 
    [junit] Testsuite: org.apache.lucene.search.spans.TestSpansAdvanced2
    [junit] Tests run: 4, Failures: 0, Errors: 0, Time elapsed: 0.31 sec
    [junit] 
    [junit] Testsuite: org.apache.lucene.store.TestBufferedIndexInput
    [junit] Tests run: 4, Failures: 0, Errors: 0, Time elapsed: 3.161 sec
    [junit] 
    [junit] Testsuite: org.apache.lucene.store.TestHugeRamFile
    [junit] Tests run: 1, Failures: 0, Errors: 0, Time elapsed: 8.079 sec
    [junit] 
    [junit] Testsuite: org.apache.lucene.util.TestAttributeSource
    [junit] Tests run: 5, Failures: 0, Errors: 0, Time elapsed: 0.454 sec
    [junit] 
    [junit] Testsuite: org.apache.lucene.util.TestDoubleBarrelLRUCache
    [junit] Tests run: 2, Failures: 0, Errors: 0, Time elapsed: 1.094 sec
    [junit] 
    [junit] Testsuite: org.apache.lucene.util.TestVirtualMethod
    [junit] Tests run: 2, Failures: 0, Errors: 0, Time elapsed: 0.119 sec
    [junit] 
    [junit] Testsuite: org.apache.lucene.util.automaton.TestUTF32ToUTF8
    [junit] Tests run: 5, Failures: 0, Errors: 0, Time elapsed: 1.078 sec
    [junit] 
    [junit] Tests FAILED
    [junit] Testsuite: org.apache.lucene.analysis.TestMockAnalyzer
    [junit] Tests run: 6, Failures: 0, Errors: 0, Time elapsed: 2.156 sec
    [junit] 
    [junit] Testsuite: org.apache.lucene.document.TestDateTools
    [junit] Tests run: 5, Failures: 0, Errors: 0, Time elapsed: 0.137 sec
    [junit] 
    [junit] Testsuite: org.apache.lucene.index.TestDoc
    [junit] Tests run: 1, Failures: 0, Errors: 0, Time elapsed: 1.372 sec
    [junit] 
    [junit] Testsuite: org.apache.lucene.index.TestFieldsReader
    [junit] Tests run: 8, Failures: 0, Errors: 0, Time elapsed: 10.035 sec
    [junit] 
    [junit] Testsuite: org.apache.lucene.index.TestIndexWriterLockRelease
    [junit] Tests run: 1, Failures: 0, Errors: 0, Time elapsed: 0.061 sec
    [junit] 
    [junit] Testsuite: org.apache.lucene.index.TestIndexWriterOnJRECrash
    [junit] Tests run: 1, Failures: 0, Errors: 0, Time elapsed: 42.698 sec
    [junit] 
    [junit] Testsuite: org.apache.lucene.index.TestIsCurrent
    [junit] Tests run: 2, Failures: 0, Errors: 0, Time elapsed: 0.026 sec
    [junit] 
    [junit] Testsuite: org.apache.lucene.index.TestStressIndexing
    [junit] Tests run: 1, Failures: 0, Errors: 0, Time elapsed: 1.213 sec
    [junit] 
    [junit] Testsuite: org.apache.lucene.index.TestThreadedOptimize
    [junit] Tests run: 1, Failures: 0, Errors: 0, Time elapsed: 0.871 sec
    [junit] 
    [junit] Testsuite: org.apache.lucene.queryParser.TestMultiAnalyzer
    [junit] Tests run: 3, Failures: 0, Errors: 0, Time elapsed: 0.059 sec
    [junit] 
    [junit] Testsuite: org.apache.lucene.search.TestBoolean2
    [junit] Tests run: 11, Failures: 0, Errors: 0, Time elapsed: 10.333 sec
    [junit] 
    [junit] Testsuite: org.apache.lucene.search.TestFieldCache
    [junit] Tests run: 3, Failures: 0, Errors: 0, Time elapsed: 3.975 sec
    [junit] 
    [junit] Testsuite: org.apache.lucene.index.TestLazyBug
    [junit] Tests run: 3, Failures: 0, Errors: 0, Time elapsed: 31.421 sec
    [junit] 
    [junit] Testsuite: org.apache.lucene.index.TestNRTReaderWithThreads
    [junit] Tests run: 1, Failures: 0, Errors: 0, Time elapsed: 1.126 sec
    [junit] 
    [junit] Testsuite: org.apache.lucene.index.TestNewestSegment
    [junit] Tests run: 1, Failures: 0, Errors: 0, Time elapsed: 0.025 sec
    [junit] 
    [junit]     _12.tvd
    [junit]     _12.tvf
    [junit]     _12.tvx
    [junit]     _1f.tvd
    [junit]     _1f.tvf
    [junit]     _1f.tvx
    [junit]     _1s.tvd
    [junit]     _1s.tvf
    [junit]     _1s.tvx
    [junit]     _25.tvd
    [junit]     _25.tvf
    [junit]     _25.tvx
    [junit]     _2i.tvd
    [junit]     _2i.tvf
    [junit]     _2i.tvx
    [junit]     _2v.tvd
    [junit]     _2v.tvf
    [junit]     _2v.tvx
    [junit]     _38.tvd
    [junit]     _38.tvf
    [junit]     _38.tvx
    [junit]     _3l.tvd
    [junit]     _3l.tvf
    [junit]     _3l.tvx
    [junit]     _3y.tvd
    [junit]     _3y.tvf
    [junit]     _3y.tvx
    [junit]     _4b.tvd
    [junit]     _4b.tvf
    [junit]     _4b.tvx
    [junit]     _4c.fdt
    [junit]     _4c.fdx
    [junit]     _4c.fnm
    [junit]     _4c.nrm
    [junit]     _4c.tvd
    [junit]     _4c.tvf
    [junit]     _4c.tvx
    [junit]     _4c_0.frq
    [junit]     _4c_0.prx
    [junit]     _4c_0.tis
    [junit]     _4c_0.tiv
    [junit]     _4p.cfs
    [junit]     _4p.tvd
    [junit]     _4p.tvf
    [junit]     _4p.tvx
    [junit]     _52.cfs
    [junit]     _52.tvd
    [junit]     _52.tvf
    [junit]     _52.tvx
    [junit]     _53.cfs
    [junit]     _c.tvd
    [junit]     _c.tvf
    [junit]     _c.tvx
    [junit]     _p.tvd
    [junit]     _p.tvf
    [junit]     _p.tvx
    [junit]     segments.gen
    [junit]     segments_4q
    [junit]   after delete:
    [junit]     _4c.fdt
    [junit]     _4c.fdx
    [junit]     _4c.fnm
    [junit]     _4c.nrm
    [junit]     _4c_0.frq
    [junit]     _4c_0.prx
    [junit]     _4c_0.tis
    [junit]     _4c_0.tiv
    [junit]     _4p.cfs
    [junit]     _52.cfs
    [junit]     _53.cfs
    [junit]     segments.gen
    [junit]     segments_4q)
    [junit] Testsuite: org.apache.lucene.index.TestPersistentSnapshotDeletionPolicy
    [junit] Testcase: testSnapshotDeletionPolicy(org.apache.lucene.index.TestPersistentSnapshotDeletionPolicy):	FAILED
    [junit] some files were not deleted but should have been: before delete:
    [junit]     _12.tvd
    [junit]     _12.tvf
    [junit]     _12.tvx
    [junit]     _1f.tvd
    [junit]     _1f.tvf
    [junit]     _1f.tvx
    [junit]     _1s.tvd
    [junit]     _1s.tvf
    [junit]     _1s.tvx
    [junit]     _25.tvd
    [junit]     _25.tvf
    [junit]     _25.tvx
    [junit]     _2i.tvd
    [junit]     _2i.tvf
    [junit]     _2i.tvx
    [junit]     _2v.tvd
    [junit]     _2v.tvf
    [junit]     _2v.tvx
    [junit]     _38.tvd
    [junit]     _38.tvf
    [junit]     _38.tvx
    [junit]     _3l.tvd
    [junit]     _3l.tvf
    [junit]     _3l.tvx
    [junit]     _3y.tvd
    [junit]     _3y.tvf
    [junit]     _3y.tvx
    [junit]     _4b.tvd
    [junit]     _4b.tvf
    [junit]     _4b.tvx
    [junit]     _4c.fdt
    [junit]     _4c.fdx
    [junit]     _4c.fnm
    [junit]     _4c.nrm
    [junit]     _4c.tvd
    [junit]     _4c.tvf
    [junit]     _4c.tvx
    [junit]     _4c_0.frq
    [junit]     _4c_0.prx
    [junit]     _4c_0.tis
    [junit]     _4c_0.tiv
    [junit]     _4p.cfs
    [junit]     _4p.tvd
    [junit]     _4p.tvf
    [junit]     _4p.tvx
    [junit]     _52.cfs
    [junit]     _52.tvd
    [junit]     _52.tvf
    [junit]     _52.tvx
    [junit]     _53.cfs
    [junit]     _c.tvd
    [junit]     _c.tvf
    [junit]     _c.tvx
    [junit]     _p.tvd
    [junit]     _p.tvf
    [junit]     _p.tvx
    [junit]     segments.gen
    [junit]     segments_4q
    [junit]   after delete:
    [junit]     _4c.fdt
    [junit]     _4c.fdx
    [junit]     _4c.fnm
    [junit]     _4c.nrm
    [junit]     _4c_0.frq
    [junit]     _4c_0.prx
    [junit]     _4c_0.tis
    [junit]     _4c_0.tiv
    [junit]     _4p.cfs
    [junit]     _52.cfs
    [junit]     _53.cfs
    [junit]     segments.gen
    [junit]     segments_4q
    [junit] junit.framework.AssertionFailedError: some files were not deleted but should have been: before delete:
    [junit]     _12.tvd
    [junit]     _12.tvf
    [junit]     _12.tvx
    [junit]     _1f.tvd
    [junit]     _1f.tvf
    [junit]     _1f.tvx
    [junit]     _1s.tvd
    [junit]     _1s.tvf
    [junit]     _1s.tvx
    [junit]     _25.tvd
    [junit]     _25.tvf
    [junit]     _25.tvx
    [junit]     _2i.tvd
    [junit]     _2i.tvf
    [junit]     _2i.tvx
    [junit]     _2v.tvd
    [junit]     _2v.tvf
    [junit]     _2v.tvx
    [junit]     _38.tvd
    [junit]     _38.tvf
    [junit]     _38.tvx
    [junit]     _3l.tvd
    [junit]     _3l.tvf
    [junit]     _3l.tvx
    [junit]     _3y.tvd
    [junit]     _3y.tvf
    [junit]     _3y.tvx
    [junit]     _4b.tvd
    [junit]     _4b.tvf
    [junit]     _4b.tvx
    [junit]     _4c.fdt
    [junit]     _4c.fdx
    [junit]     _4c.fnm
    [junit]     _4c.nrm
    [junit]     _4c.tvd
    [junit]     _4c.tvf
    [junit]     _4c.tvx
    [junit]     _4c_0.frq
    [junit]     _4c_0.prx
    [junit]     _4c_0.tis
    [junit]     _4c_0.tiv
    [junit]     _4p.cfs
    [junit]     _4p.tvd
    [junit]     _4p.tvf
    [junit]     _4p.tvx
    [junit]     _52.cfs
    [junit]     _52.tvd
    [junit]     _52.tvf
    [junit]     _52.tvx
    [junit]     _53.cfs
    [junit]     _c.tvd
    [junit]     _c.tvf
    [junit]     _c.tvx
    [junit]     _p.tvd
    [junit]     _p.tvf
    [junit]     _p.tvx
    [junit]     segments.gen
    [junit]     segments_4q
    [junit]   after delete:
    [junit]     _4c.fdt
    [junit]     _4c.fdx
    [junit]     _4c.fnm
    [junit]     _4c.nrm
    [junit]     _4c_0.frq
    [junit]     _4c_0.prx
    [junit]     _4c_0.tis
    [junit]     _4c_0.tiv
    [junit]     _4p.cfs
    [junit]     _52.cfs
    [junit]     _53.cfs
    [junit]     segments.gen
    [junit]     segments_4q
    [junit] 	at org.apache.lucene.util.LuceneTestCase$LuceneTestCaseRunner.runChild(LuceneTestCase.java:1156)
    [junit] 	at org.apache.lucene.util.LuceneTestCase$LuceneTestCaseRunner.runChild(LuceneTestCase.java:1088)
    [junit]     _12.tvd
    [junit]     _12.tvf
    [junit]     _12.tvx
    [junit]     _1f.tvd
    [junit]     _1f.tvf
    [junit]     _1f.tvx
    [junit]     _1s.tvd
    [junit]     _1s.tvf
    [junit]     _1s.tvx
    [junit]     _25.tvd
    [junit]     _25.tvf
    [junit]     _25.tvx
    [junit]     _2i.tvd
    [junit]     _2i.tvf
    [junit]     _2i.tvx
    [junit]     _2v.tvd
    [junit]     _2v.tvf
    [junit]     _2v.tvx
    [junit]     _38.tvd
    [junit]     _38.tvf
    [junit]     _38.tvx
    [junit]     _3l.tvd
    [junit]     _3l.tvf
    [junit]     _3l.tvx
    [junit]     _3y.tvd
    [junit]     _3y.tvf
    [junit]     _3y.tvx
    [junit]     _4b.tvd
    [junit]     _4b.tvf
    [junit]     _4b.tvx
    [junit]     _4c.fdt
    [junit]     _4c.fdx
    [junit]     _4c.fnm
    [junit]     _4c.nrm
    [junit]     _4c.tvd
    [junit]     _4c.tvf
    [junit]     _4c.tvx
    [junit]     _4c_0.frq
    [junit]     _4c_0.prx
    [junit]     _4c_0.tis
    [junit]     _4c_0.tiv
    [junit]     _4p.cfs
    [junit]     _4p.tvd
    [junit]     _4p.tvf
    [junit]     _4p.tvx
    [junit]     _52.cfs
    [junit]     _52.tvd
    [junit]     _52.tvf
    [junit]     _52.tvx
    [junit]     _53.cfs
    [junit]     _c.tvd
    [junit]     _c.tvf
    [junit]     _c.tvx
    [junit]     _p.tvd
    [junit]     _p.tvf
    [junit]     _p.tvx
    [junit]     segments.gen
    [junit]     segments_4q
    [junit]   after delete:
    [junit]     _4c.fdt
    [junit]     _4c.fdx
    [junit]     _4c.fnm
    [junit]     _4c.nrm
    [junit]     _4c_0.frq
    [junit]     _4c_0.prx
    [junit]     _4c_0.tis
    [junit]     _4c_0.tiv
    [junit]     _4p.cfs
    [junit]     _52.cfs
    [junit]     _53.cfs
    [junit]     segments.gen
    [junit]     segments_4q
    [junit] 	at org.apache.lucene.index.TestIndexWriter.assertNoUnreferencedFiles(TestIndexWriter.java:166)
    [junit] 	at org.apache.lucene.index.TestSnapshotDeletionPolicy.runTest(TestSnapshotDeletionPolicy.java:147)
    [junit] 	at org.apache.lucene.index.TestSnapshotDeletionPolicy.testSnapshotDeletionPolicy(TestSnapshotDeletionPolicy.java:82)
    [junit] 
    [junit] 
    [junit] Tests run: 14, Failures: 1, Errors: 0, Time elapsed: 2.921 sec
    [junit] 
    [junit] ------------- Standard Error -----------------
    [junit] NOTE: reproduce with: ant test -Dtestcase=TestPersistentSnapshotDeletionPolicy -Dtestmethod=testSnapshotDeletionPolicy -Dtests.seed=8279768691970385297:-8516753776072849878
    [junit] NOTE: test params are: codec=RandomCodecProvider: {content=Standard}, locale=pt_BR, timezone=America/Havana
    [junit] NOTE: all tests run in this JVM:
    [junit] [TestMockAnalyzer, TestDateTools, TestDoc, TestFieldsReader, TestIndexWriterLockRelease, TestLazyBug, TestNRTReaderWithThreads, TestNewestSegment, TestPersistentSnapshotDeletionPolicy]
    [junit] NOTE: Linux 2.6.32-24-generic amd64/Sun Microsystems Inc. 1.6.0_18 (64-bit)/cpus=2,threads=1,free=98747272,total=214040576
    [junit] ------------- ---------------- ---------------
    [junit] TEST org.apache.lucene.index.TestPersistentSnapshotDeletionPolicy FAILED
    [junit] Testsuite: org.apache.lucene.index.TestSegmentTermEnum
    [junit] Tests run: 2, Failures: 0, Errors: 0, Time elapsed: 0.073 sec
    [junit] 
    [junit] Testsuite: org.apache.lucene.index.TestTermVectorsReader
    [junit] Tests run: 6, Failures: 0, Errors: 0, Time elapsed: 0.131 sec
    [junit] 
    [junit] Testsuite: org.apache.lucene.index.TestTermVectorsWriter
    [junit] Testcase: testTermVectorCorruption2(org.apache.lucene.index.TestTermVectorsWriter):	FAILED
    [junit] 
    [junit] junit.framework.AssertionFailedError: 
    [junit] 	at org.apache.lucene.util.LuceneTestCase$LuceneTestCaseRunner.runChild(LuceneTestCase.java:1156)
    [junit] 	at org.apache.lucene.util.LuceneTestCase$LuceneTestCaseRunner.runChild(LuceneTestCase.java:1088)
    [junit] 	at org.apache.lucene.index.TestTermVectorsWriter.testTermVectorCorruption2(TestTermVectorsWriter.java:340)
    [junit] 
    [junit] 
    [junit] Tests run: 13, Failures: 1, Errors: 0, Time elapsed: 0.347 sec
    [junit] 
    [junit] ------------- Standard Error -----------------
    [junit] NOTE: reproduce with: ant test -Dtestcase=TestTermVectorsWriter -Dtestmethod=testTermVectorCorruption2 -Dtests.seed=-7495582711548222739:-7255579805950012283
    [junit] NOTE: test params are: codec=PreFlex, locale=vi_VN, timezone=America/Yellowknife
    [junit] NOTE: all tests run in this JVM:
    [junit] [TestMockAnalyzer, TestDateTools, TestDoc, TestFieldsReader, TestIndexWriterLockRelease, TestLazyBug, TestNRTReaderWithThreads, TestNewestSegment, TestPersistentSnapshotDeletionPolicy, TestSegmentTermEnum, TestTermVectorsReader, TestTermVectorsWriter]
    [junit] NOTE: Linux 2.6.32-24-generic amd64/Sun Microsystems Inc. 1.6.0_18 (64-bit)/cpus=2,threads=1,free=74432912,total=214040576
    [junit] ------------- ---------------- ---------------
    [junit] TEST org.apache.lucene.index.TestTermVectorsWriter FAILED
    [junit] Testsuite: org.apache.lucene.queryParser.TestMultiFieldQueryParser
    [junit] Tests run: 10, Failures: 0, Errors: 0, Time elapsed: 0.354 sec
    [junit] 
    [junit] Testsuite: org.apache.lucene.search.TestFieldCacheRangeFilter
    [junit] Tests run: 9, Failures: 0, Errors: 0, Time elapsed: 15.346 sec
    [junit] 
    [junit] Testsuite: org.apache.lucene.search.TestFieldCacheTermsFilter
    [junit] Tests run: 1, Failures: 0, Errors: 0, Time elapsed: 0.044 sec
    [junit] 
    [junit] Testsuite: org.apache.lucene.search.TestComplexExplanations
    [junit] Tests run: 22, Failures: 0, Errors: 0, Time elapsed: 7.083 sec
    [junit] 
    [junit] Testsuite: org.apache.lucene.search.TestConstantScoreQuery
    [junit] Tests run: 2, Failures: 0, Errors: 0, Time elapsed: 0.054 sec
    [junit] 
    [junit] Testsuite: org.apache.lucene.search.TestFuzzyQuery2
    [junit] Tests run: 1, Failures: 0, Errors: 0, Time elapsed: 6.937 sec
    [junit] 
    [junit] Testsuite: org.apache.lucene.search.TestPositiveScoresOnlyCollector
    [junit] Tests run: 1, Failures: 0, Errors: 0, Time elapsed: 0.04 sec
    [junit] 
    [junit] Testsuite: org.apache.lucene.search.TestPrefixFilter
    [junit] Tests run: 1, Failures: 0, Errors: 0, Time elapsed: 0.027 sec
    [junit] 
    [junit] Testsuite: org.apache.lucene.search.TestQueryTermVector
    [junit] Tests run: 1, Failures: 0, Errors: 0, Time elapsed: 0.009 sec
    [junit] 
    [junit] Testsuite: org.apache.lucene.search.TestSimpleExplanations
    [junit] Tests run: 52, Failures: 0, Errors: 0, Time elapsed: 5.282 sec
    [junit] 
    [junit] Testsuite: org.apache.lucene.search.TestSimpleExplanationsOfNonMatches
    [junit] Tests run: 52, Failures: 0, Errors: 0, Time elapsed: 0.5 sec
    [junit] 
    [junit] Testsuite: org.apache.lucene.search.TestNumericRangeQuery32
    [junit] Tests run: 27, Failures: 0, Errors: 0, Time elapsed: 17.21 sec
    [junit] 
    [junit] Testsuite: org.apache.lucene.search.TestPhrasePrefixQuery
    [junit] Tests run: 1, Failures: 0, Errors: 0, Time elapsed: 0.051 sec
    [junit] 
    [junit] Testsuite: org.apache.lucene.search.TestRegexpRandom2
    [junit] Tests run: 1, Failures: 0, Errors: 0, Time elapsed: 3.974 sec
    [junit] 
    [junit] Testsuite: org.apache.lucene.search.TestScoreCachingWrappingScorer
    [junit] Tests run: 1, Failures: 0, Errors: 0, Time elapsed: 0.04 sec
    [junit] 
    [junit] Testsuite: org.apache.lucene.search.function.TestDocValues
    [junit] Tests run: 3, Failures: 0, Errors: 0, Time elapsed: 0.035 sec
    [junit] 
    [junit] Testsuite: org.apache.lucene.search.function.TestCustomScoreQuery
    [junit] Tests run: 6, Failures: 0, Errors: 0, Time elapsed: 9.35 sec
    [junit] 
    [junit] Testsuite: org.apache.lucene.search.spans.TestNearSpansOrdered
    [junit] Tests run: 10, Failures: 0, Errors: 0, Time elapsed: 0.134 sec
    [junit] 
    [junit] Testsuite: org.apache.lucene.search.spans.TestSpanExplanations
    [junit] Tests run: 31, Failures: 0, Errors: 0, Time elapsed: 2.489 sec
    [junit] 
    [junit] Testsuite: org.apache.lucene.search.spans.TestBasics
    [junit] Tests run: 23, Failures: 0, Errors: 0, Time elapsed: 11.737 sec
    [junit] 
    [junit] Testsuite: org.apache.lucene.search.spans.TestPayloadSpans
    [junit] Tests run: 10, Failures: 0, Errors: 0, Time elapsed: 2.485 sec
    [junit] 
    [junit] Testsuite: org.apache.lucene.store.TestWindowsMMap
    [junit] Tests run: 1, Failures: 0, Errors: 0, Time elapsed: 0.066 sec
    [junit] 
    [junit] Testsuite: org.apache.lucene.util.TestBitVector
    [junit] Tests run: 7, Failures: 0, Errors: 0, Time elapsed: 0.602 sec
    [junit] 
    [junit] Testsuite: org.apache.lucene.store.TestLockFactory
    [junit] Tests run: 11, Failures: 0, Errors: 0, Time elapsed: 7.132 sec
    [junit] 
    [junit] Testsuite: org.apache.lucene.util.TestOpenBitSet
    [junit] Tests run: 5, Failures: 0, Errors: 0, Time elapsed: 1.916 sec
    [junit] 
    [junit] Testsuite: org.apache.lucene.util.TestSortedVIntList
    [junit] Tests run: 19, Failures: 0, Errors: 0, Time elapsed: 0.087 sec
    [junit] 
    [junit] Testsuite: org.apache.lucene.util.TestCollectionUtil
    [junit] Tests run: 4, Failures: 0, Errors: 0, Time elapsed: 4.03 sec
    [junit] 
    [junit] Testsuite: org.apache.lucene.util.automaton.TestDeterminizeLexicon
    [junit] Tests run: 1, Failures: 0, Errors: 0, Time elapsed: 3.464 sec
    [junit] 
    [junit] Tests FAILED
    [junit] Testsuite: org.apache.lucene.util.TestFieldCacheSanityChecker
    [junit] Tests run: 4, Failures: 0, Errors: 0, Time elapsed: 2.955 sec
    [junit] 
    [junit] Testsuite: org.apache.lucene.util.TestSmallFloat
    [junit] Tests run: 2, Failures: 0, Errors: 0, Time elapsed: 0.052 sec
    [junit] 
    [junit] Testsuite: org.apache.lucene.util.automaton.TestDeterminism
    [junit] Tests run: 2, Failures: 0, Errors: 0, Time elapsed: 2.443 sec
    [junit] 
    [junit] Tests FAILED

BUILD FAILED
/home/j/src/LUCENE-DWPT4/lucene/common-build.xml:537: 
The following error occurred while executing this line:
/home/j/src/LUCENE-DWPT4/lucene/common-build.xml:521: Tests failed!
The following error occurred while executing this line:
/home/j/src/LUCENE-DWPT4/lucene/common-build.xml:521: Tests failed!
The following error occurred while executing this line:
/home/j/src/LUCENE-DWPT4/lucene/common-build.xml:521: Tests failed!
The following error occurred while executing this line:
/home/j/src/LUCENE-DWPT4/lucene/common-build.xml:521: Tests failed!
The following error occurred while executing this line:
/home/j/src/LUCENE-DWPT4/lucene/common-build.xml:521: Tests failed!
The following error occurred while executing this line:
/home/j/src/LUCENE-DWPT4/lucene/common-build.xml:521: Tests failed!
The following error occurred while executing this line:
/home/j/src/LUCENE-DWPT4/lucene/common-build.xml:521: Tests failed!
The following error occurred while executing this line:
/home/j/src/LUCENE-DWPT4/lucene/common-build.xml:521: Tests failed!

Total time: 7 minutes 40 seconds
