Buildfile: /home/selckin/lucene-solr/build.xml

clean:

clean:
   [delete] Deleting directory /home/selckin/lucene-solr/lucene/build

clean:

clean:
     [echo] Building analyzers-common...

clean:
   [delete] Deleting directory /home/selckin/lucene-solr/modules/analysis/build/common
     [echo] Building analyzers-icu...

clean:
   [delete] Deleting directory /home/selckin/lucene-solr/modules/analysis/build/icu
     [echo] Building analyzers-phonetic...

clean:
   [delete] Deleting directory /home/selckin/lucene-solr/modules/analysis/build/phonetic
     [echo] Building analyzers-smartcn...

clean:
   [delete] Deleting directory /home/selckin/lucene-solr/modules/analysis/build/smartcn
     [echo] Building analyzers-stempel...

clean:
   [delete] Deleting directory /home/selckin/lucene-solr/modules/analysis/build/stempel
     [echo] Building benchmark...

clean:
   [delete] Deleting directory /home/selckin/lucene-solr/modules/benchmark/build

clean-contrib:

clean:
   [delete] Deleting directory /home/selckin/lucene-solr/solr/contrib/analysis-extras/build
   [delete] Deleting directory /home/selckin/lucene-solr/solr/contrib/analysis-extras/lucene-libs

clean:
   [delete] Deleting directory /home/selckin/lucene-solr/solr/contrib/clustering/build

clean:
   [delete] Deleting directory /home/selckin/lucene-solr/solr/contrib/dataimporthandler/target

clean:
   [delete] Deleting directory /home/selckin/lucene-solr/solr/contrib/extraction/build

clean:
   [delete] Deleting directory /home/selckin/lucene-solr/solr/contrib/uima/build

clean:
   [delete] Deleting directory /home/selckin/lucene-solr/solr/build

test:

jflex-uptodate-check:

jflex-notice:

javacc-uptodate-check:

javacc-notice:

init:

clover.setup:

clover.info:
     [echo] 
     [echo]       Clover not found. Code coverage reports disabled.
     [echo]   	

clover:

common.compile-core:
    [mkdir] Created dir: /home/selckin/lucene-solr/lucene/build/classes/java
    [javac] Compiling 508 source files to /home/selckin/lucene-solr/lucene/build/classes/java
    [javac] /home/selckin/lucene-solr/lucene/src/java/org/apache/lucene/queryParser/CharStream.java:34: warning: [dep-ann] deprecated item is not annotated with @Deprecated
    [javac]   int getColumn();
    [javac]       ^
    [javac] /home/selckin/lucene-solr/lucene/src/java/org/apache/lucene/queryParser/CharStream.java:41: warning: [dep-ann] deprecated item is not annotated with @Deprecated
    [javac]   int getLine();
    [javac]       ^
    [javac] /home/selckin/lucene-solr/lucene/src/java/org/apache/lucene/queryParser/QueryParserTokenManager.java:441: warning: [cast] redundant cast to int
    [javac]          int hiByte = (int)(curChar >> 8);
    [javac]                       ^
    [javac] /home/selckin/lucene-solr/lucene/src/java/org/apache/lucene/queryParser/QueryParserTokenManager.java:607: warning: [cast] redundant cast to int
    [javac]          int hiByte = (int)(curChar >> 8);
    [javac]                       ^
    [javac] /home/selckin/lucene-solr/lucene/src/java/org/apache/lucene/queryParser/QueryParserTokenManager.java:780: warning: [cast] redundant cast to int
    [javac]          int hiByte = (int)(curChar >> 8);
    [javac]                       ^
    [javac] Note: Some input files use or override a deprecated API.
    [javac] Note: Recompile with -Xlint:deprecation for details.
    [javac] 5 warnings

compile-core:

compile-test-framework:
    [mkdir] Created dir: /home/selckin/lucene-solr/lucene/build/classes/test-framework
    [javac] Compiling 34 source files to /home/selckin/lucene-solr/lucene/build/classes/test-framework
    [javac] /home/selckin/lucene-solr/lucene/src/test-framework/org/apache/lucene/analysis/MockAnalyzer.java:91: warning: [unchecked] unchecked conversion
    [javac] found   : java.util.Map
    [javac] required: java.util.Map<java.lang.String,org.apache.lucene.analysis.MockAnalyzer.SavedStreams>
    [javac]     Map<String,SavedStreams> map = (Map) getPreviousTokenStream();
    [javac]                                    ^
    [javac] Note: Some input files use or override a deprecated API.
    [javac] Note: Recompile with -Xlint:deprecation for details.
    [javac] 1 warning
     [copy] Copying 1 file to /home/selckin/lucene-solr/lucene/build/classes/test-framework

compile-test:
    [mkdir] Created dir: /home/selckin/lucene-solr/lucene/build/classes/test
    [javac] Compiling 253 source files to /home/selckin/lucene-solr/lucene/build/classes/test
    [javac] Note: Some input files use or override a deprecated API.
    [javac] Note: Recompile with -Xlint:deprecation for details.
     [copy] Copying 25 files to /home/selckin/lucene-solr/lucene/build/classes/test

junit-mkdir:
    [mkdir] Created dir: /home/selckin/lucene-solr/lucene/build/test

junit-sequential:

junit-parallel:
    [junit] Testsuite: org.apache.lucene.analysis.TestNumericTokenStream
    [junit] Tests run: 4, Failures: 0, Errors: 0, Time elapsed: 0.392 sec
    [junit] 
    [junit] Testsuite: org.apache.lucene.TestAssertions
    [junit] Tests run: 2, Failures: 0, Errors: 0, Time elapsed: 0.354 sec
    [junit] 
    [junit] Testsuite: org.apache.lucene.analysis.tokenattributes.TestSimpleAttributeImpl
    [junit] Tests run: 1, Failures: 0, Errors: 0, Time elapsed: 0.285 sec
    [junit] 
    [junit] Testsuite: org.apache.lucene.TestDemo
    [junit] Tests run: 1, Failures: 0, Errors: 0, Time elapsed: 1.567 sec
    [junit] 
    [junit] Testsuite: org.apache.lucene.analysis.TestCachingTokenFilter
    [junit] Tests run: 1, Failures: 0, Errors: 0, Time elapsed: 1.342 sec
    [junit] 
    [junit] Testsuite: org.apache.lucene.TestSearch
    [junit] Tests run: 1, Failures: 0, Errors: 0, Time elapsed: 1.955 sec
    [junit] 
    [junit] Testsuite: org.apache.lucene.document.TestDocument
    [junit] Tests run: 7, Failures: 0, Errors: 0, Time elapsed: 0.338 sec
    [junit] 
    [junit] Testsuite: org.apache.lucene.TestMergeSchedulerExternal
    [junit] Tests run: 1, Failures: 0, Errors: 0, Time elapsed: 2.57 sec
    [junit] 
    [junit] Testsuite: org.apache.lucene.TestExternalCodecs
    [junit] Tests run: 1, Failures: 0, Errors: 0, Time elapsed: 0.856 sec
    [junit] 
    [junit] Testsuite: org.apache.lucene.analysis.TestMockAnalyzer
    [junit] Tests run: 6, Failures: 0, Errors: 0, Time elapsed: 0.078 sec
    [junit] 
    [junit] Testsuite: org.apache.lucene.analysis.TestToken
    [junit] Tests run: 10, Failures: 0, Errors: 0, Time elapsed: 2.823 sec
    [junit] 
    [junit] Testsuite: org.apache.lucene.analysis.TestCharTokenizers
    [junit] Tests run: 4, Failures: 0, Errors: 0, Time elapsed: 0.181 sec
    [junit] 
    [junit] Testsuite: org.apache.lucene.TestSearchForDuplicates
    [junit] Tests run: 1, Failures: 0, Errors: 0, Time elapsed: 2.771 sec
    [junit] 
    [junit] Testsuite: org.apache.lucene.document.TestDateTools
    [junit] Tests run: 5, Failures: 0, Errors: 0, Time elapsed: 0.053 sec
    [junit] 
    [junit] Testsuite: org.apache.lucene.document.TestBinaryDocument
    [junit] Tests run: 2, Failures: 0, Errors: 0, Time elapsed: 0.096 sec
    [junit] 
    [junit] Testsuite: org.apache.lucene.index.Test2BTerms
    [junit] Tests run: 0, Failures: 0, Errors: 0, Time elapsed: 0.043 sec
    [junit] 
    [junit] ------------- Standard Error -----------------
    [junit] NOTE: Ignoring test method 'test2BTerms': Takes ~4 hours to run on a fast machine!!  And requires that you don't use PreFlex codec.
    [junit] ------------- ---------------- ---------------
    [junit] Testsuite: org.apache.lucene.index.TestByteSlices
    [junit] Tests run: 1, Failures: 0, Errors: 0, Time elapsed: 3.028 sec
    [junit] 
    [junit] Testsuite: org.apache.lucene.analysis.tokenattributes.TestCharTermAttributeImpl
    [junit] Tests run: 12, Failures: 0, Errors: 0, Time elapsed: 1.695 sec
    [junit] 
    [junit] Testsuite: org.apache.lucene.index.TestCheckIndex
    [junit] Tests run: 2, Failures: 0, Errors: 0, Time elapsed: 0.389 sec
    [junit] 
    [junit] Testsuite: org.apache.lucene.index.TestCodecs
    [junit] Tests run: 3, Failures: 0, Errors: 0, Time elapsed: 1.598 sec
    [junit] 
    [junit] Testsuite: org.apache.lucene.index.TestFieldInfos
    [junit] Tests run: 2, Failures: 0, Errors: 0, Time elapsed: 0.127 sec
    [junit] 
    [junit] Testsuite: org.apache.lucene.index.TestCompoundFile
    [junit] Tests run: 10, Failures: 0, Errors: 0, Time elapsed: 2.037 sec
    [junit] 
    [junit] Testsuite: org.apache.lucene.index.TestAtomicUpdate
    [junit] Tests run: 1, Failures: 0, Errors: 0, Time elapsed: 3.119 sec
    [junit] 
    [junit] Testsuite: org.apache.lucene.index.TestDirectoryReader
    [junit] Tests run: 3, Failures: 0, Errors: 0, Time elapsed: 4.773 sec
    [junit] 
    [junit] Testsuite: org.apache.lucene.index.TestConsistentFieldNumbers
    [junit] Tests run: 4, Failures: 0, Errors: 0, Time elapsed: 6.123 sec
    [junit] 
    [junit] Testsuite: org.apache.lucene.index.TestFlex
    [junit] Tests run: 2, Failures: 0, Errors: 0, Time elapsed: 0.983 sec
    [junit] 
    [junit] Testsuite: org.apache.lucene.index.TestConcurrentMergeScheduler
    [junit] Tests run: 4, Failures: 0, Errors: 0, Time elapsed: 8.366 sec
    [junit] 
    [junit] Testsuite: org.apache.lucene.index.TestDoc
    [junit] Tests run: 1, Failures: 0, Errors: 0, Time elapsed: 0.428 sec
    [junit] 
    [junit] Testsuite: org.apache.lucene.index.TestIndexCommit
    [junit] Tests run: 1, Failures: 0, Errors: 0, Time elapsed: 0.029 sec
    [junit] 
    [junit] Testsuite: org.apache.lucene.index.TestIndexWriterLockRelease
    [junit] Tests run: 1, Failures: 0, Errors: 0, Time elapsed: 0.028 sec
    [junit] 
    [junit] Testsuite: org.apache.lucene.index.TestPositionBasedTermVectorMapper
    [junit] Tests run: 1, Failures: 0, Errors: 0, Time elapsed: 0.053 sec
    [junit] 
    [junit] Testsuite: org.apache.lucene.index.TestRollback
    [junit] Tests run: 1, Failures: 0, Errors: 0, Time elapsed: 0.113 sec
    [junit] 
    [junit] Testsuite: org.apache.lucene.index.TestBackwardsCompatibility
    [junit] Tests run: 10, Failures: 0, Errors: 0, Time elapsed: 10.235 sec
    [junit] 
    [junit] Testsuite: org.apache.lucene.index.TestStressIndexing2
    [junit] Tests run: 3, Failures: 0, Errors: 0, Time elapsed: 1.515 sec
    [junit] 
    [junit] Testsuite: org.apache.lucene.index.TestTerm
    [junit] Tests run: 1, Failures: 0, Errors: 0, Time elapsed: 0.046 sec
    [junit] 
    [junit] Testsuite: org.apache.lucene.index.TestFieldsReader
    [junit] Tests run: 8, Failures: 0, Errors: 0, Time elapsed: 14.474 sec
    [junit] 
    [junit] Testsuite: org.apache.lucene.index.TestTransactions
    [junit] Tests run: 1, Failures: 0, Errors: 0, Time elapsed: 0.776 sec
    [junit] 
    [junit] Testsuite: org.apache.lucene.index.codecs.intblock.TestIntBlockCodec
    [junit] Tests run: 2, Failures: 0, Errors: 0, Time elapsed: 0.125 sec
    [junit] 
    [junit] Testsuite: org.apache.lucene.index.TestIndexFileDeleter
    [junit] Tests run: 1, Failures: 0, Errors: 0, Time elapsed: 0.324 sec
    [junit] 
    [junit] Testsuite: org.apache.lucene.queryParser.TestMultiAnalyzer
    [junit] Tests run: 3, Failures: 0, Errors: 0, Time elapsed: 0.066 sec
    [junit] 
    [junit] Testsuite: org.apache.lucene.index.TestAddIndexes
    [junit] Tests run: 18, Failures: 0, Errors: 0, Time elapsed: 14.397 sec
    [junit] 
    [junit] Testsuite: org.apache.lucene.index.TestFilterIndexReader
    [junit] Tests run: 1, Failures: 0, Errors: 0, Time elapsed: 0.079 sec
    [junit] 
    [junit] Testsuite: org.apache.lucene.index.TestCrash
    [junit] Tests run: 7, Failures: 0, Errors: 0, Time elapsed: 7.68 sec
    [junit] 
    [junit] Testsuite: org.apache.lucene.index.TestDocTermOrds
    [junit] Tests run: 3, Failures: 0, Errors: 0, Time elapsed: 4.989 sec
    [junit] 
    [junit] Testsuite: org.apache.lucene.index.TestIndexInput
    [junit] Tests run: 2, Failures: 0, Errors: 0, Time elapsed: 0.052 sec
    [junit] 
    [junit] Testsuite: org.apache.lucene.index.TestIndexWriterOnJRECrash
    [junit] Tests run: 1, Failures: 0, Errors: 0, Time elapsed: 8.499 sec
    [junit] 
    [junit] Testsuite: org.apache.lucene.index.TestMultiReader
    [junit] Tests run: 3, Failures: 0, Errors: 0, Time elapsed: 1.443 sec
    [junit] 
    [junit] Testsuite: org.apache.lucene.index.TestDeletionPolicy
    [junit] Tests run: 7, Failures: 0, Errors: 0, Time elapsed: 6.245 sec
    [junit] 
    [junit] Testsuite: org.apache.lucene.index.TestDocumentWriter
    [junit] Tests run: 7, Failures: 0, Errors: 0, Time elapsed: 0.67 sec
    [junit] 
    [junit] Testsuite: org.apache.lucene.index.TestIndexReaderCloneNorms
    [junit] Tests run: 3, Failures: 0, Errors: 0, Time elapsed: 2.171 sec
    [junit] 
    [junit] Testsuite: org.apache.lucene.search.TestBooleanMinShouldMatch
    [junit] Tests run: 15, Failures: 0, Errors: 0, Time elapsed: 12.892 sec
    [junit] 
    [junit] Testsuite: org.apache.lucene.search.TestBooleanQuery
    [junit] Tests run: 4, Failures: 0, Errors: 0, Time elapsed: 0.086 sec
    [junit] 
    [junit] Testsuite: org.apache.lucene.search.TestCustomSearcherSort
    [junit] Tests run: 2, Failures: 0, Errors: 0, Time elapsed: 2.116 sec
    [junit] 
    [junit] Testsuite: org.apache.lucene.index.TestIndexReader
    [junit] Tests run: 42, Failures: 0, Errors: 0, Time elapsed: 15.503 sec
    [junit] 
    [junit] Testsuite: org.apache.lucene.search.TestDisjunctionMaxQuery
    [junit] Tests run: 10, Failures: 0, Errors: 0, Time elapsed: 1.579 sec
    [junit] 
    [junit] Testsuite: org.apache.lucene.index.TestLongPostings
    [junit] Tests run: 1, Failures: 0, Errors: 0, Time elapsed: 4.986 sec
    [junit] 
    [junit] Testsuite: org.apache.lucene.index.TestPayloads
    [junit] Tests run: 5, Failures: 0, Errors: 0, Time elapsed: 1.053 sec
    [junit] 
    [junit] Testsuite: org.apache.lucene.index.TestIndexWriterOnDiskFull
    [junit] Tests run: 4, Failures: 0, Errors: 0, Time elapsed: 18.521 sec
    [junit] 
    [junit] Testsuite: org.apache.lucene.search.TestFieldCacheRangeFilter
    [junit] Tests run: 9, Failures: 0, Errors: 0, Time elapsed: 4.662 sec
    [junit] 
    [junit] Testsuite: org.apache.lucene.search.TestMultiPhraseQuery
    [junit] Tests run: 8, Failures: 0, Errors: 0, Time elapsed: 0.079 sec
    [junit] 
    [junit] Testsuite: org.apache.lucene.index.TestMultiFields
    [junit] Tests run: 2, Failures: 0, Errors: 0, Time elapsed: 0.327 sec
    [junit] 
    [junit] Testsuite: org.apache.lucene.index.TestSizeBoundedOptimize
    [junit] Tests run: 11, Failures: 0, Errors: 0, Time elapsed: 0.131 sec
    [junit] 
    [junit] Testsuite: org.apache.lucene.search.TestPrefixRandom
    [junit] Tests run: 1, Failures: 0, Errors: 0, Time elapsed: 1.375 sec
    [junit] 
    [junit] Testsuite: org.apache.lucene.search.TestSubScorerFreqs
    [junit] Tests run: 3, Failures: 0, Errors: 0, Time elapsed: 0.044 sec
    [junit] 
    [junit] Testsuite: org.apache.lucene.index.TestSnapshotDeletionPolicy
    [junit] Tests run: 8, Failures: 0, Errors: 0, Time elapsed: 1.32 sec
    [junit] 
    [junit] Testsuite: org.apache.lucene.index.TestTermVectorsWriter
    [junit] Tests run: 13, Failures: 0, Errors: 0, Time elapsed: 0.186 sec
    [junit] 
    [junit] Testsuite: org.apache.lucene.index.TestTermdocPerf
    [junit] Tests run: 1, Failures: 0, Errors: 0, Time elapsed: 0.015 sec
    [junit] 
    [junit] Testsuite: org.apache.lucene.index.TestIndexReaderClone
    [junit] Tests run: 20, Failures: 0, Errors: 0, Time elapsed: 8.023 sec
    [junit] 
    [junit] Testsuite: org.apache.lucene.search.TestThreadSafe
    [junit] Tests run: 1, Failures: 0, Errors: 0, Time elapsed: 1.151 sec
    [junit] 
    [junit] Testsuite: org.apache.lucene.search.function.TestValueSource
    [junit] Tests run: 1, Failures: 0, Errors: 0, Time elapsed: 0.116 sec
    [junit] 
    [junit] Testsuite: org.apache.lucene.index.TestPerFieldCodecSupport
    [junit] Tests run: 3, Failures: 0, Errors: 0, Time elapsed: 7.183 sec
    [junit] 
    [junit] Testsuite: org.apache.lucene.index.TestThreadedOptimize
    [junit] Tests run: 1, Failures: 0, Errors: 0, Time elapsed: 1.89 sec
    [junit] 
    [junit] Testsuite: org.apache.lucene.index.TestTieredMergePolicy
    [junit] Tests run: 2, Failures: 0, Errors: 0, Time elapsed: 1.26 sec
    [junit] 
    [junit] Testsuite: org.apache.lucene.search.TestFieldCacheTermsFilter
    [junit] Tests run: 1, Failures: 0, Errors: 0, Time elapsed: 0.036 sec
    [junit] 
    [junit] ------------- Standard Error -----------------
    [junit] WARNING: test class left thread running: Thread[LuceneTestCase-12-thread-1,5,main]
    [junit] PLEASE CLOSE YOUR INDEXSEARCHERS IN YOUR TEST!!!!
    [junit] RESOURCE LEAK: test class left 1 thread(s) running
    [junit] ------------- ---------------- ---------------
    [junit] Testsuite: org.apache.lucene.index.TestFlushByRamOrCountsPolicy
    [junit] Tests run: 5, Failures: 0, Errors: 0, Time elapsed: 37.239 sec
    [junit] 
    [junit] Testsuite: org.apache.lucene.search.payloads.TestPayloadTermQuery
    [junit] Tests run: 6, Failures: 0, Errors: 0, Time elapsed: 2.772 sec
    [junit] 
    [junit] Testsuite: org.apache.lucene.search.TestFilteredQuery
    [junit] Tests run: 4, Failures: 0, Errors: 0, Time elapsed: 0.718 sec
    [junit] 
    [junit] Testsuite: org.apache.lucene.search.spans.TestNearSpansOrdered
    [junit] Tests run: 10, Failures: 0, Errors: 0, Time elapsed: 0.374 sec
    [junit] 
    [junit] Testsuite: org.apache.lucene.search.TestMultiTermQueryRewrites
    [junit] Tests run: 3, Failures: 0, Errors: 0, Time elapsed: 0.082 sec
    [junit] 
    [junit] Testsuite: org.apache.lucene.store.TestFileSwitchDirectory
    [junit] Tests run: 1, Failures: 0, Errors: 0, Time elapsed: 0.066 sec
    [junit] 
    [junit] Testsuite: org.apache.lucene.util.TestCloseableThreadLocal
    [junit] Tests run: 3, Failures: 0, Errors: 0, Time elapsed: 0.015 sec
    [junit] 
    [junit] Testsuite: org.apache.lucene.util.TestDoubleBarrelLRUCache
    [junit] Tests run: 2, Failures: 0, Errors: 0, Time elapsed: 1.032 sec
    [junit] 
    [junit] Testsuite: org.apache.lucene.util.TestSetOnce
    [junit] Tests run: 4, Failures: 0, Errors: 0, Time elapsed: 0.041 sec
    [junit] 
    [junit] Testsuite: org.apache.lucene.util.automaton.TestBasicOperations
    [junit] Tests run: 7, Failures: 0, Errors: 0, Time elapsed: 0.293 sec
    [junit] 
    [junit] Testsuite: org.apache.lucene.index.TestIndexWriterDelete
    [junit] Tests run: 14, Failures: 0, Errors: 0, Time elapsed: 5.94 sec
    [junit] 
    [junit] Testsuite: org.apache.lucene.index.TestIsCurrent
    [junit] Tests run: 2, Failures: 0, Errors: 0, Time elapsed: 0.093 sec
    [junit] 
    [junit] Testsuite: org.apache.lucene.search.TestSearchWithThreads
    [junit] Tests run: 1, Failures: 0, Errors: 0, Time elapsed: 2.874 sec
    [junit] 
    [junit] Testsuite: org.apache.lucene.index.TestNRTThreads
    [junit] Tests run: 1, Failures: 0, Errors: 0, Time elapsed: 28.277 sec
    [junit] 
    [junit] Testsuite: org.apache.lucene.index.TestNewestSegment
    [junit] Tests run: 1, Failures: 0, Errors: 0, Time elapsed: 0.024 sec
    [junit] 
    [junit] Testsuite: org.apache.lucene.index.TestRollingUpdates
    [junit] Tests run: 2, Failures: 0, Errors: 0, Time elapsed: 9.725 sec
    [junit] 
    [junit] Testsuite: org.apache.lucene.index.TestNorms
    [junit] Tests run: 2, Failures: 0, Errors: 0, Time elapsed: 1.71 sec
    [junit] 
    [junit] Testsuite: org.apache.lucene.index.TestSegmentMerger
    [junit] Tests run: 2, Failures: 0, Errors: 0, Time elapsed: 1.513 sec
    [junit] 
    [junit] Testsuite: org.apache.lucene.index.TestOmitTf
    [junit] Tests run: 5, Failures: 0, Errors: 0, Time elapsed: 0.632 sec
    [junit] 
    [junit] Testsuite: org.apache.lucene.messages.TestNLS
    [junit] Tests run: 6, Failures: 0, Errors: 0, Time elapsed: 0.058 sec
    [junit] 
    [junit] ------------- Standard Error -----------------
    [junit] WARN: Message with key:Q0005E_MESSAGE_NOT_IN_BUNDLE and locale: uk not found.
    [junit] ------------- ---------------- ---------------
    [junit] Testsuite: org.apache.lucene.search.TestAutomatonQueryUnicode
    [junit] Tests run: 1, Failures: 0, Errors: 0, Time elapsed: 0.109 sec
    [junit] 
    [junit] Testsuite: org.apache.lucene.search.TestCachingWrapperFilter
    [junit] Tests run: 5, Failures: 0, Errors: 0, Time elapsed: 0.217 sec
    [junit] 
    [junit] ------------- Standard Error -----------------
    [junit] WARNING: test class left thread running: Thread[LuceneTestCase-30-thread-5,5,main]
    [junit] PLEASE CLOSE YOUR INDEXSEARCHERS IN YOUR TEST!!!!
    [junit] RESOURCE LEAK: test class left 1 thread(s) running
    [junit] ------------- ---------------- ---------------
    [junit] Testsuite: org.apache.lucene.index.TestPayloadProcessorProvider
    [junit] Tests run: 3, Failures: 0, Errors: 0, Time elapsed: 0.547 sec
    [junit] 
    [junit] Testsuite: org.apache.lucene.index.TestSegmentTermEnum
    [junit] Tests run: 2, Failures: 0, Errors: 0, Time elapsed: 0.101 sec
    [junit] 
    [junit] Testsuite: org.apache.lucene.search.TestConstantScoreQuery
    [junit] Tests run: 2, Failures: 0, Errors: 0, Time elapsed: 0.092 sec
    [junit] 
    [junit] Testsuite: org.apache.lucene.search.TestComplexExplanationsOfNonMatches
    [junit] Tests run: 22, Failures: 0, Errors: 0, Time elapsed: 0.455 sec
    [junit] 
    [junit] Testsuite: org.apache.lucene.search.TestDocBoost
    [junit] Tests run: 1, Failures: 0, Errors: 0, Time elapsed: 0.026 sec
    [junit] 
    [junit] Testsuite: org.apache.lucene.search.TestDateFilter
    [junit] Tests run: 2, Failures: 0, Errors: 0, Time elapsed: 0.125 sec
    [junit] 
    [junit] Testsuite: org.apache.lucene.search.TestExplanations
    [junit] Tests run: 1, Failures: 0, Errors: 0, Time elapsed: 0.044 sec
    [junit] 
    [junit] Testsuite: org.apache.lucene.index.TestIndexWriterExceptions
    [junit] Testcase: testRandomExceptionsThreads(org.apache.lucene.index.TestIndexWriterExceptions):	Caused an ERROR
    [junit] (null)
    [junit] java.lang.NullPointerException
    [junit] 	at org.apache.lucene.index.DocumentsWriterPerThread.prepareFlush(DocumentsWriterPerThread.java:329)
    [junit] 	at org.apache.lucene.index.DocumentsWriter.doFlush(DocumentsWriter.java:378)
    [junit] 	at org.apache.lucene.index.DocumentsWriter.flushAllThreads(DocumentsWriter.java:512)
    [junit] 	at org.apache.lucene.index.IndexWriter.doFlush(IndexWriter.java:2619)
    [junit] 	at org.apache.lucene.index.IndexWriter.flush(IndexWriter.java:2594)
    [junit] 	at org.apache.lucene.index.IndexWriter.prepareCommit(IndexWriter.java:2464)
    [junit] 	at org.apache.lucene.index.IndexWriter.commitInternal(IndexWriter.java:2537)
    [junit] 	at org.apache.lucene.index.IndexWriter.commit(IndexWriter.java:2519)
    [junit] 	at org.apache.lucene.index.IndexWriter.commit(IndexWriter.java:2503)
    [junit] 	at org.apache.lucene.index.TestIndexWriterExceptions.testRandomExceptionsThreads(TestIndexWriterExceptions.java:230)
    [junit] 	at org.apache.lucene.util.LuceneTestCase$LuceneTestCaseRunner.runChild(LuceneTestCase.java:1226)
    [junit] 	at org.apache.lucene.util.LuceneTestCase$LuceneTestCaseRunner.runChild(LuceneTestCase.java:1154)
    [junit] 
    [junit] 
    [junit] Tests run: 18, Failures: 0, Errors: 1, Time elapsed: 35.125 sec
    [junit] 
    [junit] ------------- Standard Error -----------------
    [junit] NOTE: reproduce with: ant test -Dtestcase=TestIndexWriterExceptions -Dtestmethod=testRandomExceptionsThreads -Dtests.seed=-2924120430078694504:2715225353555185637
    [junit] WARNING: test method: 'testRandomExceptionsThreads' left thread running: merge thread: _27(4.0):Cv2 _2p(4.0):Cv2 into _3j
    [junit] RESOURCE LEAK: test method: 'testRandomExceptionsThreads' left 1 thread(s) running
    [junit] NOTE: test params are: codec=RandomCodecProvider: {content=MockFixedIntBlock(blockSize=1565), field=MockFixedIntBlock(blockSize=1565), id=MockVariableIntBlock(baseBlockSize=67), other=Pulsing(freqCutoff=17), contents=Pulsing(freqCutoff=17), content1=MockVariableIntBlock(baseBlockSize=67), content2=MockFixedIntBlock(blockSize=1565), content4=MockRandom, content5=MockSep, content6=Standard, crash=MockRandom, content7=MockFixedIntBlock(blockSize=1565)}, locale=nl_NL, timezone=Atlantic/Cape_Verde
    [junit] NOTE: all tests run in this JVM:
    [junit] [TestToken, TestDateTools, Test2BTerms, TestAddIndexes, TestFilterIndexReader, TestIndexWriterExceptions]
    [junit] NOTE: Linux 2.6.37-gentoo amd64/Sun Microsystems Inc. 1.6.0_24 (64-bit)/cpus=8,threads=1,free=150061768,total=297664512
    [junit] ------------- ---------------- ---------------
    [junit] TEST org.apache.lucene.index.TestIndexWriterExceptions FAILED
    [junit] Testsuite: org.apache.lucene.search.TestDateSort
    [junit] Tests run: 1, Failures: 0, Errors: 0, Time elapsed: 0.067 sec
    [junit] 
    [junit] Testsuite: org.apache.lucene.search.TestDocIdSet
    [junit] Tests run: 2, Failures: 0, Errors: 0, Time elapsed: 0.068 sec
    [junit] 
    [junit] Testsuite: org.apache.lucene.search.TestNot
    [junit] Tests run: 1, Failures: 0, Errors: 0, Time elapsed: 0.029 sec
    [junit] 
    [junit] Testsuite: org.apache.lucene.search.TestPrefixQuery
    [junit] Tests run: 1, Failures: 0, Errors: 0, Time elapsed: 0.042 sec
    [junit] 
    [junit] Testsuite: org.apache.lucene.search.TestSetNorm
    [junit] Tests run: 1, Failures: 0, Errors: 0, Time elapsed: 0.051 sec
    [junit] 
    [junit] Testsuite: org.apache.lucene.search.TestTimeLimitingCollector
    [junit] Tests run: 0, Failures: 0, Errors: 0, Time elapsed: 0.037 sec
    [junit] 
    [junit] ------------- Standard Error -----------------
    [junit] NOTE: Ignoring test class 'TestTimeLimitingCollector': broken: see https://issues.apache.org/jira/browse/LUCENE-2822
    [junit] ------------- ---------------- ---------------
    [junit] Testsuite: org.apache.lucene.search.TestTopScoreDocCollector
    [junit] Tests run: 1, Failures: 0, Errors: 0, Time elapsed: 0.043 sec
    [junit] 
    [junit] Testsuite: org.apache.lucene.index.TestIndexWriterMerging
    [junit] Tests run: 1, Failures: 0, Errors: 0, Time elapsed: 0.944 sec
    [junit] 
    [junit] Testsuite: org.apache.lucene.search.TestMultiThreadTermVectors
    [junit] Tests run: 1, Failures: 0, Errors: 0, Time elapsed: 1.54 sec
    [junit] 
    [junit] Testsuite: org.apache.lucene.index.TestIndexReaderReopen
    [junit] Tests run: 17, Failures: 0, Errors: 0, Time elapsed: 13.487 sec
    [junit] 
    [junit] Testsuite: org.apache.lucene.search.TestSimpleExplanations
    [junit] Tests run: 69, Failures: 0, Errors: 0, Time elapsed: 15.409 sec
    [junit] 
    [junit] Testsuite: org.apache.lucene.search.TestMultiValuedNumericRangeQuery
    [junit] Tests run: 1, Failures: 0, Errors: 0, Time elapsed: 6.697 sec
    [junit] 
    [junit] Testsuite: org.apache.lucene.index.TestDocsAndPositions
    [junit] Tests run: 4, Failures: 0, Errors: 0, Time elapsed: 56.716 sec
    [junit] 
    [junit] Testsuite: org.apache.lucene.index.TestDocumentsWriterDeleteQueue
    [junit] Tests run: 4, Failures: 0, Errors: 0, Time elapsed: 0.274 sec
    [junit] 
    [junit] Testsuite: org.apache.lucene.search.TestSimpleExplanationsOfNonMatches
    [junit] Tests run: 69, Failures: 0, Errors: 0, Time elapsed: 1.254 sec
    [junit] 
    [junit] Testsuite: org.apache.lucene.search.TestRegexpRandom
    [junit] Tests run: 1, Failures: 0, Errors: 0, Time elapsed: 3.82 sec
    [junit] 
    [junit] Testsuite: org.apache.lucene.search.function.TestDocValues
    [junit] Tests run: 3, Failures: 0, Errors: 0, Time elapsed: 0.587 sec
    [junit] 
    [junit] Testsuite: org.apache.lucene.search.spans.TestSpanFirstQuery
    [junit] Tests run: 1, Failures: 0, Errors: 0, Time elapsed: 0.017 sec
    [junit] 
    [junit] Testsuite: org.apache.lucene.search.spans.TestSpanMultiTermQueryWrapper
    [junit] Tests run: 3, Failures: 0, Errors: 0, Time elapsed: 0.113 sec
    [junit] 
    [junit] Testsuite: org.apache.lucene.store.TestMultiMMap
    [junit] Tests run: 1, Failures: 0, Errors: 0, Time elapsed: 0.261 sec
    [junit] 
    [junit] Testsuite: org.apache.lucene.search.TestTermRangeFilter
    [junit] Tests run: 3, Failures: 0, Errors: 0, Time elapsed: 4.614 sec
    [junit] 
    [junit] Testsuite: org.apache.lucene.search.TestTopDocsCollector
    [junit] Tests run: 8, Failures: 0, Errors: 0, Time elapsed: 0.067 sec
    [junit] 
    [junit] Testsuite: org.apache.lucene.index.TestLazyBug
    [junit] Tests run: 3, Failures: 0, Errors: 0, Time elapsed: 23.373 sec
    [junit] 
    [junit] Testsuite: org.apache.lucene.index.TestMultiLevelSkipList
    [junit] Tests run: 1, Failures: 0, Errors: 0, Time elapsed: 1.021 sec
    [junit] 
    [junit] Testsuite: org.apache.lucene.index.TestGlobalFieldNumbers
    [junit] Tests run: 8, Failures: 0, Errors: 0, Time elapsed: 8.209 sec
    [junit] 
    [junit] Testsuite: org.apache.lucene.index.TestIndexWriterConfig
    [junit] Tests run: 6, Failures: 0, Errors: 0, Time elapsed: 0.045 sec
    [junit] 
    [junit] Testsuite: org.apache.lucene.util.TestArrayUtil
    [junit] Tests run: 10, Failures: 0, Errors: 0, Time elapsed: 4.736 sec
    [junit] 
    [junit] Testsuite: org.apache.lucene.util.TestAttributeSource
    [junit] Tests run: 4, Failures: 0, Errors: 0, Time elapsed: 0.02 sec
    [junit] 
    [junit] Testsuite: org.apache.lucene.util.TestVirtualMethod
    [junit] Tests run: 2, Failures: 0, Errors: 0, Time elapsed: 0.016 sec
    [junit] 
    [junit] Testsuite: org.apache.lucene.index.TestNRTReaderWithThreads
    [junit] Tests run: 1, Failures: 0, Errors: 0, Time elapsed: 1.512 sec
    [junit] 
    [junit] Testsuite: org.apache.lucene.index.TestNoMergePolicy
    [junit] Tests run: 4, Failures: 0, Errors: 0, Time elapsed: 0.277 sec
    [junit] 
    [junit] Testsuite: org.apache.lucene.index.TestSegmentInfo
    [junit] Tests run: 1, Failures: 0, Errors: 0, Time elapsed: 0.018 sec
    [junit] 
    [junit] Testsuite: org.apache.lucene.util.automaton.TestUTF32ToUTF8
    [junit] Tests run: 5, Failures: 0, Errors: 0, Time elapsed: 0.9 sec
    [junit] 
    [junit] Testsuite: org.apache.lucene.index.TestStressIndexing
    [junit] Tests run: 1, Failures: 0, Errors: 0, Time elapsed: 1.25 sec
    [junit] 
    [junit] Testsuite: org.apache.lucene.search.function.TestCustomScoreQuery
    [junit] Tests run: 6, Failures: 0, Errors: 0, Time elapsed: 5.717 sec
    [junit] 
    [junit] Testsuite: org.apache.lucene.queryParser.TestQueryParser
    [junit] Tests run: 36, Failures: 0, Errors: 0, Time elapsed: 0.488 sec
    [junit] 
    [junit] Testsuite: org.apache.lucene.search.MultiCollectorTest
    [junit] Tests run: 3, Failures: 0, Errors: 0, Time elapsed: 0.017 sec
    [junit] 
    [junit] Testsuite: org.apache.lucene.index.TestIndexWriterMergePolicy
    [junit] Tests run: 6, Failures: 0, Errors: 0, Time elapsed: 5.076 sec
    [junit] 
    [junit] Testsuite: org.apache.lucene.index.TestIndexWriter
    [junit] Tests run: 66, Failures: 0, Errors: 0, Time elapsed: 21.654 sec
    [junit] 
    [junit] Testsuite: org.apache.lucene.index.TestNoDeletionPolicy
    [junit] Tests run: 4, Failures: 0, Errors: 0, Time elapsed: 0.113 sec
    [junit] 
    [junit] Testsuite: org.apache.lucene.index.TestParallelReader
    [junit] Tests run: 6, Failures: 0, Errors: 0, Time elapsed: 0.34 sec
    [junit] 
    [junit] Testsuite: org.apache.lucene.search.spans.TestBasics
    [junit] Tests run: 24, Failures: 0, Errors: 0, Time elapsed: 24.709 sec
    [junit] 
    [junit] Testsuite: org.apache.lucene.search.TestBoolean2
    [junit] Tests run: 11, Failures: 0, Errors: 0, Time elapsed: 5.664 sec
    [junit] 
    [junit] Testsuite: org.apache.lucene.search.spans.TestSpansAdvanced2
    [junit] Tests run: 4, Failures: 0, Errors: 0, Time elapsed: 0.778 sec
    [junit] 
    [junit] Testsuite: org.apache.lucene.store.TestDirectory
    [junit] Tests run: 7, Failures: 0, Errors: 0, Time elapsed: 0.041 sec
    [junit] 
    [junit] Testsuite: org.apache.lucene.search.TestBooleanOr
    [junit] Tests run: 5, Failures: 0, Errors: 0, Time elapsed: 0.344 sec
    [junit] 
    [junit] Testsuite: org.apache.lucene.search.TestCachingSpanFilter
    [junit] Tests run: 1, Failures: 0, Errors: 0, Time elapsed: 0.046 sec
    [junit] 
    [junit] Testsuite: org.apache.lucene.search.spans.TestSpanExplanations
    [junit] Tests run: 31, Failures: 0, Errors: 0, Time elapsed: 6.73 sec
    [junit] 
    [junit] ------------- Standard Error -----------------
    [junit] WARNING: test class left thread running: Thread[LuceneTestCase-3889-thread-2,5,main]
    [junit] PLEASE CLOSE YOUR INDEXSEARCHERS IN YOUR TEST!!!!
    [junit] RESOURCE LEAK: test class left 1 thread(s) running
    [junit] ------------- ---------------- ---------------
    [junit] Testsuite: org.apache.lucene.index.TestSegmentTermDocs
    [junit] Tests run: 5, Failures: 0, Errors: 0, Time elapsed: 1.914 sec
    [junit] 
    [junit] Testsuite: org.apache.lucene.index.TestTermVectorsReader
    [junit] Tests run: 6, Failures: 0, Errors: 0, Time elapsed: 0.065 sec
    [junit] 
    [junit] Testsuite: org.apache.lucene.index.TestTransactionRollback
    [junit] Tests run: 2, Failures: 0, Errors: 0, Time elapsed: 0.126 sec
    [junit] 
    [junit] Testsuite: org.apache.lucene.search.spans.TestSpanExplanationsOfNonMatches
    [junit] Tests run: 31, Failures: 0, Errors: 0, Time elapsed: 0.28 sec
    [junit] 
    [junit] Testsuite: org.apache.lucene.store.TestHugeRamFile
    [junit] Tests run: 1, Failures: 0, Errors: 0, Time elapsed: 1.354 sec
    [junit] 
    [junit] Testsuite: org.apache.lucene.util.TestCollectionUtil
    [junit] Tests run: 5, Failures: 0, Errors: 0, Time elapsed: 2.306 sec
    [junit] 
    [junit] Testsuite: org.apache.lucene.util.TestPriorityQueue
    [junit] Tests run: 4, Failures: 0, Errors: 0, Time elapsed: 0.035 sec
    [junit] 
    [junit] Testsuite: org.apache.lucene.util.TestRecyclingByteBlockAllocator
    [junit] Tests run: 3, Failures: 0, Errors: 0, Time elapsed: 0.098 sec
    [junit] 
    [junit] Testsuite: org.apache.lucene.search.TestComplexExplanations
    [junit] Tests run: 22, Failures: 0, Errors: 0, Time elapsed: 5.147 sec
    [junit] 
    [junit] Testsuite: org.apache.lucene.search.TestElevationComparator
    [junit] Tests run: 1, Failures: 0, Errors: 0, Time elapsed: 0.052 sec
    [junit] 
    [junit] Testsuite: org.apache.lucene.search.TestQueryWrapperFilter
    [junit] Tests run: 1, Failures: 0, Errors: 0, Time elapsed: 0.068 sec
    [junit] 
    [junit] Testsuite: org.apache.lucene.search.TestScoreCachingWrappingScorer
    [junit] Tests run: 1, Failures: 0, Errors: 0, Time elapsed: 0.026 sec
    [junit] 
    [junit] Testsuite: org.apache.lucene.search.TestSimilarityProvider
    [junit] Tests run: 1, Failures: 0, Errors: 0, Time elapsed: 0.036 sec
    [junit] 
    [junit] Testsuite: org.apache.lucene.store.TestLockFactory
    [junit] Tests run: 11, Failures: 0, Errors: 0, Time elapsed: 6.129 sec
    [junit] 
    [junit] Testsuite: org.apache.lucene.util.TestFieldCacheSanityChecker
    [junit] Tests run: 4, Failures: 0, Errors: 0, Time elapsed: 1.03 sec
    [junit] 
    [junit] Testsuite: org.apache.lucene.search.TestTermVectors
    [junit] Tests run: 8, Failures: 0, Errors: 0, Time elapsed: 1.725 sec
    [junit] 
    [junit] Testsuite: org.apache.lucene.search.function.TestOrdValues
    [junit] Tests run: 7, Failures: 0, Errors: 0, Time elapsed: 0.259 sec
    [junit] 
    [junit] Testsuite: org.apache.lucene.util.automaton.TestMinimize
    [junit] Tests run: 2, Failures: 0, Errors: 0, Time elapsed: 3.223 sec
    [junit] 
    [junit] Testsuite: org.apache.lucene.index.codecs.preflex.TestSurrogates
    [junit] Tests run: 1, Failures: 0, Errors: 0, Time elapsed: 7.734 sec
    [junit] 
    [junit] Testsuite: org.apache.lucene.queryParser.TestMultiFieldQueryParser
    [junit] Tests run: 10, Failures: 0, Errors: 0, Time elapsed: 0.15 sec
    [junit] 
    [junit] Testsuite: org.apache.lucene.search.spans.TestSpans
    [junit] Tests run: 25, Failures: 0, Errors: 0, Time elapsed: 1.682 sec
    [junit] 
    [junit] Testsuite: org.apache.lucene.store.TestRAMDirectory
    [junit] Tests run: 4, Failures: 0, Errors: 0, Time elapsed: 0.09 sec
    [junit] 
    [junit] Testsuite: org.apache.lucene.util.TestCharacterUtils
    [junit] Tests run: 7, Failures: 0, Errors: 0, Time elapsed: 0.016 sec
    [junit] 
    [junit] Testsuite: org.apache.lucene.util.automaton.TestDeterminizeLexicon
    [junit] Tests run: 1, Failures: 0, Errors: 0, Time elapsed: 2.739 sec
    [junit] 
    [junit] Testsuite: org.apache.lucene.search.TestFieldCache
    [junit] Tests run: 3, Failures: 0, Errors: 0, Time elapsed: 1.62 sec
    [junit] 
    [junit] Testsuite: org.apache.lucene.index.TestIndexWriterReader
    [junit] Tests run: 19, Failures: 0, Errors: 0, Time elapsed: 13.734 sec
    [junit] 
    [junit] Testsuite: org.apache.lucene.util.TestOpenBitSet
    [junit] Tests run: 5, Failures: 0, Errors: 0, Time elapsed: 1.081 sec
    [junit] 
    [junit] Testsuite: org.apache.lucene.util.TestRamUsageEstimator
    [junit] Tests run: 1, Failures: 0, Errors: 0, Time elapsed: 0.013 sec
    [junit] 
    [junit] Testsuite: org.apache.lucene.util.automaton.TestLevenshteinAutomata
    [junit] Tests run: 3, Failures: 0, Errors: 0, Time elapsed: 0.685 sec
    [junit] 
    [junit] Testsuite: org.apache.lucene.util.packed.TestPackedInts
    [junit] Tests run: 8, Failures: 0, Errors: 0, Time elapsed: 2.796 sec
    [junit] 
    [junit] Testsuite: org.apache.lucene.search.TestFuzzyQuery2
    [junit] Tests run: 1, Failures: 0, Errors: 0, Time elapsed: 3.358 sec
    [junit] 
    [junit] Testsuite: org.apache.lucene.index.TestIndexWriterWithThreads
    [junit] Tests run: 10, Failures: 0, Errors: 0, Time elapsed: 4.301 sec
    [junit] 
    [junit] Testsuite: org.apache.lucene.index.TestLazyProxSkipping
    [junit] Tests run: 2, Failures: 0, Errors: 0, Time elapsed: 0.308 sec
    [junit] 
    [junit] Testsuite: org.apache.lucene.index.TestNoMergeScheduler
    [junit] Tests run: 3, Failures: 0, Errors: 0, Time elapsed: 0.015 sec
    [junit] 
    [junit] Testsuite: org.apache.lucene.index.TestOmitNorms
    [junit] Tests run: 5, Failures: 0, Errors: 0, Time elapsed: 0.363 sec
    [junit] 
    [junit] Testsuite: org.apache.lucene.search.TestFilteredSearch
    [junit] Tests run: 1, Failures: 0, Errors: 0, Time elapsed: 0.043 sec
    [junit] 
    [junit] Testsuite: org.apache.lucene.search.TestMatchAllDocsQuery
    [junit] Tests run: 2, Failures: 0, Errors: 0, Time elapsed: 0.027 sec
    [junit] 
    [junit] Testsuite: org.apache.lucene.search.TestPhraseQuery
    [junit] Tests run: 17, Failures: 0, Errors: 0, Time elapsed: 3.415 sec
    [junit] 
    [junit] Testsuite: org.apache.lucene.search.TestPrefixInBooleanQuery
    [junit] Tests run: 4, Failures: 0, Errors: 0, Time elapsed: 1.722 sec
    [junit] 
    [junit] Testsuite: org.apache.lucene.search.TestSimilarity
    [junit] Tests run: 1, Failures: 0, Errors: 0, Time elapsed: 0.044 sec
    [junit] 
    [junit] Testsuite: org.apache.lucene.search.TestNumericRangeQuery32
    [junit] Tests run: 27, Failures: 0, Errors: 0, Time elapsed: 4.896 sec
    [junit] 
    [junit] Testsuite: org.apache.lucene.search.TestPhrasePrefixQuery
    [junit] Tests run: 1, Failures: 0, Errors: 0, Time elapsed: 0.031 sec
    [junit] 
    [junit] Testsuite: org.apache.lucene.search.TestPositionIncrement
    [junit] Tests run: 2, Failures: 0, Errors: 0, Time elapsed: 0.036 sec
    [junit] 
    [junit] Testsuite: org.apache.lucene.search.TestRegexpQuery
    [junit] Tests run: 7, Failures: 0, Errors: 0, Time elapsed: 0.092 sec
    [junit] 
    [junit] Testsuite: org.apache.lucene.index.TestMaxTermFrequency
    [junit] Tests run: 1, Failures: 0, Errors: 0, Time elapsed: 46.192 sec
    [junit] 
    [junit] Testsuite: org.apache.lucene.index.TestParallelReaderEmptyIndex
    [junit] Tests run: 2, Failures: 0, Errors: 0, Time elapsed: 0.077 sec
    [junit] 
    [junit] Testsuite: org.apache.lucene.index.TestParallelTermEnum
    [junit] Tests run: 1, Failures: 0, Errors: 0, Time elapsed: 0.029 sec
    [junit] 
    [junit] Testsuite: org.apache.lucene.index.TestPerSegmentDeletes
    [junit] Tests run: 1, Failures: 0, Errors: 0, Time elapsed: 0.061 sec
    [junit] 
    [junit] Testsuite: org.apache.lucene.search.TestSort
    [junit] Tests run: 23, Failures: 0, Errors: 0, Time elapsed: 2.716 sec
    [junit] 
    [junit] Testsuite: org.apache.lucene.search.TestSpanQueryFilter
    [junit] Tests run: 1, Failures: 0, Errors: 0, Time elapsed: 0.035 sec
    [junit] 
    [junit] Testsuite: org.apache.lucene.search.TestTermScorer
    [junit] Tests run: 3, Failures: 0, Errors: 0, Time elapsed: 0.022 sec
    [junit] 
    [junit] Testsuite: org.apache.lucene.search.cache.TestEntryCreators
    [junit] Tests run: 2, Failures: 0, Errors: 0, Time elapsed: 0.135 sec
    [junit] 
    [junit] Testsuite: org.apache.lucene.search.TestRegexpRandom2
    [junit] Tests run: 1, Failures: 0, Errors: 0, Time elapsed: 1.578 sec
    [junit] 
    [junit] Testsuite: org.apache.lucene.search.function.TestFieldScoreQuery
    [junit] Tests run: 12, Failures: 0, Errors: 0, Time elapsed: 0.493 sec
    [junit] 
    [junit] Testsuite: org.apache.lucene.search.TestTermRangeQuery
    [junit] Tests run: 7, Failures: 0, Errors: 0, Time elapsed: 0.215 sec
    [junit] 
    [junit] Testsuite: org.apache.lucene.search.TestWildcard
    [junit] Tests run: 8, Failures: 0, Errors: 0, Time elapsed: 0.061 sec
    [junit] 
    [junit] Testsuite: org.apache.lucene.search.payloads.TestPayloadNearQuery
    [junit] Tests run: 7, Failures: 0, Errors: 0, Time elapsed: 0.836 sec
    [junit] 
    [junit] Testsuite: org.apache.lucene.index.TestPersistentSnapshotDeletionPolicy
    [junit] Tests run: 14, Failures: 0, Errors: 0, Time elapsed: 2.226 sec
    [junit] 
    [junit] Testsuite: org.apache.lucene.search.TestWildcardRandom
    [junit] Tests run: 1, Failures: 0, Errors: 0, Time elapsed: 1.631 sec
    [junit] 
    [junit] Testsuite: org.apache.lucene.search.spans.TestPayloadSpans
    [junit] Tests run: 10, Failures: 0, Errors: 0, Time elapsed: 0.906 sec
    [junit] 
    [junit] Testsuite: org.apache.lucene.search.spans.TestFieldMaskingSpanQuery
    [junit] Tests run: 11, Failures: 0, Errors: 0, Time elapsed: 0.932 sec
    [junit] 
    [junit] Testsuite: org.apache.lucene.index.TestSegmentReader
    [junit] Tests run: 7, Failures: 0, Errors: 0, Time elapsed: 1.566 sec
    [junit] 
    [junit] Testsuite: org.apache.lucene.store.TestCopyBytes
    [junit] Tests run: 1, Failures: 0, Errors: 0, Time elapsed: 0.27 sec
    [junit] 
    [junit] Testsuite: org.apache.lucene.store.TestLock
    [junit] Tests run: 1, Failures: 0, Errors: 0, Time elapsed: 0.024 sec
    [junit] 
    [junit] Testsuite: org.apache.lucene.store.TestBufferedIndexInput
    [junit] Tests run: 4, Failures: 0, Errors: 0, Time elapsed: 1.227 sec
    [junit] 
    [junit] Testsuite: org.apache.lucene.util.TestIndexableBinaryStringTools
    [junit] Tests run: 5, Failures: 0, Errors: 0, Time elapsed: 0.422 sec
    [junit] 
    [junit] Testsuite: org.apache.lucene.util.TestBitVector
    [junit] Tests run: 7, Failures: 0, Errors: 0, Time elapsed: 0.437 sec
    [junit] 
    [junit] Testsuite: org.apache.lucene.util.TestSmallFloat
    [junit] Tests run: 2, Failures: 0, Errors: 0, Time elapsed: 0.042 sec
    [junit] 
    [junit] Testsuite: org.apache.lucene.util.TestUnicodeUtil
    [junit] Tests run: 4, Failures: 0, Errors: 0, Time elapsed: 0.12 sec
    [junit] 
    [junit] Testsuite: org.apache.lucene.util.TestBytesRefHash
    [junit] Tests run: 7, Failures: 0, Errors: 0, Time elapsed: 0.342 sec
    [junit] 
    [junit] Testsuite: org.apache.lucene.index.TestStressAdvance
    [junit] Tests run: 1, Failures: 0, Errors: 0, Time elapsed: 2.787 sec
    [junit] 
    [junit] Testsuite: org.apache.lucene.search.TestAutomatonQuery
    [junit] Tests run: 6, Failures: 0, Errors: 0, Time elapsed: 0.114 sec
    [junit] 
    [junit] Testsuite: org.apache.lucene.search.TestBooleanScorer
    [junit] Tests run: 2, Failures: 0, Errors: 0, Time elapsed: 0.025 sec
    [junit] 
    [junit] Testsuite: org.apache.lucene.search.TestFuzzyQuery
    [junit] Tests run: 8, Failures: 0, Errors: 0, Time elapsed: 0.28 sec
    [junit] 
    [junit] Testsuite: org.apache.lucene.util.TestNumericUtils
    [junit] Tests run: 10, Failures: 0, Errors: 0, Time elapsed: 4.965 sec
    [junit] 
    [junit] Testsuite: org.apache.lucene.util.automaton.TestSpecialOperations
    [junit] Tests run: 1, Failures: 0, Errors: 0, Time elapsed: 0.563 sec
    [junit] 
    [junit] Testsuite: org.apache.lucene.util.automaton.fst.TestFSTs
    [junit] Tests run: 7, Failures: 0, Errors: 0, Time elapsed: 6.462 sec
    [junit] 
    [junit] ------------- Standard Error -----------------
    [junit] NOTE: Ignoring nightly-only test method 'testBigSet'
    [junit] ------------- ---------------- ---------------
    [junit] Testsuite: org.apache.lucene.search.TestMultiTermConstantScore
    [junit] Tests run: 7, Failures: 0, Errors: 0, Time elapsed: 4.575 sec
    [junit] 
    [junit] Testsuite: org.apache.lucene.search.TestNumericRangeQuery64
    [junit] Tests run: 33, Failures: 0, Errors: 0, Time elapsed: 7.34 sec
    [junit] 
    [junit] Testsuite: org.apache.lucene.search.TestPositiveScoresOnlyCollector
    [junit] Tests run: 1, Failures: 0, Errors: 0, Time elapsed: 0.021 sec
    [junit] 
    [junit] Testsuite: org.apache.lucene.search.TestPrefixFilter
    [junit] Tests run: 1, Failures: 0, Errors: 0, Time elapsed: 0.021 sec
    [junit] 
    [junit] Testsuite: org.apache.lucene.search.TestQueryTermVector
    [junit] Tests run: 1, Failures: 0, Errors: 0, Time elapsed: 0.013 sec
    [junit] 
    [junit] Testsuite: org.apache.lucene.search.TestScorerPerf
    [junit] Tests run: 1, Failures: 0, Errors: 0, Time elapsed: 0.649 sec
    [junit] 
    [junit] Testsuite: org.apache.lucene.search.TestSloppyPhraseQuery
    [junit] Tests run: 5, Failures: 0, Errors: 0, Time elapsed: 0.659 sec
    [junit] 
    [junit] Testsuite: org.apache.lucene.search.spans.TestSpansAdvanced
    [junit] Tests run: 1, Failures: 0, Errors: 0, Time elapsed: 0.078 sec
    [junit] 
    [junit] Testsuite: org.apache.lucene.store.TestWindowsMMap
    [junit] Tests run: 1, Failures: 0, Errors: 0, Time elapsed: 0.06 sec
    [junit] 
    [junit] Testsuite: org.apache.lucene.util.TestSortedVIntList
    [junit] Tests run: 19, Failures: 0, Errors: 0, Time elapsed: 0.029 sec
    [junit] 
    [junit] Testsuite: org.apache.lucene.util.TestStringIntern
    [junit] Tests run: 1, Failures: 0, Errors: 0, Time elapsed: 1.755 sec
    [junit] 
    [junit] Testsuite: org.apache.lucene.util.TestVersion
    [junit] Tests run: 1, Failures: 0, Errors: 0, Time elapsed: 0.01 sec
    [junit] 
    [junit] Testsuite: org.apache.lucene.util.automaton.TestDeterminism
    [junit] Tests run: 2, Failures: 0, Errors: 0, Time elapsed: 0.849 sec
    [junit] 
