junit-sequential:
    [junit] Testsuite: org.apache.lucene.benchmark.byTask.TestPerfTasksLogic
    [junit] Tests run: 24, Failures: 0, Errors: 1, Time elapsed: 14,021 sec
    [junit] 
    [junit] ------------- Standard Output ---------------
    [junit] ------------> starting task: Seq
    [junit] ------------> starting task: Seq
    [junit]    0.52 sec --> main added      1000 docs
    [junit] ------------> starting task: Seq
    [junit] Changed Locale to: root locale
    [junit] Changed Analyzer to: org.apache.lucene.collation.CollationKeyAnalyzer()
    [junit] 
    [junit] --> Round 0-->1
    [junit] 
    [junit] Changed Locale to: de
    [junit] Changed Analyzer to: org.apache.lucene.collation.CollationKeyAnalyzer(de)
    [junit] 
    [junit] --> Round 0-->1
    [junit] 
    [junit] Changed Locale to: en_US
    [junit] Changed Analyzer to: org.apache.lucene.collation.CollationKeyAnalyzer(en_US)
    [junit] 
    [junit] --> Round 0-->1
    [junit] 
    [junit] Changed Locale to: no_NO_NY
    [junit] Changed Analyzer to: org.apache.lucene.collation.CollationKeyAnalyzer(no_NO_NY)
    [junit] 
    [junit] --> Round 0-->1
    [junit] 
    [junit] ------------> starting task: Seq
    [junit] ------------> starting task: Seq
    [junit] --> processed (delete) 4 docs
    [junit] ------------> starting task: Seq
    [junit] ------------> starting task: Rounds
    [junit] 
    [junit] ------------> Report Sum By (any) Name (4 about 4 out of 5)
    [junit] Operation       round   runCnt   recsPerRun        rec/s  elapsedSec    avgUsedMem    avgTotalMem
    [junit] Rounds              0        1           20       256.41        0.08     3,453,872    160,169,984
    [junit] CreateIndex -  -  - 0 -  -   1 -  -  -  - 0 -  -  - 0.00 -  -   0.00 -   2,970,768 -  160,169,984
    [junit] AddDocs_Exhaust     0        1           20    20,000.00        0.00     2,970,768    160,169,984
    [junit] CloseIndex -  -  -  0 -  -   1 -  -  -  - 0 -  -  - 0.00 -  -   0.02 -   2,970,768 -  160,169,984
    [junit] 
    [junit] ------------> starting task: Seq
    [junit] ------------> starting task: Rounds
    [junit] 
    [junit] ------------> Report Sum By (any) Name (4 about 4 out of 5)
    [junit] Operation       round   runCnt   recsPerRun        rec/s  elapsedSec    avgUsedMem    avgTotalMem
    [junit] Rounds              0        1           22       282.05        0.08     3,410,008    160,169,984
    [junit] CreateIndex -  -  - 0 -  -   1 -  -  -  - 1 -   1,000.00 -  -   0.00 -   3,410,008 -  160,169,984
    [junit] AddDocs_Exhaust     0        1           20    20,000.00        0.00     3,410,008    160,169,984
    [junit] CloseIndex -  -  -  0 -  -   1 -  -  -  - 1 -  -   62.50 -  -   0.02 -   3,410,008 -  160,169,984
    [junit] 
    [junit] ------------> starting task: Seq
    [junit] 
    [junit] ------------> Report Sum By Prefix (X) (1 about 1 out of 1012)
    [junit] Operation     round   runCnt   recsPerRun        rec/s  elapsedSec    avgUsedMem    avgTotalMem
    [junit] XSearch_2_Par     0        1         1686     3,087.91        0.55     6,934,376    160,169,984
    [junit] 
    [junit] ------------> starting task: Seq
    [junit] ------------> starting task: Seq
    [junit] Changed Locale to: null
    [junit] 
    [junit] --> Round 0-->1
    [junit] 
    [junit] Changed Locale to: root locale
    [junit] 
    [junit] --> Round 0-->1
    [junit] 
    [junit] Changed Locale to: de
    [junit] 
    [junit] --> Round 0-->1
    [junit] 
    [junit] Changed Locale to: en_US
    [junit] 
    [junit] --> Round 0-->1
    [junit] 
    [junit] Changed Locale to: no_NO_NY
    [junit] 
    [junit] --> Round 0-->1
    [junit] 
    [junit] ------------> starting task: Seq
    [junit] 
    [junit] --> Round 0-->1:   compound:true-->false  doc.term.vector:false-->true
    [junit] 
    [junit] 
    [junit] --> Round 1-->2:   compound:false-->true  doc.term.vector:true-->false
    [junit] 
    [junit] ------------> starting task: Seq
    [junit] Changed Analyzer to: ShingleAnalyzerWrapper, wrapping ShingleFilter over org.apache.lucene.analysis.standard.StandardAnalyzer
    [junit] ------------> starting task: Seq
    [junit] Changed Analyzer to: ShingleAnalyzerWrapper, wrapping ShingleFilter over org.apache.lucene.analysis.standard.StandardAnalyzer
    [junit] ------------> starting task: Seq
    [junit] Changed Analyzer to: ShingleAnalyzerWrapper, wrapping ShingleFilter over org.apache.lucene.analysis.core.WhitespaceAnalyzer
    [junit] ------------> starting task: Seq
    [junit] Changed Analyzer to: ShingleAnalyzerWrapper, wrapping ShingleFilter over org.apache.lucene.analysis.core.WhitespaceAnalyzer
    [junit] ------------> starting task: Seq
    [junit] ------------> starting task: Seq
    [junit] ------------> starting task: Seq
    [junit]    0.11 sec --> main added      1000 docs
    [junit] ------------> starting task: Seq
    [junit]    0.17 sec --> main added      1000 docs
    [junit] ------------> starting task: Rounds_2
    [junit] ------------> starting task: Seq
    [junit] ------------> starting task: CreateIndex
    [junit] ------------> starting task: Seq_Exhaust
    [junit] ------------> starting task: Seq_Exhaust
    [junit] ------------> starting task: WaitForMerges
    [junit] ------------> starting task: CloseIndex
    [junit] ------------- ---------------- ---------------
    [junit] ------------- Standard Error -----------------
    [junit] java.io.IOException: could not delete C:\Users\Uwe Schindler\Projects\lucene\trunk-lusolr1\modules\benchmark\build\test\1\benchmark1218012180tmp\reuters.first20.lines.txt
    [junit] 	at org.apache.lucene.util._TestUtil.rmDir(_TestUtil.java:85)
    [junit] 	at org.apache.lucene.util.LuceneTestCase.clearTempDirectoriesAfterClass(LuceneTestCase.java:447)
    [junit] 	at org.apache.lucene.util.LuceneTestCase.afterClassLuceneTestCaseJ4(LuceneTestCase.java:377)
    [junit] 	at sun.reflect.NativeMethodAccessorImpl.invoke0(Native Method)
    [junit] 	at sun.reflect.NativeMethodAccessorImpl.invoke(NativeMethodAccessorImpl.java:39)
    [junit] 	at sun.reflect.DelegatingMethodAccessorImpl.invoke(DelegatingMethodAccessorImpl.java:25)
    [junit] 	at java.lang.reflect.Method.invoke(Method.java:597)
    [junit] 	at org.junit.runners.model.FrameworkMethod$1.runReflectiveCall(FrameworkMethod.java:44)
    [junit] 	at org.junit.internal.runners.model.ReflectiveCallable.run(ReflectiveCallable.java:15)
    [junit] 	at org.junit.runners.model.FrameworkMethod.invokeExplosively(FrameworkMethod.java:41)
    [junit] 	at org.junit.internal.runners.statements.RunAfters.evaluate(RunAfters.java:37)
    [junit] 	at org.junit.runners.ParentRunner.run(ParentRunner.java:236)
    [junit] 	at junit.framework.JUnit4TestAdapter.run(JUnit4TestAdapter.java:39)
    [junit] 	at org.apache.tools.ant.taskdefs.optional.junit.JUnitTestRunner.run(JUnitTestRunner.java:420)
    [junit] 	at org.apache.tools.ant.taskdefs.optional.junit.JUnitTestRunner.launch(JUnitTestRunner.java:911)
    [junit] 	at org.apache.tools.ant.taskdefs.optional.junit.JUnitTestRunner.main(JUnitTestRunner.java:743)
    [junit] path C:\Users\Uwe Schindler\Projects\lucene\trunk-lusolr1\modules\benchmark\build\test\1\benchmark1218012180tmp allocated from
    [junit] 	org.apache.lucene.util._TestUtil.getTempDir(_TestUtil.java:65)
    [junit] 	org.apache.lucene.benchmark.BenchmarkTestCase.beforeClassBenchmarkTestCase(BenchmarkTestCase.java:39)
    [junit] NOTE: reproduce with (hopefully): ant test -Dtestcase=TestPerfTasksLogic -Dtests.seed=-1c3d242c0b24d36e:0:7ea54948a5a219cc -Dargs="-Dfile.encoding=Cp1252"
    [junit] NOTE: test params are: codec=Lucene40: {body=MockVariableIntBlock(baseBlockSize=25), docdate=PostingsFormat(name=Memory), docdatenum=MockVariableIntBlock(baseBlockSize=25), docname=PostingsFormat(name=MockRandom), sort_field=MockFixedIntBlock(blockSize=986), country=PostingsFormat(name=Memory), docid=MockFixedIntBlock(blockSize=986), random_string=MockFixedIntBlock(blockSize=986), $facets=PostingsFormat(name=MockSep), $full_path$=PostingsFormat(name=SimpleText), doctitle=MockVariableIntBlock(baseBlockSize=25), doctimesecnum=MockVariableIntBlock(baseBlockSize=25), $payloads$=Pulsing40(freqCutoff=2 minBlockSize=99 maxBlockSize=212)}, sim=RandomSimilarityProvider(queryNorm=false,coord=true): {}, locale=es_DO, timezone=Asia/Yakutsk
    [junit] NOTE: all tests run in this JVM:
    [junit] [TestPerfTasksLogic]
    [junit] NOTE: Windows 7 6.1 amd64/Sun Microsystems Inc. 1.6.0_29 (64-bit)/cpus=2,threads=1,free=92235528,total=256638976
    [junit] ------------- ---------------- ---------------
    [junit] Testcase: org.apache.lucene.benchmark.byTask.TestPerfTasksLogic:	Caused an ERROR
    [junit] java.lang.AssertionError: could not remove temp dir: C:\Users\Uwe Schindler\Projects\lucene\trunk-lusolr1\modules\benchmark\build\test\1\benchmark1218012180tmp
    [junit] java.lang.RuntimeException: java.lang.AssertionError: could not remove temp dir: C:\Users\Uwe Schindler\Projects\lucene\trunk-lusolr1\modules\benchmark\build\test\1\benchmark1218012180tmp
    [junit] 	at org.apache.lucene.util.LuceneTestCase.afterClassLuceneTestCaseJ4(LuceneTestCase.java:398)
    [junit] 	at org.apache.lucene.util.LuceneTestCase.clearTempDirectoriesAfterClass(LuceneTestCase.java:459)
    [junit] 	at org.apache.lucene.util.LuceneTestCase.afterClassLuceneTestCaseJ4(LuceneTestCase.java:377)
    [junit] 
    [junit] 
    [junit] TEST org.apache.lucene.benchmark.byTask.TestPerfTasksLogic FAILED
    [junit] Testsuite: org.apache.lucene.benchmark.byTask.TestPerfTasksParse
    [junit] Tests run: 2, Failures: 0, Errors: 0, Time elapsed: 0,203 sec
    [junit] 
    [junit] Testsuite: org.apache.lucene.benchmark.byTask.feeds.DocMakerTest
    [junit] Tests run: 2, Failures: 0, Errors: 0, Time elapsed: 0,281 sec
    [junit] 
    [junit] Testsuite: org.apache.lucene.benchmark.byTask.feeds.LineDocSourceTest
    [junit] Tests run: 8, Failures: 0, Errors: 1, Time elapsed: 1,591 sec
    [junit] 
    [junit] ------------- Standard Error -----------------
    [junit] java.io.IOException: could not delete C:\Users\Uwe Schindler\Projects\lucene\trunk-lusolr1\modules\benchmark\build\test\1\benchmark1218012182tmp\one-line
    [junit] 	at org.apache.lucene.util._TestUtil.rmDir(_TestUtil.java:85)
    [junit] 	at org.apache.lucene.util.LuceneTestCase.clearTempDirectoriesAfterClass(LuceneTestCase.java:447)
    [junit] 	at org.apache.lucene.util.LuceneTestCase.afterClassLuceneTestCaseJ4(LuceneTestCase.java:377)
    [junit] 	at sun.reflect.NativeMethodAccessorImpl.invoke0(Native Method)
    [junit] 	at sun.reflect.NativeMethodAccessorImpl.invoke(NativeMethodAccessorImpl.java:39)
    [junit] 	at sun.reflect.DelegatingMethodAccessorImpl.invoke(DelegatingMethodAccessorImpl.java:25)
    [junit] 	at java.lang.reflect.Method.invoke(Method.java:597)
    [junit] 	at org.junit.runners.model.FrameworkMethod$1.runReflectiveCall(FrameworkMethod.java:44)
    [junit] 	at org.junit.internal.runners.model.ReflectiveCallable.run(ReflectiveCallable.java:15)
    [junit] 	at org.junit.runners.model.FrameworkMethod.invokeExplosively(FrameworkMethod.java:41)
    [junit] 	at org.junit.internal.runners.statements.RunAfters.evaluate(RunAfters.java:37)
    [junit] 	at org.junit.runners.ParentRunner.run(ParentRunner.java:236)
    [junit] 	at junit.framework.JUnit4TestAdapter.run(JUnit4TestAdapter.java:39)
    [junit] 	at org.apache.tools.ant.taskdefs.optional.junit.JUnitTestRunner.run(JUnitTestRunner.java:420)
    [junit] 	at org.apache.tools.ant.taskdefs.optional.junit.JUnitTestRunner.launch(JUnitTestRunner.java:911)
    [junit] 	at org.apache.tools.ant.taskdefs.optional.junit.JUnitTestRunner.main(JUnitTestRunner.java:743)
    [junit] path C:\Users\Uwe Schindler\Projects\lucene\trunk-lusolr1\modules\benchmark\build\test\1\benchmark1218012182tmp allocated from
    [junit] 	org.apache.lucene.util._TestUtil.getTempDir(_TestUtil.java:65)
    [junit] 	org.apache.lucene.benchmark.BenchmarkTestCase.beforeClassBenchmarkTestCase(BenchmarkTestCase.java:39)
    [junit] NOTE: reproduce with (hopefully): ant test -Dtestcase=LineDocSourceTest -Dtests.seed=-128ebda3276dfbe0:0:7ea54948a5a219cc -Dargs="-Dfile.encoding=Cp1252"
    [junit] NOTE: test params are: codec=Lucene40: {docid=PostingsFormat(name=Lucene40WithOrds), body=PostingsFormat(name=Memory), docdatenum=PostingsFormat(name=Memory), docdate=PostingsFormat(name=MockSep), doctitle=PostingsFormat(name=SimpleText), doctimesecnum=PostingsFormat(name=MockSep), mySpecialField=PostingsFormat(name=MockRandom), docname=Pulsing40(freqCutoff=7 minBlockSize=4 maxBlockSize=13)}, sim=RandomSimilarityProvider(queryNorm=false,coord=true): {}, locale=in_ID, timezone=SystemV/CST6
    [junit] NOTE: all tests run in this JVM:
    [junit] [TestPerfTasksLogic, TestPerfTasksParse, DocMakerTest, LineDocSourceTest]
    [junit] NOTE: Windows 7 6.1 amd64/Sun Microsystems Inc. 1.6.0_29 (64-bit)/cpus=2,threads=1,free=252527504,total=256770048
    [junit] ------------- ---------------- ---------------
    [junit] Testcase: org.apache.lucene.benchmark.byTask.feeds.LineDocSourceTest:	Caused an ERROR
    [junit] java.lang.AssertionError: could not remove temp dir: C:\Users\Uwe Schindler\Projects\lucene\trunk-lusolr1\modules\benchmark\build\test\1\benchmark1218012182tmp
    [junit] java.lang.RuntimeException: java.lang.AssertionError: could not remove temp dir: C:\Users\Uwe Schindler\Projects\lucene\trunk-lusolr1\modules\benchmark\build\test\1\benchmark1218012182tmp
    [junit] 	at org.apache.lucene.util.LuceneTestCase.afterClassLuceneTestCaseJ4(LuceneTestCase.java:398)
    [junit] 	at org.apache.lucene.util.LuceneTestCase.clearTempDirectoriesAfterClass(LuceneTestCase.java:459)
    [junit] 	at org.apache.lucene.util.LuceneTestCase.afterClassLuceneTestCaseJ4(LuceneTestCase.java:377)
    [junit] 
    [junit] 
    [junit] TEST org.apache.lucene.benchmark.byTask.feeds.LineDocSourceTest FAILED
    [junit] Testsuite: org.apache.lucene.benchmark.byTask.feeds.TrecContentSourceTest
    [junit] Tests run: 6, Failures: 0, Errors: 0, Time elapsed: 0,125 sec
    [junit] 
    [junit] Testsuite: org.apache.lucene.benchmark.byTask.feeds.demohtml.TestHtmlParser
    [junit] Tests run: 11, Failures: 0, Errors: 0, Time elapsed: 0,062 sec
    [junit] 
    [junit] Testsuite: org.apache.lucene.benchmark.byTask.tasks.CreateIndexTaskTest
    [junit] Tests run: 5, Failures: 0, Errors: 0, Time elapsed: 0,359 sec
    [junit] 
    [junit] Testsuite: org.apache.lucene.benchmark.byTask.tasks.PerfTaskTest
    [junit] Tests run: 1, Failures: 0, Errors: 0, Time elapsed: 0,234 sec
    [junit] 
    [junit] Testsuite: org.apache.lucene.benchmark.byTask.tasks.SearchWithSortTaskTest
    [junit] Tests run: 1, Failures: 0, Errors: 0, Time elapsed: 0,078 sec
    [junit] 
    [junit] Testsuite: org.apache.lucene.benchmark.byTask.tasks.WriteLineDocTaskTest
    [junit] Tests run: 10, Failures: 0, Errors: 0, Time elapsed: 0,577 sec
    [junit] 
    [junit] Testsuite: org.apache.lucene.benchmark.byTask.tasks.alt.AltPackageTaskTest
    [junit] Tests run: 2, Failures: 0, Errors: 0, Time elapsed: 0,125 sec
    [junit] 
    [junit] Testsuite: org.apache.lucene.benchmark.byTask.utils.StreamUtilsTest
    [junit] Tests run: 6, Failures: 0, Errors: 0, Time elapsed: 0,172 sec
    [junit] 
    [junit] Testsuite: org.apache.lucene.benchmark.byTask.utils.TestConfig
    [junit] Tests run: 1, Failures: 0, Errors: 0, Time elapsed: 0 sec
    [junit] 
    [junit] Testsuite: org.apache.lucene.benchmark.quality.TestQualityRun
    [junit] Tests run: 2, Failures: 0, Errors: 0, Time elapsed: 3,416 sec
    [junit] 
    [junit] ------------- Standard Output ---------------
    [junit] ------------> starting task: Seq
    [junit] ------------- ---------------- ---------------
